[2024-04-22 03:13:43,983][root][INFO] - Successfully loaded settings:
==================================================
data:
  dataset_name: DPDataset
  data_root: data/frames/
  label_root: data/labels/
  keypoints_root: data/keypoints/
  venue_names:
  - 2023-01-17-livingroom
  - 2023-01-18-livingroom
  - 2023-01-19-livingroom
  - 2023-01-24-livingroom
  - 2023-01-25-livingroom
  - 2023-01-17-openoffice
  - 2023-01-18-openoffice
  - 2023-01-19-openoffice
  - 2023-01-24-openoffice
  - 2023-01-25-openoffice
model:
  tlength: 15
  featvec_joint: true
  hidden_size: 192
  attention_heads: 12
  num_layers: 6
  featvec_bb: false
  featvec_img: false
  omit_temporal_encoder: false
hardware:
  nworkers: 8
  gpus: 8
  bs: 32
task: train
incl_all: false
train_ratio: 0.7
split_method: time
overfit: false
ckpt: ./models/weight.ckpt
noanswer: false
movie: ./demo/example.mp4
lr: r
verbose: false
shrink_rate: 0.1
filter_joint: null
use_preprocessed: false
debug: false
hist_error: false
==================================================

[2024-04-22 03:13:43,983][root][WARNING] - Running DeePoint with CPU takes a long time.
[2024-04-22 03:13:44,207][openpifpaf.decoder.factory][INFO] - No specific decoder requested. Using the first one from:
  --decoder=cifcaf:0
  --decoder=posesimilarity:0
Use any of the above arguments to select one or multiple decoders and to suppress this message.
[2024-04-22 03:13:44,207][openpifpaf.predictor][INFO] - neural network device: cpu (CUDA available: False, count: 0)
[2024-04-22 03:13:44,693][openpifpaf.decoder.cifcaf][INFO] - annotations 1: [14]
[2024-04-22 03:13:44,693][openpifpaf.predictor][INFO] - batch 0: no-file-name
[2024-04-22 03:13:44,862][openpifpaf.decoder.cifcaf][INFO] - annotations 1: [13]
[2024-04-22 03:13:44,862][openpifpaf.predictor][INFO] - batch 0: no-file-name
[2024-04-22 03:13:45,041][openpifpaf.decoder.cifcaf][INFO] - annotations 1: [14]
[2024-04-22 03:13:45,041][openpifpaf.predictor][INFO] - batch 0: no-file-name
[2024-04-22 03:13:45,221][openpifpaf.decoder.cifcaf][INFO] - annotations 1: [14]
[2024-04-22 03:13:45,222][openpifpaf.predictor][INFO] - batch 0: no-file-name
[2024-04-22 03:13:45,401][openpifpaf.decoder.cifcaf][INFO] - annotations 1: [14]
[2024-04-22 03:13:45,401][openpifpaf.predictor][INFO] - batch 0: no-file-name
[2024-04-22 03:13:45,578][openpifpaf.decoder.cifcaf][INFO] - annotations 1: [13]
[2024-04-22 03:13:45,578][openpifpaf.predictor][INFO] - batch 0: no-file-name
[2024-04-22 03:13:45,762][openpifpaf.decoder.cifcaf][INFO] - annotations 1: [13]
[2024-04-22 03:13:45,762][openpifpaf.predictor][INFO] - batch 0: no-file-name
[2024-04-22 03:13:45,933][openpifpaf.decoder.cifcaf][INFO] - annotations 1: [14]
[2024-04-22 03:13:45,933][openpifpaf.predictor][INFO] - batch 0: no-file-name
[2024-04-22 03:13:46,114][openpifpaf.decoder.cifcaf][INFO] - annotations 1: [14]
[2024-04-22 03:13:46,114][openpifpaf.predictor][INFO] - batch 0: no-file-name
[2024-04-22 03:13:46,298][openpifpaf.decoder.cifcaf][INFO] - annotations 1: [14]
[2024-04-22 03:13:46,299][openpifpaf.predictor][INFO] - batch 0: no-file-name
[2024-04-22 03:13:46,485][openpifpaf.decoder.cifcaf][INFO] - annotations 1: [14]
[2024-04-22 03:13:46,485][openpifpaf.predictor][INFO] - batch 0: no-file-name
[2024-04-22 03:13:46,659][openpifpaf.decoder.cifcaf][INFO] - annotations 1: [14]
[2024-04-22 03:13:46,659][openpifpaf.predictor][INFO] - batch 0: no-file-name
[2024-04-22 03:13:46,834][openpifpaf.decoder.cifcaf][INFO] - annotations 1: [14]
[2024-04-22 03:13:46,834][openpifpaf.predictor][INFO] - batch 0: no-file-name
[2024-04-22 03:13:47,015][openpifpaf.decoder.cifcaf][INFO] - annotations 1: [14]
[2024-04-22 03:13:47,016][openpifpaf.predictor][INFO] - batch 0: no-file-name
[2024-04-22 03:13:47,189][openpifpaf.decoder.cifcaf][INFO] - annotations 1: [13]
[2024-04-22 03:13:47,189][openpifpaf.predictor][INFO] - batch 0: no-file-name
[2024-04-22 03:13:47,669][openpifpaf.decoder.cifcaf][INFO] - annotations 1: [13]
[2024-04-22 03:13:47,669][openpifpaf.predictor][INFO] - batch 0: no-file-name
