[2024-04-24 07:09:21,254][root][INFO] - Successfully loaded settings:
==================================================
data:
  dataset_name: DPDataset
  data_root: data/frames/
  label_root: data/labels/
  keypoints_root: data/keypoints/
  venue_names:
  - 2023-01-17-livingroom
  - 2023-01-18-livingroom
  - 2023-01-19-livingroom
  - 2023-01-24-livingroom
  - 2023-01-25-livingroom
  - 2023-01-17-openoffice
  - 2023-01-18-openoffice
  - 2023-01-19-openoffice
  - 2023-01-24-openoffice
  - 2023-01-25-openoffice
model:
  tlength: 15
  featvec_joint: true
  hidden_size: 192
  attention_heads: 12
  num_layers: 6
  featvec_bb: false
  featvec_img: false
  omit_temporal_encoder: false
hardware:
  nworkers: 8
  gpus: 8
  bs: 32
task: train
incl_all: false
train_ratio: 0.7
split_method: time
overfit: false
ckpt: ./models/weight.ckpt
noanswer: false
movie: ./demo/JK_demo_1.mp4
lr: r
verbose: false
shrink_rate: 0.1
filter_joint: null
use_preprocessed: false
debug: false
hist_error: false
==================================================

[2024-04-24 07:09:21,254][root][WARNING] - Running DeePoint with CPU takes a long time.
[2024-04-24 07:09:22,275][openpifpaf.decoder.factory][INFO] - No specific decoder requested. Using the first one from:
  --decoder=cifcaf:0
  --decoder=posesimilarity:0
Use any of the above arguments to select one or multiple decoders and to suppress this message.
[2024-04-24 07:09:22,276][openpifpaf.predictor][INFO] - neural network device: cpu (CUDA available: False, count: 0)
[2024-04-24 07:09:23,546][openpifpaf.decoder.cifcaf][INFO] - annotations 1: [15]
[2024-04-24 07:09:23,546][openpifpaf.predictor][INFO] - batch 0: no-file-name
[2024-04-24 07:09:23,729][openpifpaf.decoder.cifcaf][INFO] - annotations 1: [15]
[2024-04-24 07:09:23,729][openpifpaf.predictor][INFO] - batch 0: no-file-name
[2024-04-24 07:09:23,915][openpifpaf.decoder.cifcaf][INFO] - annotations 1: [15]
[2024-04-24 07:09:23,915][openpifpaf.predictor][INFO] - batch 0: no-file-name
[2024-04-24 07:09:24,148][openpifpaf.decoder.cifcaf][INFO] - annotations 1: [15]
[2024-04-24 07:09:24,148][openpifpaf.predictor][INFO] - batch 0: no-file-name
[2024-04-24 07:09:24,325][openpifpaf.decoder.cifcaf][INFO] - annotations 1: [15]
[2024-04-24 07:09:24,325][openpifpaf.predictor][INFO] - batch 0: no-file-name
[2024-04-24 07:09:24,504][openpifpaf.decoder.cifcaf][INFO] - annotations 1: [15]
[2024-04-24 07:09:24,504][openpifpaf.predictor][INFO] - batch 0: no-file-name
[2024-04-24 07:09:24,706][openpifpaf.decoder.cifcaf][INFO] - annotations 1: [15]
[2024-04-24 07:09:24,706][openpifpaf.predictor][INFO] - batch 0: no-file-name
[2024-04-24 07:09:24,896][openpifpaf.decoder.cifcaf][INFO] - annotations 1: [15]
[2024-04-24 07:09:24,896][openpifpaf.predictor][INFO] - batch 0: no-file-name
[2024-04-24 07:09:25,075][openpifpaf.decoder.cifcaf][INFO] - annotations 1: [15]
[2024-04-24 07:09:25,075][openpifpaf.predictor][INFO] - batch 0: no-file-name
[2024-04-24 07:09:25,270][openpifpaf.decoder.cifcaf][INFO] - annotations 1: [15]
[2024-04-24 07:09:25,271][openpifpaf.predictor][INFO] - batch 0: no-file-name
[2024-04-24 07:09:25,477][openpifpaf.decoder.cifcaf][INFO] - annotations 1: [15]
[2024-04-24 07:09:25,477][openpifpaf.predictor][INFO] - batch 0: no-file-name
[2024-04-24 07:09:25,671][openpifpaf.decoder.cifcaf][INFO] - annotations 1: [15]
[2024-04-24 07:09:25,671][openpifpaf.predictor][INFO] - batch 0: no-file-name
[2024-04-24 07:09:25,857][openpifpaf.decoder.cifcaf][INFO] - annotations 1: [15]
[2024-04-24 07:09:25,857][openpifpaf.predictor][INFO] - batch 0: no-file-name
[2024-04-24 07:09:26,047][openpifpaf.decoder.cifcaf][INFO] - annotations 1: [15]
[2024-04-24 07:09:26,047][openpifpaf.predictor][INFO] - batch 0: no-file-name
[2024-04-24 07:09:26,234][openpifpaf.decoder.cifcaf][INFO] - annotations 1: [15]
[2024-04-24 07:09:26,235][openpifpaf.predictor][INFO] - batch 0: no-file-name
[2024-04-24 07:09:26,727][openpifpaf.decoder.cifcaf][INFO] - annotations 1: [15]
[2024-04-24 07:09:26,727][openpifpaf.predictor][INFO] - batch 0: no-file-name
[2024-04-24 07:09:41,396][openpifpaf.decoder.cifcaf][INFO] - annotations 1: [15]
[2024-04-24 07:09:41,396][openpifpaf.predictor][INFO] - batch 0: no-file-name
[2024-04-24 07:09:41,951][openpifpaf.decoder.cifcaf][INFO] - annotations 1: [15]
[2024-04-24 07:09:41,951][openpifpaf.predictor][INFO] - batch 0: no-file-name
[2024-04-24 07:09:53,952][openpifpaf.decoder.cifcaf][INFO] - annotations 1: [15]
[2024-04-24 07:09:53,952][openpifpaf.predictor][INFO] - batch 0: no-file-name
[2024-04-24 07:09:54,416][openpifpaf.decoder.cifcaf][INFO] - annotations 1: [15]
[2024-04-24 07:09:54,416][openpifpaf.predictor][INFO] - batch 0: no-file-name
[2024-04-24 07:10:06,410][openpifpaf.decoder.cifcaf][INFO] - annotations 1: [15]
[2024-04-24 07:10:06,410][openpifpaf.predictor][INFO] - batch 0: no-file-name
[2024-04-24 07:10:06,871][openpifpaf.decoder.cifcaf][INFO] - annotations 1: [15]
[2024-04-24 07:10:06,872][openpifpaf.predictor][INFO] - batch 0: no-file-name
[2024-04-24 07:10:18,848][openpifpaf.decoder.cifcaf][INFO] - annotations 1: [15]
[2024-04-24 07:10:18,848][openpifpaf.predictor][INFO] - batch 0: no-file-name
[2024-04-24 07:10:19,332][openpifpaf.decoder.cifcaf][INFO] - annotations 1: [15]
[2024-04-24 07:10:19,332][openpifpaf.predictor][INFO] - batch 0: no-file-name
[2024-04-24 07:10:31,311][openpifpaf.decoder.cifcaf][INFO] - annotations 1: [15]
[2024-04-24 07:10:31,312][openpifpaf.predictor][INFO] - batch 0: no-file-name
[2024-04-24 07:10:31,796][openpifpaf.decoder.cifcaf][INFO] - annotations 1: [15]
[2024-04-24 07:10:31,796][openpifpaf.predictor][INFO] - batch 0: no-file-name
[2024-04-24 07:10:43,580][openpifpaf.decoder.cifcaf][INFO] - annotations 1: [15]
[2024-04-24 07:10:43,580][openpifpaf.predictor][INFO] - batch 0: no-file-name
[2024-04-24 07:10:44,055][openpifpaf.decoder.cifcaf][INFO] - annotations 1: [15]
[2024-04-24 07:10:44,055][openpifpaf.predictor][INFO] - batch 0: no-file-name
