[2024-04-24 07:14:56,256][root][INFO] - Successfully loaded settings:
==================================================
data:
  dataset_name: DPDataset
  data_root: data/frames/
  label_root: data/labels/
  keypoints_root: data/keypoints/
  venue_names:
  - 2023-01-17-livingroom
  - 2023-01-18-livingroom
  - 2023-01-19-livingroom
  - 2023-01-24-livingroom
  - 2023-01-25-livingroom
  - 2023-01-17-openoffice
  - 2023-01-18-openoffice
  - 2023-01-19-openoffice
  - 2023-01-24-openoffice
  - 2023-01-25-openoffice
model:
  tlength: 15
  featvec_joint: true
  hidden_size: 192
  attention_heads: 12
  num_layers: 6
  featvec_bb: false
  featvec_img: false
  omit_temporal_encoder: false
hardware:
  nworkers: 8
  gpus: 8
  bs: 32
task: train
incl_all: false
train_ratio: 0.7
split_method: time
overfit: false
ckpt: ./models/weight.ckpt
noanswer: false
movie: ./demo/JK_demo_1.mp4
lr: r
verbose: false
shrink_rate: 0.1
filter_joint: null
use_preprocessed: false
debug: false
hist_error: false
==================================================

[2024-04-24 07:14:56,256][root][WARNING] - Running DeePoint with CPU takes a long time.
[2024-04-24 07:14:57,067][openpifpaf.decoder.factory][INFO] - No specific decoder requested. Using the first one from:
  --decoder=cifcaf:0
  --decoder=posesimilarity:0
Use any of the above arguments to select one or multiple decoders and to suppress this message.
[2024-04-24 07:14:57,068][openpifpaf.predictor][INFO] - neural network device: cpu (CUDA available: False, count: 0)
[2024-04-24 07:14:58,168][openpifpaf.decoder.cifcaf][INFO] - annotations 1: [15]
[2024-04-24 07:14:58,168][openpifpaf.predictor][INFO] - batch 0: no-file-name
[2024-04-24 07:14:58,416][openpifpaf.decoder.cifcaf][INFO] - annotations 1: [15]
[2024-04-24 07:14:58,416][openpifpaf.predictor][INFO] - batch 0: no-file-name
[2024-04-24 07:14:58,683][openpifpaf.decoder.cifcaf][INFO] - annotations 1: [15]
[2024-04-24 07:14:58,683][openpifpaf.predictor][INFO] - batch 0: no-file-name
[2024-04-24 07:14:58,932][openpifpaf.decoder.cifcaf][INFO] - annotations 1: [15]
[2024-04-24 07:14:58,932][openpifpaf.predictor][INFO] - batch 0: no-file-name
[2024-04-24 07:14:59,176][openpifpaf.decoder.cifcaf][INFO] - annotations 1: [15]
[2024-04-24 07:14:59,176][openpifpaf.predictor][INFO] - batch 0: no-file-name
[2024-04-24 07:14:59,394][openpifpaf.decoder.cifcaf][INFO] - annotations 1: [15]
[2024-04-24 07:14:59,394][openpifpaf.predictor][INFO] - batch 0: no-file-name
[2024-04-24 07:14:59,677][openpifpaf.decoder.cifcaf][INFO] - annotations 1: [15]
[2024-04-24 07:14:59,677][openpifpaf.predictor][INFO] - batch 0: no-file-name
[2024-04-24 07:14:59,942][openpifpaf.decoder.cifcaf][INFO] - annotations 1: [15]
[2024-04-24 07:14:59,943][openpifpaf.predictor][INFO] - batch 0: no-file-name
[2024-04-24 07:15:00,196][openpifpaf.decoder.cifcaf][INFO] - annotations 1: [15]
[2024-04-24 07:15:00,196][openpifpaf.predictor][INFO] - batch 0: no-file-name
[2024-04-24 07:15:00,429][openpifpaf.decoder.cifcaf][INFO] - annotations 1: [15]
[2024-04-24 07:15:00,429][openpifpaf.predictor][INFO] - batch 0: no-file-name
[2024-04-24 07:15:00,670][openpifpaf.decoder.cifcaf][INFO] - annotations 1: [15]
[2024-04-24 07:15:00,671][openpifpaf.predictor][INFO] - batch 0: no-file-name
[2024-04-24 07:15:00,926][openpifpaf.decoder.cifcaf][INFO] - annotations 1: [15]
[2024-04-24 07:15:00,926][openpifpaf.predictor][INFO] - batch 0: no-file-name
[2024-04-24 07:15:01,188][openpifpaf.decoder.cifcaf][INFO] - annotations 1: [15]
[2024-04-24 07:15:01,189][openpifpaf.predictor][INFO] - batch 0: no-file-name
[2024-04-24 07:15:01,387][openpifpaf.decoder.cifcaf][INFO] - annotations 1: [15]
[2024-04-24 07:15:01,387][openpifpaf.predictor][INFO] - batch 0: no-file-name
[2024-04-24 07:15:01,590][openpifpaf.decoder.cifcaf][INFO] - annotations 1: [15]
[2024-04-24 07:15:01,590][openpifpaf.predictor][INFO] - batch 0: no-file-name
[2024-04-24 07:15:02,156][openpifpaf.decoder.cifcaf][INFO] - annotations 1: [15]
[2024-04-24 07:15:02,156][openpifpaf.predictor][INFO] - batch 0: no-file-name
[2024-04-24 07:15:17,640][openpifpaf.decoder.cifcaf][INFO] - annotations 1: [15]
[2024-04-24 07:15:17,640][openpifpaf.predictor][INFO] - batch 0: no-file-name
[2024-04-24 07:15:18,358][openpifpaf.decoder.cifcaf][INFO] - annotations 1: [15]
[2024-04-24 07:15:18,358][openpifpaf.predictor][INFO] - batch 0: no-file-name
[2024-04-24 07:15:31,794][openpifpaf.decoder.cifcaf][INFO] - annotations 1: [15]
[2024-04-24 07:15:31,794][openpifpaf.predictor][INFO] - batch 0: no-file-name
[2024-04-24 07:15:32,260][openpifpaf.decoder.cifcaf][INFO] - annotations 1: [15]
[2024-04-24 07:15:32,260][openpifpaf.predictor][INFO] - batch 0: no-file-name
[2024-04-24 07:15:44,518][openpifpaf.decoder.cifcaf][INFO] - annotations 1: [15]
[2024-04-24 07:15:44,518][openpifpaf.predictor][INFO] - batch 0: no-file-name
[2024-04-24 07:15:45,103][openpifpaf.decoder.cifcaf][INFO] - annotations 1: [15]
[2024-04-24 07:15:45,103][openpifpaf.predictor][INFO] - batch 0: no-file-name
[2024-04-24 07:15:57,335][openpifpaf.decoder.cifcaf][INFO] - annotations 1: [15]
[2024-04-24 07:15:57,336][openpifpaf.predictor][INFO] - batch 0: no-file-name
[2024-04-24 07:15:57,849][openpifpaf.decoder.cifcaf][INFO] - annotations 1: [15]
[2024-04-24 07:15:57,850][openpifpaf.predictor][INFO] - batch 0: no-file-name
[2024-04-24 07:16:09,967][openpifpaf.decoder.cifcaf][INFO] - annotations 1: [15]
[2024-04-24 07:16:09,967][openpifpaf.predictor][INFO] - batch 0: no-file-name
[2024-04-24 07:16:10,471][openpifpaf.decoder.cifcaf][INFO] - annotations 1: [15]
[2024-04-24 07:16:10,472][openpifpaf.predictor][INFO] - batch 0: no-file-name
[2024-04-24 07:16:22,419][openpifpaf.decoder.cifcaf][INFO] - annotations 1: [15]
[2024-04-24 07:16:22,419][openpifpaf.predictor][INFO] - batch 0: no-file-name
[2024-04-24 07:16:22,895][openpifpaf.decoder.cifcaf][INFO] - annotations 1: [15]
[2024-04-24 07:16:22,895][openpifpaf.predictor][INFO] - batch 0: no-file-name
[2024-04-24 07:16:34,979][openpifpaf.decoder.cifcaf][INFO] - annotations 1: [15]
[2024-04-24 07:16:34,980][openpifpaf.predictor][INFO] - batch 0: no-file-name
[2024-04-24 07:16:35,463][openpifpaf.decoder.cifcaf][INFO] - annotations 1: [15]
[2024-04-24 07:16:35,463][openpifpaf.predictor][INFO] - batch 0: no-file-name
[2024-04-24 07:16:47,392][openpifpaf.decoder.cifcaf][INFO] - annotations 1: [15]
[2024-04-24 07:16:47,393][openpifpaf.predictor][INFO] - batch 0: no-file-name
[2024-04-24 07:16:47,875][openpifpaf.decoder.cifcaf][INFO] - annotations 1: [15]
[2024-04-24 07:16:47,875][openpifpaf.predictor][INFO] - batch 0: no-file-name
[2024-04-24 07:16:59,722][openpifpaf.decoder.cifcaf][INFO] - annotations 1: [15]
[2024-04-24 07:16:59,722][openpifpaf.predictor][INFO] - batch 0: no-file-name
[2024-04-24 07:17:00,236][openpifpaf.decoder.cifcaf][INFO] - annotations 1: [15]
[2024-04-24 07:17:00,236][openpifpaf.predictor][INFO] - batch 0: no-file-name
