[2024-04-22 01:14:55,269][root][INFO] - Successfully loaded settings:
==================================================
data:
  dataset_name: DPDataset
  data_root: data/frames/
  label_root: data/labels/
  keypoints_root: data/keypoints/
  venue_names:
  - 2023-01-17-livingroom
  - 2023-01-18-livingroom
  - 2023-01-19-livingroom
  - 2023-01-24-livingroom
  - 2023-01-25-livingroom
  - 2023-01-17-openoffice
  - 2023-01-18-openoffice
  - 2023-01-19-openoffice
  - 2023-01-24-openoffice
  - 2023-01-25-openoffice
model:
  tlength: 15
  featvec_joint: true
  hidden_size: 192
  attention_heads: 12
  num_layers: 6
  featvec_bb: false
  featvec_img: false
  omit_temporal_encoder: false
hardware:
  nworkers: 8
  gpus: 8
  bs: 32
task: train
incl_all: false
train_ratio: 0.7
split_method: time
overfit: false
ckpt: ./models/weight.ckpt
noanswer: false
movie: ./demo/JK_demo_1.mp4
lr: r
verbose: false
shrink_rate: 0.1
filter_joint: null
use_preprocessed: false
debug: false
hist_error: false
==================================================

[2024-04-22 01:14:55,269][root][WARNING] - Running DeePoint with CPU takes a long time.
[2024-04-22 01:14:55,489][openpifpaf.decoder.factory][INFO] - No specific decoder requested. Using the first one from:
  --decoder=cifcaf:0
  --decoder=posesimilarity:0
Use any of the above arguments to select one or multiple decoders and to suppress this message.
[2024-04-22 01:14:55,490][openpifpaf.predictor][INFO] - neural network device: cpu (CUDA available: False, count: 0)
[2024-04-22 01:14:55,972][openpifpaf.decoder.cifcaf][INFO] - annotations 1: [15]
[2024-04-22 01:14:55,973][openpifpaf.predictor][INFO] - batch 0: no-file-name
[2024-04-22 01:14:56,140][openpifpaf.decoder.cifcaf][INFO] - annotations 1: [15]
[2024-04-22 01:14:56,140][openpifpaf.predictor][INFO] - batch 0: no-file-name
[2024-04-22 01:14:56,306][openpifpaf.decoder.cifcaf][INFO] - annotations 1: [15]
[2024-04-22 01:14:56,306][openpifpaf.predictor][INFO] - batch 0: no-file-name
[2024-04-22 01:14:56,477][openpifpaf.decoder.cifcaf][INFO] - annotations 1: [15]
[2024-04-22 01:14:56,477][openpifpaf.predictor][INFO] - batch 0: no-file-name
[2024-04-22 01:14:56,663][openpifpaf.decoder.cifcaf][INFO] - annotations 1: [15]
[2024-04-22 01:14:56,663][openpifpaf.predictor][INFO] - batch 0: no-file-name
[2024-04-22 01:14:56,845][openpifpaf.decoder.cifcaf][INFO] - annotations 1: [15]
[2024-04-22 01:14:56,845][openpifpaf.predictor][INFO] - batch 0: no-file-name
[2024-04-22 01:14:57,030][openpifpaf.decoder.cifcaf][INFO] - annotations 1: [15]
[2024-04-22 01:14:57,031][openpifpaf.predictor][INFO] - batch 0: no-file-name
[2024-04-22 01:14:57,200][openpifpaf.decoder.cifcaf][INFO] - annotations 1: [15]
[2024-04-22 01:14:57,200][openpifpaf.predictor][INFO] - batch 0: no-file-name
[2024-04-22 01:14:57,372][openpifpaf.decoder.cifcaf][INFO] - annotations 1: [15]
[2024-04-22 01:14:57,372][openpifpaf.predictor][INFO] - batch 0: no-file-name
[2024-04-22 01:14:57,542][openpifpaf.decoder.cifcaf][INFO] - annotations 1: [15]
[2024-04-22 01:14:57,542][openpifpaf.predictor][INFO] - batch 0: no-file-name
[2024-04-22 01:14:57,726][openpifpaf.decoder.cifcaf][INFO] - annotations 1: [15]
[2024-04-22 01:14:57,726][openpifpaf.predictor][INFO] - batch 0: no-file-name
[2024-04-22 01:14:57,910][openpifpaf.decoder.cifcaf][INFO] - annotations 1: [15]
[2024-04-22 01:14:57,910][openpifpaf.predictor][INFO] - batch 0: no-file-name
[2024-04-22 01:14:58,098][openpifpaf.decoder.cifcaf][INFO] - annotations 1: [15]
[2024-04-22 01:14:58,098][openpifpaf.predictor][INFO] - batch 0: no-file-name
[2024-04-22 01:14:58,286][openpifpaf.decoder.cifcaf][INFO] - annotations 1: [15]
[2024-04-22 01:14:58,286][openpifpaf.predictor][INFO] - batch 0: no-file-name
[2024-04-22 01:14:58,476][openpifpaf.decoder.cifcaf][INFO] - annotations 1: [15]
[2024-04-22 01:14:58,476][openpifpaf.predictor][INFO] - batch 0: no-file-name
[2024-04-22 01:14:58,896][openpifpaf.decoder.cifcaf][INFO] - annotations 1: [15]
[2024-04-22 01:14:58,896][openpifpaf.predictor][INFO] - batch 0: no-file-name
[2024-04-22 01:15:16,482][openpifpaf.decoder.cifcaf][INFO] - annotations 1: [15]
[2024-04-22 01:15:16,482][openpifpaf.predictor][INFO] - batch 0: no-file-name
[2024-04-22 01:15:16,912][openpifpaf.decoder.cifcaf][INFO] - annotations 1: [15]
[2024-04-22 01:15:16,912][openpifpaf.predictor][INFO] - batch 0: no-file-name
[2024-04-22 01:15:33,945][openpifpaf.decoder.cifcaf][INFO] - annotations 1: [15]
[2024-04-22 01:15:33,946][openpifpaf.predictor][INFO] - batch 0: no-file-name
[2024-04-22 01:15:34,400][openpifpaf.decoder.cifcaf][INFO] - annotations 1: [15]
[2024-04-22 01:15:34,401][openpifpaf.predictor][INFO] - batch 0: no-file-name
