[2024-04-20 00:56:47,358][root][INFO] - Successfully loaded settings:
==================================================
data:
  dataset_name: DPDataset
  data_root: data/frames/
  label_root: data/labels/
  keypoints_root: data/keypoints/
  venue_names:
  - 2023-01-17-livingroom
  - 2023-01-18-livingroom
  - 2023-01-19-livingroom
  - 2023-01-24-livingroom
  - 2023-01-25-livingroom
  - 2023-01-17-openoffice
  - 2023-01-18-openoffice
  - 2023-01-19-openoffice
  - 2023-01-24-openoffice
  - 2023-01-25-openoffice
model:
  tlength: 15
  featvec_joint: true
  hidden_size: 192
  attention_heads: 12
  num_layers: 6
  featvec_bb: false
  featvec_img: false
  omit_temporal_encoder: false
hardware:
  nworkers: 8
  gpus: 8
  bs: 32
task: train
incl_all: false
train_ratio: 0.7
split_method: time
overfit: false
ckpt: ./models/weight.ckpt
noanswer: false
movie: ./demo/example.mp4
lr: l
verbose: false
shrink_rate: 0.1
filter_joint: null
use_preprocessed: false
debug: false
hist_error: false
==================================================

[2024-04-20 00:56:47,358][root][WARNING] - Running DeePoint with CPU takes a long time.
[2024-04-20 00:56:47,664][openpifpaf.decoder.factory][INFO] - No specific decoder requested. Using the first one from:
  --decoder=cifcaf:0
  --decoder=posesimilarity:0
Use any of the above arguments to select one or multiple decoders and to suppress this message.
[2024-04-20 00:56:47,664][openpifpaf.predictor][INFO] - neural network device: cpu (CUDA available: False, count: 0)
[2024-04-20 00:56:51,448][openpifpaf.decoder.cifcaf][INFO] - annotations 1: [12]
[2024-04-20 00:56:51,449][openpifpaf.predictor][INFO] - batch 0: no-file-name
[2024-04-20 00:56:54,303][openpifpaf.decoder.cifcaf][INFO] - annotations 1: [12]
[2024-04-20 00:56:54,304][openpifpaf.predictor][INFO] - batch 0: no-file-name
[2024-04-20 00:56:57,189][openpifpaf.decoder.cifcaf][INFO] - annotations 1: [12]
[2024-04-20 00:56:57,190][openpifpaf.predictor][INFO] - batch 0: no-file-name
[2024-04-20 00:57:00,001][openpifpaf.decoder.cifcaf][INFO] - annotations 1: [10]
[2024-04-20 00:57:00,001][openpifpaf.predictor][INFO] - batch 0: no-file-name
[2024-04-20 00:57:02,849][openpifpaf.decoder.cifcaf][INFO] - annotations 1: [11]
[2024-04-20 00:57:02,849][openpifpaf.predictor][INFO] - batch 0: no-file-name
[2024-04-20 00:57:05,979][openpifpaf.decoder.cifcaf][INFO] - annotations 1: [11]
[2024-04-20 00:57:05,979][openpifpaf.predictor][INFO] - batch 0: no-file-name
[2024-04-20 00:57:08,820][openpifpaf.decoder.cifcaf][INFO] - annotations 1: [10]
[2024-04-20 00:57:08,820][openpifpaf.predictor][INFO] - batch 0: no-file-name
[2024-04-20 00:57:11,735][openpifpaf.decoder.cifcaf][INFO] - annotations 1: [10]
[2024-04-20 00:57:11,736][openpifpaf.predictor][INFO] - batch 0: no-file-name
[2024-04-20 00:57:14,575][openpifpaf.decoder.cifcaf][INFO] - annotations 1: [11]
[2024-04-20 00:57:14,576][openpifpaf.predictor][INFO] - batch 0: no-file-name
[2024-04-20 00:57:17,440][openpifpaf.decoder.cifcaf][INFO] - annotations 1: [11]
[2024-04-20 00:57:17,440][openpifpaf.predictor][INFO] - batch 0: no-file-name
[2024-04-20 00:57:20,333][openpifpaf.decoder.cifcaf][INFO] - annotations 1: [11]
[2024-04-20 00:57:20,333][openpifpaf.predictor][INFO] - batch 0: no-file-name
[2024-04-20 00:57:23,220][openpifpaf.decoder.cifcaf][INFO] - annotations 1: [11]
[2024-04-20 00:57:23,221][openpifpaf.predictor][INFO] - batch 0: no-file-name
[2024-04-20 00:57:26,086][openpifpaf.decoder.cifcaf][INFO] - annotations 1: [11]
[2024-04-20 00:57:26,086][openpifpaf.predictor][INFO] - batch 0: no-file-name
[2024-04-20 00:57:28,992][openpifpaf.decoder.cifcaf][INFO] - annotations 1: [11]
[2024-04-20 00:57:28,992][openpifpaf.predictor][INFO] - batch 0: no-file-name
[2024-04-20 00:57:31,942][openpifpaf.decoder.cifcaf][INFO] - annotations 1: [11]
[2024-04-20 00:57:31,942][openpifpaf.predictor][INFO] - batch 0: no-file-name
[2024-04-20 00:57:37,938][openpifpaf.decoder.cifcaf][INFO] - annotations 1: [10]
[2024-04-20 00:57:37,939][openpifpaf.predictor][INFO] - batch 0: no-file-name
