[2024-04-21 01:48:54,452][root][INFO] - Successfully loaded settings:
==================================================
data:
  dataset_name: DPDataset
  data_root: data/frames/
  label_root: data/labels/
  keypoints_root: data/keypoints/
  venue_names:
  - 2023-01-17-livingroom
  - 2023-01-18-livingroom
  - 2023-01-19-livingroom
  - 2023-01-24-livingroom
  - 2023-01-25-livingroom
  - 2023-01-17-openoffice
  - 2023-01-18-openoffice
  - 2023-01-19-openoffice
  - 2023-01-24-openoffice
  - 2023-01-25-openoffice
model:
  tlength: 15
  featvec_joint: true
  hidden_size: 192
  attention_heads: 12
  num_layers: 6
  featvec_bb: false
  featvec_img: false
  omit_temporal_encoder: false
hardware:
  nworkers: 8
  gpus: 8
  bs: 32
task: train
incl_all: false
train_ratio: 0.7
split_method: time
overfit: false
ckpt: ./models/weight.ckpt
noanswer: false
movie: ./demo/JK_demo_1.mp4
lr: r
verbose: false
shrink_rate: 0.1
filter_joint: null
use_preprocessed: false
debug: false
hist_error: false
==================================================

[2024-04-21 01:48:54,452][root][WARNING] - Running DeePoint with CPU takes a long time.
[2024-04-21 01:48:54,674][openpifpaf.decoder.factory][INFO] - No specific decoder requested. Using the first one from:
  --decoder=cifcaf:0
  --decoder=posesimilarity:0
Use any of the above arguments to select one or multiple decoders and to suppress this message.
[2024-04-21 01:48:54,674][openpifpaf.predictor][INFO] - neural network device: cpu (CUDA available: False, count: 0)
[2024-04-21 01:48:55,205][openpifpaf.decoder.cifcaf][INFO] - annotations 1: [15]
[2024-04-21 01:48:55,205][openpifpaf.predictor][INFO] - batch 0: no-file-name
[2024-04-21 01:48:55,385][openpifpaf.decoder.cifcaf][INFO] - annotations 1: [15]
[2024-04-21 01:48:55,385][openpifpaf.predictor][INFO] - batch 0: no-file-name
[2024-04-21 01:48:55,565][openpifpaf.decoder.cifcaf][INFO] - annotations 1: [15]
[2024-04-21 01:48:55,565][openpifpaf.predictor][INFO] - batch 0: no-file-name
[2024-04-21 01:48:55,740][openpifpaf.decoder.cifcaf][INFO] - annotations 1: [15]
[2024-04-21 01:48:55,740][openpifpaf.predictor][INFO] - batch 0: no-file-name
[2024-04-21 01:48:55,917][openpifpaf.decoder.cifcaf][INFO] - annotations 1: [15]
[2024-04-21 01:48:55,917][openpifpaf.predictor][INFO] - batch 0: no-file-name
[2024-04-21 01:48:56,080][openpifpaf.decoder.cifcaf][INFO] - annotations 1: [15]
[2024-04-21 01:48:56,080][openpifpaf.predictor][INFO] - batch 0: no-file-name
[2024-04-21 01:48:56,256][openpifpaf.decoder.cifcaf][INFO] - annotations 1: [15]
[2024-04-21 01:48:56,256][openpifpaf.predictor][INFO] - batch 0: no-file-name
[2024-04-21 01:48:56,430][openpifpaf.decoder.cifcaf][INFO] - annotations 1: [15]
[2024-04-21 01:48:56,430][openpifpaf.predictor][INFO] - batch 0: no-file-name
[2024-04-21 01:48:56,598][openpifpaf.decoder.cifcaf][INFO] - annotations 1: [15]
[2024-04-21 01:48:56,599][openpifpaf.predictor][INFO] - batch 0: no-file-name
[2024-04-21 01:48:56,780][openpifpaf.decoder.cifcaf][INFO] - annotations 1: [15]
[2024-04-21 01:48:56,780][openpifpaf.predictor][INFO] - batch 0: no-file-name
[2024-04-21 01:48:56,970][openpifpaf.decoder.cifcaf][INFO] - annotations 1: [15]
[2024-04-21 01:48:56,970][openpifpaf.predictor][INFO] - batch 0: no-file-name
[2024-04-21 01:48:57,140][openpifpaf.decoder.cifcaf][INFO] - annotations 1: [15]
[2024-04-21 01:48:57,140][openpifpaf.predictor][INFO] - batch 0: no-file-name
[2024-04-21 01:48:57,330][openpifpaf.decoder.cifcaf][INFO] - annotations 1: [15]
[2024-04-21 01:48:57,330][openpifpaf.predictor][INFO] - batch 0: no-file-name
[2024-04-21 01:48:57,513][openpifpaf.decoder.cifcaf][INFO] - annotations 1: [15]
[2024-04-21 01:48:57,513][openpifpaf.predictor][INFO] - batch 0: no-file-name
[2024-04-21 01:48:57,712][openpifpaf.decoder.cifcaf][INFO] - annotations 1: [15]
[2024-04-21 01:48:57,712][openpifpaf.predictor][INFO] - batch 0: no-file-name
[2024-04-21 01:48:58,146][openpifpaf.decoder.cifcaf][INFO] - annotations 1: [15]
[2024-04-21 01:48:58,146][openpifpaf.predictor][INFO] - batch 0: no-file-name
