[2024-04-21 22:50:41,464][root][INFO] - Successfully loaded settings:
==================================================
data:
  dataset_name: DPDataset
  data_root: data/frames/
  label_root: data/labels/
  keypoints_root: data/keypoints/
  venue_names:
  - 2023-01-17-livingroom
  - 2023-01-18-livingroom
  - 2023-01-19-livingroom
  - 2023-01-24-livingroom
  - 2023-01-25-livingroom
  - 2023-01-17-openoffice
  - 2023-01-18-openoffice
  - 2023-01-19-openoffice
  - 2023-01-24-openoffice
  - 2023-01-25-openoffice
model:
  tlength: 15
  featvec_joint: true
  hidden_size: 192
  attention_heads: 12
  num_layers: 6
  featvec_bb: false
  featvec_img: false
  omit_temporal_encoder: false
hardware:
  nworkers: 8
  gpus: 8
  bs: 32
task: train
incl_all: false
train_ratio: 0.7
split_method: time
overfit: false
ckpt: ./models/weight.ckpt
noanswer: false
movie: ./demo/demo_1.mp4
lr: l
verbose: false
shrink_rate: 0.1
filter_joint: null
use_preprocessed: false
debug: false
hist_error: false
==================================================

[2024-04-21 22:50:41,468][root][WARNING] - Running DeePoint with CPU takes a long time.
[2024-04-21 22:50:42,477][openpifpaf.decoder.factory][INFO] - No specific decoder requested. Using the first one from:
  --decoder=cifcaf:0
  --decoder=posesimilarity:0
Use any of the above arguments to select one or multiple decoders and to suppress this message.
[2024-04-21 22:50:42,478][openpifpaf.predictor][INFO] - neural network device: cpu (CUDA available: False, count: 0)
[2024-04-21 22:50:43,790][openpifpaf.decoder.cifcaf][INFO] - annotations 1: [11]
[2024-04-21 22:50:43,791][openpifpaf.predictor][INFO] - batch 0: no-file-name
[2024-04-21 22:50:43,968][openpifpaf.decoder.cifcaf][INFO] - annotations 1: [11]
[2024-04-21 22:50:43,968][openpifpaf.predictor][INFO] - batch 0: no-file-name
[2024-04-21 22:50:44,146][openpifpaf.decoder.cifcaf][INFO] - annotations 1: [11]
[2024-04-21 22:50:44,146][openpifpaf.predictor][INFO] - batch 0: no-file-name
[2024-04-21 22:50:44,339][openpifpaf.decoder.cifcaf][INFO] - annotations 1: [11]
[2024-04-21 22:50:44,339][openpifpaf.predictor][INFO] - batch 0: no-file-name
[2024-04-21 22:50:44,519][openpifpaf.decoder.cifcaf][INFO] - annotations 1: [11]
[2024-04-21 22:50:44,520][openpifpaf.predictor][INFO] - batch 0: no-file-name
[2024-04-21 22:50:44,708][openpifpaf.decoder.cifcaf][INFO] - annotations 1: [11]
[2024-04-21 22:50:44,708][openpifpaf.predictor][INFO] - batch 0: no-file-name
[2024-04-21 22:50:44,899][openpifpaf.decoder.cifcaf][INFO] - annotations 1: [11]
[2024-04-21 22:50:44,899][openpifpaf.predictor][INFO] - batch 0: no-file-name
[2024-04-21 22:50:45,088][openpifpaf.decoder.cifcaf][INFO] - annotations 1: [11]
[2024-04-21 22:50:45,088][openpifpaf.predictor][INFO] - batch 0: no-file-name
[2024-04-21 22:50:45,274][openpifpaf.decoder.cifcaf][INFO] - annotations 1: [11]
[2024-04-21 22:50:45,274][openpifpaf.predictor][INFO] - batch 0: no-file-name
[2024-04-21 22:50:45,473][openpifpaf.decoder.cifcaf][INFO] - annotations 1: [11]
[2024-04-21 22:50:45,473][openpifpaf.predictor][INFO] - batch 0: no-file-name
[2024-04-21 22:50:45,665][openpifpaf.decoder.cifcaf][INFO] - annotations 1: [11]
[2024-04-21 22:50:45,666][openpifpaf.predictor][INFO] - batch 0: no-file-name
[2024-04-21 22:50:45,837][openpifpaf.decoder.cifcaf][INFO] - annotations 1: [11]
[2024-04-21 22:50:45,837][openpifpaf.predictor][INFO] - batch 0: no-file-name
[2024-04-21 22:50:46,028][openpifpaf.decoder.cifcaf][INFO] - annotations 1: [11]
[2024-04-21 22:50:46,029][openpifpaf.predictor][INFO] - batch 0: no-file-name
[2024-04-21 22:50:46,205][openpifpaf.decoder.cifcaf][INFO] - annotations 1: [11]
[2024-04-21 22:50:46,206][openpifpaf.predictor][INFO] - batch 0: no-file-name
[2024-04-21 22:50:46,386][openpifpaf.decoder.cifcaf][INFO] - annotations 1: [11]
[2024-04-21 22:50:46,386][openpifpaf.predictor][INFO] - batch 0: no-file-name
[2024-04-21 22:50:46,828][openpifpaf.decoder.cifcaf][INFO] - annotations 1: [11]
[2024-04-21 22:50:46,829][openpifpaf.predictor][INFO] - batch 0: no-file-name
[2024-04-21 22:51:00,181][openpifpaf.decoder.cifcaf][INFO] - annotations 1: [11]
[2024-04-21 22:51:00,181][openpifpaf.predictor][INFO] - batch 0: no-file-name
[2024-04-21 22:51:00,631][openpifpaf.decoder.cifcaf][INFO] - annotations 1: [11]
[2024-04-21 22:51:00,631][openpifpaf.predictor][INFO] - batch 0: no-file-name
[2024-04-21 22:51:12,822][openpifpaf.decoder.cifcaf][INFO] - annotations 1: [11]
[2024-04-21 22:51:12,822][openpifpaf.predictor][INFO] - batch 0: no-file-name
[2024-04-21 22:51:13,250][openpifpaf.decoder.cifcaf][INFO] - annotations 1: [11]
[2024-04-21 22:51:13,250][openpifpaf.predictor][INFO] - batch 0: no-file-name
