[2024-04-24 08:19:57,495][root][INFO] - Successfully loaded settings:
==================================================
data:
  dataset_name: DPDataset
  data_root: data/frames/
  label_root: data/labels/
  keypoints_root: data/keypoints/
  venue_names:
  - 2023-01-17-livingroom
  - 2023-01-18-livingroom
  - 2023-01-19-livingroom
  - 2023-01-24-livingroom
  - 2023-01-25-livingroom
  - 2023-01-17-openoffice
  - 2023-01-18-openoffice
  - 2023-01-19-openoffice
  - 2023-01-24-openoffice
  - 2023-01-25-openoffice
model:
  tlength: 15
  featvec_joint: true
  hidden_size: 192
  attention_heads: 12
  num_layers: 6
  featvec_bb: false
  featvec_img: false
  omit_temporal_encoder: false
hardware:
  nworkers: 8
  gpus: 8
  bs: 32
task: train
incl_all: false
train_ratio: 0.7
split_method: time
overfit: false
ckpt: ./models/weight.ckpt
noanswer: false
movie: ./demo/kasi_demo_2.mp4
lr: r
verbose: false
shrink_rate: 0.1
filter_joint: null
use_preprocessed: false
debug: false
hist_error: false
==================================================

[2024-04-24 08:19:57,495][root][WARNING] - Running DeePoint with CPU takes a long time.
[2024-04-24 08:19:58,666][openpifpaf.decoder.factory][INFO] - No specific decoder requested. Using the first one from:
  --decoder=cifcaf:0
  --decoder=posesimilarity:0
Use any of the above arguments to select one or multiple decoders and to suppress this message.
[2024-04-24 08:19:58,668][openpifpaf.predictor][INFO] - neural network device: cpu (CUDA available: False, count: 0)
[2024-04-24 08:20:00,144][openpifpaf.decoder.cifcaf][INFO] - annotations 1: [16]
[2024-04-24 08:20:00,144][openpifpaf.predictor][INFO] - batch 0: no-file-name
[2024-04-24 08:20:00,383][openpifpaf.decoder.cifcaf][INFO] - annotations 1: [16]
[2024-04-24 08:20:00,383][openpifpaf.predictor][INFO] - batch 0: no-file-name
[2024-04-24 08:20:00,592][openpifpaf.decoder.cifcaf][INFO] - annotations 1: [16]
[2024-04-24 08:20:00,592][openpifpaf.predictor][INFO] - batch 0: no-file-name
[2024-04-24 08:20:00,780][openpifpaf.decoder.cifcaf][INFO] - annotations 1: [16]
[2024-04-24 08:20:00,780][openpifpaf.predictor][INFO] - batch 0: no-file-name
[2024-04-24 08:20:00,976][openpifpaf.decoder.cifcaf][INFO] - annotations 1: [16]
[2024-04-24 08:20:00,976][openpifpaf.predictor][INFO] - batch 0: no-file-name
[2024-04-24 08:20:01,175][openpifpaf.decoder.cifcaf][INFO] - annotations 1: [16]
[2024-04-24 08:20:01,175][openpifpaf.predictor][INFO] - batch 0: no-file-name
[2024-04-24 08:20:01,378][openpifpaf.decoder.cifcaf][INFO] - annotations 1: [16]
[2024-04-24 08:20:01,378][openpifpaf.predictor][INFO] - batch 0: no-file-name
[2024-04-24 08:20:01,585][openpifpaf.decoder.cifcaf][INFO] - annotations 1: [16]
[2024-04-24 08:20:01,586][openpifpaf.predictor][INFO] - batch 0: no-file-name
[2024-04-24 08:20:01,830][openpifpaf.decoder.cifcaf][INFO] - annotations 1: [16]
[2024-04-24 08:20:01,830][openpifpaf.predictor][INFO] - batch 0: no-file-name
[2024-04-24 08:20:02,019][openpifpaf.decoder.cifcaf][INFO] - annotations 1: [16]
[2024-04-24 08:20:02,019][openpifpaf.predictor][INFO] - batch 0: no-file-name
[2024-04-24 08:20:02,214][openpifpaf.decoder.cifcaf][INFO] - annotations 1: [16]
[2024-04-24 08:20:02,214][openpifpaf.predictor][INFO] - batch 0: no-file-name
[2024-04-24 08:20:02,416][openpifpaf.decoder.cifcaf][INFO] - annotations 1: [16]
[2024-04-24 08:20:02,416][openpifpaf.predictor][INFO] - batch 0: no-file-name
[2024-04-24 08:20:02,628][openpifpaf.decoder.cifcaf][INFO] - annotations 1: [16]
[2024-04-24 08:20:02,628][openpifpaf.predictor][INFO] - batch 0: no-file-name
[2024-04-24 08:20:02,841][openpifpaf.decoder.cifcaf][INFO] - annotations 1: [16]
[2024-04-24 08:20:02,841][openpifpaf.predictor][INFO] - batch 0: no-file-name
[2024-04-24 08:20:03,032][openpifpaf.decoder.cifcaf][INFO] - annotations 1: [16]
[2024-04-24 08:20:03,032][openpifpaf.predictor][INFO] - batch 0: no-file-name
[2024-04-24 08:20:03,542][openpifpaf.decoder.cifcaf][INFO] - annotations 1: [16]
[2024-04-24 08:20:03,542][openpifpaf.predictor][INFO] - batch 0: no-file-name
[2024-04-24 08:20:19,498][openpifpaf.decoder.cifcaf][INFO] - annotations 1: [17]
[2024-04-24 08:20:19,498][openpifpaf.predictor][INFO] - batch 0: no-file-name
[2024-04-24 08:20:20,127][openpifpaf.decoder.cifcaf][INFO] - annotations 1: [17]
[2024-04-24 08:20:20,128][openpifpaf.predictor][INFO] - batch 0: no-file-name
[2024-04-24 08:20:33,298][openpifpaf.decoder.cifcaf][INFO] - annotations 1: [17]
[2024-04-24 08:20:33,299][openpifpaf.predictor][INFO] - batch 0: no-file-name
[2024-04-24 08:20:33,840][openpifpaf.decoder.cifcaf][INFO] - annotations 1: [17]
[2024-04-24 08:20:33,841][openpifpaf.predictor][INFO] - batch 0: no-file-name
[2024-04-24 08:20:45,427][openpifpaf.decoder.cifcaf][INFO] - annotations 1: [17]
[2024-04-24 08:20:45,427][openpifpaf.predictor][INFO] - batch 0: no-file-name
[2024-04-24 08:20:45,946][openpifpaf.decoder.cifcaf][INFO] - annotations 1: [17]
[2024-04-24 08:20:45,946][openpifpaf.predictor][INFO] - batch 0: no-file-name
[2024-04-24 08:20:57,601][openpifpaf.decoder.cifcaf][INFO] - annotations 1: [16]
[2024-04-24 08:20:57,602][openpifpaf.predictor][INFO] - batch 0: no-file-name
[2024-04-24 08:20:58,162][openpifpaf.decoder.cifcaf][INFO] - annotations 1: [16]
[2024-04-24 08:20:58,162][openpifpaf.predictor][INFO] - batch 0: no-file-name
[2024-04-24 08:21:11,240][openpifpaf.decoder.cifcaf][INFO] - annotations 1: [15]
[2024-04-24 08:21:11,240][openpifpaf.predictor][INFO] - batch 0: no-file-name
[2024-04-24 08:21:11,798][openpifpaf.decoder.cifcaf][INFO] - annotations 1: [15]
[2024-04-24 08:21:11,798][openpifpaf.predictor][INFO] - batch 0: no-file-name
[2024-04-24 08:21:23,305][openpifpaf.decoder.cifcaf][INFO] - annotations 1: [15]
[2024-04-24 08:21:23,306][openpifpaf.predictor][INFO] - batch 0: no-file-name
[2024-04-24 08:21:23,785][openpifpaf.decoder.cifcaf][INFO] - annotations 1: [15]
[2024-04-24 08:21:23,785][openpifpaf.predictor][INFO] - batch 0: no-file-name
[2024-04-24 08:21:35,600][openpifpaf.decoder.cifcaf][INFO] - annotations 2: [15, 6]
[2024-04-24 08:21:35,600][openpifpaf.predictor][INFO] - batch 0: no-file-name
[2024-04-24 08:21:36,086][openpifpaf.decoder.cifcaf][INFO] - annotations 2: [15, 6]
[2024-04-24 08:21:36,086][openpifpaf.predictor][INFO] - batch 0: no-file-name
[2024-04-24 08:21:47,810][openpifpaf.decoder.cifcaf][INFO] - annotations 2: [15, 7]
[2024-04-24 08:21:47,810][openpifpaf.predictor][INFO] - batch 0: no-file-name
[2024-04-24 08:21:48,338][openpifpaf.decoder.cifcaf][INFO] - annotations 1: [15]
[2024-04-24 08:21:48,338][openpifpaf.predictor][INFO] - batch 0: no-file-name
[2024-04-24 08:22:00,197][openpifpaf.decoder.cifcaf][INFO] - annotations 2: [15, 7]
[2024-04-24 08:22:00,197][openpifpaf.predictor][INFO] - batch 0: no-file-name
[2024-04-24 08:22:00,740][openpifpaf.decoder.cifcaf][INFO] - annotations 1: [15]
[2024-04-24 08:22:00,740][openpifpaf.predictor][INFO] - batch 0: no-file-name
[2024-04-24 08:22:12,372][openpifpaf.decoder.cifcaf][INFO] - annotations 1: [15]
[2024-04-24 08:22:12,373][openpifpaf.predictor][INFO] - batch 0: no-file-name
[2024-04-24 08:22:12,867][openpifpaf.decoder.cifcaf][INFO] - annotations 1: [15]
[2024-04-24 08:22:12,868][openpifpaf.predictor][INFO] - batch 0: no-file-name
[2024-04-24 08:22:24,476][openpifpaf.decoder.cifcaf][INFO] - annotations 1: [15]
[2024-04-24 08:22:24,477][openpifpaf.predictor][INFO] - batch 0: no-file-name
[2024-04-24 08:22:24,991][openpifpaf.decoder.cifcaf][INFO] - annotations 1: [15]
[2024-04-24 08:22:24,991][openpifpaf.predictor][INFO] - batch 0: no-file-name
[2024-04-24 08:22:36,531][openpifpaf.decoder.cifcaf][INFO] - annotations 1: [15]
[2024-04-24 08:22:36,531][openpifpaf.predictor][INFO] - batch 0: no-file-name
[2024-04-24 08:22:37,047][openpifpaf.decoder.cifcaf][INFO] - annotations 1: [15]
[2024-04-24 08:22:37,048][openpifpaf.predictor][INFO] - batch 0: no-file-name
[2024-04-24 08:22:48,631][openpifpaf.decoder.cifcaf][INFO] - annotations 2: [15, 7]
[2024-04-24 08:22:48,631][openpifpaf.predictor][INFO] - batch 0: no-file-name
[2024-04-24 08:22:49,159][openpifpaf.decoder.cifcaf][INFO] - annotations 2: [15, 7]
[2024-04-24 08:22:49,159][openpifpaf.predictor][INFO] - batch 0: no-file-name
[2024-04-24 08:23:00,821][openpifpaf.decoder.cifcaf][INFO] - annotations 2: [15, 5]
[2024-04-24 08:23:00,821][openpifpaf.predictor][INFO] - batch 0: no-file-name
[2024-04-24 08:23:01,331][openpifpaf.decoder.cifcaf][INFO] - annotations 1: [15]
[2024-04-24 08:23:01,331][openpifpaf.predictor][INFO] - batch 0: no-file-name
[2024-04-24 08:23:12,887][openpifpaf.decoder.cifcaf][INFO] - annotations 1: [15]
[2024-04-24 08:23:12,887][openpifpaf.predictor][INFO] - batch 0: no-file-name
[2024-04-24 08:23:13,437][openpifpaf.decoder.cifcaf][INFO] - annotations 1: [15]
[2024-04-24 08:23:13,437][openpifpaf.predictor][INFO] - batch 0: no-file-name
[2024-04-24 08:23:25,257][openpifpaf.decoder.cifcaf][INFO] - annotations 1: [15]
[2024-04-24 08:23:25,257][openpifpaf.predictor][INFO] - batch 0: no-file-name
[2024-04-24 08:23:25,788][openpifpaf.decoder.cifcaf][INFO] - annotations 1: [15]
[2024-04-24 08:23:25,788][openpifpaf.predictor][INFO] - batch 0: no-file-name
[2024-04-24 08:23:37,480][openpifpaf.decoder.cifcaf][INFO] - annotations 1: [15]
[2024-04-24 08:23:37,480][openpifpaf.predictor][INFO] - batch 0: no-file-name
[2024-04-24 08:23:37,989][openpifpaf.decoder.cifcaf][INFO] - annotations 1: [15]
[2024-04-24 08:23:37,989][openpifpaf.predictor][INFO] - batch 0: no-file-name
[2024-04-24 08:23:49,646][openpifpaf.decoder.cifcaf][INFO] - annotations 1: [15]
[2024-04-24 08:23:49,647][openpifpaf.predictor][INFO] - batch 0: no-file-name
[2024-04-24 08:23:50,145][openpifpaf.decoder.cifcaf][INFO] - annotations 1: [15]
[2024-04-24 08:23:50,145][openpifpaf.predictor][INFO] - batch 0: no-file-name
[2024-04-24 08:24:01,615][openpifpaf.decoder.cifcaf][INFO] - annotations 1: [15]
[2024-04-24 08:24:01,615][openpifpaf.predictor][INFO] - batch 0: no-file-name
[2024-04-24 08:24:02,114][openpifpaf.decoder.cifcaf][INFO] - annotations 2: [15, 7]
[2024-04-24 08:24:02,114][openpifpaf.predictor][INFO] - batch 0: no-file-name
[2024-04-24 08:24:13,646][openpifpaf.decoder.cifcaf][INFO] - annotations 2: [15, 6]
[2024-04-24 08:24:13,647][openpifpaf.predictor][INFO] - batch 0: no-file-name
[2024-04-24 08:24:14,175][openpifpaf.decoder.cifcaf][INFO] - annotations 1: [15]
[2024-04-24 08:24:14,175][openpifpaf.predictor][INFO] - batch 0: no-file-name
[2024-04-24 08:24:25,779][openpifpaf.decoder.cifcaf][INFO] - annotations 2: [15, 5]
[2024-04-24 08:24:25,779][openpifpaf.predictor][INFO] - batch 0: no-file-name
[2024-04-24 08:24:26,274][openpifpaf.decoder.cifcaf][INFO] - annotations 1: [15]
[2024-04-24 08:24:26,275][openpifpaf.predictor][INFO] - batch 0: no-file-name
[2024-04-24 08:24:37,961][openpifpaf.decoder.cifcaf][INFO] - annotations 2: [15, 7]
[2024-04-24 08:24:37,962][openpifpaf.predictor][INFO] - batch 0: no-file-name
[2024-04-24 08:24:38,449][openpifpaf.decoder.cifcaf][INFO] - annotations 2: [15, 7]
[2024-04-24 08:24:38,449][openpifpaf.predictor][INFO] - batch 0: no-file-name
[2024-04-24 08:24:50,080][openpifpaf.decoder.cifcaf][INFO] - annotations 1: [15]
[2024-04-24 08:24:50,081][openpifpaf.predictor][INFO] - batch 0: no-file-name
[2024-04-24 08:24:50,569][openpifpaf.decoder.cifcaf][INFO] - annotations 1: [15]
[2024-04-24 08:24:50,570][openpifpaf.predictor][INFO] - batch 0: no-file-name
[2024-04-24 08:25:02,267][openpifpaf.decoder.cifcaf][INFO] - annotations 1: [15]
[2024-04-24 08:25:02,267][openpifpaf.predictor][INFO] - batch 0: no-file-name
[2024-04-24 08:25:02,747][openpifpaf.decoder.cifcaf][INFO] - annotations 1: [15]
[2024-04-24 08:25:02,747][openpifpaf.predictor][INFO] - batch 0: no-file-name
[2024-04-24 08:25:14,456][openpifpaf.decoder.cifcaf][INFO] - annotations 1: [15]
[2024-04-24 08:25:14,456][openpifpaf.predictor][INFO] - batch 0: no-file-name
[2024-04-24 08:25:14,951][openpifpaf.decoder.cifcaf][INFO] - annotations 1: [15]
[2024-04-24 08:25:14,951][openpifpaf.predictor][INFO] - batch 0: no-file-name
[2024-04-24 08:25:26,713][openpifpaf.decoder.cifcaf][INFO] - annotations 1: [15]
[2024-04-24 08:25:26,713][openpifpaf.predictor][INFO] - batch 0: no-file-name
[2024-04-24 08:25:27,217][openpifpaf.decoder.cifcaf][INFO] - annotations 2: [15, 6]
[2024-04-24 08:25:27,218][openpifpaf.predictor][INFO] - batch 0: no-file-name
[2024-04-24 08:25:38,957][openpifpaf.decoder.cifcaf][INFO] - annotations 1: [15]
[2024-04-24 08:25:38,957][openpifpaf.predictor][INFO] - batch 0: no-file-name
[2024-04-24 08:25:39,462][openpifpaf.decoder.cifcaf][INFO] - annotations 1: [15]
[2024-04-24 08:25:39,462][openpifpaf.predictor][INFO] - batch 0: no-file-name
[2024-04-24 08:25:51,120][openpifpaf.decoder.cifcaf][INFO] - annotations 1: [15]
[2024-04-24 08:25:51,120][openpifpaf.predictor][INFO] - batch 0: no-file-name
[2024-04-24 08:25:51,626][openpifpaf.decoder.cifcaf][INFO] - annotations 1: [15]
[2024-04-24 08:25:51,626][openpifpaf.predictor][INFO] - batch 0: no-file-name
[2024-04-24 08:26:03,301][openpifpaf.decoder.cifcaf][INFO] - annotations 1: [16]
[2024-04-24 08:26:03,301][openpifpaf.predictor][INFO] - batch 0: no-file-name
[2024-04-24 08:26:03,827][openpifpaf.decoder.cifcaf][INFO] - annotations 1: [16]
[2024-04-24 08:26:03,827][openpifpaf.predictor][INFO] - batch 0: no-file-name
[2024-04-24 08:26:15,356][openpifpaf.decoder.cifcaf][INFO] - annotations 1: [16]
[2024-04-24 08:26:15,356][openpifpaf.predictor][INFO] - batch 0: no-file-name
[2024-04-24 08:26:15,877][openpifpaf.decoder.cifcaf][INFO] - annotations 1: [17]
[2024-04-24 08:26:15,877][openpifpaf.predictor][INFO] - batch 0: no-file-name
[2024-04-24 08:26:27,739][openpifpaf.decoder.cifcaf][INFO] - annotations 1: [17]
[2024-04-24 08:26:27,739][openpifpaf.predictor][INFO] - batch 0: no-file-name
[2024-04-24 08:26:28,279][openpifpaf.decoder.cifcaf][INFO] - annotations 1: [17]
[2024-04-24 08:26:28,279][openpifpaf.predictor][INFO] - batch 0: no-file-name
[2024-04-24 08:26:40,235][openpifpaf.decoder.cifcaf][INFO] - annotations 2: [17, 5]
[2024-04-24 08:26:40,235][openpifpaf.predictor][INFO] - batch 0: no-file-name
[2024-04-24 08:26:40,762][openpifpaf.decoder.cifcaf][INFO] - annotations 1: [17]
[2024-04-24 08:26:40,762][openpifpaf.predictor][INFO] - batch 0: no-file-name
[2024-04-24 08:26:52,498][openpifpaf.decoder.cifcaf][INFO] - annotations 1: [17]
[2024-04-24 08:26:52,498][openpifpaf.predictor][INFO] - batch 0: no-file-name
[2024-04-24 08:26:53,028][openpifpaf.decoder.cifcaf][INFO] - annotations 2: [17, 5]
[2024-04-24 08:26:53,029][openpifpaf.predictor][INFO] - batch 0: no-file-name
[2024-04-24 08:27:05,205][openpifpaf.decoder.cifcaf][INFO] - annotations 2: [16, 6]
[2024-04-24 08:27:05,206][openpifpaf.predictor][INFO] - batch 0: no-file-name
[2024-04-24 08:27:05,736][openpifpaf.decoder.cifcaf][INFO] - annotations 2: [17, 7]
[2024-04-24 08:27:05,736][openpifpaf.predictor][INFO] - batch 0: no-file-name
[2024-04-24 08:27:17,214][openpifpaf.decoder.cifcaf][INFO] - annotations 2: [16, 7]
[2024-04-24 08:27:17,214][openpifpaf.predictor][INFO] - batch 0: no-file-name
[2024-04-24 08:27:17,768][openpifpaf.decoder.cifcaf][INFO] - annotations 2: [17, 6]
[2024-04-24 08:27:17,769][openpifpaf.predictor][INFO] - batch 0: no-file-name
[2024-04-24 08:27:29,341][openpifpaf.decoder.cifcaf][INFO] - annotations 2: [16, 7]
[2024-04-24 08:27:29,341][openpifpaf.predictor][INFO] - batch 0: no-file-name
[2024-04-24 08:27:29,828][openpifpaf.decoder.cifcaf][INFO] - annotations 2: [16, 5]
[2024-04-24 08:27:29,829][openpifpaf.predictor][INFO] - batch 0: no-file-name
[2024-04-24 08:27:41,539][openpifpaf.decoder.cifcaf][INFO] - annotations 1: [15]
[2024-04-24 08:27:41,540][openpifpaf.predictor][INFO] - batch 0: no-file-name
[2024-04-24 08:27:42,019][openpifpaf.decoder.cifcaf][INFO] - annotations 2: [15, 5]
[2024-04-24 08:27:42,019][openpifpaf.predictor][INFO] - batch 0: no-file-name
[2024-04-24 08:27:53,470][openpifpaf.decoder.cifcaf][INFO] - annotations 1: [15]
[2024-04-24 08:27:53,470][openpifpaf.predictor][INFO] - batch 0: no-file-name
[2024-04-24 08:27:53,964][openpifpaf.decoder.cifcaf][INFO] - annotations 2: [15, 6]
[2024-04-24 08:27:53,964][openpifpaf.predictor][INFO] - batch 0: no-file-name
[2024-04-24 08:28:05,543][openpifpaf.decoder.cifcaf][INFO] - annotations 1: [14]
[2024-04-24 08:28:05,543][openpifpaf.predictor][INFO] - batch 0: no-file-name
[2024-04-24 08:28:06,049][openpifpaf.decoder.cifcaf][INFO] - annotations 1: [14]
[2024-04-24 08:28:06,049][openpifpaf.predictor][INFO] - batch 0: no-file-name
[2024-04-24 08:28:17,490][openpifpaf.decoder.cifcaf][INFO] - annotations 1: [14]
[2024-04-24 08:28:17,491][openpifpaf.predictor][INFO] - batch 0: no-file-name
[2024-04-24 08:28:17,990][openpifpaf.decoder.cifcaf][INFO] - annotations 1: [14]
[2024-04-24 08:28:17,990][openpifpaf.predictor][INFO] - batch 0: no-file-name
[2024-04-24 08:28:29,908][openpifpaf.decoder.cifcaf][INFO] - annotations 1: [15]
[2024-04-24 08:28:29,908][openpifpaf.predictor][INFO] - batch 0: no-file-name
[2024-04-24 08:28:30,437][openpifpaf.decoder.cifcaf][INFO] - annotations 1: [14]
[2024-04-24 08:28:30,437][openpifpaf.predictor][INFO] - batch 0: no-file-name
[2024-04-24 08:28:42,670][openpifpaf.decoder.cifcaf][INFO] - annotations 1: [14]
[2024-04-24 08:28:42,671][openpifpaf.predictor][INFO] - batch 0: no-file-name
[2024-04-24 08:28:43,193][openpifpaf.decoder.cifcaf][INFO] - annotations 1: [14]
[2024-04-24 08:28:43,193][openpifpaf.predictor][INFO] - batch 0: no-file-name
[2024-04-24 08:28:55,860][openpifpaf.decoder.cifcaf][INFO] - annotations 1: [14]
[2024-04-24 08:28:55,860][openpifpaf.predictor][INFO] - batch 0: no-file-name
[2024-04-24 08:28:56,387][openpifpaf.decoder.cifcaf][INFO] - annotations 1: [14]
[2024-04-24 08:28:56,387][openpifpaf.predictor][INFO] - batch 0: no-file-name
[2024-04-24 08:29:08,502][openpifpaf.decoder.cifcaf][INFO] - annotations 2: [14, 6]
[2024-04-24 08:29:08,502][openpifpaf.predictor][INFO] - batch 0: no-file-name
[2024-04-24 08:29:09,032][openpifpaf.decoder.cifcaf][INFO] - annotations 2: [14, 5]
[2024-04-24 08:29:09,032][openpifpaf.predictor][INFO] - batch 0: no-file-name
[2024-04-24 08:29:20,590][openpifpaf.decoder.cifcaf][INFO] - annotations 1: [15]
[2024-04-24 08:29:20,590][openpifpaf.predictor][INFO] - batch 0: no-file-name
[2024-04-24 08:29:21,130][openpifpaf.decoder.cifcaf][INFO] - annotations 1: [14]
[2024-04-24 08:29:21,130][openpifpaf.predictor][INFO] - batch 0: no-file-name
