[2024-04-22 03:40:15,304][root][INFO] - Successfully loaded settings:
==================================================
data:
  dataset_name: DPDataset
  data_root: data/frames/
  label_root: data/labels/
  keypoints_root: data/keypoints/
  venue_names:
  - 2023-01-17-livingroom
  - 2023-01-18-livingroom
  - 2023-01-19-livingroom
  - 2023-01-24-livingroom
  - 2023-01-25-livingroom
  - 2023-01-17-openoffice
  - 2023-01-18-openoffice
  - 2023-01-19-openoffice
  - 2023-01-24-openoffice
  - 2023-01-25-openoffice
model:
  tlength: 15
  featvec_joint: true
  hidden_size: 192
  attention_heads: 12
  num_layers: 6
  featvec_bb: false
  featvec_img: false
  omit_temporal_encoder: false
hardware:
  nworkers: 8
  gpus: 8
  bs: 32
task: train
incl_all: false
train_ratio: 0.7
split_method: time
overfit: false
ckpt: ./models/weight.ckpt
noanswer: false
movie: ./demo/example.mp4
lr: l
verbose: false
shrink_rate: 0.1
filter_joint: null
use_preprocessed: false
debug: false
hist_error: false
==================================================

[2024-04-22 03:40:15,305][root][WARNING] - Running DeePoint with CPU takes a long time.
[2024-04-22 03:40:15,642][openpifpaf.decoder.factory][INFO] - No specific decoder requested. Using the first one from:
  --decoder=cifcaf:0
  --decoder=posesimilarity:0
Use any of the above arguments to select one or multiple decoders and to suppress this message.
[2024-04-22 03:40:15,642][openpifpaf.predictor][INFO] - neural network device: cpu (CUDA available: False, count: 0)
[2024-04-22 03:40:16,482][openpifpaf.decoder.cifcaf][INFO] - annotations 1: [14]
[2024-04-22 03:40:16,482][openpifpaf.predictor][INFO] - batch 0: no-file-name
[2024-04-22 03:40:16,702][openpifpaf.decoder.cifcaf][INFO] - annotations 1: [13]
[2024-04-22 03:40:16,702][openpifpaf.predictor][INFO] - batch 0: no-file-name
[2024-04-22 03:40:16,942][openpifpaf.decoder.cifcaf][INFO] - annotations 1: [14]
[2024-04-22 03:40:16,943][openpifpaf.predictor][INFO] - batch 0: no-file-name
[2024-04-22 03:40:17,147][openpifpaf.decoder.cifcaf][INFO] - annotations 1: [14]
[2024-04-22 03:40:17,148][openpifpaf.predictor][INFO] - batch 0: no-file-name
[2024-04-22 03:40:17,382][openpifpaf.decoder.cifcaf][INFO] - annotations 1: [14]
[2024-04-22 03:40:17,383][openpifpaf.predictor][INFO] - batch 0: no-file-name
[2024-04-22 03:40:17,730][openpifpaf.decoder.cifcaf][INFO] - annotations 1: [13]
[2024-04-22 03:40:17,731][openpifpaf.predictor][INFO] - batch 0: no-file-name
[2024-04-22 03:40:17,969][openpifpaf.decoder.cifcaf][INFO] - annotations 1: [13]
[2024-04-22 03:40:17,970][openpifpaf.predictor][INFO] - batch 0: no-file-name
[2024-04-22 03:40:18,224][openpifpaf.decoder.cifcaf][INFO] - annotations 1: [14]
[2024-04-22 03:40:18,225][openpifpaf.predictor][INFO] - batch 0: no-file-name
[2024-04-22 03:40:18,491][openpifpaf.decoder.cifcaf][INFO] - annotations 1: [14]
[2024-04-22 03:40:18,492][openpifpaf.predictor][INFO] - batch 0: no-file-name
[2024-04-22 03:40:18,808][openpifpaf.decoder.cifcaf][INFO] - annotations 1: [14]
[2024-04-22 03:40:18,809][openpifpaf.predictor][INFO] - batch 0: no-file-name
[2024-04-22 03:40:18,993][openpifpaf.decoder.cifcaf][INFO] - annotations 1: [14]
[2024-04-22 03:40:18,993][openpifpaf.predictor][INFO] - batch 0: no-file-name
[2024-04-22 03:40:19,199][openpifpaf.decoder.cifcaf][INFO] - annotations 1: [14]
[2024-04-22 03:40:19,200][openpifpaf.predictor][INFO] - batch 0: no-file-name
[2024-04-22 03:40:19,415][openpifpaf.decoder.cifcaf][INFO] - annotations 1: [14]
[2024-04-22 03:40:19,416][openpifpaf.predictor][INFO] - batch 0: no-file-name
[2024-04-22 03:40:19,649][openpifpaf.decoder.cifcaf][INFO] - annotations 1: [14]
[2024-04-22 03:40:19,650][openpifpaf.predictor][INFO] - batch 0: no-file-name
[2024-04-22 03:40:19,868][openpifpaf.decoder.cifcaf][INFO] - annotations 1: [13]
[2024-04-22 03:40:19,869][openpifpaf.predictor][INFO] - batch 0: no-file-name
[2024-04-22 03:40:20,371][openpifpaf.decoder.cifcaf][INFO] - annotations 1: [13]
[2024-04-22 03:40:20,372][openpifpaf.predictor][INFO] - batch 0: no-file-name
[2024-04-22 03:40:34,276][openpifpaf.decoder.cifcaf][INFO] - annotations 1: [13]
[2024-04-22 03:40:34,276][openpifpaf.predictor][INFO] - batch 0: no-file-name
[2024-04-22 03:40:34,772][openpifpaf.decoder.cifcaf][INFO] - annotations 1: [14]
[2024-04-22 03:40:34,772][openpifpaf.predictor][INFO] - batch 0: no-file-name
[2024-04-22 03:40:48,044][openpifpaf.decoder.cifcaf][INFO] - annotations 1: [14]
[2024-04-22 03:40:48,044][openpifpaf.predictor][INFO] - batch 0: no-file-name
[2024-04-22 03:40:48,594][openpifpaf.decoder.cifcaf][INFO] - annotations 1: [14]
[2024-04-22 03:40:48,595][openpifpaf.predictor][INFO] - batch 0: no-file-name
[2024-04-22 03:41:02,464][openpifpaf.decoder.cifcaf][INFO] - annotations 1: [14]
[2024-04-22 03:41:02,464][openpifpaf.predictor][INFO] - batch 0: no-file-name
[2024-04-22 03:41:03,095][openpifpaf.decoder.cifcaf][INFO] - annotations 1: [14]
[2024-04-22 03:41:03,096][openpifpaf.predictor][INFO] - batch 0: no-file-name
[2024-04-22 03:41:16,536][openpifpaf.decoder.cifcaf][INFO] - annotations 1: [14]
[2024-04-22 03:41:16,536][openpifpaf.predictor][INFO] - batch 0: no-file-name
[2024-04-22 03:41:17,108][openpifpaf.decoder.cifcaf][INFO] - annotations 1: [14]
[2024-04-22 03:41:17,109][openpifpaf.predictor][INFO] - batch 0: no-file-name
[2024-04-22 03:41:31,131][openpifpaf.decoder.cifcaf][INFO] - annotations 1: [14]
[2024-04-22 03:41:31,132][openpifpaf.predictor][INFO] - batch 0: no-file-name
[2024-04-22 03:41:31,783][openpifpaf.decoder.cifcaf][INFO] - annotations 1: [14]
[2024-04-22 03:41:31,784][openpifpaf.predictor][INFO] - batch 0: no-file-name
[2024-04-22 03:41:45,336][openpifpaf.decoder.cifcaf][INFO] - annotations 1: [14]
[2024-04-22 03:41:45,336][openpifpaf.predictor][INFO] - batch 0: no-file-name
[2024-04-22 03:41:45,871][openpifpaf.decoder.cifcaf][INFO] - annotations 1: [14]
[2024-04-22 03:41:45,871][openpifpaf.predictor][INFO] - batch 0: no-file-name
[2024-04-22 03:42:00,435][openpifpaf.decoder.cifcaf][INFO] - annotations 1: [14]
[2024-04-22 03:42:00,435][openpifpaf.predictor][INFO] - batch 0: no-file-name
[2024-04-22 03:42:00,992][openpifpaf.decoder.cifcaf][INFO] - annotations 1: [14]
[2024-04-22 03:42:00,992][openpifpaf.predictor][INFO] - batch 0: no-file-name
[2024-04-22 03:42:15,301][openpifpaf.decoder.cifcaf][INFO] - annotations 1: [14]
[2024-04-22 03:42:15,302][openpifpaf.predictor][INFO] - batch 0: no-file-name
[2024-04-22 03:42:15,997][openpifpaf.decoder.cifcaf][INFO] - annotations 1: [14]
[2024-04-22 03:42:15,998][openpifpaf.predictor][INFO] - batch 0: no-file-name
[2024-04-22 03:42:31,265][openpifpaf.decoder.cifcaf][INFO] - annotations 1: [14]
[2024-04-22 03:42:31,265][openpifpaf.predictor][INFO] - batch 0: no-file-name
[2024-04-22 03:42:31,976][openpifpaf.decoder.cifcaf][INFO] - annotations 1: [14]
[2024-04-22 03:42:31,977][openpifpaf.predictor][INFO] - batch 0: no-file-name
[2024-04-22 03:42:46,932][openpifpaf.decoder.cifcaf][INFO] - annotations 1: [14]
[2024-04-22 03:42:46,932][openpifpaf.predictor][INFO] - batch 0: no-file-name
[2024-04-22 03:42:47,537][openpifpaf.decoder.cifcaf][INFO] - annotations 1: [14]
[2024-04-22 03:42:47,538][openpifpaf.predictor][INFO] - batch 0: no-file-name
[2024-04-22 03:43:03,075][openpifpaf.decoder.cifcaf][INFO] - annotations 1: [14]
[2024-04-22 03:43:03,075][openpifpaf.predictor][INFO] - batch 0: no-file-name
[2024-04-22 03:43:03,718][openpifpaf.decoder.cifcaf][INFO] - annotations 1: [14]
[2024-04-22 03:43:03,718][openpifpaf.predictor][INFO] - batch 0: no-file-name
[2024-04-22 03:43:19,452][openpifpaf.decoder.cifcaf][INFO] - annotations 1: [14]
[2024-04-22 03:43:19,453][openpifpaf.predictor][INFO] - batch 0: no-file-name
[2024-04-22 03:43:20,209][openpifpaf.decoder.cifcaf][INFO] - annotations 1: [14]
[2024-04-22 03:43:20,210][openpifpaf.predictor][INFO] - batch 0: no-file-name
[2024-04-22 03:43:35,840][openpifpaf.decoder.cifcaf][INFO] - annotations 1: [14]
[2024-04-22 03:43:35,841][openpifpaf.predictor][INFO] - batch 0: no-file-name
[2024-04-22 03:43:36,575][openpifpaf.decoder.cifcaf][INFO] - annotations 1: [14]
[2024-04-22 03:43:36,576][openpifpaf.predictor][INFO] - batch 0: no-file-name
[2024-04-22 03:43:52,077][openpifpaf.decoder.cifcaf][INFO] - annotations 1: [14]
[2024-04-22 03:43:52,078][openpifpaf.predictor][INFO] - batch 0: no-file-name
[2024-04-22 03:43:52,696][openpifpaf.decoder.cifcaf][INFO] - annotations 1: [13]
[2024-04-22 03:43:52,696][openpifpaf.predictor][INFO] - batch 0: no-file-name
[2024-04-22 03:44:06,854][openpifpaf.decoder.cifcaf][INFO] - annotations 1: [14]
[2024-04-22 03:44:06,854][openpifpaf.predictor][INFO] - batch 0: no-file-name
[2024-04-22 03:44:07,483][openpifpaf.decoder.cifcaf][INFO] - annotations 1: [13]
[2024-04-22 03:44:07,484][openpifpaf.predictor][INFO] - batch 0: no-file-name
[2024-04-22 03:44:21,479][openpifpaf.decoder.cifcaf][INFO] - annotations 1: [13]
[2024-04-22 03:44:21,480][openpifpaf.predictor][INFO] - batch 0: no-file-name
[2024-04-22 03:44:22,111][openpifpaf.decoder.cifcaf][INFO] - annotations 1: [14]
[2024-04-22 03:44:22,111][openpifpaf.predictor][INFO] - batch 0: no-file-name
[2024-04-22 03:44:35,549][openpifpaf.decoder.cifcaf][INFO] - annotations 1: [13]
[2024-04-22 03:44:35,550][openpifpaf.predictor][INFO] - batch 0: no-file-name
[2024-04-22 03:44:36,238][openpifpaf.decoder.cifcaf][INFO] - annotations 1: [14]
[2024-04-22 03:44:36,239][openpifpaf.predictor][INFO] - batch 0: no-file-name
[2024-04-22 03:44:50,157][openpifpaf.decoder.cifcaf][INFO] - annotations 1: [13]
[2024-04-22 03:44:50,157][openpifpaf.predictor][INFO] - batch 0: no-file-name
[2024-04-22 03:44:50,732][openpifpaf.decoder.cifcaf][INFO] - annotations 1: [13]
[2024-04-22 03:44:50,732][openpifpaf.predictor][INFO] - batch 0: no-file-name
[2024-04-22 03:45:04,753][openpifpaf.decoder.cifcaf][INFO] - annotations 1: [13]
[2024-04-22 03:45:04,753][openpifpaf.predictor][INFO] - batch 0: no-file-name
[2024-04-22 03:45:05,377][openpifpaf.decoder.cifcaf][INFO] - annotations 1: [13]
[2024-04-22 03:45:05,378][openpifpaf.predictor][INFO] - batch 0: no-file-name
[2024-04-22 03:45:19,325][openpifpaf.decoder.cifcaf][INFO] - annotations 1: [13]
[2024-04-22 03:45:19,325][openpifpaf.predictor][INFO] - batch 0: no-file-name
[2024-04-22 03:45:19,907][openpifpaf.decoder.cifcaf][INFO] - annotations 1: [13]
[2024-04-22 03:45:19,907][openpifpaf.predictor][INFO] - batch 0: no-file-name
[2024-04-22 03:45:34,440][openpifpaf.decoder.cifcaf][INFO] - annotations 1: [13]
[2024-04-22 03:45:34,440][openpifpaf.predictor][INFO] - batch 0: no-file-name
