[2024-04-22 06:25:35,821][root][INFO] - Successfully loaded settings:
==================================================
data:
  dataset_name: DPDataset
  data_root: data/frames/
  label_root: data/labels/
  keypoints_root: data/keypoints/
  venue_names:
  - 2023-01-17-livingroom
  - 2023-01-18-livingroom
  - 2023-01-19-livingroom
  - 2023-01-24-livingroom
  - 2023-01-25-livingroom
  - 2023-01-17-openoffice
  - 2023-01-18-openoffice
  - 2023-01-19-openoffice
  - 2023-01-24-openoffice
  - 2023-01-25-openoffice
model:
  tlength: 15
  featvec_joint: true
  hidden_size: 192
  attention_heads: 12
  num_layers: 6
  featvec_bb: false
  featvec_img: false
  omit_temporal_encoder: false
hardware:
  nworkers: 8
  gpus: 8
  bs: 32
task: train
incl_all: false
train_ratio: 0.7
split_method: time
overfit: false
ckpt: ./models/weight.ckpt
noanswer: false
movie: ./demo/JK_demo_1.mp4
lr: l
verbose: false
shrink_rate: 0.1
filter_joint: null
use_preprocessed: false
debug: false
hist_error: false
==================================================

[2024-04-22 06:25:35,821][root][WARNING] - Running DeePoint with CPU takes a long time.
[2024-04-22 06:25:36,042][openpifpaf.decoder.factory][INFO] - No specific decoder requested. Using the first one from:
  --decoder=cifcaf:0
  --decoder=posesimilarity:0
Use any of the above arguments to select one or multiple decoders and to suppress this message.
[2024-04-22 06:25:36,043][openpifpaf.predictor][INFO] - neural network device: cpu (CUDA available: False, count: 0)
[2024-04-22 06:25:36,522][openpifpaf.decoder.cifcaf][INFO] - annotations 1: [15]
[2024-04-22 06:25:36,522][openpifpaf.predictor][INFO] - batch 0: no-file-name
[2024-04-22 06:25:36,702][openpifpaf.decoder.cifcaf][INFO] - annotations 1: [15]
[2024-04-22 06:25:36,702][openpifpaf.predictor][INFO] - batch 0: no-file-name
[2024-04-22 06:25:36,884][openpifpaf.decoder.cifcaf][INFO] - annotations 1: [15]
[2024-04-22 06:25:36,885][openpifpaf.predictor][INFO] - batch 0: no-file-name
[2024-04-22 06:25:37,073][openpifpaf.decoder.cifcaf][INFO] - annotations 1: [15]
[2024-04-22 06:25:37,073][openpifpaf.predictor][INFO] - batch 0: no-file-name
[2024-04-22 06:25:37,256][openpifpaf.decoder.cifcaf][INFO] - annotations 1: [15]
[2024-04-22 06:25:37,256][openpifpaf.predictor][INFO] - batch 0: no-file-name
[2024-04-22 06:25:37,443][openpifpaf.decoder.cifcaf][INFO] - annotations 1: [15]
[2024-04-22 06:25:37,443][openpifpaf.predictor][INFO] - batch 0: no-file-name
[2024-04-22 06:25:37,629][openpifpaf.decoder.cifcaf][INFO] - annotations 1: [15]
[2024-04-22 06:25:37,629][openpifpaf.predictor][INFO] - batch 0: no-file-name
[2024-04-22 06:25:37,818][openpifpaf.decoder.cifcaf][INFO] - annotations 1: [15]
[2024-04-22 06:25:37,818][openpifpaf.predictor][INFO] - batch 0: no-file-name
[2024-04-22 06:25:38,006][openpifpaf.decoder.cifcaf][INFO] - annotations 1: [15]
[2024-04-22 06:25:38,006][openpifpaf.predictor][INFO] - batch 0: no-file-name
[2024-04-22 06:25:38,194][openpifpaf.decoder.cifcaf][INFO] - annotations 1: [15]
[2024-04-22 06:25:38,194][openpifpaf.predictor][INFO] - batch 0: no-file-name
[2024-04-22 06:25:38,371][openpifpaf.decoder.cifcaf][INFO] - annotations 1: [15]
[2024-04-22 06:25:38,371][openpifpaf.predictor][INFO] - batch 0: no-file-name
[2024-04-22 06:25:38,565][openpifpaf.decoder.cifcaf][INFO] - annotations 1: [15]
[2024-04-22 06:25:38,565][openpifpaf.predictor][INFO] - batch 0: no-file-name
[2024-04-22 06:25:38,755][openpifpaf.decoder.cifcaf][INFO] - annotations 1: [15]
[2024-04-22 06:25:38,756][openpifpaf.predictor][INFO] - batch 0: no-file-name
[2024-04-22 06:25:38,930][openpifpaf.decoder.cifcaf][INFO] - annotations 1: [15]
[2024-04-22 06:25:38,930][openpifpaf.predictor][INFO] - batch 0: no-file-name
[2024-04-22 06:25:39,123][openpifpaf.decoder.cifcaf][INFO] - annotations 1: [15]
[2024-04-22 06:25:39,123][openpifpaf.predictor][INFO] - batch 0: no-file-name
[2024-04-22 06:25:39,569][openpifpaf.decoder.cifcaf][INFO] - annotations 1: [15]
[2024-04-22 06:25:39,569][openpifpaf.predictor][INFO] - batch 0: no-file-name
[2024-04-22 06:25:52,102][openpifpaf.decoder.cifcaf][INFO] - annotations 1: [15]
[2024-04-22 06:25:52,102][openpifpaf.predictor][INFO] - batch 0: no-file-name
[2024-04-22 06:25:52,526][openpifpaf.decoder.cifcaf][INFO] - annotations 1: [15]
[2024-04-22 06:25:52,527][openpifpaf.predictor][INFO] - batch 0: no-file-name
