[2024-04-22 00:57:07,478][root][INFO] - Successfully loaded settings:
==================================================
data:
  dataset_name: DPDataset
  data_root: data/frames/
  label_root: data/labels/
  keypoints_root: data/keypoints/
  venue_names:
  - 2023-01-17-livingroom
  - 2023-01-18-livingroom
  - 2023-01-19-livingroom
  - 2023-01-24-livingroom
  - 2023-01-25-livingroom
  - 2023-01-17-openoffice
  - 2023-01-18-openoffice
  - 2023-01-19-openoffice
  - 2023-01-24-openoffice
  - 2023-01-25-openoffice
model:
  tlength: 15
  featvec_joint: true
  hidden_size: 192
  attention_heads: 12
  num_layers: 6
  featvec_bb: false
  featvec_img: false
  omit_temporal_encoder: false
hardware:
  nworkers: 8
  gpus: 8
  bs: 32
task: train
incl_all: false
train_ratio: 0.7
split_method: time
overfit: false
ckpt: ./models/weight.ckpt
noanswer: false
movie: ./demo/example.mp4
lr: l
verbose: false
shrink_rate: 0.1
filter_joint: null
use_preprocessed: false
debug: false
hist_error: false
==================================================

[2024-04-22 00:57:07,479][root][WARNING] - Running DeePoint with CPU takes a long time.
[2024-04-22 00:57:07,725][openpifpaf.decoder.factory][INFO] - No specific decoder requested. Using the first one from:
  --decoder=cifcaf:0
  --decoder=posesimilarity:0
Use any of the above arguments to select one or multiple decoders and to suppress this message.
[2024-04-22 00:57:07,726][openpifpaf.predictor][INFO] - neural network device: cpu (CUDA available: False, count: 0)
[2024-04-22 00:57:08,208][openpifpaf.decoder.cifcaf][INFO] - annotations 1: [14]
[2024-04-22 00:57:08,208][openpifpaf.predictor][INFO] - batch 0: no-file-name
[2024-04-22 00:57:08,390][openpifpaf.decoder.cifcaf][INFO] - annotations 1: [13]
[2024-04-22 00:57:08,390][openpifpaf.predictor][INFO] - batch 0: no-file-name
[2024-04-22 00:57:08,576][openpifpaf.decoder.cifcaf][INFO] - annotations 1: [14]
[2024-04-22 00:57:08,576][openpifpaf.predictor][INFO] - batch 0: no-file-name
[2024-04-22 00:57:08,761][openpifpaf.decoder.cifcaf][INFO] - annotations 1: [14]
[2024-04-22 00:57:08,761][openpifpaf.predictor][INFO] - batch 0: no-file-name
[2024-04-22 00:57:08,947][openpifpaf.decoder.cifcaf][INFO] - annotations 1: [14]
[2024-04-22 00:57:08,947][openpifpaf.predictor][INFO] - batch 0: no-file-name
[2024-04-22 00:57:09,134][openpifpaf.decoder.cifcaf][INFO] - annotations 1: [13]
[2024-04-22 00:57:09,134][openpifpaf.predictor][INFO] - batch 0: no-file-name
[2024-04-22 00:57:09,322][openpifpaf.decoder.cifcaf][INFO] - annotations 1: [13]
[2024-04-22 00:57:09,322][openpifpaf.predictor][INFO] - batch 0: no-file-name
[2024-04-22 00:57:09,512][openpifpaf.decoder.cifcaf][INFO] - annotations 1: [14]
[2024-04-22 00:57:09,512][openpifpaf.predictor][INFO] - batch 0: no-file-name
[2024-04-22 00:57:09,698][openpifpaf.decoder.cifcaf][INFO] - annotations 1: [14]
[2024-04-22 00:57:09,698][openpifpaf.predictor][INFO] - batch 0: no-file-name
[2024-04-22 00:57:09,885][openpifpaf.decoder.cifcaf][INFO] - annotations 1: [14]
[2024-04-22 00:57:09,885][openpifpaf.predictor][INFO] - batch 0: no-file-name
[2024-04-22 00:57:10,073][openpifpaf.decoder.cifcaf][INFO] - annotations 1: [14]
[2024-04-22 00:57:10,073][openpifpaf.predictor][INFO] - batch 0: no-file-name
[2024-04-22 00:57:10,265][openpifpaf.decoder.cifcaf][INFO] - annotations 1: [14]
[2024-04-22 00:57:10,265][openpifpaf.predictor][INFO] - batch 0: no-file-name
[2024-04-22 00:57:10,461][openpifpaf.decoder.cifcaf][INFO] - annotations 1: [14]
[2024-04-22 00:57:10,461][openpifpaf.predictor][INFO] - batch 0: no-file-name
[2024-04-22 00:57:10,652][openpifpaf.decoder.cifcaf][INFO] - annotations 1: [14]
[2024-04-22 00:57:10,652][openpifpaf.predictor][INFO] - batch 0: no-file-name
[2024-04-22 00:57:10,846][openpifpaf.decoder.cifcaf][INFO] - annotations 1: [13]
[2024-04-22 00:57:10,846][openpifpaf.predictor][INFO] - batch 0: no-file-name
[2024-04-22 00:57:11,346][openpifpaf.decoder.cifcaf][INFO] - annotations 1: [13]
[2024-04-22 00:57:11,347][openpifpaf.predictor][INFO] - batch 0: no-file-name
[2024-04-22 00:57:28,585][openpifpaf.decoder.cifcaf][INFO] - annotations 1: [13]
[2024-04-22 00:57:28,585][openpifpaf.predictor][INFO] - batch 0: no-file-name
[2024-04-22 00:57:29,021][openpifpaf.decoder.cifcaf][INFO] - annotations 1: [14]
[2024-04-22 00:57:29,021][openpifpaf.predictor][INFO] - batch 0: no-file-name
