[2024-04-24 08:00:25,235][root][INFO] - Successfully loaded settings:
==================================================
data:
  dataset_name: DPDataset
  data_root: data/frames/
  label_root: data/labels/
  keypoints_root: data/keypoints/
  venue_names:
  - 2023-01-17-livingroom
  - 2023-01-18-livingroom
  - 2023-01-19-livingroom
  - 2023-01-24-livingroom
  - 2023-01-25-livingroom
  - 2023-01-17-openoffice
  - 2023-01-18-openoffice
  - 2023-01-19-openoffice
  - 2023-01-24-openoffice
  - 2023-01-25-openoffice
model:
  tlength: 15
  featvec_joint: true
  hidden_size: 192
  attention_heads: 12
  num_layers: 6
  featvec_bb: false
  featvec_img: false
  omit_temporal_encoder: false
hardware:
  nworkers: 8
  gpus: 8
  bs: 32
task: train
incl_all: false
train_ratio: 0.7
split_method: time
overfit: false
ckpt: ./models/weight.ckpt
noanswer: false
movie: ./demo/demo_1.mp4
lr: r
verbose: false
shrink_rate: 0.1
filter_joint: null
use_preprocessed: false
debug: false
hist_error: false
==================================================

[2024-04-24 08:00:25,235][root][WARNING] - Running DeePoint with CPU takes a long time.
[2024-04-24 08:00:25,533][openpifpaf.decoder.factory][INFO] - No specific decoder requested. Using the first one from:
  --decoder=cifcaf:0
  --decoder=posesimilarity:0
Use any of the above arguments to select one or multiple decoders and to suppress this message.
[2024-04-24 08:00:25,534][openpifpaf.predictor][INFO] - neural network device: cpu (CUDA available: False, count: 0)
[2024-04-24 08:00:26,478][openpifpaf.decoder.cifcaf][INFO] - annotations 1: [11]
[2024-04-24 08:00:26,479][openpifpaf.predictor][INFO] - batch 0: no-file-name
[2024-04-24 08:00:26,732][openpifpaf.decoder.cifcaf][INFO] - annotations 1: [11]
[2024-04-24 08:00:26,732][openpifpaf.predictor][INFO] - batch 0: no-file-name
[2024-04-24 08:00:26,947][openpifpaf.decoder.cifcaf][INFO] - annotations 1: [11]
[2024-04-24 08:00:26,947][openpifpaf.predictor][INFO] - batch 0: no-file-name
[2024-04-24 08:00:27,177][openpifpaf.decoder.cifcaf][INFO] - annotations 1: [11]
[2024-04-24 08:00:27,177][openpifpaf.predictor][INFO] - batch 0: no-file-name
[2024-04-24 08:00:27,396][openpifpaf.decoder.cifcaf][INFO] - annotations 1: [11]
[2024-04-24 08:00:27,396][openpifpaf.predictor][INFO] - batch 0: no-file-name
[2024-04-24 08:00:27,613][openpifpaf.decoder.cifcaf][INFO] - annotations 1: [11]
[2024-04-24 08:00:27,613][openpifpaf.predictor][INFO] - batch 0: no-file-name
[2024-04-24 08:00:27,856][openpifpaf.decoder.cifcaf][INFO] - annotations 1: [11]
[2024-04-24 08:00:27,856][openpifpaf.predictor][INFO] - batch 0: no-file-name
[2024-04-24 08:00:28,082][openpifpaf.decoder.cifcaf][INFO] - annotations 1: [11]
[2024-04-24 08:00:28,082][openpifpaf.predictor][INFO] - batch 0: no-file-name
[2024-04-24 08:00:28,347][openpifpaf.decoder.cifcaf][INFO] - annotations 1: [11]
[2024-04-24 08:00:28,347][openpifpaf.predictor][INFO] - batch 0: no-file-name
[2024-04-24 08:00:28,583][openpifpaf.decoder.cifcaf][INFO] - annotations 1: [11]
[2024-04-24 08:00:28,583][openpifpaf.predictor][INFO] - batch 0: no-file-name
[2024-04-24 08:00:28,858][openpifpaf.decoder.cifcaf][INFO] - annotations 1: [11]
[2024-04-24 08:00:28,858][openpifpaf.predictor][INFO] - batch 0: no-file-name
[2024-04-24 08:00:29,100][openpifpaf.decoder.cifcaf][INFO] - annotations 1: [11]
[2024-04-24 08:00:29,101][openpifpaf.predictor][INFO] - batch 0: no-file-name
[2024-04-24 08:00:29,322][openpifpaf.decoder.cifcaf][INFO] - annotations 1: [11]
[2024-04-24 08:00:29,322][openpifpaf.predictor][INFO] - batch 0: no-file-name
[2024-04-24 08:00:29,571][openpifpaf.decoder.cifcaf][INFO] - annotations 1: [11]
[2024-04-24 08:00:29,571][openpifpaf.predictor][INFO] - batch 0: no-file-name
[2024-04-24 08:00:29,800][openpifpaf.decoder.cifcaf][INFO] - annotations 1: [11]
[2024-04-24 08:00:29,800][openpifpaf.predictor][INFO] - batch 0: no-file-name
[2024-04-24 08:00:30,407][openpifpaf.decoder.cifcaf][INFO] - annotations 1: [11]
[2024-04-24 08:00:30,408][openpifpaf.predictor][INFO] - batch 0: no-file-name
[2024-04-24 08:00:45,958][openpifpaf.decoder.cifcaf][INFO] - annotations 1: [11]
[2024-04-24 08:00:45,960][openpifpaf.predictor][INFO] - batch 0: no-file-name
[2024-04-24 08:00:46,584][openpifpaf.decoder.cifcaf][INFO] - annotations 1: [11]
[2024-04-24 08:00:46,584][openpifpaf.predictor][INFO] - batch 0: no-file-name
