[2024-04-22 06:38:23,479][root][INFO] - Successfully loaded settings:
==================================================
data:
  dataset_name: DPDataset
  data_root: data/frames/
  label_root: data/labels/
  keypoints_root: data/keypoints/
  venue_names:
  - 2023-01-17-livingroom
  - 2023-01-18-livingroom
  - 2023-01-19-livingroom
  - 2023-01-24-livingroom
  - 2023-01-25-livingroom
  - 2023-01-17-openoffice
  - 2023-01-18-openoffice
  - 2023-01-19-openoffice
  - 2023-01-24-openoffice
  - 2023-01-25-openoffice
model:
  tlength: 15
  featvec_joint: true
  hidden_size: 192
  attention_heads: 12
  num_layers: 6
  featvec_bb: false
  featvec_img: false
  omit_temporal_encoder: false
hardware:
  nworkers: 8
  gpus: 8
  bs: 32
task: train
incl_all: false
train_ratio: 0.7
split_method: time
overfit: false
ckpt: ./models/weight.ckpt
noanswer: false
movie: ./demo/JK_demo_1.mp4
lr: r
verbose: false
shrink_rate: 0.1
filter_joint: null
use_preprocessed: false
debug: false
hist_error: false
==================================================

[2024-04-22 06:38:23,479][root][WARNING] - Running DeePoint with CPU takes a long time.
[2024-04-22 06:38:23,700][openpifpaf.decoder.factory][INFO] - No specific decoder requested. Using the first one from:
  --decoder=cifcaf:0
  --decoder=posesimilarity:0
Use any of the above arguments to select one or multiple decoders and to suppress this message.
[2024-04-22 06:38:23,700][openpifpaf.predictor][INFO] - neural network device: cpu (CUDA available: False, count: 0)
[2024-04-22 06:38:24,195][openpifpaf.decoder.cifcaf][INFO] - annotations 1: [15]
[2024-04-22 06:38:24,195][openpifpaf.predictor][INFO] - batch 0: no-file-name
[2024-04-22 06:38:24,373][openpifpaf.decoder.cifcaf][INFO] - annotations 1: [15]
[2024-04-22 06:38:24,373][openpifpaf.predictor][INFO] - batch 0: no-file-name
[2024-04-22 06:38:24,551][openpifpaf.decoder.cifcaf][INFO] - annotations 1: [15]
[2024-04-22 06:38:24,551][openpifpaf.predictor][INFO] - batch 0: no-file-name
[2024-04-22 06:38:24,729][openpifpaf.decoder.cifcaf][INFO] - annotations 1: [15]
[2024-04-22 06:38:24,730][openpifpaf.predictor][INFO] - batch 0: no-file-name
[2024-04-22 06:38:24,908][openpifpaf.decoder.cifcaf][INFO] - annotations 1: [15]
[2024-04-22 06:38:24,908][openpifpaf.predictor][INFO] - batch 0: no-file-name
[2024-04-22 06:38:25,087][openpifpaf.decoder.cifcaf][INFO] - annotations 1: [15]
[2024-04-22 06:38:25,088][openpifpaf.predictor][INFO] - batch 0: no-file-name
[2024-04-22 06:38:25,265][openpifpaf.decoder.cifcaf][INFO] - annotations 1: [15]
[2024-04-22 06:38:25,265][openpifpaf.predictor][INFO] - batch 0: no-file-name
[2024-04-22 06:38:25,449][openpifpaf.decoder.cifcaf][INFO] - annotations 1: [15]
[2024-04-22 06:38:25,450][openpifpaf.predictor][INFO] - batch 0: no-file-name
[2024-04-22 06:38:25,630][openpifpaf.decoder.cifcaf][INFO] - annotations 1: [15]
[2024-04-22 06:38:25,630][openpifpaf.predictor][INFO] - batch 0: no-file-name
[2024-04-22 06:38:25,812][openpifpaf.decoder.cifcaf][INFO] - annotations 1: [15]
[2024-04-22 06:38:25,813][openpifpaf.predictor][INFO] - batch 0: no-file-name
[2024-04-22 06:38:26,002][openpifpaf.decoder.cifcaf][INFO] - annotations 1: [15]
[2024-04-22 06:38:26,002][openpifpaf.predictor][INFO] - batch 0: no-file-name
[2024-04-22 06:38:26,191][openpifpaf.decoder.cifcaf][INFO] - annotations 1: [15]
[2024-04-22 06:38:26,191][openpifpaf.predictor][INFO] - batch 0: no-file-name
[2024-04-22 06:38:26,377][openpifpaf.decoder.cifcaf][INFO] - annotations 1: [15]
[2024-04-22 06:38:26,377][openpifpaf.predictor][INFO] - batch 0: no-file-name
[2024-04-22 06:38:26,565][openpifpaf.decoder.cifcaf][INFO] - annotations 1: [15]
[2024-04-22 06:38:26,565][openpifpaf.predictor][INFO] - batch 0: no-file-name
[2024-04-22 06:38:26,738][openpifpaf.decoder.cifcaf][INFO] - annotations 1: [15]
[2024-04-22 06:38:26,738][openpifpaf.predictor][INFO] - batch 0: no-file-name
[2024-04-22 06:38:27,179][openpifpaf.decoder.cifcaf][INFO] - annotations 1: [15]
[2024-04-22 06:38:27,180][openpifpaf.predictor][INFO] - batch 0: no-file-name
