[2024-04-21 00:59:38,033][root][INFO] - Successfully loaded settings:
==================================================
data:
  dataset_name: DPDataset
  data_root: data/frames/
  label_root: data/labels/
  keypoints_root: data/keypoints/
  venue_names:
  - 2023-01-17-livingroom
  - 2023-01-18-livingroom
  - 2023-01-19-livingroom
  - 2023-01-24-livingroom
  - 2023-01-25-livingroom
  - 2023-01-17-openoffice
  - 2023-01-18-openoffice
  - 2023-01-19-openoffice
  - 2023-01-24-openoffice
  - 2023-01-25-openoffice
model:
  tlength: 15
  featvec_joint: true
  hidden_size: 192
  attention_heads: 12
  num_layers: 6
  featvec_bb: false
  featvec_img: false
  omit_temporal_encoder: false
hardware:
  nworkers: 8
  gpus: 8
  bs: 32
task: train
incl_all: false
train_ratio: 0.7
split_method: time
overfit: false
ckpt: ./models/weight.ckpt
noanswer: false
movie: ./demo/JK_demo_1.mp4
lr: r
verbose: false
shrink_rate: 0.1
filter_joint: null
use_preprocessed: false
debug: false
hist_error: false
==================================================

[2024-04-21 00:59:38,033][root][WARNING] - Running DeePoint with CPU takes a long time.
[2024-04-21 00:59:38,277][openpifpaf.decoder.factory][INFO] - No specific decoder requested. Using the first one from:
  --decoder=cifcaf:0
  --decoder=posesimilarity:0
Use any of the above arguments to select one or multiple decoders and to suppress this message.
[2024-04-21 00:59:38,278][openpifpaf.predictor][INFO] - neural network device: cpu (CUDA available: False, count: 0)
[2024-04-21 00:59:38,823][openpifpaf.decoder.cifcaf][INFO] - annotations 1: [15]
[2024-04-21 00:59:38,823][openpifpaf.predictor][INFO] - batch 0: no-file-name
[2024-04-21 00:59:39,010][openpifpaf.decoder.cifcaf][INFO] - annotations 1: [15]
[2024-04-21 00:59:39,010][openpifpaf.predictor][INFO] - batch 0: no-file-name
[2024-04-21 00:59:39,197][openpifpaf.decoder.cifcaf][INFO] - annotations 1: [15]
[2024-04-21 00:59:39,197][openpifpaf.predictor][INFO] - batch 0: no-file-name
[2024-04-21 00:59:39,370][openpifpaf.decoder.cifcaf][INFO] - annotations 1: [15]
[2024-04-21 00:59:39,371][openpifpaf.predictor][INFO] - batch 0: no-file-name
[2024-04-21 00:59:39,558][openpifpaf.decoder.cifcaf][INFO] - annotations 1: [15]
[2024-04-21 00:59:39,558][openpifpaf.predictor][INFO] - batch 0: no-file-name
[2024-04-21 00:59:39,744][openpifpaf.decoder.cifcaf][INFO] - annotations 1: [15]
[2024-04-21 00:59:39,744][openpifpaf.predictor][INFO] - batch 0: no-file-name
[2024-04-21 00:59:39,917][openpifpaf.decoder.cifcaf][INFO] - annotations 1: [15]
[2024-04-21 00:59:39,917][openpifpaf.predictor][INFO] - batch 0: no-file-name
[2024-04-21 00:59:40,096][openpifpaf.decoder.cifcaf][INFO] - annotations 1: [15]
[2024-04-21 00:59:40,096][openpifpaf.predictor][INFO] - batch 0: no-file-name
[2024-04-21 00:59:40,269][openpifpaf.decoder.cifcaf][INFO] - annotations 1: [15]
[2024-04-21 00:59:40,269][openpifpaf.predictor][INFO] - batch 0: no-file-name
[2024-04-21 00:59:40,464][openpifpaf.decoder.cifcaf][INFO] - annotations 1: [15]
[2024-04-21 00:59:40,465][openpifpaf.predictor][INFO] - batch 0: no-file-name
[2024-04-21 00:59:40,652][openpifpaf.decoder.cifcaf][INFO] - annotations 1: [15]
[2024-04-21 00:59:40,653][openpifpaf.predictor][INFO] - batch 0: no-file-name
[2024-04-21 00:59:40,836][openpifpaf.decoder.cifcaf][INFO] - annotations 1: [15]
[2024-04-21 00:59:40,837][openpifpaf.predictor][INFO] - batch 0: no-file-name
[2024-04-21 00:59:41,032][openpifpaf.decoder.cifcaf][INFO] - annotations 1: [15]
[2024-04-21 00:59:41,032][openpifpaf.predictor][INFO] - batch 0: no-file-name
[2024-04-21 00:59:41,230][openpifpaf.decoder.cifcaf][INFO] - annotations 1: [15]
[2024-04-21 00:59:41,230][openpifpaf.predictor][INFO] - batch 0: no-file-name
[2024-04-21 00:59:41,426][openpifpaf.decoder.cifcaf][INFO] - annotations 1: [15]
[2024-04-21 00:59:41,426][openpifpaf.predictor][INFO] - batch 0: no-file-name
[2024-04-21 00:59:41,850][openpifpaf.decoder.cifcaf][INFO] - annotations 1: [15]
[2024-04-21 00:59:41,851][openpifpaf.predictor][INFO] - batch 0: no-file-name
[2024-04-21 00:59:48,932][openpifpaf.decoder.cifcaf][INFO] - annotations 1: [15]
[2024-04-21 00:59:48,932][openpifpaf.predictor][INFO] - batch 0: no-file-name
[2024-04-21 00:59:49,379][openpifpaf.decoder.cifcaf][INFO] - annotations 1: [15]
[2024-04-21 00:59:49,379][openpifpaf.predictor][INFO] - batch 0: no-file-name
