[2024-04-20 00:38:16,636][root][INFO] - Successfully loaded settings:
==================================================
data:
  dataset_name: DPDataset
  data_root: data/frames/
  label_root: data/labels/
  keypoints_root: data/keypoints/
  venue_names:
  - 2023-01-17-livingroom
  - 2023-01-18-livingroom
  - 2023-01-19-livingroom
  - 2023-01-24-livingroom
  - 2023-01-25-livingroom
  - 2023-01-17-openoffice
  - 2023-01-18-openoffice
  - 2023-01-19-openoffice
  - 2023-01-24-openoffice
  - 2023-01-25-openoffice
model:
  tlength: 15
  featvec_joint: true
  hidden_size: 192
  attention_heads: 12
  num_layers: 6
  featvec_bb: false
  featvec_img: false
  omit_temporal_encoder: false
hardware:
  nworkers: 8
  gpus: 8
  bs: 32
task: train
incl_all: false
train_ratio: 0.7
split_method: time
overfit: false
ckpt: ./models/weight.ckpt
noanswer: false
movie: ./demo/example.mp4
lr: l
verbose: false
shrink_rate: 0.1
filter_joint: null
use_preprocessed: false
debug: false
hist_error: false
==================================================

[2024-04-20 00:38:16,636][root][WARNING] - Running DeePoint with CPU takes a long time.
[2024-04-20 00:38:16,927][openpifpaf.decoder.factory][INFO] - No specific decoder requested. Using the first one from:
  --decoder=cifcaf:0
  --decoder=posesimilarity:0
Use any of the above arguments to select one or multiple decoders and to suppress this message.
[2024-04-20 00:38:16,928][openpifpaf.predictor][INFO] - neural network device: cpu (CUDA available: False, count: 0)
[2024-04-20 00:38:20,926][openpifpaf.decoder.cifcaf][INFO] - annotations 1: [12]
[2024-04-20 00:38:20,926][openpifpaf.predictor][INFO] - batch 0: no-file-name
[2024-04-20 00:38:23,740][openpifpaf.decoder.cifcaf][INFO] - annotations 1: [12]
[2024-04-20 00:38:23,740][openpifpaf.predictor][INFO] - batch 0: no-file-name
[2024-04-20 00:38:26,490][openpifpaf.decoder.cifcaf][INFO] - annotations 1: [12]
[2024-04-20 00:38:26,490][openpifpaf.predictor][INFO] - batch 0: no-file-name
[2024-04-20 00:38:29,285][openpifpaf.decoder.cifcaf][INFO] - annotations 1: [10]
[2024-04-20 00:38:29,285][openpifpaf.predictor][INFO] - batch 0: no-file-name
[2024-04-20 00:38:32,145][openpifpaf.decoder.cifcaf][INFO] - annotations 1: [11]
[2024-04-20 00:38:32,146][openpifpaf.predictor][INFO] - batch 0: no-file-name
[2024-04-20 00:38:34,897][openpifpaf.decoder.cifcaf][INFO] - annotations 1: [11]
[2024-04-20 00:38:34,897][openpifpaf.predictor][INFO] - batch 0: no-file-name
[2024-04-20 00:38:37,735][openpifpaf.decoder.cifcaf][INFO] - annotations 1: [10]
[2024-04-20 00:38:37,735][openpifpaf.predictor][INFO] - batch 0: no-file-name
[2024-04-20 00:38:40,560][openpifpaf.decoder.cifcaf][INFO] - annotations 1: [10]
[2024-04-20 00:38:40,561][openpifpaf.predictor][INFO] - batch 0: no-file-name
[2024-04-20 00:38:43,315][openpifpaf.decoder.cifcaf][INFO] - annotations 1: [11]
[2024-04-20 00:38:43,315][openpifpaf.predictor][INFO] - batch 0: no-file-name
[2024-04-20 00:38:46,166][openpifpaf.decoder.cifcaf][INFO] - annotations 1: [11]
[2024-04-20 00:38:46,166][openpifpaf.predictor][INFO] - batch 0: no-file-name
[2024-04-20 00:38:49,114][openpifpaf.decoder.cifcaf][INFO] - annotations 1: [11]
[2024-04-20 00:38:49,114][openpifpaf.predictor][INFO] - batch 0: no-file-name
[2024-04-20 00:38:51,954][openpifpaf.decoder.cifcaf][INFO] - annotations 1: [11]
[2024-04-20 00:38:51,955][openpifpaf.predictor][INFO] - batch 0: no-file-name
[2024-04-20 00:38:54,801][openpifpaf.decoder.cifcaf][INFO] - annotations 1: [11]
[2024-04-20 00:38:54,801][openpifpaf.predictor][INFO] - batch 0: no-file-name
[2024-04-20 00:38:57,658][openpifpaf.decoder.cifcaf][INFO] - annotations 1: [11]
[2024-04-20 00:38:57,658][openpifpaf.predictor][INFO] - batch 0: no-file-name
[2024-04-20 00:39:00,478][openpifpaf.decoder.cifcaf][INFO] - annotations 1: [11]
[2024-04-20 00:39:00,478][openpifpaf.predictor][INFO] - batch 0: no-file-name
[2024-04-20 00:39:06,543][openpifpaf.decoder.cifcaf][INFO] - annotations 1: [10]
[2024-04-20 00:39:06,543][openpifpaf.predictor][INFO] - batch 0: no-file-name
