[2024-04-22 01:46:30,706][root][INFO] - Successfully loaded settings:
==================================================
data:
  dataset_name: DPDataset
  data_root: data/frames/
  label_root: data/labels/
  keypoints_root: data/keypoints/
  venue_names:
  - 2023-01-17-livingroom
  - 2023-01-18-livingroom
  - 2023-01-19-livingroom
  - 2023-01-24-livingroom
  - 2023-01-25-livingroom
  - 2023-01-17-openoffice
  - 2023-01-18-openoffice
  - 2023-01-19-openoffice
  - 2023-01-24-openoffice
  - 2023-01-25-openoffice
model:
  tlength: 15
  featvec_joint: true
  hidden_size: 192
  attention_heads: 12
  num_layers: 6
  featvec_bb: false
  featvec_img: false
  omit_temporal_encoder: false
hardware:
  nworkers: 8
  gpus: 8
  bs: 32
task: train
incl_all: false
train_ratio: 0.7
split_method: time
overfit: false
ckpt: ./models/weight.ckpt
noanswer: false
movie: ./demo/demo_1.mp4
lr: l
verbose: false
shrink_rate: 0.1
filter_joint: null
use_preprocessed: false
debug: false
hist_error: false
==================================================

[2024-04-22 01:46:30,707][root][WARNING] - Running DeePoint with CPU takes a long time.
[2024-04-22 01:46:30,912][openpifpaf.decoder.factory][INFO] - No specific decoder requested. Using the first one from:
  --decoder=cifcaf:0
  --decoder=posesimilarity:0
Use any of the above arguments to select one or multiple decoders and to suppress this message.
[2024-04-22 01:46:30,913][openpifpaf.predictor][INFO] - neural network device: cpu (CUDA available: False, count: 0)
[2024-04-22 01:46:31,322][openpifpaf.decoder.cifcaf][INFO] - annotations 1: [11]
[2024-04-22 01:46:31,322][openpifpaf.predictor][INFO] - batch 0: no-file-name
[2024-04-22 01:46:31,457][openpifpaf.decoder.cifcaf][INFO] - annotations 1: [11]
[2024-04-22 01:46:31,457][openpifpaf.predictor][INFO] - batch 0: no-file-name
[2024-04-22 01:46:31,593][openpifpaf.decoder.cifcaf][INFO] - annotations 1: [11]
[2024-04-22 01:46:31,594][openpifpaf.predictor][INFO] - batch 0: no-file-name
[2024-04-22 01:46:31,717][openpifpaf.decoder.cifcaf][INFO] - annotations 1: [11]
[2024-04-22 01:46:31,717][openpifpaf.predictor][INFO] - batch 0: no-file-name
[2024-04-22 01:46:31,860][openpifpaf.decoder.cifcaf][INFO] - annotations 1: [11]
[2024-04-22 01:46:31,860][openpifpaf.predictor][INFO] - batch 0: no-file-name
[2024-04-22 01:46:31,983][openpifpaf.decoder.cifcaf][INFO] - annotations 1: [11]
[2024-04-22 01:46:31,983][openpifpaf.predictor][INFO] - batch 0: no-file-name
[2024-04-22 01:46:32,116][openpifpaf.decoder.cifcaf][INFO] - annotations 1: [11]
[2024-04-22 01:46:32,116][openpifpaf.predictor][INFO] - batch 0: no-file-name
[2024-04-22 01:46:32,249][openpifpaf.decoder.cifcaf][INFO] - annotations 1: [11]
[2024-04-22 01:46:32,249][openpifpaf.predictor][INFO] - batch 0: no-file-name
[2024-04-22 01:46:32,378][openpifpaf.decoder.cifcaf][INFO] - annotations 1: [11]
[2024-04-22 01:46:32,378][openpifpaf.predictor][INFO] - batch 0: no-file-name
[2024-04-22 01:46:32,507][openpifpaf.decoder.cifcaf][INFO] - annotations 1: [11]
[2024-04-22 01:46:32,507][openpifpaf.predictor][INFO] - batch 0: no-file-name
[2024-04-22 01:46:32,648][openpifpaf.decoder.cifcaf][INFO] - annotations 1: [11]
[2024-04-22 01:46:32,649][openpifpaf.predictor][INFO] - batch 0: no-file-name
[2024-04-22 01:46:32,776][openpifpaf.decoder.cifcaf][INFO] - annotations 1: [11]
[2024-04-22 01:46:32,776][openpifpaf.predictor][INFO] - batch 0: no-file-name
[2024-04-22 01:46:32,924][openpifpaf.decoder.cifcaf][INFO] - annotations 1: [11]
[2024-04-22 01:46:32,924][openpifpaf.predictor][INFO] - batch 0: no-file-name
[2024-04-22 01:46:33,065][openpifpaf.decoder.cifcaf][INFO] - annotations 1: [11]
[2024-04-22 01:46:33,065][openpifpaf.predictor][INFO] - batch 0: no-file-name
[2024-04-22 01:46:33,207][openpifpaf.decoder.cifcaf][INFO] - annotations 1: [11]
[2024-04-22 01:46:33,207][openpifpaf.predictor][INFO] - batch 0: no-file-name
[2024-04-22 01:46:33,622][openpifpaf.decoder.cifcaf][INFO] - annotations 1: [11]
[2024-04-22 01:46:33,622][openpifpaf.predictor][INFO] - batch 0: no-file-name
[2024-04-22 01:46:48,143][openpifpaf.decoder.cifcaf][INFO] - annotations 1: [11]
[2024-04-22 01:46:48,143][openpifpaf.predictor][INFO] - batch 0: no-file-name
[2024-04-22 01:46:48,579][openpifpaf.decoder.cifcaf][INFO] - annotations 1: [11]
[2024-04-22 01:46:48,579][openpifpaf.predictor][INFO] - batch 0: no-file-name
[2024-04-22 01:47:04,885][openpifpaf.decoder.cifcaf][INFO] - annotations 1: [11]
[2024-04-22 01:47:04,886][openpifpaf.predictor][INFO] - batch 0: no-file-name
[2024-04-22 01:47:05,392][openpifpaf.decoder.cifcaf][INFO] - annotations 1: [11]
[2024-04-22 01:47:05,392][openpifpaf.predictor][INFO] - batch 0: no-file-name
[2024-04-22 01:47:23,601][openpifpaf.decoder.cifcaf][INFO] - annotations 1: [11]
[2024-04-22 01:47:23,601][openpifpaf.predictor][INFO] - batch 0: no-file-name
[2024-04-22 01:47:24,035][openpifpaf.decoder.cifcaf][INFO] - annotations 1: [11]
[2024-04-22 01:47:24,035][openpifpaf.predictor][INFO] - batch 0: no-file-name
[2024-04-22 01:47:42,152][openpifpaf.decoder.cifcaf][INFO] - annotations 1: [11]
[2024-04-22 01:47:42,152][openpifpaf.predictor][INFO] - batch 0: no-file-name
[2024-04-22 01:47:42,665][openpifpaf.decoder.cifcaf][INFO] - annotations 1: [11]
[2024-04-22 01:47:42,665][openpifpaf.predictor][INFO] - batch 0: no-file-name
[2024-04-22 01:48:00,138][openpifpaf.decoder.cifcaf][INFO] - annotations 1: [11]
[2024-04-22 01:48:00,138][openpifpaf.predictor][INFO] - batch 0: no-file-name
[2024-04-22 01:48:00,580][openpifpaf.decoder.cifcaf][INFO] - annotations 1: [11]
[2024-04-22 01:48:00,580][openpifpaf.predictor][INFO] - batch 0: no-file-name
[2024-04-22 01:48:20,356][openpifpaf.decoder.cifcaf][INFO] - annotations 1: [11]
[2024-04-22 01:48:20,356][openpifpaf.predictor][INFO] - batch 0: no-file-name
[2024-04-22 01:48:20,870][openpifpaf.decoder.cifcaf][INFO] - annotations 1: [11]
[2024-04-22 01:48:20,871][openpifpaf.predictor][INFO] - batch 0: no-file-name
