[2024-04-22 01:13:48,801][root][INFO] - Successfully loaded settings:
==================================================
data:
  dataset_name: DPDataset
  data_root: data/frames/
  label_root: data/labels/
  keypoints_root: data/keypoints/
  venue_names:
  - 2023-01-17-livingroom
  - 2023-01-18-livingroom
  - 2023-01-19-livingroom
  - 2023-01-24-livingroom
  - 2023-01-25-livingroom
  - 2023-01-17-openoffice
  - 2023-01-18-openoffice
  - 2023-01-19-openoffice
  - 2023-01-24-openoffice
  - 2023-01-25-openoffice
model:
  tlength: 15
  featvec_joint: true
  hidden_size: 192
  attention_heads: 12
  num_layers: 6
  featvec_bb: false
  featvec_img: false
  omit_temporal_encoder: false
hardware:
  nworkers: 8
  gpus: 8
  bs: 32
task: train
incl_all: false
train_ratio: 0.7
split_method: time
overfit: false
ckpt: ./models/weight.ckpt
noanswer: false
movie: ./demo/JK_demo_1.mp4
lr: r
verbose: false
shrink_rate: 0.1
filter_joint: null
use_preprocessed: false
debug: false
hist_error: false
==================================================

[2024-04-22 01:13:48,802][root][WARNING] - Running DeePoint with CPU takes a long time.
[2024-04-22 01:13:49,025][openpifpaf.decoder.factory][INFO] - No specific decoder requested. Using the first one from:
  --decoder=cifcaf:0
  --decoder=posesimilarity:0
Use any of the above arguments to select one or multiple decoders and to suppress this message.
[2024-04-22 01:13:49,026][openpifpaf.predictor][INFO] - neural network device: cpu (CUDA available: False, count: 0)
[2024-04-22 01:13:49,531][openpifpaf.decoder.cifcaf][INFO] - annotations 1: [15]
[2024-04-22 01:13:49,532][openpifpaf.predictor][INFO] - batch 0: no-file-name
[2024-04-22 01:13:49,722][openpifpaf.decoder.cifcaf][INFO] - annotations 1: [15]
[2024-04-22 01:13:49,722][openpifpaf.predictor][INFO] - batch 0: no-file-name
[2024-04-22 01:13:49,910][openpifpaf.decoder.cifcaf][INFO] - annotations 1: [15]
[2024-04-22 01:13:49,910][openpifpaf.predictor][INFO] - batch 0: no-file-name
[2024-04-22 01:13:50,104][openpifpaf.decoder.cifcaf][INFO] - annotations 1: [15]
[2024-04-22 01:13:50,104][openpifpaf.predictor][INFO] - batch 0: no-file-name
[2024-04-22 01:13:50,296][openpifpaf.decoder.cifcaf][INFO] - annotations 1: [15]
[2024-04-22 01:13:50,296][openpifpaf.predictor][INFO] - batch 0: no-file-name
[2024-04-22 01:13:50,487][openpifpaf.decoder.cifcaf][INFO] - annotations 1: [15]
[2024-04-22 01:13:50,487][openpifpaf.predictor][INFO] - batch 0: no-file-name
[2024-04-22 01:13:50,682][openpifpaf.decoder.cifcaf][INFO] - annotations 1: [15]
[2024-04-22 01:13:50,682][openpifpaf.predictor][INFO] - batch 0: no-file-name
[2024-04-22 01:13:50,869][openpifpaf.decoder.cifcaf][INFO] - annotations 1: [15]
[2024-04-22 01:13:50,869][openpifpaf.predictor][INFO] - batch 0: no-file-name
[2024-04-22 01:13:51,058][openpifpaf.decoder.cifcaf][INFO] - annotations 1: [15]
[2024-04-22 01:13:51,058][openpifpaf.predictor][INFO] - batch 0: no-file-name
[2024-04-22 01:13:51,236][openpifpaf.decoder.cifcaf][INFO] - annotations 1: [15]
[2024-04-22 01:13:51,236][openpifpaf.predictor][INFO] - batch 0: no-file-name
[2024-04-22 01:13:51,430][openpifpaf.decoder.cifcaf][INFO] - annotations 1: [15]
[2024-04-22 01:13:51,430][openpifpaf.predictor][INFO] - batch 0: no-file-name
[2024-04-22 01:13:51,627][openpifpaf.decoder.cifcaf][INFO] - annotations 1: [15]
[2024-04-22 01:13:51,627][openpifpaf.predictor][INFO] - batch 0: no-file-name
[2024-04-22 01:13:51,810][openpifpaf.decoder.cifcaf][INFO] - annotations 1: [15]
[2024-04-22 01:13:51,811][openpifpaf.predictor][INFO] - batch 0: no-file-name
[2024-04-22 01:13:52,006][openpifpaf.decoder.cifcaf][INFO] - annotations 1: [15]
[2024-04-22 01:13:52,006][openpifpaf.predictor][INFO] - batch 0: no-file-name
[2024-04-22 01:13:52,186][openpifpaf.decoder.cifcaf][INFO] - annotations 1: [15]
[2024-04-22 01:13:52,187][openpifpaf.predictor][INFO] - batch 0: no-file-name
[2024-04-22 01:13:52,601][openpifpaf.decoder.cifcaf][INFO] - annotations 1: [15]
[2024-04-22 01:13:52,602][openpifpaf.predictor][INFO] - batch 0: no-file-name
