[2024-04-22 06:13:07,610][root][INFO] - Successfully loaded settings:
==================================================
data:
  dataset_name: DPDataset
  data_root: data/frames/
  label_root: data/labels/
  keypoints_root: data/keypoints/
  venue_names:
  - 2023-01-17-livingroom
  - 2023-01-18-livingroom
  - 2023-01-19-livingroom
  - 2023-01-24-livingroom
  - 2023-01-25-livingroom
  - 2023-01-17-openoffice
  - 2023-01-18-openoffice
  - 2023-01-19-openoffice
  - 2023-01-24-openoffice
  - 2023-01-25-openoffice
model:
  tlength: 15
  featvec_joint: true
  hidden_size: 192
  attention_heads: 12
  num_layers: 6
  featvec_bb: false
  featvec_img: false
  omit_temporal_encoder: false
hardware:
  nworkers: 8
  gpus: 8
  bs: 32
task: train
incl_all: false
train_ratio: 0.7
split_method: time
overfit: false
ckpt: ./models/weight.ckpt
noanswer: false
movie: ./demo/JK_demo_1.mp4
lr: l
verbose: false
shrink_rate: 0.1
filter_joint: null
use_preprocessed: false
debug: false
hist_error: false
==================================================

[2024-04-22 06:13:07,610][root][WARNING] - Running DeePoint with CPU takes a long time.
[2024-04-22 06:13:07,805][openpifpaf.decoder.factory][INFO] - No specific decoder requested. Using the first one from:
  --decoder=cifcaf:0
  --decoder=posesimilarity:0
Use any of the above arguments to select one or multiple decoders and to suppress this message.
[2024-04-22 06:13:07,806][openpifpaf.predictor][INFO] - neural network device: cpu (CUDA available: False, count: 0)
[2024-04-22 06:13:08,216][openpifpaf.decoder.cifcaf][INFO] - annotations 1: [15]
[2024-04-22 06:13:08,216][openpifpaf.predictor][INFO] - batch 0: no-file-name
[2024-04-22 06:13:08,329][openpifpaf.decoder.cifcaf][INFO] - annotations 1: [15]
[2024-04-22 06:13:08,329][openpifpaf.predictor][INFO] - batch 0: no-file-name
[2024-04-22 06:13:08,454][openpifpaf.decoder.cifcaf][INFO] - annotations 1: [15]
[2024-04-22 06:13:08,454][openpifpaf.predictor][INFO] - batch 0: no-file-name
[2024-04-22 06:13:08,574][openpifpaf.decoder.cifcaf][INFO] - annotations 1: [15]
[2024-04-22 06:13:08,574][openpifpaf.predictor][INFO] - batch 0: no-file-name
[2024-04-22 06:13:08,691][openpifpaf.decoder.cifcaf][INFO] - annotations 1: [15]
[2024-04-22 06:13:08,691][openpifpaf.predictor][INFO] - batch 0: no-file-name
[2024-04-22 06:13:08,820][openpifpaf.decoder.cifcaf][INFO] - annotations 1: [15]
[2024-04-22 06:13:08,821][openpifpaf.predictor][INFO] - batch 0: no-file-name
[2024-04-22 06:13:08,946][openpifpaf.decoder.cifcaf][INFO] - annotations 1: [15]
[2024-04-22 06:13:08,946][openpifpaf.predictor][INFO] - batch 0: no-file-name
[2024-04-22 06:13:09,073][openpifpaf.decoder.cifcaf][INFO] - annotations 1: [15]
[2024-04-22 06:13:09,073][openpifpaf.predictor][INFO] - batch 0: no-file-name
[2024-04-22 06:13:09,200][openpifpaf.decoder.cifcaf][INFO] - annotations 1: [15]
[2024-04-22 06:13:09,201][openpifpaf.predictor][INFO] - batch 0: no-file-name
[2024-04-22 06:13:09,316][openpifpaf.decoder.cifcaf][INFO] - annotations 1: [15]
[2024-04-22 06:13:09,316][openpifpaf.predictor][INFO] - batch 0: no-file-name
[2024-04-22 06:13:09,433][openpifpaf.decoder.cifcaf][INFO] - annotations 1: [15]
[2024-04-22 06:13:09,433][openpifpaf.predictor][INFO] - batch 0: no-file-name
[2024-04-22 06:13:09,553][openpifpaf.decoder.cifcaf][INFO] - annotations 1: [15]
[2024-04-22 06:13:09,553][openpifpaf.predictor][INFO] - batch 0: no-file-name
[2024-04-22 06:13:09,681][openpifpaf.decoder.cifcaf][INFO] - annotations 1: [15]
[2024-04-22 06:13:09,681][openpifpaf.predictor][INFO] - batch 0: no-file-name
[2024-04-22 06:13:09,795][openpifpaf.decoder.cifcaf][INFO] - annotations 1: [15]
[2024-04-22 06:13:09,795][openpifpaf.predictor][INFO] - batch 0: no-file-name
[2024-04-22 06:13:09,926][openpifpaf.decoder.cifcaf][INFO] - annotations 1: [15]
[2024-04-22 06:13:09,926][openpifpaf.predictor][INFO] - batch 0: no-file-name
[2024-04-22 06:13:10,256][openpifpaf.decoder.cifcaf][INFO] - annotations 1: [15]
[2024-04-22 06:13:10,257][openpifpaf.predictor][INFO] - batch 0: no-file-name
[2024-04-22 06:13:19,227][openpifpaf.decoder.cifcaf][INFO] - annotations 1: [15]
[2024-04-22 06:13:19,228][openpifpaf.predictor][INFO] - batch 0: no-file-name
[2024-04-22 06:13:19,522][openpifpaf.decoder.cifcaf][INFO] - annotations 1: [15]
[2024-04-22 06:13:19,522][openpifpaf.predictor][INFO] - batch 0: no-file-name
