[2024-04-21 00:56:20,270][root][INFO] - Successfully loaded settings:
==================================================
data:
  dataset_name: DPDataset
  data_root: data/frames/
  label_root: data/labels/
  keypoints_root: data/keypoints/
  venue_names:
  - 2023-01-17-livingroom
  - 2023-01-18-livingroom
  - 2023-01-19-livingroom
  - 2023-01-24-livingroom
  - 2023-01-25-livingroom
  - 2023-01-17-openoffice
  - 2023-01-18-openoffice
  - 2023-01-19-openoffice
  - 2023-01-24-openoffice
  - 2023-01-25-openoffice
model:
  tlength: 15
  featvec_joint: true
  hidden_size: 192
  attention_heads: 12
  num_layers: 6
  featvec_bb: false
  featvec_img: false
  omit_temporal_encoder: false
hardware:
  nworkers: 8
  gpus: 8
  bs: 32
task: train
incl_all: false
train_ratio: 0.7
split_method: time
overfit: false
ckpt: ./models/weight.ckpt
noanswer: false
movie: ./demo/JK_demo_1.mp4
lr: r
verbose: false
shrink_rate: 0.1
filter_joint: null
use_preprocessed: false
debug: false
hist_error: false
==================================================

[2024-04-21 00:56:20,271][root][WARNING] - Running DeePoint with CPU takes a long time.
[2024-04-21 00:56:20,536][openpifpaf.decoder.factory][INFO] - No specific decoder requested. Using the first one from:
  --decoder=cifcaf:0
  --decoder=posesimilarity:0
Use any of the above arguments to select one or multiple decoders and to suppress this message.
[2024-04-21 00:56:20,536][openpifpaf.predictor][INFO] - neural network device: cpu (CUDA available: False, count: 0)
[2024-04-21 00:56:21,067][openpifpaf.decoder.cifcaf][INFO] - annotations 1: [15]
[2024-04-21 00:56:21,067][openpifpaf.predictor][INFO] - batch 0: no-file-name
[2024-04-21 00:56:21,254][openpifpaf.decoder.cifcaf][INFO] - annotations 1: [15]
[2024-04-21 00:56:21,254][openpifpaf.predictor][INFO] - batch 0: no-file-name
[2024-04-21 00:56:21,439][openpifpaf.decoder.cifcaf][INFO] - annotations 1: [15]
[2024-04-21 00:56:21,439][openpifpaf.predictor][INFO] - batch 0: no-file-name
[2024-04-21 00:56:21,610][openpifpaf.decoder.cifcaf][INFO] - annotations 1: [15]
[2024-04-21 00:56:21,610][openpifpaf.predictor][INFO] - batch 0: no-file-name
[2024-04-21 00:56:21,773][openpifpaf.decoder.cifcaf][INFO] - annotations 1: [15]
[2024-04-21 00:56:21,773][openpifpaf.predictor][INFO] - batch 0: no-file-name
[2024-04-21 00:56:21,960][openpifpaf.decoder.cifcaf][INFO] - annotations 1: [15]
[2024-04-21 00:56:21,960][openpifpaf.predictor][INFO] - batch 0: no-file-name
[2024-04-21 00:56:22,148][openpifpaf.decoder.cifcaf][INFO] - annotations 1: [15]
[2024-04-21 00:56:22,148][openpifpaf.predictor][INFO] - batch 0: no-file-name
[2024-04-21 00:56:22,338][openpifpaf.decoder.cifcaf][INFO] - annotations 1: [15]
[2024-04-21 00:56:22,338][openpifpaf.predictor][INFO] - batch 0: no-file-name
[2024-04-21 00:56:22,525][openpifpaf.decoder.cifcaf][INFO] - annotations 1: [15]
[2024-04-21 00:56:22,525][openpifpaf.predictor][INFO] - batch 0: no-file-name
[2024-04-21 00:56:22,713][openpifpaf.decoder.cifcaf][INFO] - annotations 1: [15]
[2024-04-21 00:56:22,713][openpifpaf.predictor][INFO] - batch 0: no-file-name
[2024-04-21 00:56:22,906][openpifpaf.decoder.cifcaf][INFO] - annotations 1: [15]
[2024-04-21 00:56:22,907][openpifpaf.predictor][INFO] - batch 0: no-file-name
[2024-04-21 00:56:23,104][openpifpaf.decoder.cifcaf][INFO] - annotations 1: [15]
[2024-04-21 00:56:23,104][openpifpaf.predictor][INFO] - batch 0: no-file-name
[2024-04-21 00:56:23,289][openpifpaf.decoder.cifcaf][INFO] - annotations 1: [15]
[2024-04-21 00:56:23,290][openpifpaf.predictor][INFO] - batch 0: no-file-name
[2024-04-21 00:56:23,481][openpifpaf.decoder.cifcaf][INFO] - annotations 1: [15]
[2024-04-21 00:56:23,482][openpifpaf.predictor][INFO] - batch 0: no-file-name
[2024-04-21 00:56:23,672][openpifpaf.decoder.cifcaf][INFO] - annotations 1: [15]
[2024-04-21 00:56:23,672][openpifpaf.predictor][INFO] - batch 0: no-file-name
[2024-04-21 00:56:24,117][openpifpaf.decoder.cifcaf][INFO] - annotations 1: [15]
[2024-04-21 00:56:24,117][openpifpaf.predictor][INFO] - batch 0: no-file-name
[2024-04-21 00:56:31,320][openpifpaf.decoder.cifcaf][INFO] - annotations 1: [15]
[2024-04-21 00:56:31,320][openpifpaf.predictor][INFO] - batch 0: no-file-name
[2024-04-21 00:56:31,737][openpifpaf.decoder.cifcaf][INFO] - annotations 1: [15]
[2024-04-21 00:56:31,738][openpifpaf.predictor][INFO] - batch 0: no-file-name
[2024-04-21 00:56:39,052][openpifpaf.decoder.cifcaf][INFO] - annotations 1: [15]
[2024-04-21 00:56:39,053][openpifpaf.predictor][INFO] - batch 0: no-file-name
[2024-04-21 00:56:39,534][openpifpaf.decoder.cifcaf][INFO] - annotations 1: [15]
[2024-04-21 00:56:39,535][openpifpaf.predictor][INFO] - batch 0: no-file-name
[2024-04-21 00:56:46,822][openpifpaf.decoder.cifcaf][INFO] - annotations 1: [15]
[2024-04-21 00:56:46,822][openpifpaf.predictor][INFO] - batch 0: no-file-name
[2024-04-21 00:56:47,272][openpifpaf.decoder.cifcaf][INFO] - annotations 1: [15]
[2024-04-21 00:56:47,272][openpifpaf.predictor][INFO] - batch 0: no-file-name
