[2024-04-24 08:31:26,839][root][INFO] - Successfully loaded settings:
==================================================
data:
  dataset_name: DPDataset
  data_root: data/frames/
  label_root: data/labels/
  keypoints_root: data/keypoints/
  venue_names:
  - 2023-01-17-livingroom
  - 2023-01-18-livingroom
  - 2023-01-19-livingroom
  - 2023-01-24-livingroom
  - 2023-01-25-livingroom
  - 2023-01-17-openoffice
  - 2023-01-18-openoffice
  - 2023-01-19-openoffice
  - 2023-01-24-openoffice
  - 2023-01-25-openoffice
model:
  tlength: 15
  featvec_joint: true
  hidden_size: 192
  attention_heads: 12
  num_layers: 6
  featvec_bb: false
  featvec_img: false
  omit_temporal_encoder: false
hardware:
  nworkers: 8
  gpus: 8
  bs: 32
task: train
incl_all: false
train_ratio: 0.7
split_method: time
overfit: false
ckpt: ./models/weight.ckpt
noanswer: false
movie: ./demo/JK_demo_1.mp4
lr: r
verbose: false
shrink_rate: 0.1
filter_joint: null
use_preprocessed: false
debug: false
hist_error: false
==================================================

[2024-04-24 08:31:26,839][root][WARNING] - Running DeePoint with CPU takes a long time.
[2024-04-24 08:31:28,042][openpifpaf.decoder.factory][INFO] - No specific decoder requested. Using the first one from:
  --decoder=cifcaf:0
  --decoder=posesimilarity:0
Use any of the above arguments to select one or multiple decoders and to suppress this message.
[2024-04-24 08:31:28,043][openpifpaf.predictor][INFO] - neural network device: cpu (CUDA available: False, count: 0)
[2024-04-24 08:31:29,503][openpifpaf.decoder.cifcaf][INFO] - annotations 1: [15]
[2024-04-24 08:31:29,503][openpifpaf.predictor][INFO] - batch 0: no-file-name
[2024-04-24 08:31:29,749][openpifpaf.decoder.cifcaf][INFO] - annotations 1: [15]
[2024-04-24 08:31:29,749][openpifpaf.predictor][INFO] - batch 0: no-file-name
[2024-04-24 08:31:29,984][openpifpaf.decoder.cifcaf][INFO] - annotations 1: [15]
[2024-04-24 08:31:29,984][openpifpaf.predictor][INFO] - batch 0: no-file-name
[2024-04-24 08:31:30,225][openpifpaf.decoder.cifcaf][INFO] - annotations 1: [15]
[2024-04-24 08:31:30,226][openpifpaf.predictor][INFO] - batch 0: no-file-name
[2024-04-24 08:31:30,488][openpifpaf.decoder.cifcaf][INFO] - annotations 1: [15]
[2024-04-24 08:31:30,488][openpifpaf.predictor][INFO] - batch 0: no-file-name
[2024-04-24 08:31:30,716][openpifpaf.decoder.cifcaf][INFO] - annotations 1: [15]
[2024-04-24 08:31:30,716][openpifpaf.predictor][INFO] - batch 0: no-file-name
[2024-04-24 08:31:30,929][openpifpaf.decoder.cifcaf][INFO] - annotations 1: [15]
[2024-04-24 08:31:30,930][openpifpaf.predictor][INFO] - batch 0: no-file-name
[2024-04-24 08:31:31,155][openpifpaf.decoder.cifcaf][INFO] - annotations 1: [15]
[2024-04-24 08:31:31,155][openpifpaf.predictor][INFO] - batch 0: no-file-name
[2024-04-24 08:31:31,372][openpifpaf.decoder.cifcaf][INFO] - annotations 1: [15]
[2024-04-24 08:31:31,372][openpifpaf.predictor][INFO] - batch 0: no-file-name
[2024-04-24 08:31:31,582][openpifpaf.decoder.cifcaf][INFO] - annotations 1: [15]
[2024-04-24 08:31:31,582][openpifpaf.predictor][INFO] - batch 0: no-file-name
[2024-04-24 08:31:31,856][openpifpaf.decoder.cifcaf][INFO] - annotations 1: [15]
[2024-04-24 08:31:31,856][openpifpaf.predictor][INFO] - batch 0: no-file-name
[2024-04-24 08:31:32,070][openpifpaf.decoder.cifcaf][INFO] - annotations 1: [15]
[2024-04-24 08:31:32,070][openpifpaf.predictor][INFO] - batch 0: no-file-name
[2024-04-24 08:31:32,285][openpifpaf.decoder.cifcaf][INFO] - annotations 1: [15]
[2024-04-24 08:31:32,286][openpifpaf.predictor][INFO] - batch 0: no-file-name
[2024-04-24 08:31:32,510][openpifpaf.decoder.cifcaf][INFO] - annotations 1: [15]
[2024-04-24 08:31:32,510][openpifpaf.predictor][INFO] - batch 0: no-file-name
[2024-04-24 08:31:32,727][openpifpaf.decoder.cifcaf][INFO] - annotations 1: [15]
[2024-04-24 08:31:32,728][openpifpaf.predictor][INFO] - batch 0: no-file-name
[2024-04-24 08:31:33,265][openpifpaf.decoder.cifcaf][INFO] - annotations 1: [15]
[2024-04-24 08:31:33,266][openpifpaf.predictor][INFO] - batch 0: no-file-name
