[2024-04-22 02:21:46,326][root][INFO] - Successfully loaded settings:
==================================================
data:
  dataset_name: DPDataset
  data_root: data/frames/
  label_root: data/labels/
  keypoints_root: data/keypoints/
  venue_names:
  - 2023-01-17-livingroom
  - 2023-01-18-livingroom
  - 2023-01-19-livingroom
  - 2023-01-24-livingroom
  - 2023-01-25-livingroom
  - 2023-01-17-openoffice
  - 2023-01-18-openoffice
  - 2023-01-19-openoffice
  - 2023-01-24-openoffice
  - 2023-01-25-openoffice
model:
  tlength: 15
  featvec_joint: true
  hidden_size: 192
  attention_heads: 12
  num_layers: 6
  featvec_bb: false
  featvec_img: false
  omit_temporal_encoder: false
hardware:
  nworkers: 8
  gpus: 8
  bs: 32
task: train
incl_all: false
train_ratio: 0.7
split_method: time
overfit: false
ckpt: ./models/weight.ckpt
noanswer: false
movie: ./demo/example.mp4
lr: r
verbose: false
shrink_rate: 0.1
filter_joint: null
use_preprocessed: false
debug: false
hist_error: false
==================================================

[2024-04-22 02:21:46,326][root][WARNING] - Running DeePoint with CPU takes a long time.
[2024-04-22 02:21:46,532][openpifpaf.decoder.factory][INFO] - No specific decoder requested. Using the first one from:
  --decoder=cifcaf:0
  --decoder=posesimilarity:0
Use any of the above arguments to select one or multiple decoders and to suppress this message.
[2024-04-22 02:21:46,532][openpifpaf.predictor][INFO] - neural network device: cpu (CUDA available: False, count: 0)
[2024-04-22 02:21:47,017][openpifpaf.decoder.cifcaf][INFO] - annotations 1: [14]
[2024-04-22 02:21:47,017][openpifpaf.predictor][INFO] - batch 0: no-file-name
[2024-04-22 02:21:47,160][openpifpaf.decoder.cifcaf][INFO] - annotations 1: [13]
[2024-04-22 02:21:47,161][openpifpaf.predictor][INFO] - batch 0: no-file-name
[2024-04-22 02:21:47,349][openpifpaf.decoder.cifcaf][INFO] - annotations 1: [14]
[2024-04-22 02:21:47,349][openpifpaf.predictor][INFO] - batch 0: no-file-name
[2024-04-22 02:21:47,538][openpifpaf.decoder.cifcaf][INFO] - annotations 1: [14]
[2024-04-22 02:21:47,538][openpifpaf.predictor][INFO] - batch 0: no-file-name
[2024-04-22 02:21:47,680][openpifpaf.decoder.cifcaf][INFO] - annotations 1: [14]
[2024-04-22 02:21:47,681][openpifpaf.predictor][INFO] - batch 0: no-file-name
[2024-04-22 02:21:47,831][openpifpaf.decoder.cifcaf][INFO] - annotations 1: [13]
[2024-04-22 02:21:47,831][openpifpaf.predictor][INFO] - batch 0: no-file-name
[2024-04-22 02:21:47,997][openpifpaf.decoder.cifcaf][INFO] - annotations 1: [13]
[2024-04-22 02:21:47,998][openpifpaf.predictor][INFO] - batch 0: no-file-name
[2024-04-22 02:21:48,175][openpifpaf.decoder.cifcaf][INFO] - annotations 1: [14]
[2024-04-22 02:21:48,176][openpifpaf.predictor][INFO] - batch 0: no-file-name
[2024-04-22 02:21:48,387][openpifpaf.decoder.cifcaf][INFO] - annotations 1: [14]
[2024-04-22 02:21:48,387][openpifpaf.predictor][INFO] - batch 0: no-file-name
[2024-04-22 02:21:48,611][openpifpaf.decoder.cifcaf][INFO] - annotations 1: [14]
[2024-04-22 02:21:48,612][openpifpaf.predictor][INFO] - batch 0: no-file-name
[2024-04-22 02:21:48,823][openpifpaf.decoder.cifcaf][INFO] - annotations 1: [14]
[2024-04-22 02:21:48,823][openpifpaf.predictor][INFO] - batch 0: no-file-name
[2024-04-22 02:21:49,020][openpifpaf.decoder.cifcaf][INFO] - annotations 1: [14]
[2024-04-22 02:21:49,021][openpifpaf.predictor][INFO] - batch 0: no-file-name
[2024-04-22 02:21:49,210][openpifpaf.decoder.cifcaf][INFO] - annotations 1: [14]
[2024-04-22 02:21:49,211][openpifpaf.predictor][INFO] - batch 0: no-file-name
[2024-04-22 02:21:49,397][openpifpaf.decoder.cifcaf][INFO] - annotations 1: [14]
[2024-04-22 02:21:49,397][openpifpaf.predictor][INFO] - batch 0: no-file-name
[2024-04-22 02:21:49,580][openpifpaf.decoder.cifcaf][INFO] - annotations 1: [13]
[2024-04-22 02:21:49,580][openpifpaf.predictor][INFO] - batch 0: no-file-name
[2024-04-22 02:21:50,057][openpifpaf.decoder.cifcaf][INFO] - annotations 1: [13]
[2024-04-22 02:21:50,057][openpifpaf.predictor][INFO] - batch 0: no-file-name
[2024-04-22 02:22:10,092][openpifpaf.decoder.cifcaf][INFO] - annotations 1: [13]
[2024-04-22 02:22:10,093][openpifpaf.predictor][INFO] - batch 0: no-file-name
[2024-04-22 02:22:10,564][openpifpaf.decoder.cifcaf][INFO] - annotations 1: [14]
[2024-04-22 02:22:10,564][openpifpaf.predictor][INFO] - batch 0: no-file-name
[2024-04-22 02:22:30,704][openpifpaf.decoder.cifcaf][INFO] - annotations 1: [14]
[2024-04-22 02:22:30,705][openpifpaf.predictor][INFO] - batch 0: no-file-name
[2024-04-22 02:22:31,211][openpifpaf.decoder.cifcaf][INFO] - annotations 1: [14]
[2024-04-22 02:22:31,211][openpifpaf.predictor][INFO] - batch 0: no-file-name
[2024-04-22 02:22:51,276][openpifpaf.decoder.cifcaf][INFO] - annotations 1: [14]
[2024-04-22 02:22:51,276][openpifpaf.predictor][INFO] - batch 0: no-file-name
[2024-04-22 02:22:51,760][openpifpaf.decoder.cifcaf][INFO] - annotations 1: [14]
[2024-04-22 02:22:51,760][openpifpaf.predictor][INFO] - batch 0: no-file-name
[2024-04-22 02:23:11,323][openpifpaf.decoder.cifcaf][INFO] - annotations 1: [14]
[2024-04-22 02:23:11,324][openpifpaf.predictor][INFO] - batch 0: no-file-name
[2024-04-22 02:23:11,959][openpifpaf.decoder.cifcaf][INFO] - annotations 1: [14]
[2024-04-22 02:23:11,959][openpifpaf.predictor][INFO] - batch 0: no-file-name
[2024-04-22 02:23:31,864][openpifpaf.decoder.cifcaf][INFO] - annotations 1: [14]
[2024-04-22 02:23:31,864][openpifpaf.predictor][INFO] - batch 0: no-file-name
[2024-04-22 02:23:32,388][openpifpaf.decoder.cifcaf][INFO] - annotations 1: [14]
[2024-04-22 02:23:32,388][openpifpaf.predictor][INFO] - batch 0: no-file-name
[2024-04-22 02:23:51,822][openpifpaf.decoder.cifcaf][INFO] - annotations 1: [14]
[2024-04-22 02:23:51,823][openpifpaf.predictor][INFO] - batch 0: no-file-name
[2024-04-22 02:23:52,346][openpifpaf.decoder.cifcaf][INFO] - annotations 1: [14]
[2024-04-22 02:23:52,346][openpifpaf.predictor][INFO] - batch 0: no-file-name
