[2024-04-22 04:47:30,431][root][INFO] - Successfully loaded settings:
==================================================
data:
  dataset_name: DPDataset
  data_root: data/frames/
  label_root: data/labels/
  keypoints_root: data/keypoints/
  venue_names:
  - 2023-01-17-livingroom
  - 2023-01-18-livingroom
  - 2023-01-19-livingroom
  - 2023-01-24-livingroom
  - 2023-01-25-livingroom
  - 2023-01-17-openoffice
  - 2023-01-18-openoffice
  - 2023-01-19-openoffice
  - 2023-01-24-openoffice
  - 2023-01-25-openoffice
model:
  tlength: 15
  featvec_joint: true
  hidden_size: 192
  attention_heads: 12
  num_layers: 6
  featvec_bb: false
  featvec_img: false
  omit_temporal_encoder: false
hardware:
  nworkers: 8
  gpus: 8
  bs: 32
task: train
incl_all: false
train_ratio: 0.7
split_method: time
overfit: false
ckpt: ./models/weight.ckpt
noanswer: false
movie: ./demo/demo10.mp4
lr: r
verbose: false
shrink_rate: 0.1
filter_joint: null
use_preprocessed: false
debug: false
hist_error: false
==================================================

[2024-04-22 04:47:30,431][root][WARNING] - Running DeePoint with CPU takes a long time.
[2024-04-22 04:47:31,368][openpifpaf.decoder.factory][INFO] - No specific decoder requested. Using the first one from:
  --decoder=cifcaf:0
  --decoder=posesimilarity:0
Use any of the above arguments to select one or multiple decoders and to suppress this message.
[2024-04-22 04:47:31,369][openpifpaf.predictor][INFO] - neural network device: cpu (CUDA available: False, count: 0)
[2024-04-22 04:47:32,858][openpifpaf.decoder.cifcaf][INFO] - annotations 3: [15, 11, 11]
[2024-04-22 04:47:32,858][openpifpaf.predictor][INFO] - batch 0: no-file-name
[2024-04-22 04:47:33,340][openpifpaf.decoder.cifcaf][INFO] - annotations 3: [15, 11, 11]
[2024-04-22 04:47:33,341][openpifpaf.predictor][INFO] - batch 0: no-file-name
[2024-04-22 04:47:33,751][openpifpaf.decoder.cifcaf][INFO] - annotations 3: [15, 11, 11]
[2024-04-22 04:47:33,751][openpifpaf.predictor][INFO] - batch 0: no-file-name
[2024-04-22 04:47:34,182][openpifpaf.decoder.cifcaf][INFO] - annotations 3: [15, 11, 11]
[2024-04-22 04:47:34,182][openpifpaf.predictor][INFO] - batch 0: no-file-name
[2024-04-22 04:47:34,604][openpifpaf.decoder.cifcaf][INFO] - annotations 3: [15, 11, 11]
[2024-04-22 04:47:34,605][openpifpaf.predictor][INFO] - batch 0: no-file-name
[2024-04-22 04:47:35,040][openpifpaf.decoder.cifcaf][INFO] - annotations 3: [15, 11, 11]
[2024-04-22 04:47:35,040][openpifpaf.predictor][INFO] - batch 0: no-file-name
[2024-04-22 04:47:35,491][openpifpaf.decoder.cifcaf][INFO] - annotations 3: [15, 11, 11]
[2024-04-22 04:47:35,491][openpifpaf.predictor][INFO] - batch 0: no-file-name
[2024-04-22 04:47:35,925][openpifpaf.decoder.cifcaf][INFO] - annotations 3: [15, 11, 11]
[2024-04-22 04:47:35,925][openpifpaf.predictor][INFO] - batch 0: no-file-name
[2024-04-22 04:47:36,379][openpifpaf.decoder.cifcaf][INFO] - annotations 3: [15, 11, 11]
[2024-04-22 04:47:36,379][openpifpaf.predictor][INFO] - batch 0: no-file-name
[2024-04-22 04:47:36,809][openpifpaf.decoder.cifcaf][INFO] - annotations 3: [15, 11, 11]
[2024-04-22 04:47:36,809][openpifpaf.predictor][INFO] - batch 0: no-file-name
[2024-04-22 04:47:37,240][openpifpaf.decoder.cifcaf][INFO] - annotations 3: [15, 11, 11]
[2024-04-22 04:47:37,241][openpifpaf.predictor][INFO] - batch 0: no-file-name
[2024-04-22 04:47:37,668][openpifpaf.decoder.cifcaf][INFO] - annotations 3: [15, 11, 11]
[2024-04-22 04:47:37,668][openpifpaf.predictor][INFO] - batch 0: no-file-name
[2024-04-22 04:47:38,117][openpifpaf.decoder.cifcaf][INFO] - annotations 3: [15, 11, 11]
[2024-04-22 04:47:38,118][openpifpaf.predictor][INFO] - batch 0: no-file-name
[2024-04-22 04:47:38,578][openpifpaf.decoder.cifcaf][INFO] - annotations 3: [15, 11, 11]
[2024-04-22 04:47:38,579][openpifpaf.predictor][INFO] - batch 0: no-file-name
[2024-04-22 04:47:39,172][openpifpaf.decoder.cifcaf][INFO] - annotations 3: [15, 11, 11]
[2024-04-22 04:47:39,172][openpifpaf.predictor][INFO] - batch 0: no-file-name
[2024-04-22 04:47:40,432][openpifpaf.decoder.cifcaf][INFO] - annotations 3: [15, 11, 11]
[2024-04-22 04:47:40,432][openpifpaf.predictor][INFO] - batch 0: no-file-name
[2024-04-22 04:48:06,448][openpifpaf.decoder.cifcaf][INFO] - annotations 3: [15, 11, 10]
[2024-04-22 04:48:06,448][openpifpaf.predictor][INFO] - batch 0: no-file-name
[2024-04-22 04:48:07,726][openpifpaf.decoder.cifcaf][INFO] - annotations 4: [15, 10, 10, 6]
[2024-04-22 04:48:07,726][openpifpaf.predictor][INFO] - batch 0: no-file-name
[2024-04-22 04:48:33,514][openpifpaf.decoder.cifcaf][INFO] - annotations 4: [15, 11, 10, 6]
[2024-04-22 04:48:33,514][openpifpaf.predictor][INFO] - batch 0: no-file-name
[2024-04-22 04:48:34,922][openpifpaf.decoder.cifcaf][INFO] - annotations 4: [15, 11, 10, 7]
[2024-04-22 04:48:34,923][openpifpaf.predictor][INFO] - batch 0: no-file-name
