[2024-04-22 04:46:21,138][root][INFO] - Successfully loaded settings:
==================================================
data:
  dataset_name: DPDataset
  data_root: data/frames/
  label_root: data/labels/
  keypoints_root: data/keypoints/
  venue_names:
  - 2023-01-17-livingroom
  - 2023-01-18-livingroom
  - 2023-01-19-livingroom
  - 2023-01-24-livingroom
  - 2023-01-25-livingroom
  - 2023-01-17-openoffice
  - 2023-01-18-openoffice
  - 2023-01-19-openoffice
  - 2023-01-24-openoffice
  - 2023-01-25-openoffice
model:
  tlength: 15
  featvec_joint: true
  hidden_size: 192
  attention_heads: 12
  num_layers: 6
  featvec_bb: false
  featvec_img: false
  omit_temporal_encoder: false
hardware:
  nworkers: 8
  gpus: 8
  bs: 32
task: train
incl_all: false
train_ratio: 0.7
split_method: time
overfit: false
ckpt: ./models/weight.ckpt
noanswer: false
movie: ./demo/demo10.mp4
lr: l
verbose: false
shrink_rate: 0.1
filter_joint: null
use_preprocessed: false
debug: false
hist_error: false
==================================================

[2024-04-22 04:46:21,138][root][WARNING] - Running DeePoint with CPU takes a long time.
[2024-04-22 04:46:21,852][openpifpaf.decoder.factory][INFO] - No specific decoder requested. Using the first one from:
  --decoder=cifcaf:0
  --decoder=posesimilarity:0
Use any of the above arguments to select one or multiple decoders and to suppress this message.
[2024-04-22 04:46:21,853][openpifpaf.predictor][INFO] - neural network device: cpu (CUDA available: False, count: 0)
[2024-04-22 04:46:23,168][openpifpaf.decoder.cifcaf][INFO] - annotations 3: [15, 11, 11]
[2024-04-22 04:46:23,168][openpifpaf.predictor][INFO] - batch 0: no-file-name
[2024-04-22 04:46:23,613][openpifpaf.decoder.cifcaf][INFO] - annotations 3: [15, 11, 11]
[2024-04-22 04:46:23,614][openpifpaf.predictor][INFO] - batch 0: no-file-name
[2024-04-22 04:46:24,055][openpifpaf.decoder.cifcaf][INFO] - annotations 3: [15, 11, 11]
[2024-04-22 04:46:24,055][openpifpaf.predictor][INFO] - batch 0: no-file-name
[2024-04-22 04:46:24,471][openpifpaf.decoder.cifcaf][INFO] - annotations 3: [15, 11, 11]
[2024-04-22 04:46:24,471][openpifpaf.predictor][INFO] - batch 0: no-file-name
[2024-04-22 04:46:24,914][openpifpaf.decoder.cifcaf][INFO] - annotations 3: [15, 11, 11]
[2024-04-22 04:46:24,914][openpifpaf.predictor][INFO] - batch 0: no-file-name
[2024-04-22 04:46:25,433][openpifpaf.decoder.cifcaf][INFO] - annotations 3: [15, 11, 11]
[2024-04-22 04:46:25,433][openpifpaf.predictor][INFO] - batch 0: no-file-name
[2024-04-22 04:46:25,914][openpifpaf.decoder.cifcaf][INFO] - annotations 3: [15, 11, 11]
[2024-04-22 04:46:25,914][openpifpaf.predictor][INFO] - batch 0: no-file-name
[2024-04-22 04:46:26,456][openpifpaf.decoder.cifcaf][INFO] - annotations 3: [15, 11, 11]
[2024-04-22 04:46:26,457][openpifpaf.predictor][INFO] - batch 0: no-file-name
[2024-04-22 04:46:27,006][openpifpaf.decoder.cifcaf][INFO] - annotations 3: [15, 11, 11]
[2024-04-22 04:46:27,007][openpifpaf.predictor][INFO] - batch 0: no-file-name
[2024-04-22 04:46:27,504][openpifpaf.decoder.cifcaf][INFO] - annotations 3: [15, 11, 11]
[2024-04-22 04:46:27,504][openpifpaf.predictor][INFO] - batch 0: no-file-name
[2024-04-22 04:46:28,054][openpifpaf.decoder.cifcaf][INFO] - annotations 3: [15, 11, 11]
[2024-04-22 04:46:28,054][openpifpaf.predictor][INFO] - batch 0: no-file-name
[2024-04-22 04:46:28,559][openpifpaf.decoder.cifcaf][INFO] - annotations 3: [15, 11, 11]
[2024-04-22 04:46:28,559][openpifpaf.predictor][INFO] - batch 0: no-file-name
[2024-04-22 04:46:29,089][openpifpaf.decoder.cifcaf][INFO] - annotations 3: [15, 11, 11]
[2024-04-22 04:46:29,089][openpifpaf.predictor][INFO] - batch 0: no-file-name
[2024-04-22 04:46:29,601][openpifpaf.decoder.cifcaf][INFO] - annotations 3: [15, 11, 11]
[2024-04-22 04:46:29,601][openpifpaf.predictor][INFO] - batch 0: no-file-name
[2024-04-22 04:46:30,096][openpifpaf.decoder.cifcaf][INFO] - annotations 3: [15, 11, 11]
[2024-04-22 04:46:30,096][openpifpaf.predictor][INFO] - batch 0: no-file-name
[2024-04-22 04:46:31,831][openpifpaf.decoder.cifcaf][INFO] - annotations 3: [15, 11, 11]
[2024-04-22 04:46:31,831][openpifpaf.predictor][INFO] - batch 0: no-file-name
[2024-04-22 04:46:59,014][openpifpaf.decoder.cifcaf][INFO] - annotations 3: [15, 11, 10]
[2024-04-22 04:46:59,015][openpifpaf.predictor][INFO] - batch 0: no-file-name
[2024-04-22 04:47:03,500][openpifpaf.decoder.cifcaf][INFO] - annotations 4: [15, 10, 10, 6]
[2024-04-22 04:47:03,500][openpifpaf.predictor][INFO] - batch 0: no-file-name
