[2024-04-24 08:32:17,235][root][INFO] - Successfully loaded settings:
==================================================
data:
  dataset_name: DPDataset
  data_root: data/frames/
  label_root: data/labels/
  keypoints_root: data/keypoints/
  venue_names:
  - 2023-01-17-livingroom
  - 2023-01-18-livingroom
  - 2023-01-19-livingroom
  - 2023-01-24-livingroom
  - 2023-01-25-livingroom
  - 2023-01-17-openoffice
  - 2023-01-18-openoffice
  - 2023-01-19-openoffice
  - 2023-01-24-openoffice
  - 2023-01-25-openoffice
model:
  tlength: 15
  featvec_joint: true
  hidden_size: 192
  attention_heads: 12
  num_layers: 6
  featvec_bb: false
  featvec_img: false
  omit_temporal_encoder: false
hardware:
  nworkers: 8
  gpus: 8
  bs: 32
task: train
incl_all: false
train_ratio: 0.7
split_method: time
overfit: false
ckpt: ./models/weight.ckpt
noanswer: false
movie: ./demo/kasi_demo_2.mp4
lr: r
verbose: false
shrink_rate: 0.1
filter_joint: null
use_preprocessed: false
debug: false
hist_error: false
==================================================

[2024-04-24 08:32:17,235][root][WARNING] - Running DeePoint with CPU takes a long time.
[2024-04-24 08:32:17,828][openpifpaf.decoder.factory][INFO] - No specific decoder requested. Using the first one from:
  --decoder=cifcaf:0
  --decoder=posesimilarity:0
Use any of the above arguments to select one or multiple decoders and to suppress this message.
[2024-04-24 08:32:17,830][openpifpaf.predictor][INFO] - neural network device: cpu (CUDA available: False, count: 0)
[2024-04-24 08:32:18,556][openpifpaf.decoder.cifcaf][INFO] - annotations 1: [16]
[2024-04-24 08:32:18,556][openpifpaf.predictor][INFO] - batch 0: no-file-name
[2024-04-24 08:32:18,755][openpifpaf.decoder.cifcaf][INFO] - annotations 1: [16]
[2024-04-24 08:32:18,755][openpifpaf.predictor][INFO] - batch 0: no-file-name
[2024-04-24 08:32:18,961][openpifpaf.decoder.cifcaf][INFO] - annotations 1: [16]
[2024-04-24 08:32:18,961][openpifpaf.predictor][INFO] - batch 0: no-file-name
[2024-04-24 08:32:19,157][openpifpaf.decoder.cifcaf][INFO] - annotations 1: [16]
[2024-04-24 08:32:19,158][openpifpaf.predictor][INFO] - batch 0: no-file-name
[2024-04-24 08:32:19,364][openpifpaf.decoder.cifcaf][INFO] - annotations 1: [16]
[2024-04-24 08:32:19,364][openpifpaf.predictor][INFO] - batch 0: no-file-name
[2024-04-24 08:32:19,563][openpifpaf.decoder.cifcaf][INFO] - annotations 1: [16]
[2024-04-24 08:32:19,564][openpifpaf.predictor][INFO] - batch 0: no-file-name
[2024-04-24 08:32:19,790][openpifpaf.decoder.cifcaf][INFO] - annotations 1: [16]
[2024-04-24 08:32:19,791][openpifpaf.predictor][INFO] - batch 0: no-file-name
[2024-04-24 08:32:19,985][openpifpaf.decoder.cifcaf][INFO] - annotations 1: [16]
[2024-04-24 08:32:19,985][openpifpaf.predictor][INFO] - batch 0: no-file-name
[2024-04-24 08:32:20,187][openpifpaf.decoder.cifcaf][INFO] - annotations 1: [16]
[2024-04-24 08:32:20,187][openpifpaf.predictor][INFO] - batch 0: no-file-name
[2024-04-24 08:32:20,388][openpifpaf.decoder.cifcaf][INFO] - annotations 1: [16]
[2024-04-24 08:32:20,388][openpifpaf.predictor][INFO] - batch 0: no-file-name
[2024-04-24 08:32:20,579][openpifpaf.decoder.cifcaf][INFO] - annotations 1: [16]
[2024-04-24 08:32:20,579][openpifpaf.predictor][INFO] - batch 0: no-file-name
[2024-04-24 08:32:20,783][openpifpaf.decoder.cifcaf][INFO] - annotations 1: [16]
[2024-04-24 08:32:20,783][openpifpaf.predictor][INFO] - batch 0: no-file-name
[2024-04-24 08:32:21,021][openpifpaf.decoder.cifcaf][INFO] - annotations 1: [16]
[2024-04-24 08:32:21,022][openpifpaf.predictor][INFO] - batch 0: no-file-name
[2024-04-24 08:32:21,224][openpifpaf.decoder.cifcaf][INFO] - annotations 1: [16]
[2024-04-24 08:32:21,224][openpifpaf.predictor][INFO] - batch 0: no-file-name
[2024-04-24 08:32:21,478][openpifpaf.decoder.cifcaf][INFO] - annotations 1: [16]
[2024-04-24 08:32:21,478][openpifpaf.predictor][INFO] - batch 0: no-file-name
[2024-04-24 08:32:22,058][openpifpaf.decoder.cifcaf][INFO] - annotations 1: [16]
[2024-04-24 08:32:22,058][openpifpaf.predictor][INFO] - batch 0: no-file-name
