[2024-04-22 00:45:58,705][root][INFO] - Successfully loaded settings:
==================================================
data:
  dataset_name: DPDataset
  data_root: data/frames/
  label_root: data/labels/
  keypoints_root: data/keypoints/
  venue_names:
  - 2023-01-17-livingroom
  - 2023-01-18-livingroom
  - 2023-01-19-livingroom
  - 2023-01-24-livingroom
  - 2023-01-25-livingroom
  - 2023-01-17-openoffice
  - 2023-01-18-openoffice
  - 2023-01-19-openoffice
  - 2023-01-24-openoffice
  - 2023-01-25-openoffice
model:
  tlength: 15
  featvec_joint: true
  hidden_size: 192
  attention_heads: 12
  num_layers: 6
  featvec_bb: false
  featvec_img: false
  omit_temporal_encoder: false
hardware:
  nworkers: 8
  gpus: 8
  bs: 32
task: train
incl_all: false
train_ratio: 0.7
split_method: time
overfit: false
ckpt: ./models/weight.ckpt
noanswer: false
movie: ./demo/demo_1.mp4
lr: l
verbose: false
shrink_rate: 0.1
filter_joint: null
use_preprocessed: false
debug: false
hist_error: false
==================================================

[2024-04-22 00:45:58,705][root][WARNING] - Running DeePoint with CPU takes a long time.
[2024-04-22 00:45:58,934][openpifpaf.decoder.factory][INFO] - No specific decoder requested. Using the first one from:
  --decoder=cifcaf:0
  --decoder=posesimilarity:0
Use any of the above arguments to select one or multiple decoders and to suppress this message.
[2024-04-22 00:45:58,934][openpifpaf.predictor][INFO] - neural network device: cpu (CUDA available: False, count: 0)
[2024-04-22 00:45:59,431][openpifpaf.decoder.cifcaf][INFO] - annotations 1: [11]
[2024-04-22 00:45:59,432][openpifpaf.predictor][INFO] - batch 0: no-file-name
[2024-04-22 00:45:59,611][openpifpaf.decoder.cifcaf][INFO] - annotations 1: [11]
[2024-04-22 00:45:59,612][openpifpaf.predictor][INFO] - batch 0: no-file-name
[2024-04-22 00:45:59,793][openpifpaf.decoder.cifcaf][INFO] - annotations 1: [11]
[2024-04-22 00:45:59,793][openpifpaf.predictor][INFO] - batch 0: no-file-name
[2024-04-22 00:45:59,972][openpifpaf.decoder.cifcaf][INFO] - annotations 1: [11]
[2024-04-22 00:45:59,973][openpifpaf.predictor][INFO] - batch 0: no-file-name
[2024-04-22 00:46:00,156][openpifpaf.decoder.cifcaf][INFO] - annotations 1: [11]
[2024-04-22 00:46:00,156][openpifpaf.predictor][INFO] - batch 0: no-file-name
[2024-04-22 00:46:00,338][openpifpaf.decoder.cifcaf][INFO] - annotations 1: [11]
[2024-04-22 00:46:00,338][openpifpaf.predictor][INFO] - batch 0: no-file-name
[2024-04-22 00:46:00,517][openpifpaf.decoder.cifcaf][INFO] - annotations 1: [11]
[2024-04-22 00:46:00,518][openpifpaf.predictor][INFO] - batch 0: no-file-name
[2024-04-22 00:46:00,690][openpifpaf.decoder.cifcaf][INFO] - annotations 1: [11]
[2024-04-22 00:46:00,690][openpifpaf.predictor][INFO] - batch 0: no-file-name
[2024-04-22 00:46:00,865][openpifpaf.decoder.cifcaf][INFO] - annotations 1: [11]
[2024-04-22 00:46:00,865][openpifpaf.predictor][INFO] - batch 0: no-file-name
[2024-04-22 00:46:01,039][openpifpaf.decoder.cifcaf][INFO] - annotations 1: [11]
[2024-04-22 00:46:01,039][openpifpaf.predictor][INFO] - batch 0: no-file-name
[2024-04-22 00:46:01,228][openpifpaf.decoder.cifcaf][INFO] - annotations 1: [11]
[2024-04-22 00:46:01,229][openpifpaf.predictor][INFO] - batch 0: no-file-name
[2024-04-22 00:46:01,403][openpifpaf.decoder.cifcaf][INFO] - annotations 1: [11]
[2024-04-22 00:46:01,403][openpifpaf.predictor][INFO] - batch 0: no-file-name
[2024-04-22 00:46:01,592][openpifpaf.decoder.cifcaf][INFO] - annotations 1: [11]
[2024-04-22 00:46:01,593][openpifpaf.predictor][INFO] - batch 0: no-file-name
[2024-04-22 00:46:01,786][openpifpaf.decoder.cifcaf][INFO] - annotations 1: [11]
[2024-04-22 00:46:01,787][openpifpaf.predictor][INFO] - batch 0: no-file-name
[2024-04-22 00:46:01,961][openpifpaf.decoder.cifcaf][INFO] - annotations 1: [11]
[2024-04-22 00:46:01,961][openpifpaf.predictor][INFO] - batch 0: no-file-name
[2024-04-22 00:46:02,422][openpifpaf.decoder.cifcaf][INFO] - annotations 1: [11]
[2024-04-22 00:46:02,422][openpifpaf.predictor][INFO] - batch 0: no-file-name
[2024-04-22 00:46:19,835][openpifpaf.decoder.cifcaf][INFO] - annotations 1: [11]
[2024-04-22 00:46:19,836][openpifpaf.predictor][INFO] - batch 0: no-file-name
[2024-04-22 00:46:20,285][openpifpaf.decoder.cifcaf][INFO] - annotations 1: [11]
[2024-04-22 00:46:20,285][openpifpaf.predictor][INFO] - batch 0: no-file-name
[2024-04-22 00:46:37,240][openpifpaf.decoder.cifcaf][INFO] - annotations 1: [11]
[2024-04-22 00:46:37,241][openpifpaf.predictor][INFO] - batch 0: no-file-name
[2024-04-22 00:46:37,709][openpifpaf.decoder.cifcaf][INFO] - annotations 1: [11]
[2024-04-22 00:46:37,709][openpifpaf.predictor][INFO] - batch 0: no-file-name
[2024-04-22 00:46:54,979][openpifpaf.decoder.cifcaf][INFO] - annotations 1: [11]
[2024-04-22 00:46:54,980][openpifpaf.predictor][INFO] - batch 0: no-file-name
[2024-04-22 00:46:55,457][openpifpaf.decoder.cifcaf][INFO] - annotations 1: [11]
[2024-04-22 00:46:55,457][openpifpaf.predictor][INFO] - batch 0: no-file-name
[2024-04-22 00:47:13,287][openpifpaf.decoder.cifcaf][INFO] - annotations 1: [11]
[2024-04-22 00:47:13,287][openpifpaf.predictor][INFO] - batch 0: no-file-name
[2024-04-22 00:47:13,746][openpifpaf.decoder.cifcaf][INFO] - annotations 1: [11]
[2024-04-22 00:47:13,746][openpifpaf.predictor][INFO] - batch 0: no-file-name
