[2024-04-22 02:24:23,652][root][INFO] - Successfully loaded settings:
==================================================
data:
  dataset_name: DPDataset
  data_root: data/frames/
  label_root: data/labels/
  keypoints_root: data/keypoints/
  venue_names:
  - 2023-01-17-livingroom
  - 2023-01-18-livingroom
  - 2023-01-19-livingroom
  - 2023-01-24-livingroom
  - 2023-01-25-livingroom
  - 2023-01-17-openoffice
  - 2023-01-18-openoffice
  - 2023-01-19-openoffice
  - 2023-01-24-openoffice
  - 2023-01-25-openoffice
model:
  tlength: 15
  featvec_joint: true
  hidden_size: 192
  attention_heads: 12
  num_layers: 6
  featvec_bb: false
  featvec_img: false
  omit_temporal_encoder: false
hardware:
  nworkers: 8
  gpus: 8
  bs: 32
task: train
incl_all: false
train_ratio: 0.7
split_method: time
overfit: false
ckpt: ./models/weight.ckpt
noanswer: false
movie: ./demo/JK_demo_1.mp4
lr: r
verbose: false
shrink_rate: 0.1
filter_joint: null
use_preprocessed: false
debug: false
hist_error: false
==================================================

[2024-04-22 02:24:23,652][root][WARNING] - Running DeePoint with CPU takes a long time.
[2024-04-22 02:24:23,851][openpifpaf.decoder.factory][INFO] - No specific decoder requested. Using the first one from:
  --decoder=cifcaf:0
  --decoder=posesimilarity:0
Use any of the above arguments to select one or multiple decoders and to suppress this message.
[2024-04-22 02:24:23,851][openpifpaf.predictor][INFO] - neural network device: cpu (CUDA available: False, count: 0)
[2024-04-22 02:24:24,244][openpifpaf.decoder.cifcaf][INFO] - annotations 1: [15]
[2024-04-22 02:24:24,244][openpifpaf.predictor][INFO] - batch 0: no-file-name
[2024-04-22 02:24:24,359][openpifpaf.decoder.cifcaf][INFO] - annotations 1: [15]
[2024-04-22 02:24:24,359][openpifpaf.predictor][INFO] - batch 0: no-file-name
[2024-04-22 02:24:24,482][openpifpaf.decoder.cifcaf][INFO] - annotations 1: [15]
[2024-04-22 02:24:24,482][openpifpaf.predictor][INFO] - batch 0: no-file-name
[2024-04-22 02:24:24,601][openpifpaf.decoder.cifcaf][INFO] - annotations 1: [15]
[2024-04-22 02:24:24,601][openpifpaf.predictor][INFO] - batch 0: no-file-name
[2024-04-22 02:24:24,731][openpifpaf.decoder.cifcaf][INFO] - annotations 1: [15]
[2024-04-22 02:24:24,732][openpifpaf.predictor][INFO] - batch 0: no-file-name
[2024-04-22 02:24:24,867][openpifpaf.decoder.cifcaf][INFO] - annotations 1: [15]
[2024-04-22 02:24:24,867][openpifpaf.predictor][INFO] - batch 0: no-file-name
[2024-04-22 02:24:25,012][openpifpaf.decoder.cifcaf][INFO] - annotations 1: [15]
[2024-04-22 02:24:25,013][openpifpaf.predictor][INFO] - batch 0: no-file-name
[2024-04-22 02:24:25,192][openpifpaf.decoder.cifcaf][INFO] - annotations 1: [15]
[2024-04-22 02:24:25,192][openpifpaf.predictor][INFO] - batch 0: no-file-name
[2024-04-22 02:24:25,333][openpifpaf.decoder.cifcaf][INFO] - annotations 1: [15]
[2024-04-22 02:24:25,333][openpifpaf.predictor][INFO] - batch 0: no-file-name
[2024-04-22 02:24:25,494][openpifpaf.decoder.cifcaf][INFO] - annotations 1: [15]
[2024-04-22 02:24:25,494][openpifpaf.predictor][INFO] - batch 0: no-file-name
[2024-04-22 02:24:25,629][openpifpaf.decoder.cifcaf][INFO] - annotations 1: [15]
[2024-04-22 02:24:25,629][openpifpaf.predictor][INFO] - batch 0: no-file-name
[2024-04-22 02:24:25,763][openpifpaf.decoder.cifcaf][INFO] - annotations 1: [15]
[2024-04-22 02:24:25,764][openpifpaf.predictor][INFO] - batch 0: no-file-name
[2024-04-22 02:24:25,897][openpifpaf.decoder.cifcaf][INFO] - annotations 1: [15]
[2024-04-22 02:24:25,898][openpifpaf.predictor][INFO] - batch 0: no-file-name
[2024-04-22 02:24:26,033][openpifpaf.decoder.cifcaf][INFO] - annotations 1: [15]
[2024-04-22 02:24:26,033][openpifpaf.predictor][INFO] - batch 0: no-file-name
[2024-04-22 02:24:26,166][openpifpaf.decoder.cifcaf][INFO] - annotations 1: [15]
[2024-04-22 02:24:26,166][openpifpaf.predictor][INFO] - batch 0: no-file-name
[2024-04-22 02:24:26,521][openpifpaf.decoder.cifcaf][INFO] - annotations 1: [15]
[2024-04-22 02:24:26,521][openpifpaf.predictor][INFO] - batch 0: no-file-name
