[2024-04-24 08:17:02,613][root][INFO] - Successfully loaded settings:
==================================================
data:
  dataset_name: DPDataset
  data_root: data/frames/
  label_root: data/labels/
  keypoints_root: data/keypoints/
  venue_names:
  - 2023-01-17-livingroom
  - 2023-01-18-livingroom
  - 2023-01-19-livingroom
  - 2023-01-24-livingroom
  - 2023-01-25-livingroom
  - 2023-01-17-openoffice
  - 2023-01-18-openoffice
  - 2023-01-19-openoffice
  - 2023-01-24-openoffice
  - 2023-01-25-openoffice
model:
  tlength: 15
  featvec_joint: true
  hidden_size: 192
  attention_heads: 12
  num_layers: 6
  featvec_bb: false
  featvec_img: false
  omit_temporal_encoder: false
hardware:
  nworkers: 8
  gpus: 8
  bs: 32
task: train
incl_all: false
train_ratio: 0.7
split_method: time
overfit: false
ckpt: ./models/weight.ckpt
noanswer: false
movie: ./demo/kasi_demo_2.mp4
lr: l
verbose: false
shrink_rate: 0.1
filter_joint: null
use_preprocessed: false
debug: false
hist_error: false
==================================================

[2024-04-24 08:17:02,613][root][WARNING] - Running DeePoint with CPU takes a long time.
[2024-04-24 08:17:03,801][openpifpaf.decoder.factory][INFO] - No specific decoder requested. Using the first one from:
  --decoder=cifcaf:0
  --decoder=posesimilarity:0
Use any of the above arguments to select one or multiple decoders and to suppress this message.
[2024-04-24 08:17:03,802][openpifpaf.predictor][INFO] - neural network device: cpu (CUDA available: False, count: 0)
[2024-04-24 08:17:05,309][openpifpaf.decoder.cifcaf][INFO] - annotations 1: [16]
[2024-04-24 08:17:05,309][openpifpaf.predictor][INFO] - batch 0: no-file-name
[2024-04-24 08:17:05,510][openpifpaf.decoder.cifcaf][INFO] - annotations 1: [16]
[2024-04-24 08:17:05,510][openpifpaf.predictor][INFO] - batch 0: no-file-name
[2024-04-24 08:17:05,775][openpifpaf.decoder.cifcaf][INFO] - annotations 1: [16]
[2024-04-24 08:17:05,775][openpifpaf.predictor][INFO] - batch 0: no-file-name
[2024-04-24 08:17:05,981][openpifpaf.decoder.cifcaf][INFO] - annotations 1: [16]
[2024-04-24 08:17:05,981][openpifpaf.predictor][INFO] - batch 0: no-file-name
[2024-04-24 08:17:06,233][openpifpaf.decoder.cifcaf][INFO] - annotations 1: [16]
[2024-04-24 08:17:06,233][openpifpaf.predictor][INFO] - batch 0: no-file-name
[2024-04-24 08:17:06,440][openpifpaf.decoder.cifcaf][INFO] - annotations 1: [16]
[2024-04-24 08:17:06,440][openpifpaf.predictor][INFO] - batch 0: no-file-name
[2024-04-24 08:17:06,655][openpifpaf.decoder.cifcaf][INFO] - annotations 1: [16]
[2024-04-24 08:17:06,655][openpifpaf.predictor][INFO] - batch 0: no-file-name
[2024-04-24 08:17:06,861][openpifpaf.decoder.cifcaf][INFO] - annotations 1: [16]
[2024-04-24 08:17:06,861][openpifpaf.predictor][INFO] - batch 0: no-file-name
[2024-04-24 08:17:07,076][openpifpaf.decoder.cifcaf][INFO] - annotations 1: [16]
[2024-04-24 08:17:07,076][openpifpaf.predictor][INFO] - batch 0: no-file-name
[2024-04-24 08:17:07,283][openpifpaf.decoder.cifcaf][INFO] - annotations 1: [16]
[2024-04-24 08:17:07,283][openpifpaf.predictor][INFO] - batch 0: no-file-name
[2024-04-24 08:17:07,492][openpifpaf.decoder.cifcaf][INFO] - annotations 1: [16]
[2024-04-24 08:17:07,492][openpifpaf.predictor][INFO] - batch 0: no-file-name
[2024-04-24 08:17:07,718][openpifpaf.decoder.cifcaf][INFO] - annotations 1: [16]
[2024-04-24 08:17:07,718][openpifpaf.predictor][INFO] - batch 0: no-file-name
[2024-04-24 08:17:07,950][openpifpaf.decoder.cifcaf][INFO] - annotations 1: [16]
[2024-04-24 08:17:07,950][openpifpaf.predictor][INFO] - batch 0: no-file-name
[2024-04-24 08:17:08,208][openpifpaf.decoder.cifcaf][INFO] - annotations 1: [16]
[2024-04-24 08:17:08,209][openpifpaf.predictor][INFO] - batch 0: no-file-name
[2024-04-24 08:17:08,418][openpifpaf.decoder.cifcaf][INFO] - annotations 1: [16]
[2024-04-24 08:17:08,418][openpifpaf.predictor][INFO] - batch 0: no-file-name
[2024-04-24 08:17:09,154][openpifpaf.decoder.cifcaf][INFO] - annotations 1: [16]
[2024-04-24 08:17:09,154][openpifpaf.predictor][INFO] - batch 0: no-file-name
[2024-04-24 08:17:26,033][openpifpaf.decoder.cifcaf][INFO] - annotations 1: [17]
[2024-04-24 08:17:26,034][openpifpaf.predictor][INFO] - batch 0: no-file-name
[2024-04-24 08:17:26,678][openpifpaf.decoder.cifcaf][INFO] - annotations 1: [17]
[2024-04-24 08:17:26,678][openpifpaf.predictor][INFO] - batch 0: no-file-name
