[2024-04-22 03:28:04,808][root][INFO] - Successfully loaded settings:
==================================================
data:
  dataset_name: DPDataset
  data_root: data/frames/
  label_root: data/labels/
  keypoints_root: data/keypoints/
  venue_names:
  - 2023-01-17-livingroom
  - 2023-01-18-livingroom
  - 2023-01-19-livingroom
  - 2023-01-24-livingroom
  - 2023-01-25-livingroom
  - 2023-01-17-openoffice
  - 2023-01-18-openoffice
  - 2023-01-19-openoffice
  - 2023-01-24-openoffice
  - 2023-01-25-openoffice
model:
  tlength: 15
  featvec_joint: true
  hidden_size: 192
  attention_heads: 12
  num_layers: 6
  featvec_bb: false
  featvec_img: false
  omit_temporal_encoder: false
hardware:
  nworkers: 8
  gpus: 8
  bs: 32
task: train
incl_all: false
train_ratio: 0.7
split_method: time
overfit: false
ckpt: ./models/weight.ckpt
noanswer: false
movie: ./demo/example.mp4
lr: r
verbose: false
shrink_rate: 0.1
filter_joint: null
use_preprocessed: false
debug: false
hist_error: false
==================================================

[2024-04-22 03:28:04,808][root][WARNING] - Running DeePoint with CPU takes a long time.
[2024-04-22 03:28:05,037][openpifpaf.decoder.factory][INFO] - No specific decoder requested. Using the first one from:
  --decoder=cifcaf:0
  --decoder=posesimilarity:0
Use any of the above arguments to select one or multiple decoders and to suppress this message.
[2024-04-22 03:28:05,038][openpifpaf.predictor][INFO] - neural network device: cpu (CUDA available: False, count: 0)
[2024-04-22 03:28:05,621][openpifpaf.decoder.cifcaf][INFO] - annotations 1: [14]
[2024-04-22 03:28:05,622][openpifpaf.predictor][INFO] - batch 0: no-file-name
[2024-04-22 03:28:05,794][openpifpaf.decoder.cifcaf][INFO] - annotations 1: [13]
[2024-04-22 03:28:05,794][openpifpaf.predictor][INFO] - batch 0: no-file-name
[2024-04-22 03:28:05,958][openpifpaf.decoder.cifcaf][INFO] - annotations 1: [14]
[2024-04-22 03:28:05,958][openpifpaf.predictor][INFO] - batch 0: no-file-name
[2024-04-22 03:28:06,132][openpifpaf.decoder.cifcaf][INFO] - annotations 1: [14]
[2024-04-22 03:28:06,133][openpifpaf.predictor][INFO] - batch 0: no-file-name
[2024-04-22 03:28:06,306][openpifpaf.decoder.cifcaf][INFO] - annotations 1: [14]
[2024-04-22 03:28:06,306][openpifpaf.predictor][INFO] - batch 0: no-file-name
[2024-04-22 03:28:06,511][openpifpaf.decoder.cifcaf][INFO] - annotations 1: [13]
[2024-04-22 03:28:06,512][openpifpaf.predictor][INFO] - batch 0: no-file-name
[2024-04-22 03:28:06,721][openpifpaf.decoder.cifcaf][INFO] - annotations 1: [13]
[2024-04-22 03:28:06,722][openpifpaf.predictor][INFO] - batch 0: no-file-name
[2024-04-22 03:28:06,905][openpifpaf.decoder.cifcaf][INFO] - annotations 1: [14]
[2024-04-22 03:28:06,905][openpifpaf.predictor][INFO] - batch 0: no-file-name
[2024-04-22 03:28:07,092][openpifpaf.decoder.cifcaf][INFO] - annotations 1: [14]
[2024-04-22 03:28:07,093][openpifpaf.predictor][INFO] - batch 0: no-file-name
[2024-04-22 03:28:07,285][openpifpaf.decoder.cifcaf][INFO] - annotations 1: [14]
[2024-04-22 03:28:07,285][openpifpaf.predictor][INFO] - batch 0: no-file-name
[2024-04-22 03:28:07,486][openpifpaf.decoder.cifcaf][INFO] - annotations 1: [14]
[2024-04-22 03:28:07,486][openpifpaf.predictor][INFO] - batch 0: no-file-name
[2024-04-22 03:28:07,690][openpifpaf.decoder.cifcaf][INFO] - annotations 1: [14]
[2024-04-22 03:28:07,691][openpifpaf.predictor][INFO] - batch 0: no-file-name
[2024-04-22 03:28:07,890][openpifpaf.decoder.cifcaf][INFO] - annotations 1: [14]
[2024-04-22 03:28:07,890][openpifpaf.predictor][INFO] - batch 0: no-file-name
[2024-04-22 03:28:08,091][openpifpaf.decoder.cifcaf][INFO] - annotations 1: [14]
[2024-04-22 03:28:08,091][openpifpaf.predictor][INFO] - batch 0: no-file-name
[2024-04-22 03:28:08,283][openpifpaf.decoder.cifcaf][INFO] - annotations 1: [13]
[2024-04-22 03:28:08,283][openpifpaf.predictor][INFO] - batch 0: no-file-name
[2024-04-22 03:28:08,814][openpifpaf.decoder.cifcaf][INFO] - annotations 1: [13]
[2024-04-22 03:28:08,814][openpifpaf.predictor][INFO] - batch 0: no-file-name
