[2024-04-20 00:40:48,569][root][INFO] - Successfully loaded settings:
==================================================
data:
  dataset_name: DPDataset
  data_root: data/frames/
  label_root: data/labels/
  keypoints_root: data/keypoints/
  venue_names:
  - 2023-01-17-livingroom
  - 2023-01-18-livingroom
  - 2023-01-19-livingroom
  - 2023-01-24-livingroom
  - 2023-01-25-livingroom
  - 2023-01-17-openoffice
  - 2023-01-18-openoffice
  - 2023-01-19-openoffice
  - 2023-01-24-openoffice
  - 2023-01-25-openoffice
model:
  tlength: 15
  featvec_joint: true
  hidden_size: 192
  attention_heads: 12
  num_layers: 6
  featvec_bb: false
  featvec_img: false
  omit_temporal_encoder: false
hardware:
  nworkers: 8
  gpus: 8
  bs: 32
task: train
incl_all: false
train_ratio: 0.7
split_method: time
overfit: false
ckpt: ./models/weight.ckpt
noanswer: false
movie: ./demo/example.mp4
lr: l
verbose: false
shrink_rate: 0.1
filter_joint: null
use_preprocessed: false
debug: false
hist_error: false
==================================================

[2024-04-20 00:40:48,570][root][WARNING] - Running DeePoint with CPU takes a long time.
[2024-04-20 00:40:49,431][openpifpaf.decoder.factory][INFO] - No specific decoder requested. Using the first one from:
  --decoder=cifcaf:0
  --decoder=posesimilarity:0
Use any of the above arguments to select one or multiple decoders and to suppress this message.
[2024-04-20 00:40:49,432][openpifpaf.predictor][INFO] - neural network device: cpu (CUDA available: False, count: 0)
[2024-04-20 00:40:53,212][openpifpaf.decoder.cifcaf][INFO] - annotations 1: [12]
[2024-04-20 00:40:53,213][openpifpaf.predictor][INFO] - batch 0: no-file-name
[2024-04-20 00:40:56,093][openpifpaf.decoder.cifcaf][INFO] - annotations 1: [12]
[2024-04-20 00:40:56,093][openpifpaf.predictor][INFO] - batch 0: no-file-name
[2024-04-20 00:40:59,058][openpifpaf.decoder.cifcaf][INFO] - annotations 1: [12]
[2024-04-20 00:40:59,059][openpifpaf.predictor][INFO] - batch 0: no-file-name
[2024-04-20 00:41:01,987][openpifpaf.decoder.cifcaf][INFO] - annotations 1: [10]
[2024-04-20 00:41:01,988][openpifpaf.predictor][INFO] - batch 0: no-file-name
[2024-04-20 00:41:04,956][openpifpaf.decoder.cifcaf][INFO] - annotations 1: [11]
[2024-04-20 00:41:04,956][openpifpaf.predictor][INFO] - batch 0: no-file-name
[2024-04-20 00:41:07,912][openpifpaf.decoder.cifcaf][INFO] - annotations 1: [11]
[2024-04-20 00:41:07,913][openpifpaf.predictor][INFO] - batch 0: no-file-name
[2024-04-20 00:41:10,849][openpifpaf.decoder.cifcaf][INFO] - annotations 1: [10]
[2024-04-20 00:41:10,850][openpifpaf.predictor][INFO] - batch 0: no-file-name
[2024-04-20 00:41:13,789][openpifpaf.decoder.cifcaf][INFO] - annotations 1: [10]
[2024-04-20 00:41:13,790][openpifpaf.predictor][INFO] - batch 0: no-file-name
[2024-04-20 00:41:16,789][openpifpaf.decoder.cifcaf][INFO] - annotations 1: [11]
[2024-04-20 00:41:16,789][openpifpaf.predictor][INFO] - batch 0: no-file-name
[2024-04-20 00:41:19,705][openpifpaf.decoder.cifcaf][INFO] - annotations 1: [11]
[2024-04-20 00:41:19,706][openpifpaf.predictor][INFO] - batch 0: no-file-name
[2024-04-20 00:41:22,783][openpifpaf.decoder.cifcaf][INFO] - annotations 1: [11]
[2024-04-20 00:41:22,783][openpifpaf.predictor][INFO] - batch 0: no-file-name
[2024-04-20 00:41:25,666][openpifpaf.decoder.cifcaf][INFO] - annotations 1: [11]
[2024-04-20 00:41:25,666][openpifpaf.predictor][INFO] - batch 0: no-file-name
[2024-04-20 00:41:28,675][openpifpaf.decoder.cifcaf][INFO] - annotations 1: [11]
[2024-04-20 00:41:28,675][openpifpaf.predictor][INFO] - batch 0: no-file-name
[2024-04-20 00:41:31,584][openpifpaf.decoder.cifcaf][INFO] - annotations 1: [11]
[2024-04-20 00:41:31,585][openpifpaf.predictor][INFO] - batch 0: no-file-name
[2024-04-20 00:41:34,589][openpifpaf.decoder.cifcaf][INFO] - annotations 1: [11]
[2024-04-20 00:41:34,590][openpifpaf.predictor][INFO] - batch 0: no-file-name
[2024-04-20 00:41:40,703][openpifpaf.decoder.cifcaf][INFO] - annotations 1: [10]
[2024-04-20 00:41:40,703][openpifpaf.predictor][INFO] - batch 0: no-file-name
[2024-04-20 00:43:30,209][openpifpaf.decoder.cifcaf][INFO] - annotations 1: [11]
[2024-04-20 00:43:30,210][openpifpaf.predictor][INFO] - batch 0: no-file-name
[2024-04-20 00:43:38,052][openpifpaf.decoder.cifcaf][INFO] - annotations 1: [11]
[2024-04-20 00:43:38,052][openpifpaf.predictor][INFO] - batch 0: no-file-name
