[2024-04-22 02:26:19,374][root][INFO] - Successfully loaded settings:
==================================================
data:
  dataset_name: DPDataset
  data_root: data/frames/
  label_root: data/labels/
  keypoints_root: data/keypoints/
  venue_names:
  - 2023-01-17-livingroom
  - 2023-01-18-livingroom
  - 2023-01-19-livingroom
  - 2023-01-24-livingroom
  - 2023-01-25-livingroom
  - 2023-01-17-openoffice
  - 2023-01-18-openoffice
  - 2023-01-19-openoffice
  - 2023-01-24-openoffice
  - 2023-01-25-openoffice
model:
  tlength: 15
  featvec_joint: true
  hidden_size: 192
  attention_heads: 12
  num_layers: 6
  featvec_bb: false
  featvec_img: false
  omit_temporal_encoder: false
hardware:
  nworkers: 8
  gpus: 8
  bs: 32
task: train
incl_all: false
train_ratio: 0.7
split_method: time
overfit: false
ckpt: ./models/weight.ckpt
noanswer: false
movie: ./demo/example.mp4
lr: r
verbose: false
shrink_rate: 0.1
filter_joint: null
use_preprocessed: false
debug: false
hist_error: false
==================================================

[2024-04-22 02:26:19,374][root][WARNING] - Running DeePoint with CPU takes a long time.
[2024-04-22 02:26:19,571][openpifpaf.decoder.factory][INFO] - No specific decoder requested. Using the first one from:
  --decoder=cifcaf:0
  --decoder=posesimilarity:0
Use any of the above arguments to select one or multiple decoders and to suppress this message.
[2024-04-22 02:26:19,572][openpifpaf.predictor][INFO] - neural network device: cpu (CUDA available: False, count: 0)
[2024-04-22 02:26:19,970][openpifpaf.decoder.cifcaf][INFO] - annotations 1: [14]
[2024-04-22 02:26:19,970][openpifpaf.predictor][INFO] - batch 0: no-file-name
[2024-04-22 02:26:20,101][openpifpaf.decoder.cifcaf][INFO] - annotations 1: [13]
[2024-04-22 02:26:20,102][openpifpaf.predictor][INFO] - batch 0: no-file-name
[2024-04-22 02:26:20,222][openpifpaf.decoder.cifcaf][INFO] - annotations 1: [14]
[2024-04-22 02:26:20,222][openpifpaf.predictor][INFO] - batch 0: no-file-name
[2024-04-22 02:26:20,343][openpifpaf.decoder.cifcaf][INFO] - annotations 1: [14]
[2024-04-22 02:26:20,344][openpifpaf.predictor][INFO] - batch 0: no-file-name
[2024-04-22 02:26:20,479][openpifpaf.decoder.cifcaf][INFO] - annotations 1: [14]
[2024-04-22 02:26:20,479][openpifpaf.predictor][INFO] - batch 0: no-file-name
[2024-04-22 02:26:20,615][openpifpaf.decoder.cifcaf][INFO] - annotations 1: [13]
[2024-04-22 02:26:20,616][openpifpaf.predictor][INFO] - batch 0: no-file-name
[2024-04-22 02:26:20,743][openpifpaf.decoder.cifcaf][INFO] - annotations 1: [13]
[2024-04-22 02:26:20,744][openpifpaf.predictor][INFO] - batch 0: no-file-name
[2024-04-22 02:26:20,870][openpifpaf.decoder.cifcaf][INFO] - annotations 1: [14]
[2024-04-22 02:26:20,870][openpifpaf.predictor][INFO] - batch 0: no-file-name
[2024-04-22 02:26:21,004][openpifpaf.decoder.cifcaf][INFO] - annotations 1: [14]
[2024-04-22 02:26:21,005][openpifpaf.predictor][INFO] - batch 0: no-file-name
[2024-04-22 02:26:21,133][openpifpaf.decoder.cifcaf][INFO] - annotations 1: [14]
[2024-04-22 02:26:21,133][openpifpaf.predictor][INFO] - batch 0: no-file-name
[2024-04-22 02:26:21,258][openpifpaf.decoder.cifcaf][INFO] - annotations 1: [14]
[2024-04-22 02:26:21,258][openpifpaf.predictor][INFO] - batch 0: no-file-name
[2024-04-22 02:26:21,405][openpifpaf.decoder.cifcaf][INFO] - annotations 1: [14]
[2024-04-22 02:26:21,405][openpifpaf.predictor][INFO] - batch 0: no-file-name
[2024-04-22 02:26:21,602][openpifpaf.decoder.cifcaf][INFO] - annotations 1: [14]
[2024-04-22 02:26:21,602][openpifpaf.predictor][INFO] - batch 0: no-file-name
[2024-04-22 02:26:21,744][openpifpaf.decoder.cifcaf][INFO] - annotations 1: [14]
[2024-04-22 02:26:21,745][openpifpaf.predictor][INFO] - batch 0: no-file-name
[2024-04-22 02:26:21,900][openpifpaf.decoder.cifcaf][INFO] - annotations 1: [13]
[2024-04-22 02:26:21,901][openpifpaf.predictor][INFO] - batch 0: no-file-name
[2024-04-22 02:26:22,299][openpifpaf.decoder.cifcaf][INFO] - annotations 1: [13]
[2024-04-22 02:26:22,299][openpifpaf.predictor][INFO] - batch 0: no-file-name
[2024-04-22 02:26:36,128][openpifpaf.decoder.cifcaf][INFO] - annotations 1: [13]
[2024-04-22 02:26:36,128][openpifpaf.predictor][INFO] - batch 0: no-file-name
[2024-04-22 02:26:36,498][openpifpaf.decoder.cifcaf][INFO] - annotations 1: [14]
[2024-04-22 02:26:36,498][openpifpaf.predictor][INFO] - batch 0: no-file-name
[2024-04-22 02:26:52,483][openpifpaf.decoder.cifcaf][INFO] - annotations 1: [14]
[2024-04-22 02:26:52,483][openpifpaf.predictor][INFO] - batch 0: no-file-name
[2024-04-22 02:26:52,932][openpifpaf.decoder.cifcaf][INFO] - annotations 1: [14]
[2024-04-22 02:26:52,933][openpifpaf.predictor][INFO] - batch 0: no-file-name
