[2024-04-22 04:43:58,630][root][INFO] - Successfully loaded settings:
==================================================
data:
  dataset_name: DPDataset
  data_root: data/frames/
  label_root: data/labels/
  keypoints_root: data/keypoints/
  venue_names:
  - 2023-01-17-livingroom
  - 2023-01-18-livingroom
  - 2023-01-19-livingroom
  - 2023-01-24-livingroom
  - 2023-01-25-livingroom
  - 2023-01-17-openoffice
  - 2023-01-18-openoffice
  - 2023-01-19-openoffice
  - 2023-01-24-openoffice
  - 2023-01-25-openoffice
model:
  tlength: 15
  featvec_joint: true
  hidden_size: 192
  attention_heads: 12
  num_layers: 6
  featvec_bb: false
  featvec_img: false
  omit_temporal_encoder: false
hardware:
  nworkers: 8
  gpus: 8
  bs: 32
task: train
incl_all: false
train_ratio: 0.7
split_method: time
overfit: false
ckpt: ./models/weight.ckpt
noanswer: false
movie: ./demo/example.mp4
lr: l
verbose: false
shrink_rate: 0.1
filter_joint: null
use_preprocessed: false
debug: false
hist_error: false
==================================================

[2024-04-22 04:43:58,630][root][WARNING] - Running DeePoint with CPU takes a long time.
[2024-04-22 04:43:58,896][openpifpaf.decoder.factory][INFO] - No specific decoder requested. Using the first one from:
  --decoder=cifcaf:0
  --decoder=posesimilarity:0
Use any of the above arguments to select one or multiple decoders and to suppress this message.
[2024-04-22 04:43:58,897][openpifpaf.predictor][INFO] - neural network device: cpu (CUDA available: False, count: 0)
[2024-04-22 04:43:59,747][openpifpaf.decoder.cifcaf][INFO] - annotations 1: [14]
[2024-04-22 04:43:59,747][openpifpaf.predictor][INFO] - batch 0: no-file-name
[2024-04-22 04:43:59,880][openpifpaf.decoder.cifcaf][INFO] - annotations 1: [13]
[2024-04-22 04:43:59,881][openpifpaf.predictor][INFO] - batch 0: no-file-name
[2024-04-22 04:44:00,003][openpifpaf.decoder.cifcaf][INFO] - annotations 1: [14]
[2024-04-22 04:44:00,003][openpifpaf.predictor][INFO] - batch 0: no-file-name
[2024-04-22 04:44:00,133][openpifpaf.decoder.cifcaf][INFO] - annotations 1: [14]
[2024-04-22 04:44:00,134][openpifpaf.predictor][INFO] - batch 0: no-file-name
[2024-04-22 04:44:00,262][openpifpaf.decoder.cifcaf][INFO] - annotations 1: [14]
[2024-04-22 04:44:00,262][openpifpaf.predictor][INFO] - batch 0: no-file-name
[2024-04-22 04:44:00,389][openpifpaf.decoder.cifcaf][INFO] - annotations 1: [13]
[2024-04-22 04:44:00,389][openpifpaf.predictor][INFO] - batch 0: no-file-name
[2024-04-22 04:44:00,523][openpifpaf.decoder.cifcaf][INFO] - annotations 1: [13]
[2024-04-22 04:44:00,523][openpifpaf.predictor][INFO] - batch 0: no-file-name
[2024-04-22 04:44:00,653][openpifpaf.decoder.cifcaf][INFO] - annotations 1: [14]
[2024-04-22 04:44:00,653][openpifpaf.predictor][INFO] - batch 0: no-file-name
[2024-04-22 04:44:00,803][openpifpaf.decoder.cifcaf][INFO] - annotations 1: [14]
[2024-04-22 04:44:00,803][openpifpaf.predictor][INFO] - batch 0: no-file-name
[2024-04-22 04:44:00,935][openpifpaf.decoder.cifcaf][INFO] - annotations 1: [14]
[2024-04-22 04:44:00,935][openpifpaf.predictor][INFO] - batch 0: no-file-name
[2024-04-22 04:44:01,130][openpifpaf.decoder.cifcaf][INFO] - annotations 1: [14]
[2024-04-22 04:44:01,130][openpifpaf.predictor][INFO] - batch 0: no-file-name
[2024-04-22 04:44:01,280][openpifpaf.decoder.cifcaf][INFO] - annotations 1: [14]
[2024-04-22 04:44:01,280][openpifpaf.predictor][INFO] - batch 0: no-file-name
[2024-04-22 04:44:01,422][openpifpaf.decoder.cifcaf][INFO] - annotations 1: [14]
[2024-04-22 04:44:01,422][openpifpaf.predictor][INFO] - batch 0: no-file-name
[2024-04-22 04:44:01,612][openpifpaf.decoder.cifcaf][INFO] - annotations 1: [14]
[2024-04-22 04:44:01,612][openpifpaf.predictor][INFO] - batch 0: no-file-name
[2024-04-22 04:44:01,825][openpifpaf.decoder.cifcaf][INFO] - annotations 1: [13]
[2024-04-22 04:44:01,825][openpifpaf.predictor][INFO] - batch 0: no-file-name
[2024-04-22 04:44:02,309][openpifpaf.decoder.cifcaf][INFO] - annotations 1: [13]
[2024-04-22 04:44:02,309][openpifpaf.predictor][INFO] - batch 0: no-file-name
[2024-04-22 04:44:13,689][openpifpaf.decoder.cifcaf][INFO] - annotations 1: [13]
[2024-04-22 04:44:13,690][openpifpaf.predictor][INFO] - batch 0: no-file-name
[2024-04-22 04:44:14,150][openpifpaf.decoder.cifcaf][INFO] - annotations 1: [14]
[2024-04-22 04:44:14,150][openpifpaf.predictor][INFO] - batch 0: no-file-name
[2024-04-22 04:44:25,961][openpifpaf.decoder.cifcaf][INFO] - annotations 1: [14]
[2024-04-22 04:44:25,962][openpifpaf.predictor][INFO] - batch 0: no-file-name
