[2024-04-21 23:10:16,194][root][INFO] - Successfully loaded settings:
==================================================
data:
  dataset_name: DPDataset
  data_root: data/frames/
  label_root: data/labels/
  keypoints_root: data/keypoints/
  venue_names:
  - 2023-01-17-livingroom
  - 2023-01-18-livingroom
  - 2023-01-19-livingroom
  - 2023-01-24-livingroom
  - 2023-01-25-livingroom
  - 2023-01-17-openoffice
  - 2023-01-18-openoffice
  - 2023-01-19-openoffice
  - 2023-01-24-openoffice
  - 2023-01-25-openoffice
model:
  tlength: 15
  featvec_joint: true
  hidden_size: 192
  attention_heads: 12
  num_layers: 6
  featvec_bb: false
  featvec_img: false
  omit_temporal_encoder: false
hardware:
  nworkers: 8
  gpus: 8
  bs: 32
task: train
incl_all: false
train_ratio: 0.7
split_method: time
overfit: false
ckpt: ./models/weight.ckpt
noanswer: false
movie: ./demo/demo_1.mp4
lr: r
verbose: false
shrink_rate: 0.1
filter_joint: null
use_preprocessed: false
debug: false
hist_error: false
==================================================

[2024-04-21 23:10:16,194][root][WARNING] - Running DeePoint with CPU takes a long time.
[2024-04-21 23:10:16,423][openpifpaf.decoder.factory][INFO] - No specific decoder requested. Using the first one from:
  --decoder=cifcaf:0
  --decoder=posesimilarity:0
Use any of the above arguments to select one or multiple decoders and to suppress this message.
[2024-04-21 23:10:16,423][openpifpaf.predictor][INFO] - neural network device: cpu (CUDA available: False, count: 0)
[2024-04-21 23:10:16,930][openpifpaf.decoder.cifcaf][INFO] - annotations 1: [11]
[2024-04-21 23:10:16,930][openpifpaf.predictor][INFO] - batch 0: no-file-name
[2024-04-21 23:10:17,111][openpifpaf.decoder.cifcaf][INFO] - annotations 1: [11]
[2024-04-21 23:10:17,112][openpifpaf.predictor][INFO] - batch 0: no-file-name
[2024-04-21 23:10:17,294][openpifpaf.decoder.cifcaf][INFO] - annotations 1: [11]
[2024-04-21 23:10:17,294][openpifpaf.predictor][INFO] - batch 0: no-file-name
[2024-04-21 23:10:17,479][openpifpaf.decoder.cifcaf][INFO] - annotations 1: [11]
[2024-04-21 23:10:17,480][openpifpaf.predictor][INFO] - batch 0: no-file-name
[2024-04-21 23:10:17,661][openpifpaf.decoder.cifcaf][INFO] - annotations 1: [11]
[2024-04-21 23:10:17,661][openpifpaf.predictor][INFO] - batch 0: no-file-name
[2024-04-21 23:10:17,830][openpifpaf.decoder.cifcaf][INFO] - annotations 1: [11]
[2024-04-21 23:10:17,830][openpifpaf.predictor][INFO] - batch 0: no-file-name
[2024-04-21 23:10:18,010][openpifpaf.decoder.cifcaf][INFO] - annotations 1: [11]
[2024-04-21 23:10:18,010][openpifpaf.predictor][INFO] - batch 0: no-file-name
[2024-04-21 23:10:18,181][openpifpaf.decoder.cifcaf][INFO] - annotations 1: [11]
[2024-04-21 23:10:18,181][openpifpaf.predictor][INFO] - batch 0: no-file-name
[2024-04-21 23:10:18,404][openpifpaf.decoder.cifcaf][INFO] - annotations 1: [11]
[2024-04-21 23:10:18,405][openpifpaf.predictor][INFO] - batch 0: no-file-name
[2024-04-21 23:10:18,590][openpifpaf.decoder.cifcaf][INFO] - annotations 1: [11]
[2024-04-21 23:10:18,591][openpifpaf.predictor][INFO] - batch 0: no-file-name
[2024-04-21 23:10:18,787][openpifpaf.decoder.cifcaf][INFO] - annotations 1: [11]
[2024-04-21 23:10:18,787][openpifpaf.predictor][INFO] - batch 0: no-file-name
[2024-04-21 23:10:18,983][openpifpaf.decoder.cifcaf][INFO] - annotations 1: [11]
[2024-04-21 23:10:18,983][openpifpaf.predictor][INFO] - batch 0: no-file-name
[2024-04-21 23:10:19,181][openpifpaf.decoder.cifcaf][INFO] - annotations 1: [11]
[2024-04-21 23:10:19,181][openpifpaf.predictor][INFO] - batch 0: no-file-name
[2024-04-21 23:10:19,375][openpifpaf.decoder.cifcaf][INFO] - annotations 1: [11]
[2024-04-21 23:10:19,375][openpifpaf.predictor][INFO] - batch 0: no-file-name
[2024-04-21 23:10:19,557][openpifpaf.decoder.cifcaf][INFO] - annotations 1: [11]
[2024-04-21 23:10:19,557][openpifpaf.predictor][INFO] - batch 0: no-file-name
[2024-04-21 23:10:20,024][openpifpaf.decoder.cifcaf][INFO] - annotations 1: [11]
[2024-04-21 23:10:20,024][openpifpaf.predictor][INFO] - batch 0: no-file-name
[2024-04-21 23:10:37,396][openpifpaf.decoder.cifcaf][INFO] - annotations 1: [11]
[2024-04-21 23:10:37,397][openpifpaf.predictor][INFO] - batch 0: no-file-name
[2024-04-21 23:10:37,825][openpifpaf.decoder.cifcaf][INFO] - annotations 1: [11]
[2024-04-21 23:10:37,825][openpifpaf.predictor][INFO] - batch 0: no-file-name
