[2024-04-21 23:22:08,757][root][INFO] - Successfully loaded settings:
==================================================
data:
  dataset_name: DPDataset
  data_root: data/frames/
  label_root: data/labels/
  keypoints_root: data/keypoints/
  venue_names:
  - 2023-01-17-livingroom
  - 2023-01-18-livingroom
  - 2023-01-19-livingroom
  - 2023-01-24-livingroom
  - 2023-01-25-livingroom
  - 2023-01-17-openoffice
  - 2023-01-18-openoffice
  - 2023-01-19-openoffice
  - 2023-01-24-openoffice
  - 2023-01-25-openoffice
model:
  tlength: 15
  featvec_joint: true
  hidden_size: 192
  attention_heads: 12
  num_layers: 6
  featvec_bb: false
  featvec_img: false
  omit_temporal_encoder: false
hardware:
  nworkers: 8
  gpus: 8
  bs: 32
task: train
incl_all: false
train_ratio: 0.7
split_method: time
overfit: false
ckpt: ./models/weight.ckpt
noanswer: false
movie: ./demo/demo_1.mp4
lr: r
verbose: false
shrink_rate: 0.1
filter_joint: null
use_preprocessed: false
debug: false
hist_error: false
==================================================

[2024-04-21 23:22:08,757][root][WARNING] - Running DeePoint with CPU takes a long time.
[2024-04-21 23:22:08,982][openpifpaf.decoder.factory][INFO] - No specific decoder requested. Using the first one from:
  --decoder=cifcaf:0
  --decoder=posesimilarity:0
Use any of the above arguments to select one or multiple decoders and to suppress this message.
[2024-04-21 23:22:08,983][openpifpaf.predictor][INFO] - neural network device: cpu (CUDA available: False, count: 0)
[2024-04-21 23:22:09,457][openpifpaf.decoder.cifcaf][INFO] - annotations 1: [11]
[2024-04-21 23:22:09,457][openpifpaf.predictor][INFO] - batch 0: no-file-name
[2024-04-21 23:22:09,638][openpifpaf.decoder.cifcaf][INFO] - annotations 1: [11]
[2024-04-21 23:22:09,638][openpifpaf.predictor][INFO] - batch 0: no-file-name
[2024-04-21 23:22:09,820][openpifpaf.decoder.cifcaf][INFO] - annotations 1: [11]
[2024-04-21 23:22:09,820][openpifpaf.predictor][INFO] - batch 0: no-file-name
[2024-04-21 23:22:10,007][openpifpaf.decoder.cifcaf][INFO] - annotations 1: [11]
[2024-04-21 23:22:10,008][openpifpaf.predictor][INFO] - batch 0: no-file-name
[2024-04-21 23:22:10,192][openpifpaf.decoder.cifcaf][INFO] - annotations 1: [11]
[2024-04-21 23:22:10,193][openpifpaf.predictor][INFO] - batch 0: no-file-name
[2024-04-21 23:22:10,382][openpifpaf.decoder.cifcaf][INFO] - annotations 1: [11]
[2024-04-21 23:22:10,383][openpifpaf.predictor][INFO] - batch 0: no-file-name
[2024-04-21 23:22:10,568][openpifpaf.decoder.cifcaf][INFO] - annotations 1: [11]
[2024-04-21 23:22:10,568][openpifpaf.predictor][INFO] - batch 0: no-file-name
[2024-04-21 23:22:10,758][openpifpaf.decoder.cifcaf][INFO] - annotations 1: [11]
[2024-04-21 23:22:10,758][openpifpaf.predictor][INFO] - batch 0: no-file-name
[2024-04-21 23:22:10,926][openpifpaf.decoder.cifcaf][INFO] - annotations 1: [11]
[2024-04-21 23:22:10,927][openpifpaf.predictor][INFO] - batch 0: no-file-name
[2024-04-21 23:22:11,103][openpifpaf.decoder.cifcaf][INFO] - annotations 1: [11]
[2024-04-21 23:22:11,104][openpifpaf.predictor][INFO] - batch 0: no-file-name
[2024-04-21 23:22:11,295][openpifpaf.decoder.cifcaf][INFO] - annotations 1: [11]
[2024-04-21 23:22:11,295][openpifpaf.predictor][INFO] - batch 0: no-file-name
[2024-04-21 23:22:11,484][openpifpaf.decoder.cifcaf][INFO] - annotations 1: [11]
[2024-04-21 23:22:11,484][openpifpaf.predictor][INFO] - batch 0: no-file-name
[2024-04-21 23:22:11,677][openpifpaf.decoder.cifcaf][INFO] - annotations 1: [11]
[2024-04-21 23:22:11,678][openpifpaf.predictor][INFO] - batch 0: no-file-name
[2024-04-21 23:22:11,853][openpifpaf.decoder.cifcaf][INFO] - annotations 1: [11]
[2024-04-21 23:22:11,853][openpifpaf.predictor][INFO] - batch 0: no-file-name
[2024-04-21 23:22:12,045][openpifpaf.decoder.cifcaf][INFO] - annotations 1: [11]
[2024-04-21 23:22:12,045][openpifpaf.predictor][INFO] - batch 0: no-file-name
[2024-04-21 23:22:12,497][openpifpaf.decoder.cifcaf][INFO] - annotations 1: [11]
[2024-04-21 23:22:12,497][openpifpaf.predictor][INFO] - batch 0: no-file-name
[2024-04-21 23:22:29,764][openpifpaf.decoder.cifcaf][INFO] - annotations 1: [11]
[2024-04-21 23:22:29,765][openpifpaf.predictor][INFO] - batch 0: no-file-name
[2024-04-21 23:22:30,220][openpifpaf.decoder.cifcaf][INFO] - annotations 1: [11]
[2024-04-21 23:22:30,221][openpifpaf.predictor][INFO] - batch 0: no-file-name
