[2024-04-22 02:19:29,580][root][INFO] - Successfully loaded settings:
==================================================
data:
  dataset_name: DPDataset
  data_root: data/frames/
  label_root: data/labels/
  keypoints_root: data/keypoints/
  venue_names:
  - 2023-01-17-livingroom
  - 2023-01-18-livingroom
  - 2023-01-19-livingroom
  - 2023-01-24-livingroom
  - 2023-01-25-livingroom
  - 2023-01-17-openoffice
  - 2023-01-18-openoffice
  - 2023-01-19-openoffice
  - 2023-01-24-openoffice
  - 2023-01-25-openoffice
model:
  tlength: 15
  featvec_joint: true
  hidden_size: 192
  attention_heads: 12
  num_layers: 6
  featvec_bb: false
  featvec_img: false
  omit_temporal_encoder: false
hardware:
  nworkers: 8
  gpus: 8
  bs: 32
task: train
incl_all: false
train_ratio: 0.7
split_method: time
overfit: false
ckpt: ./models/weight.ckpt
noanswer: false
movie: ./demo/example.mp4
lr: r
verbose: false
shrink_rate: 0.1
filter_joint: null
use_preprocessed: false
debug: false
hist_error: false
==================================================

[2024-04-22 02:19:29,580][root][WARNING] - Running DeePoint with CPU takes a long time.
[2024-04-22 02:19:29,778][openpifpaf.decoder.factory][INFO] - No specific decoder requested. Using the first one from:
  --decoder=cifcaf:0
  --decoder=posesimilarity:0
Use any of the above arguments to select one or multiple decoders and to suppress this message.
[2024-04-22 02:19:29,778][openpifpaf.predictor][INFO] - neural network device: cpu (CUDA available: False, count: 0)
[2024-04-22 02:19:30,184][openpifpaf.decoder.cifcaf][INFO] - annotations 1: [14]
[2024-04-22 02:19:30,184][openpifpaf.predictor][INFO] - batch 0: no-file-name
[2024-04-22 02:19:30,301][openpifpaf.decoder.cifcaf][INFO] - annotations 1: [13]
[2024-04-22 02:19:30,301][openpifpaf.predictor][INFO] - batch 0: no-file-name
[2024-04-22 02:19:30,419][openpifpaf.decoder.cifcaf][INFO] - annotations 1: [14]
[2024-04-22 02:19:30,419][openpifpaf.predictor][INFO] - batch 0: no-file-name
[2024-04-22 02:19:30,538][openpifpaf.decoder.cifcaf][INFO] - annotations 1: [14]
[2024-04-22 02:19:30,538][openpifpaf.predictor][INFO] - batch 0: no-file-name
[2024-04-22 02:19:30,656][openpifpaf.decoder.cifcaf][INFO] - annotations 1: [14]
[2024-04-22 02:19:30,656][openpifpaf.predictor][INFO] - batch 0: no-file-name
[2024-04-22 02:19:30,787][openpifpaf.decoder.cifcaf][INFO] - annotations 1: [13]
[2024-04-22 02:19:30,787][openpifpaf.predictor][INFO] - batch 0: no-file-name
[2024-04-22 02:19:30,919][openpifpaf.decoder.cifcaf][INFO] - annotations 1: [13]
[2024-04-22 02:19:30,920][openpifpaf.predictor][INFO] - batch 0: no-file-name
[2024-04-22 02:19:31,035][openpifpaf.decoder.cifcaf][INFO] - annotations 1: [14]
[2024-04-22 02:19:31,036][openpifpaf.predictor][INFO] - batch 0: no-file-name
[2024-04-22 02:19:31,162][openpifpaf.decoder.cifcaf][INFO] - annotations 1: [14]
[2024-04-22 02:19:31,162][openpifpaf.predictor][INFO] - batch 0: no-file-name
[2024-04-22 02:19:31,281][openpifpaf.decoder.cifcaf][INFO] - annotations 1: [14]
[2024-04-22 02:19:31,282][openpifpaf.predictor][INFO] - batch 0: no-file-name
[2024-04-22 02:19:31,420][openpifpaf.decoder.cifcaf][INFO] - annotations 1: [14]
[2024-04-22 02:19:31,420][openpifpaf.predictor][INFO] - batch 0: no-file-name
[2024-04-22 02:19:31,541][openpifpaf.decoder.cifcaf][INFO] - annotations 1: [14]
[2024-04-22 02:19:31,541][openpifpaf.predictor][INFO] - batch 0: no-file-name
[2024-04-22 02:19:31,670][openpifpaf.decoder.cifcaf][INFO] - annotations 1: [14]
[2024-04-22 02:19:31,670][openpifpaf.predictor][INFO] - batch 0: no-file-name
[2024-04-22 02:19:31,800][openpifpaf.decoder.cifcaf][INFO] - annotations 1: [14]
[2024-04-22 02:19:31,800][openpifpaf.predictor][INFO] - batch 0: no-file-name
[2024-04-22 02:19:31,945][openpifpaf.decoder.cifcaf][INFO] - annotations 1: [13]
[2024-04-22 02:19:31,946][openpifpaf.predictor][INFO] - batch 0: no-file-name
[2024-04-22 02:19:32,297][openpifpaf.decoder.cifcaf][INFO] - annotations 1: [13]
[2024-04-22 02:19:32,297][openpifpaf.predictor][INFO] - batch 0: no-file-name
