[2024-04-21 03:31:01,273][root][INFO] - Successfully loaded settings:
==================================================
data:
  dataset_name: DPDataset
  data_root: data/frames/
  label_root: data/labels/
  keypoints_root: data/keypoints/
  venue_names:
  - 2023-01-17-livingroom
  - 2023-01-18-livingroom
  - 2023-01-19-livingroom
  - 2023-01-24-livingroom
  - 2023-01-25-livingroom
  - 2023-01-17-openoffice
  - 2023-01-18-openoffice
  - 2023-01-19-openoffice
  - 2023-01-24-openoffice
  - 2023-01-25-openoffice
model:
  tlength: 15
  featvec_joint: true
  hidden_size: 192
  attention_heads: 12
  num_layers: 6
  featvec_bb: false
  featvec_img: false
  omit_temporal_encoder: false
hardware:
  nworkers: 8
  gpus: 8
  bs: 32
task: train
incl_all: false
train_ratio: 0.7
split_method: time
overfit: false
ckpt: ./models/weight.ckpt
noanswer: false
movie: ./demo/example.mp4
lr: r
verbose: false
shrink_rate: 0.1
filter_joint: null
use_preprocessed: false
debug: false
hist_error: false
==================================================

[2024-04-21 03:31:01,273][root][WARNING] - Running DeePoint with CPU takes a long time.
[2024-04-21 03:31:01,469][openpifpaf.decoder.factory][INFO] - No specific decoder requested. Using the first one from:
  --decoder=cifcaf:0
  --decoder=posesimilarity:0
Use any of the above arguments to select one or multiple decoders and to suppress this message.
[2024-04-21 03:31:01,469][openpifpaf.predictor][INFO] - neural network device: cpu (CUDA available: False, count: 0)
[2024-04-21 03:31:01,869][openpifpaf.decoder.cifcaf][INFO] - annotations 1: [14]
[2024-04-21 03:31:01,870][openpifpaf.predictor][INFO] - batch 0: no-file-name
[2024-04-21 03:31:01,998][openpifpaf.decoder.cifcaf][INFO] - annotations 1: [13]
[2024-04-21 03:31:01,999][openpifpaf.predictor][INFO] - batch 0: no-file-name
[2024-04-21 03:31:02,123][openpifpaf.decoder.cifcaf][INFO] - annotations 1: [14]
[2024-04-21 03:31:02,124][openpifpaf.predictor][INFO] - batch 0: no-file-name
[2024-04-21 03:31:02,240][openpifpaf.decoder.cifcaf][INFO] - annotations 1: [14]
[2024-04-21 03:31:02,240][openpifpaf.predictor][INFO] - batch 0: no-file-name
[2024-04-21 03:31:02,372][openpifpaf.decoder.cifcaf][INFO] - annotations 1: [14]
[2024-04-21 03:31:02,372][openpifpaf.predictor][INFO] - batch 0: no-file-name
[2024-04-21 03:31:02,488][openpifpaf.decoder.cifcaf][INFO] - annotations 1: [13]
[2024-04-21 03:31:02,489][openpifpaf.predictor][INFO] - batch 0: no-file-name
[2024-04-21 03:31:02,611][openpifpaf.decoder.cifcaf][INFO] - annotations 1: [13]
[2024-04-21 03:31:02,611][openpifpaf.predictor][INFO] - batch 0: no-file-name
[2024-04-21 03:31:02,739][openpifpaf.decoder.cifcaf][INFO] - annotations 1: [14]
[2024-04-21 03:31:02,740][openpifpaf.predictor][INFO] - batch 0: no-file-name
[2024-04-21 03:31:02,868][openpifpaf.decoder.cifcaf][INFO] - annotations 1: [14]
[2024-04-21 03:31:02,869][openpifpaf.predictor][INFO] - batch 0: no-file-name
[2024-04-21 03:31:02,997][openpifpaf.decoder.cifcaf][INFO] - annotations 1: [14]
[2024-04-21 03:31:02,997][openpifpaf.predictor][INFO] - batch 0: no-file-name
[2024-04-21 03:31:03,125][openpifpaf.decoder.cifcaf][INFO] - annotations 1: [14]
[2024-04-21 03:31:03,125][openpifpaf.predictor][INFO] - batch 0: no-file-name
[2024-04-21 03:31:03,254][openpifpaf.decoder.cifcaf][INFO] - annotations 1: [14]
[2024-04-21 03:31:03,255][openpifpaf.predictor][INFO] - batch 0: no-file-name
[2024-04-21 03:31:03,383][openpifpaf.decoder.cifcaf][INFO] - annotations 1: [14]
[2024-04-21 03:31:03,384][openpifpaf.predictor][INFO] - batch 0: no-file-name
[2024-04-21 03:31:03,511][openpifpaf.decoder.cifcaf][INFO] - annotations 1: [14]
[2024-04-21 03:31:03,511][openpifpaf.predictor][INFO] - batch 0: no-file-name
[2024-04-21 03:31:03,633][openpifpaf.decoder.cifcaf][INFO] - annotations 1: [13]
[2024-04-21 03:31:03,633][openpifpaf.predictor][INFO] - batch 0: no-file-name
[2024-04-21 03:31:03,977][openpifpaf.decoder.cifcaf][INFO] - annotations 1: [13]
[2024-04-21 03:31:03,977][openpifpaf.predictor][INFO] - batch 0: no-file-name
[2024-04-21 03:31:12,638][openpifpaf.decoder.cifcaf][INFO] - annotations 1: [13]
[2024-04-21 03:31:12,639][openpifpaf.predictor][INFO] - batch 0: no-file-name
[2024-04-21 03:31:12,952][openpifpaf.decoder.cifcaf][INFO] - annotations 1: [14]
[2024-04-21 03:31:12,952][openpifpaf.predictor][INFO] - batch 0: no-file-name
