[2024-04-22 03:47:57,122][root][INFO] - Successfully loaded settings:
==================================================
data:
  dataset_name: DPDataset
  data_root: data/frames/
  label_root: data/labels/
  keypoints_root: data/keypoints/
  venue_names:
  - 2023-01-17-livingroom
  - 2023-01-18-livingroom
  - 2023-01-19-livingroom
  - 2023-01-24-livingroom
  - 2023-01-25-livingroom
  - 2023-01-17-openoffice
  - 2023-01-18-openoffice
  - 2023-01-19-openoffice
  - 2023-01-24-openoffice
  - 2023-01-25-openoffice
model:
  tlength: 15
  featvec_joint: true
  hidden_size: 192
  attention_heads: 12
  num_layers: 6
  featvec_bb: false
  featvec_img: false
  omit_temporal_encoder: false
hardware:
  nworkers: 8
  gpus: 8
  bs: 32
task: train
incl_all: false
train_ratio: 0.7
split_method: time
overfit: false
ckpt: ./models/weight.ckpt
noanswer: false
movie: ./demo/example.mp4
lr: l
verbose: false
shrink_rate: 0.1
filter_joint: null
use_preprocessed: false
debug: false
hist_error: false
==================================================

[2024-04-22 03:47:57,123][root][WARNING] - Running DeePoint with CPU takes a long time.
[2024-04-22 03:47:57,352][openpifpaf.decoder.factory][INFO] - No specific decoder requested. Using the first one from:
  --decoder=cifcaf:0
  --decoder=posesimilarity:0
Use any of the above arguments to select one or multiple decoders and to suppress this message.
[2024-04-22 03:47:57,352][openpifpaf.predictor][INFO] - neural network device: cpu (CUDA available: False, count: 0)
[2024-04-22 03:47:57,874][openpifpaf.decoder.cifcaf][INFO] - annotations 1: [14]
[2024-04-22 03:47:57,875][openpifpaf.predictor][INFO] - batch 0: no-file-name
[2024-04-22 03:47:58,072][openpifpaf.decoder.cifcaf][INFO] - annotations 1: [13]
[2024-04-22 03:47:58,073][openpifpaf.predictor][INFO] - batch 0: no-file-name
[2024-04-22 03:47:58,270][openpifpaf.decoder.cifcaf][INFO] - annotations 1: [14]
[2024-04-22 03:47:58,270][openpifpaf.predictor][INFO] - batch 0: no-file-name
[2024-04-22 03:47:58,474][openpifpaf.decoder.cifcaf][INFO] - annotations 1: [14]
[2024-04-22 03:47:58,474][openpifpaf.predictor][INFO] - batch 0: no-file-name
[2024-04-22 03:47:58,669][openpifpaf.decoder.cifcaf][INFO] - annotations 1: [14]
[2024-04-22 03:47:58,670][openpifpaf.predictor][INFO] - batch 0: no-file-name
[2024-04-22 03:47:58,873][openpifpaf.decoder.cifcaf][INFO] - annotations 1: [13]
[2024-04-22 03:47:58,873][openpifpaf.predictor][INFO] - batch 0: no-file-name
[2024-04-22 03:47:59,072][openpifpaf.decoder.cifcaf][INFO] - annotations 1: [13]
[2024-04-22 03:47:59,072][openpifpaf.predictor][INFO] - batch 0: no-file-name
[2024-04-22 03:47:59,269][openpifpaf.decoder.cifcaf][INFO] - annotations 1: [14]
[2024-04-22 03:47:59,269][openpifpaf.predictor][INFO] - batch 0: no-file-name
[2024-04-22 03:47:59,468][openpifpaf.decoder.cifcaf][INFO] - annotations 1: [14]
[2024-04-22 03:47:59,468][openpifpaf.predictor][INFO] - batch 0: no-file-name
[2024-04-22 03:47:59,667][openpifpaf.decoder.cifcaf][INFO] - annotations 1: [14]
[2024-04-22 03:47:59,668][openpifpaf.predictor][INFO] - batch 0: no-file-name
[2024-04-22 03:47:59,869][openpifpaf.decoder.cifcaf][INFO] - annotations 1: [14]
[2024-04-22 03:47:59,869][openpifpaf.predictor][INFO] - batch 0: no-file-name
[2024-04-22 03:48:00,068][openpifpaf.decoder.cifcaf][INFO] - annotations 1: [14]
[2024-04-22 03:48:00,068][openpifpaf.predictor][INFO] - batch 0: no-file-name
[2024-04-22 03:48:00,270][openpifpaf.decoder.cifcaf][INFO] - annotations 1: [14]
[2024-04-22 03:48:00,271][openpifpaf.predictor][INFO] - batch 0: no-file-name
[2024-04-22 03:48:00,537][openpifpaf.decoder.cifcaf][INFO] - annotations 1: [14]
[2024-04-22 03:48:00,537][openpifpaf.predictor][INFO] - batch 0: no-file-name
[2024-04-22 03:48:00,825][openpifpaf.decoder.cifcaf][INFO] - annotations 1: [13]
[2024-04-22 03:48:00,826][openpifpaf.predictor][INFO] - batch 0: no-file-name
[2024-04-22 03:48:01,348][openpifpaf.decoder.cifcaf][INFO] - annotations 1: [13]
[2024-04-22 03:48:01,348][openpifpaf.predictor][INFO] - batch 0: no-file-name
[2024-04-22 03:48:15,103][openpifpaf.decoder.cifcaf][INFO] - annotations 1: [13]
[2024-04-22 03:48:15,103][openpifpaf.predictor][INFO] - batch 0: no-file-name
[2024-04-22 03:48:15,597][openpifpaf.decoder.cifcaf][INFO] - annotations 1: [14]
[2024-04-22 03:48:15,597][openpifpaf.predictor][INFO] - batch 0: no-file-name
[2024-04-22 03:48:28,707][openpifpaf.decoder.cifcaf][INFO] - annotations 1: [14]
[2024-04-22 03:48:28,708][openpifpaf.predictor][INFO] - batch 0: no-file-name
[2024-04-22 03:48:29,223][openpifpaf.decoder.cifcaf][INFO] - annotations 1: [14]
[2024-04-22 03:48:29,224][openpifpaf.predictor][INFO] - batch 0: no-file-name
[2024-04-22 03:48:44,162][openpifpaf.decoder.cifcaf][INFO] - annotations 1: [14]
[2024-04-22 03:48:44,163][openpifpaf.predictor][INFO] - batch 0: no-file-name
[2024-04-22 03:48:44,756][openpifpaf.decoder.cifcaf][INFO] - annotations 1: [14]
[2024-04-22 03:48:44,757][openpifpaf.predictor][INFO] - batch 0: no-file-name
[2024-04-22 03:48:58,883][openpifpaf.decoder.cifcaf][INFO] - annotations 1: [14]
[2024-04-22 03:48:58,884][openpifpaf.predictor][INFO] - batch 0: no-file-name
[2024-04-22 03:48:59,363][openpifpaf.decoder.cifcaf][INFO] - annotations 1: [14]
[2024-04-22 03:48:59,363][openpifpaf.predictor][INFO] - batch 0: no-file-name
[2024-04-22 03:49:13,856][openpifpaf.decoder.cifcaf][INFO] - annotations 1: [14]
[2024-04-22 03:49:13,856][openpifpaf.predictor][INFO] - batch 0: no-file-name
[2024-04-22 03:49:14,419][openpifpaf.decoder.cifcaf][INFO] - annotations 1: [14]
[2024-04-22 03:49:14,419][openpifpaf.predictor][INFO] - batch 0: no-file-name
[2024-04-22 03:49:30,421][openpifpaf.decoder.cifcaf][INFO] - annotations 1: [14]
[2024-04-22 03:49:30,421][openpifpaf.predictor][INFO] - batch 0: no-file-name
[2024-04-22 03:49:30,948][openpifpaf.decoder.cifcaf][INFO] - annotations 1: [14]
[2024-04-22 03:49:30,948][openpifpaf.predictor][INFO] - batch 0: no-file-name
[2024-04-22 03:49:44,473][openpifpaf.decoder.cifcaf][INFO] - annotations 1: [14]
[2024-04-22 03:49:44,474][openpifpaf.predictor][INFO] - batch 0: no-file-name
[2024-04-22 03:49:45,029][openpifpaf.decoder.cifcaf][INFO] - annotations 1: [14]
[2024-04-22 03:49:45,029][openpifpaf.predictor][INFO] - batch 0: no-file-name
[2024-04-22 03:49:58,710][openpifpaf.decoder.cifcaf][INFO] - annotations 1: [14]
[2024-04-22 03:49:58,710][openpifpaf.predictor][INFO] - batch 0: no-file-name
[2024-04-22 03:49:59,312][openpifpaf.decoder.cifcaf][INFO] - annotations 1: [14]
[2024-04-22 03:49:59,312][openpifpaf.predictor][INFO] - batch 0: no-file-name
[2024-04-22 03:50:12,974][openpifpaf.decoder.cifcaf][INFO] - annotations 1: [14]
[2024-04-22 03:50:12,975][openpifpaf.predictor][INFO] - batch 0: no-file-name
[2024-04-22 03:50:13,715][openpifpaf.decoder.cifcaf][INFO] - annotations 1: [14]
[2024-04-22 03:50:13,716][openpifpaf.predictor][INFO] - batch 0: no-file-name
[2024-04-22 03:50:28,522][openpifpaf.decoder.cifcaf][INFO] - annotations 1: [14]
[2024-04-22 03:50:28,523][openpifpaf.predictor][INFO] - batch 0: no-file-name
[2024-04-22 03:50:29,226][openpifpaf.decoder.cifcaf][INFO] - annotations 1: [14]
[2024-04-22 03:50:29,227][openpifpaf.predictor][INFO] - batch 0: no-file-name
