[2024-04-22 03:24:19,052][root][INFO] - Successfully loaded settings:
==================================================
data:
  dataset_name: DPDataset
  data_root: data/frames/
  label_root: data/labels/
  keypoints_root: data/keypoints/
  venue_names:
  - 2023-01-17-livingroom
  - 2023-01-18-livingroom
  - 2023-01-19-livingroom
  - 2023-01-24-livingroom
  - 2023-01-25-livingroom
  - 2023-01-17-openoffice
  - 2023-01-18-openoffice
  - 2023-01-19-openoffice
  - 2023-01-24-openoffice
  - 2023-01-25-openoffice
model:
  tlength: 15
  featvec_joint: true
  hidden_size: 192
  attention_heads: 12
  num_layers: 6
  featvec_bb: false
  featvec_img: false
  omit_temporal_encoder: false
hardware:
  nworkers: 8
  gpus: 8
  bs: 32
task: train
incl_all: false
train_ratio: 0.7
split_method: time
overfit: false
ckpt: ./models/weight.ckpt
noanswer: false
movie: ./demo/example.mp4
lr: r
verbose: false
shrink_rate: 0.1
filter_joint: null
use_preprocessed: false
debug: false
hist_error: false
==================================================

[2024-04-22 03:24:19,052][root][WARNING] - Running DeePoint with CPU takes a long time.
[2024-04-22 03:24:19,278][openpifpaf.decoder.factory][INFO] - No specific decoder requested. Using the first one from:
  --decoder=cifcaf:0
  --decoder=posesimilarity:0
Use any of the above arguments to select one or multiple decoders and to suppress this message.
[2024-04-22 03:24:19,278][openpifpaf.predictor][INFO] - neural network device: cpu (CUDA available: False, count: 0)
[2024-04-22 03:24:19,793][openpifpaf.decoder.cifcaf][INFO] - annotations 1: [14]
[2024-04-22 03:24:19,793][openpifpaf.predictor][INFO] - batch 0: no-file-name
[2024-04-22 03:24:19,980][openpifpaf.decoder.cifcaf][INFO] - annotations 1: [13]
[2024-04-22 03:24:19,980][openpifpaf.predictor][INFO] - batch 0: no-file-name
[2024-04-22 03:24:20,165][openpifpaf.decoder.cifcaf][INFO] - annotations 1: [14]
[2024-04-22 03:24:20,165][openpifpaf.predictor][INFO] - batch 0: no-file-name
[2024-04-22 03:24:20,353][openpifpaf.decoder.cifcaf][INFO] - annotations 1: [14]
[2024-04-22 03:24:20,353][openpifpaf.predictor][INFO] - batch 0: no-file-name
[2024-04-22 03:24:20,552][openpifpaf.decoder.cifcaf][INFO] - annotations 1: [14]
[2024-04-22 03:24:20,553][openpifpaf.predictor][INFO] - batch 0: no-file-name
[2024-04-22 03:24:20,735][openpifpaf.decoder.cifcaf][INFO] - annotations 1: [13]
[2024-04-22 03:24:20,735][openpifpaf.predictor][INFO] - batch 0: no-file-name
[2024-04-22 03:24:20,928][openpifpaf.decoder.cifcaf][INFO] - annotations 1: [13]
[2024-04-22 03:24:20,929][openpifpaf.predictor][INFO] - batch 0: no-file-name
[2024-04-22 03:24:21,128][openpifpaf.decoder.cifcaf][INFO] - annotations 1: [14]
[2024-04-22 03:24:21,128][openpifpaf.predictor][INFO] - batch 0: no-file-name
[2024-04-22 03:24:21,326][openpifpaf.decoder.cifcaf][INFO] - annotations 1: [14]
[2024-04-22 03:24:21,326][openpifpaf.predictor][INFO] - batch 0: no-file-name
[2024-04-22 03:24:21,531][openpifpaf.decoder.cifcaf][INFO] - annotations 1: [14]
[2024-04-22 03:24:21,531][openpifpaf.predictor][INFO] - batch 0: no-file-name
[2024-04-22 03:24:21,730][openpifpaf.decoder.cifcaf][INFO] - annotations 1: [14]
[2024-04-22 03:24:21,731][openpifpaf.predictor][INFO] - batch 0: no-file-name
[2024-04-22 03:24:21,940][openpifpaf.decoder.cifcaf][INFO] - annotations 1: [14]
[2024-04-22 03:24:21,940][openpifpaf.predictor][INFO] - batch 0: no-file-name
[2024-04-22 03:24:22,139][openpifpaf.decoder.cifcaf][INFO] - annotations 1: [14]
[2024-04-22 03:24:22,140][openpifpaf.predictor][INFO] - batch 0: no-file-name
[2024-04-22 03:24:22,345][openpifpaf.decoder.cifcaf][INFO] - annotations 1: [14]
[2024-04-22 03:24:22,345][openpifpaf.predictor][INFO] - batch 0: no-file-name
[2024-04-22 03:24:22,560][openpifpaf.decoder.cifcaf][INFO] - annotations 1: [13]
[2024-04-22 03:24:22,560][openpifpaf.predictor][INFO] - batch 0: no-file-name
[2024-04-22 03:24:23,117][openpifpaf.decoder.cifcaf][INFO] - annotations 1: [13]
[2024-04-22 03:24:23,118][openpifpaf.predictor][INFO] - batch 0: no-file-name
[2024-04-22 03:24:36,257][openpifpaf.decoder.cifcaf][INFO] - annotations 1: [13]
[2024-04-22 03:24:36,257][openpifpaf.predictor][INFO] - batch 0: no-file-name
[2024-04-22 03:24:36,847][openpifpaf.decoder.cifcaf][INFO] - annotations 1: [14]
[2024-04-22 03:24:36,847][openpifpaf.predictor][INFO] - batch 0: no-file-name
[2024-04-22 03:24:49,303][openpifpaf.decoder.cifcaf][INFO] - annotations 1: [14]
[2024-04-22 03:24:49,303][openpifpaf.predictor][INFO] - batch 0: no-file-name
[2024-04-22 03:24:49,810][openpifpaf.decoder.cifcaf][INFO] - annotations 1: [14]
[2024-04-22 03:24:49,810][openpifpaf.predictor][INFO] - batch 0: no-file-name
[2024-04-22 03:25:02,675][openpifpaf.decoder.cifcaf][INFO] - annotations 1: [14]
[2024-04-22 03:25:02,675][openpifpaf.predictor][INFO] - batch 0: no-file-name
[2024-04-22 03:25:03,242][openpifpaf.decoder.cifcaf][INFO] - annotations 1: [14]
[2024-04-22 03:25:03,243][openpifpaf.predictor][INFO] - batch 0: no-file-name
[2024-04-22 03:25:16,570][openpifpaf.decoder.cifcaf][INFO] - annotations 1: [14]
[2024-04-22 03:25:16,571][openpifpaf.predictor][INFO] - batch 0: no-file-name
[2024-04-22 03:25:17,099][openpifpaf.decoder.cifcaf][INFO] - annotations 1: [14]
[2024-04-22 03:25:17,100][openpifpaf.predictor][INFO] - batch 0: no-file-name
