[2024-04-21 01:00:59,480][root][INFO] - Successfully loaded settings:
==================================================
data:
  dataset_name: DPDataset
  data_root: data/frames/
  label_root: data/labels/
  keypoints_root: data/keypoints/
  venue_names:
  - 2023-01-17-livingroom
  - 2023-01-18-livingroom
  - 2023-01-19-livingroom
  - 2023-01-24-livingroom
  - 2023-01-25-livingroom
  - 2023-01-17-openoffice
  - 2023-01-18-openoffice
  - 2023-01-19-openoffice
  - 2023-01-24-openoffice
  - 2023-01-25-openoffice
model:
  tlength: 15
  featvec_joint: true
  hidden_size: 192
  attention_heads: 12
  num_layers: 6
  featvec_bb: false
  featvec_img: false
  omit_temporal_encoder: false
hardware:
  nworkers: 8
  gpus: 8
  bs: 32
task: train
incl_all: false
train_ratio: 0.7
split_method: time
overfit: false
ckpt: ./models/weight.ckpt
noanswer: false
movie: ./demo/JK_demo_1.mp4
lr: r
verbose: false
shrink_rate: 0.1
filter_joint: null
use_preprocessed: false
debug: false
hist_error: false
==================================================

[2024-04-21 01:00:59,481][root][WARNING] - Running DeePoint with CPU takes a long time.
[2024-04-21 01:00:59,727][openpifpaf.decoder.factory][INFO] - No specific decoder requested. Using the first one from:
  --decoder=cifcaf:0
  --decoder=posesimilarity:0
Use any of the above arguments to select one or multiple decoders and to suppress this message.
[2024-04-21 01:00:59,727][openpifpaf.predictor][INFO] - neural network device: cpu (CUDA available: False, count: 0)
[2024-04-21 01:01:00,242][openpifpaf.decoder.cifcaf][INFO] - annotations 1: [15]
[2024-04-21 01:01:00,242][openpifpaf.predictor][INFO] - batch 0: no-file-name
[2024-04-21 01:01:00,407][openpifpaf.decoder.cifcaf][INFO] - annotations 1: [15]
[2024-04-21 01:01:00,407][openpifpaf.predictor][INFO] - batch 0: no-file-name
[2024-04-21 01:01:00,597][openpifpaf.decoder.cifcaf][INFO] - annotations 1: [15]
[2024-04-21 01:01:00,597][openpifpaf.predictor][INFO] - batch 0: no-file-name
[2024-04-21 01:01:00,781][openpifpaf.decoder.cifcaf][INFO] - annotations 1: [15]
[2024-04-21 01:01:00,782][openpifpaf.predictor][INFO] - batch 0: no-file-name
[2024-04-21 01:01:00,957][openpifpaf.decoder.cifcaf][INFO] - annotations 1: [15]
[2024-04-21 01:01:00,958][openpifpaf.predictor][INFO] - batch 0: no-file-name
[2024-04-21 01:01:01,146][openpifpaf.decoder.cifcaf][INFO] - annotations 1: [15]
[2024-04-21 01:01:01,146][openpifpaf.predictor][INFO] - batch 0: no-file-name
[2024-04-21 01:01:01,317][openpifpaf.decoder.cifcaf][INFO] - annotations 1: [15]
[2024-04-21 01:01:01,317][openpifpaf.predictor][INFO] - batch 0: no-file-name
[2024-04-21 01:01:01,491][openpifpaf.decoder.cifcaf][INFO] - annotations 1: [15]
[2024-04-21 01:01:01,492][openpifpaf.predictor][INFO] - batch 0: no-file-name
[2024-04-21 01:01:01,654][openpifpaf.decoder.cifcaf][INFO] - annotations 1: [15]
[2024-04-21 01:01:01,655][openpifpaf.predictor][INFO] - batch 0: no-file-name
[2024-04-21 01:01:01,834][openpifpaf.decoder.cifcaf][INFO] - annotations 1: [15]
[2024-04-21 01:01:01,834][openpifpaf.predictor][INFO] - batch 0: no-file-name
[2024-04-21 01:01:02,052][openpifpaf.decoder.cifcaf][INFO] - annotations 1: [15]
[2024-04-21 01:01:02,053][openpifpaf.predictor][INFO] - batch 0: no-file-name
[2024-04-21 01:01:02,248][openpifpaf.decoder.cifcaf][INFO] - annotations 1: [15]
[2024-04-21 01:01:02,249][openpifpaf.predictor][INFO] - batch 0: no-file-name
[2024-04-21 01:01:02,441][openpifpaf.decoder.cifcaf][INFO] - annotations 1: [15]
[2024-04-21 01:01:02,441][openpifpaf.predictor][INFO] - batch 0: no-file-name
[2024-04-21 01:01:02,637][openpifpaf.decoder.cifcaf][INFO] - annotations 1: [15]
[2024-04-21 01:01:02,637][openpifpaf.predictor][INFO] - batch 0: no-file-name
[2024-04-21 01:01:02,837][openpifpaf.decoder.cifcaf][INFO] - annotations 1: [15]
[2024-04-21 01:01:02,837][openpifpaf.predictor][INFO] - batch 0: no-file-name
[2024-04-21 01:01:03,288][openpifpaf.decoder.cifcaf][INFO] - annotations 1: [15]
[2024-04-21 01:01:03,288][openpifpaf.predictor][INFO] - batch 0: no-file-name
[2024-04-21 01:01:10,629][openpifpaf.decoder.cifcaf][INFO] - annotations 1: [15]
[2024-04-21 01:01:10,629][openpifpaf.predictor][INFO] - batch 0: no-file-name
[2024-04-21 01:01:11,029][openpifpaf.decoder.cifcaf][INFO] - annotations 1: [15]
[2024-04-21 01:01:11,029][openpifpaf.predictor][INFO] - batch 0: no-file-name
[2024-04-21 01:01:17,892][openpifpaf.decoder.cifcaf][INFO] - annotations 1: [15]
[2024-04-21 01:01:17,892][openpifpaf.predictor][INFO] - batch 0: no-file-name
[2024-04-21 01:01:18,311][openpifpaf.decoder.cifcaf][INFO] - annotations 1: [15]
[2024-04-21 01:01:18,311][openpifpaf.predictor][INFO] - batch 0: no-file-name
[2024-04-21 01:01:25,374][openpifpaf.decoder.cifcaf][INFO] - annotations 1: [15]
[2024-04-21 01:01:25,375][openpifpaf.predictor][INFO] - batch 0: no-file-name
[2024-04-21 01:01:25,867][openpifpaf.decoder.cifcaf][INFO] - annotations 1: [15]
[2024-04-21 01:01:25,867][openpifpaf.predictor][INFO] - batch 0: no-file-name
[2024-04-21 01:01:32,769][openpifpaf.decoder.cifcaf][INFO] - annotations 1: [15]
[2024-04-21 01:01:32,770][openpifpaf.predictor][INFO] - batch 0: no-file-name
[2024-04-21 01:01:33,240][openpifpaf.decoder.cifcaf][INFO] - annotations 1: [15]
[2024-04-21 01:01:33,240][openpifpaf.predictor][INFO] - batch 0: no-file-name
[2024-04-21 01:01:40,342][openpifpaf.decoder.cifcaf][INFO] - annotations 1: [15]
[2024-04-21 01:01:40,342][openpifpaf.predictor][INFO] - batch 0: no-file-name
[2024-04-21 01:01:40,817][openpifpaf.decoder.cifcaf][INFO] - annotations 1: [15]
[2024-04-21 01:01:40,818][openpifpaf.predictor][INFO] - batch 0: no-file-name
[2024-04-21 01:01:47,702][openpifpaf.decoder.cifcaf][INFO] - annotations 1: [15]
[2024-04-21 01:01:47,702][openpifpaf.predictor][INFO] - batch 0: no-file-name
[2024-04-21 01:01:48,193][openpifpaf.decoder.cifcaf][INFO] - annotations 1: [15]
[2024-04-21 01:01:48,193][openpifpaf.predictor][INFO] - batch 0: no-file-name
[2024-04-21 01:01:55,124][openpifpaf.decoder.cifcaf][INFO] - annotations 1: [15]
[2024-04-21 01:01:55,125][openpifpaf.predictor][INFO] - batch 0: no-file-name
[2024-04-21 01:01:55,632][openpifpaf.decoder.cifcaf][INFO] - annotations 1: [15]
[2024-04-21 01:01:55,633][openpifpaf.predictor][INFO] - batch 0: no-file-name
[2024-04-21 01:02:02,561][openpifpaf.decoder.cifcaf][INFO] - annotations 1: [15]
[2024-04-21 01:02:02,561][openpifpaf.predictor][INFO] - batch 0: no-file-name
[2024-04-21 01:02:03,042][openpifpaf.decoder.cifcaf][INFO] - annotations 1: [15]
[2024-04-21 01:02:03,042][openpifpaf.predictor][INFO] - batch 0: no-file-name
[2024-04-21 01:02:10,220][openpifpaf.decoder.cifcaf][INFO] - annotations 1: [15]
[2024-04-21 01:02:10,220][openpifpaf.predictor][INFO] - batch 0: no-file-name
[2024-04-21 01:02:10,739][openpifpaf.decoder.cifcaf][INFO] - annotations 1: [15]
[2024-04-21 01:02:10,739][openpifpaf.predictor][INFO] - batch 0: no-file-name
[2024-04-21 01:02:17,718][openpifpaf.decoder.cifcaf][INFO] - annotations 1: [15]
[2024-04-21 01:02:17,718][openpifpaf.predictor][INFO] - batch 0: no-file-name
[2024-04-21 01:02:18,231][openpifpaf.decoder.cifcaf][INFO] - annotations 1: [15]
[2024-04-21 01:02:18,232][openpifpaf.predictor][INFO] - batch 0: no-file-name
[2024-04-21 01:02:25,240][openpifpaf.decoder.cifcaf][INFO] - annotations 1: [15]
[2024-04-21 01:02:25,240][openpifpaf.predictor][INFO] - batch 0: no-file-name
[2024-04-21 01:02:25,743][openpifpaf.decoder.cifcaf][INFO] - annotations 1: [15]
[2024-04-21 01:02:25,744][openpifpaf.predictor][INFO] - batch 0: no-file-name
[2024-04-21 01:02:32,907][openpifpaf.decoder.cifcaf][INFO] - annotations 1: [15]
[2024-04-21 01:02:32,907][openpifpaf.predictor][INFO] - batch 0: no-file-name
[2024-04-21 01:02:33,439][openpifpaf.decoder.cifcaf][INFO] - annotations 1: [15]
[2024-04-21 01:02:33,440][openpifpaf.predictor][INFO] - batch 0: no-file-name
[2024-04-21 01:02:40,369][openpifpaf.decoder.cifcaf][INFO] - annotations 1: [15]
[2024-04-21 01:02:40,369][openpifpaf.predictor][INFO] - batch 0: no-file-name
[2024-04-21 01:02:40,883][openpifpaf.decoder.cifcaf][INFO] - annotations 1: [15]
[2024-04-21 01:02:40,883][openpifpaf.predictor][INFO] - batch 0: no-file-name
[2024-04-21 01:02:48,134][openpifpaf.decoder.cifcaf][INFO] - annotations 1: [15]
[2024-04-21 01:02:48,134][openpifpaf.predictor][INFO] - batch 0: no-file-name
[2024-04-21 01:02:48,710][openpifpaf.decoder.cifcaf][INFO] - annotations 1: [15]
[2024-04-21 01:02:48,711][openpifpaf.predictor][INFO] - batch 0: no-file-name
[2024-04-21 01:02:55,948][openpifpaf.decoder.cifcaf][INFO] - annotations 1: [15]
[2024-04-21 01:02:55,948][openpifpaf.predictor][INFO] - batch 0: no-file-name
[2024-04-21 01:02:56,484][openpifpaf.decoder.cifcaf][INFO] - annotations 1: [15]
[2024-04-21 01:02:56,484][openpifpaf.predictor][INFO] - batch 0: no-file-name
[2024-04-21 01:03:03,370][openpifpaf.decoder.cifcaf][INFO] - annotations 1: [15]
[2024-04-21 01:03:03,370][openpifpaf.predictor][INFO] - batch 0: no-file-name
[2024-04-21 01:03:03,928][openpifpaf.decoder.cifcaf][INFO] - annotations 1: [15]
[2024-04-21 01:03:03,929][openpifpaf.predictor][INFO] - batch 0: no-file-name
[2024-04-21 01:03:10,928][openpifpaf.decoder.cifcaf][INFO] - annotations 1: [15]
[2024-04-21 01:03:10,928][openpifpaf.predictor][INFO] - batch 0: no-file-name
[2024-04-21 01:03:11,483][openpifpaf.decoder.cifcaf][INFO] - annotations 1: [15]
[2024-04-21 01:03:11,483][openpifpaf.predictor][INFO] - batch 0: no-file-name
[2024-04-21 01:03:18,702][openpifpaf.decoder.cifcaf][INFO] - annotations 1: [15]
[2024-04-21 01:03:18,703][openpifpaf.predictor][INFO] - batch 0: no-file-name
[2024-04-21 01:03:19,218][openpifpaf.decoder.cifcaf][INFO] - annotations 1: [15]
[2024-04-21 01:03:19,218][openpifpaf.predictor][INFO] - batch 0: no-file-name
[2024-04-21 01:03:26,408][openpifpaf.decoder.cifcaf][INFO] - annotations 1: [15]
[2024-04-21 01:03:26,409][openpifpaf.predictor][INFO] - batch 0: no-file-name
[2024-04-21 01:03:26,937][openpifpaf.decoder.cifcaf][INFO] - annotations 1: [15]
[2024-04-21 01:03:26,937][openpifpaf.predictor][INFO] - batch 0: no-file-name
[2024-04-21 01:03:34,150][openpifpaf.decoder.cifcaf][INFO] - annotations 1: [15]
[2024-04-21 01:03:34,150][openpifpaf.predictor][INFO] - batch 0: no-file-name
[2024-04-21 01:03:34,644][openpifpaf.decoder.cifcaf][INFO] - annotations 1: [15]
[2024-04-21 01:03:34,644][openpifpaf.predictor][INFO] - batch 0: no-file-name
[2024-04-21 01:03:41,889][openpifpaf.decoder.cifcaf][INFO] - annotations 1: [15]
[2024-04-21 01:03:41,889][openpifpaf.predictor][INFO] - batch 0: no-file-name
[2024-04-21 01:03:42,409][openpifpaf.decoder.cifcaf][INFO] - annotations 1: [15]
[2024-04-21 01:03:42,409][openpifpaf.predictor][INFO] - batch 0: no-file-name
[2024-04-21 01:03:49,409][openpifpaf.decoder.cifcaf][INFO] - annotations 1: [15]
[2024-04-21 01:03:49,409][openpifpaf.predictor][INFO] - batch 0: no-file-name
[2024-04-21 01:03:49,890][openpifpaf.decoder.cifcaf][INFO] - annotations 1: [15]
[2024-04-21 01:03:49,890][openpifpaf.predictor][INFO] - batch 0: no-file-name
[2024-04-21 01:03:57,140][openpifpaf.decoder.cifcaf][INFO] - annotations 1: [15]
[2024-04-21 01:03:57,140][openpifpaf.predictor][INFO] - batch 0: no-file-name
[2024-04-21 01:03:57,658][openpifpaf.decoder.cifcaf][INFO] - annotations 1: [15]
[2024-04-21 01:03:57,658][openpifpaf.predictor][INFO] - batch 0: no-file-name
[2024-04-21 01:04:04,685][openpifpaf.decoder.cifcaf][INFO] - annotations 1: [15]
[2024-04-21 01:04:04,685][openpifpaf.predictor][INFO] - batch 0: no-file-name
[2024-04-21 01:04:05,200][openpifpaf.decoder.cifcaf][INFO] - annotations 1: [15]
[2024-04-21 01:04:05,200][openpifpaf.predictor][INFO] - batch 0: no-file-name
[2024-04-21 01:04:12,195][openpifpaf.decoder.cifcaf][INFO] - annotations 1: [15]
[2024-04-21 01:04:12,195][openpifpaf.predictor][INFO] - batch 0: no-file-name
[2024-04-21 01:04:12,724][openpifpaf.decoder.cifcaf][INFO] - annotations 1: [15]
[2024-04-21 01:04:12,725][openpifpaf.predictor][INFO] - batch 0: no-file-name
[2024-04-21 01:04:19,704][openpifpaf.decoder.cifcaf][INFO] - annotations 1: [15]
[2024-04-21 01:04:19,705][openpifpaf.predictor][INFO] - batch 0: no-file-name
[2024-04-21 01:04:20,244][openpifpaf.decoder.cifcaf][INFO] - annotations 1: [15]
[2024-04-21 01:04:20,244][openpifpaf.predictor][INFO] - batch 0: no-file-name
[2024-04-21 01:04:27,414][openpifpaf.decoder.cifcaf][INFO] - annotations 1: [15]
[2024-04-21 01:04:27,414][openpifpaf.predictor][INFO] - batch 0: no-file-name
[2024-04-21 01:04:27,945][openpifpaf.decoder.cifcaf][INFO] - annotations 1: [15]
[2024-04-21 01:04:27,945][openpifpaf.predictor][INFO] - batch 0: no-file-name
[2024-04-21 01:04:35,022][openpifpaf.decoder.cifcaf][INFO] - annotations 1: [15]
[2024-04-21 01:04:35,022][openpifpaf.predictor][INFO] - batch 0: no-file-name
[2024-04-21 01:04:35,592][openpifpaf.decoder.cifcaf][INFO] - annotations 1: [15]
[2024-04-21 01:04:35,592][openpifpaf.predictor][INFO] - batch 0: no-file-name
[2024-04-21 01:04:42,706][openpifpaf.decoder.cifcaf][INFO] - annotations 1: [15]
[2024-04-21 01:04:42,706][openpifpaf.predictor][INFO] - batch 0: no-file-name
[2024-04-21 01:04:43,300][openpifpaf.decoder.cifcaf][INFO] - annotations 1: [15]
[2024-04-21 01:04:43,300][openpifpaf.predictor][INFO] - batch 0: no-file-name
[2024-04-21 01:04:50,262][openpifpaf.decoder.cifcaf][INFO] - annotations 1: [15]
[2024-04-21 01:04:50,262][openpifpaf.predictor][INFO] - batch 0: no-file-name
[2024-04-21 01:04:50,826][openpifpaf.decoder.cifcaf][INFO] - annotations 1: [15]
[2024-04-21 01:04:50,826][openpifpaf.predictor][INFO] - batch 0: no-file-name
[2024-04-21 01:04:57,928][openpifpaf.decoder.cifcaf][INFO] - annotations 1: [15]
[2024-04-21 01:04:57,928][openpifpaf.predictor][INFO] - batch 0: no-file-name
[2024-04-21 01:04:58,525][openpifpaf.decoder.cifcaf][INFO] - annotations 1: [15]
[2024-04-21 01:04:58,525][openpifpaf.predictor][INFO] - batch 0: no-file-name
[2024-04-21 01:05:05,829][openpifpaf.decoder.cifcaf][INFO] - annotations 1: [15]
[2024-04-21 01:05:05,829][openpifpaf.predictor][INFO] - batch 0: no-file-name
[2024-04-21 01:05:06,409][openpifpaf.decoder.cifcaf][INFO] - annotations 1: [15]
[2024-04-21 01:05:06,410][openpifpaf.predictor][INFO] - batch 0: no-file-name
[2024-04-21 01:05:13,750][openpifpaf.decoder.cifcaf][INFO] - annotations 1: [15]
[2024-04-21 01:05:13,750][openpifpaf.predictor][INFO] - batch 0: no-file-name
[2024-04-21 01:05:14,296][openpifpaf.decoder.cifcaf][INFO] - annotations 1: [15]
[2024-04-21 01:05:14,296][openpifpaf.predictor][INFO] - batch 0: no-file-name
[2024-04-21 01:05:21,273][openpifpaf.decoder.cifcaf][INFO] - annotations 1: [15]
[2024-04-21 01:05:21,273][openpifpaf.predictor][INFO] - batch 0: no-file-name
[2024-04-21 01:05:21,825][openpifpaf.decoder.cifcaf][INFO] - annotations 1: [15]
[2024-04-21 01:05:21,826][openpifpaf.predictor][INFO] - batch 0: no-file-name
[2024-04-21 01:05:28,818][openpifpaf.decoder.cifcaf][INFO] - annotations 1: [15]
[2024-04-21 01:05:28,818][openpifpaf.predictor][INFO] - batch 0: no-file-name
[2024-04-21 01:05:29,315][openpifpaf.decoder.cifcaf][INFO] - annotations 1: [15]
[2024-04-21 01:05:29,315][openpifpaf.predictor][INFO] - batch 0: no-file-name
[2024-04-21 01:05:36,398][openpifpaf.decoder.cifcaf][INFO] - annotations 1: [15]
[2024-04-21 01:05:36,399][openpifpaf.predictor][INFO] - batch 0: no-file-name
[2024-04-21 01:05:36,916][openpifpaf.decoder.cifcaf][INFO] - annotations 1: [15]
[2024-04-21 01:05:36,916][openpifpaf.predictor][INFO] - batch 0: no-file-name
[2024-04-21 01:05:43,869][openpifpaf.decoder.cifcaf][INFO] - annotations 1: [15]
[2024-04-21 01:05:43,869][openpifpaf.predictor][INFO] - batch 0: no-file-name
[2024-04-21 01:05:44,412][openpifpaf.decoder.cifcaf][INFO] - annotations 1: [15]
[2024-04-21 01:05:44,413][openpifpaf.predictor][INFO] - batch 0: no-file-name
[2024-04-21 01:05:51,407][openpifpaf.decoder.cifcaf][INFO] - annotations 1: [15]
[2024-04-21 01:05:51,407][openpifpaf.predictor][INFO] - batch 0: no-file-name
[2024-04-21 01:05:51,908][openpifpaf.decoder.cifcaf][INFO] - annotations 1: [15]
[2024-04-21 01:05:51,909][openpifpaf.predictor][INFO] - batch 0: no-file-name
[2024-04-21 01:05:58,947][openpifpaf.decoder.cifcaf][INFO] - annotations 1: [15]
[2024-04-21 01:05:58,948][openpifpaf.predictor][INFO] - batch 0: no-file-name
[2024-04-21 01:05:59,452][openpifpaf.decoder.cifcaf][INFO] - annotations 1: [15]
[2024-04-21 01:05:59,453][openpifpaf.predictor][INFO] - batch 0: no-file-name
[2024-04-21 01:06:06,707][openpifpaf.decoder.cifcaf][INFO] - annotations 1: [15]
[2024-04-21 01:06:06,707][openpifpaf.predictor][INFO] - batch 0: no-file-name
[2024-04-21 01:06:07,236][openpifpaf.decoder.cifcaf][INFO] - annotations 1: [15]
[2024-04-21 01:06:07,237][openpifpaf.predictor][INFO] - batch 0: no-file-name
[2024-04-21 01:06:14,466][openpifpaf.decoder.cifcaf][INFO] - annotations 1: [15]
[2024-04-21 01:06:14,466][openpifpaf.predictor][INFO] - batch 0: no-file-name
[2024-04-21 01:06:15,024][openpifpaf.decoder.cifcaf][INFO] - annotations 1: [15]
[2024-04-21 01:06:15,025][openpifpaf.predictor][INFO] - batch 0: no-file-name
[2024-04-21 01:06:22,016][openpifpaf.decoder.cifcaf][INFO] - annotations 1: [15]
[2024-04-21 01:06:22,017][openpifpaf.predictor][INFO] - batch 0: no-file-name
[2024-04-21 01:06:22,565][openpifpaf.decoder.cifcaf][INFO] - annotations 1: [15]
[2024-04-21 01:06:22,566][openpifpaf.predictor][INFO] - batch 0: no-file-name
[2024-04-21 01:06:29,673][openpifpaf.decoder.cifcaf][INFO] - annotations 1: [15]
[2024-04-21 01:06:29,673][openpifpaf.predictor][INFO] - batch 0: no-file-name
[2024-04-21 01:06:30,258][openpifpaf.decoder.cifcaf][INFO] - annotations 1: [15]
[2024-04-21 01:06:30,258][openpifpaf.predictor][INFO] - batch 0: no-file-name
[2024-04-21 01:06:37,384][openpifpaf.decoder.cifcaf][INFO] - annotations 1: [15]
[2024-04-21 01:06:37,384][openpifpaf.predictor][INFO] - batch 0: no-file-name
[2024-04-21 01:06:37,963][openpifpaf.decoder.cifcaf][INFO] - annotations 1: [15]
[2024-04-21 01:06:37,963][openpifpaf.predictor][INFO] - batch 0: no-file-name
[2024-04-21 01:06:45,023][openpifpaf.decoder.cifcaf][INFO] - annotations 1: [15]
[2024-04-21 01:06:45,024][openpifpaf.predictor][INFO] - batch 0: no-file-name
[2024-04-21 01:06:45,613][openpifpaf.decoder.cifcaf][INFO] - annotations 1: [15]
[2024-04-21 01:06:45,613][openpifpaf.predictor][INFO] - batch 0: no-file-name
[2024-04-21 01:06:52,803][openpifpaf.decoder.cifcaf][INFO] - annotations 1: [15]
[2024-04-21 01:06:52,803][openpifpaf.predictor][INFO] - batch 0: no-file-name
[2024-04-21 01:06:53,370][openpifpaf.decoder.cifcaf][INFO] - annotations 1: [15]
[2024-04-21 01:06:53,370][openpifpaf.predictor][INFO] - batch 0: no-file-name
[2024-04-21 01:07:00,491][openpifpaf.decoder.cifcaf][INFO] - annotations 1: [15]
[2024-04-21 01:07:00,491][openpifpaf.predictor][INFO] - batch 0: no-file-name
[2024-04-21 01:07:01,059][openpifpaf.decoder.cifcaf][INFO] - annotations 1: [15]
[2024-04-21 01:07:01,059][openpifpaf.predictor][INFO] - batch 0: no-file-name
[2024-04-21 01:07:08,177][openpifpaf.decoder.cifcaf][INFO] - annotations 1: [15]
[2024-04-21 01:07:08,177][openpifpaf.predictor][INFO] - batch 0: no-file-name
[2024-04-21 01:07:08,720][openpifpaf.decoder.cifcaf][INFO] - annotations 1: [15]
[2024-04-21 01:07:08,720][openpifpaf.predictor][INFO] - batch 0: no-file-name
[2024-04-21 01:07:15,733][openpifpaf.decoder.cifcaf][INFO] - annotations 1: [15]
[2024-04-21 01:07:15,733][openpifpaf.predictor][INFO] - batch 0: no-file-name
[2024-04-21 01:07:16,279][openpifpaf.decoder.cifcaf][INFO] - annotations 1: [15]
[2024-04-21 01:07:16,279][openpifpaf.predictor][INFO] - batch 0: no-file-name
[2024-04-21 01:07:23,318][openpifpaf.decoder.cifcaf][INFO] - annotations 1: [15]
[2024-04-21 01:07:23,318][openpifpaf.predictor][INFO] - batch 0: no-file-name
[2024-04-21 01:07:23,855][openpifpaf.decoder.cifcaf][INFO] - annotations 1: [15]
[2024-04-21 01:07:23,856][openpifpaf.predictor][INFO] - batch 0: no-file-name
[2024-04-21 01:07:31,135][openpifpaf.decoder.cifcaf][INFO] - annotations 1: [15]
[2024-04-21 01:07:31,135][openpifpaf.predictor][INFO] - batch 0: no-file-name
[2024-04-21 01:07:31,664][openpifpaf.decoder.cifcaf][INFO] - annotations 1: [15]
[2024-04-21 01:07:31,665][openpifpaf.predictor][INFO] - batch 0: no-file-name
[2024-04-21 01:07:38,717][openpifpaf.decoder.cifcaf][INFO] - annotations 1: [15]
[2024-04-21 01:07:38,718][openpifpaf.predictor][INFO] - batch 0: no-file-name
[2024-04-21 01:07:39,256][openpifpaf.decoder.cifcaf][INFO] - annotations 1: [15]
[2024-04-21 01:07:39,257][openpifpaf.predictor][INFO] - batch 0: no-file-name
[2024-04-21 01:07:46,264][openpifpaf.decoder.cifcaf][INFO] - annotations 1: [15]
[2024-04-21 01:07:46,264][openpifpaf.predictor][INFO] - batch 0: no-file-name
[2024-04-21 01:07:46,808][openpifpaf.decoder.cifcaf][INFO] - annotations 1: [15]
[2024-04-21 01:07:46,808][openpifpaf.predictor][INFO] - batch 0: no-file-name
[2024-04-21 01:07:53,805][openpifpaf.decoder.cifcaf][INFO] - annotations 1: [15]
[2024-04-21 01:07:53,806][openpifpaf.predictor][INFO] - batch 0: no-file-name
[2024-04-21 01:07:54,323][openpifpaf.decoder.cifcaf][INFO] - annotations 1: [15]
[2024-04-21 01:07:54,323][openpifpaf.predictor][INFO] - batch 0: no-file-name
[2024-04-21 01:08:01,403][openpifpaf.decoder.cifcaf][INFO] - annotations 1: [15]
[2024-04-21 01:08:01,403][openpifpaf.predictor][INFO] - batch 0: no-file-name
[2024-04-21 01:08:01,931][openpifpaf.decoder.cifcaf][INFO] - annotations 1: [15]
[2024-04-21 01:08:01,931][openpifpaf.predictor][INFO] - batch 0: no-file-name
[2024-04-21 01:08:08,918][openpifpaf.decoder.cifcaf][INFO] - annotations 1: [15]
[2024-04-21 01:08:08,918][openpifpaf.predictor][INFO] - batch 0: no-file-name
[2024-04-21 01:08:09,488][openpifpaf.decoder.cifcaf][INFO] - annotations 1: [15]
[2024-04-21 01:08:09,489][openpifpaf.predictor][INFO] - batch 0: no-file-name
[2024-04-21 01:08:16,751][openpifpaf.decoder.cifcaf][INFO] - annotations 1: [15]
[2024-04-21 01:08:16,751][openpifpaf.predictor][INFO] - batch 0: no-file-name
[2024-04-21 01:08:17,312][openpifpaf.decoder.cifcaf][INFO] - annotations 1: [15]
[2024-04-21 01:08:17,312][openpifpaf.predictor][INFO] - batch 0: no-file-name
[2024-04-21 01:08:24,376][openpifpaf.decoder.cifcaf][INFO] - annotations 1: [15]
[2024-04-21 01:08:24,376][openpifpaf.predictor][INFO] - batch 0: no-file-name
[2024-04-21 01:08:24,946][openpifpaf.decoder.cifcaf][INFO] - annotations 1: [15]
[2024-04-21 01:08:24,946][openpifpaf.predictor][INFO] - batch 0: no-file-name
[2024-04-21 01:08:32,059][openpifpaf.decoder.cifcaf][INFO] - annotations 1: [15]
[2024-04-21 01:08:32,060][openpifpaf.predictor][INFO] - batch 0: no-file-name
[2024-04-21 01:08:32,637][openpifpaf.decoder.cifcaf][INFO] - annotations 1: [15]
[2024-04-21 01:08:32,638][openpifpaf.predictor][INFO] - batch 0: no-file-name
[2024-04-21 01:08:39,940][openpifpaf.decoder.cifcaf][INFO] - annotations 1: [15]
[2024-04-21 01:08:39,940][openpifpaf.predictor][INFO] - batch 0: no-file-name
[2024-04-21 01:08:40,522][openpifpaf.decoder.cifcaf][INFO] - annotations 1: [15]
[2024-04-21 01:08:40,523][openpifpaf.predictor][INFO] - batch 0: no-file-name
[2024-04-21 01:08:47,668][openpifpaf.decoder.cifcaf][INFO] - annotations 1: [15]
[2024-04-21 01:08:47,669][openpifpaf.predictor][INFO] - batch 0: no-file-name
[2024-04-21 01:08:48,242][openpifpaf.decoder.cifcaf][INFO] - annotations 1: [15]
[2024-04-21 01:08:48,243][openpifpaf.predictor][INFO] - batch 0: no-file-name
[2024-04-21 01:08:55,246][openpifpaf.decoder.cifcaf][INFO] - annotations 1: [15]
[2024-04-21 01:08:55,247][openpifpaf.predictor][INFO] - batch 0: no-file-name
[2024-04-21 01:08:55,783][openpifpaf.decoder.cifcaf][INFO] - annotations 1: [15]
[2024-04-21 01:08:55,784][openpifpaf.predictor][INFO] - batch 0: no-file-name
[2024-04-21 01:09:02,880][openpifpaf.decoder.cifcaf][INFO] - annotations 1: [15]
[2024-04-21 01:09:02,881][openpifpaf.predictor][INFO] - batch 0: no-file-name
[2024-04-21 01:09:03,428][openpifpaf.decoder.cifcaf][INFO] - annotations 1: [15]
[2024-04-21 01:09:03,428][openpifpaf.predictor][INFO] - batch 0: no-file-name
[2024-04-21 01:09:10,658][openpifpaf.decoder.cifcaf][INFO] - annotations 1: [15]
[2024-04-21 01:09:10,658][openpifpaf.predictor][INFO] - batch 0: no-file-name
[2024-04-21 01:09:11,198][openpifpaf.decoder.cifcaf][INFO] - annotations 1: [15]
[2024-04-21 01:09:11,198][openpifpaf.predictor][INFO] - batch 0: no-file-name
[2024-04-21 01:09:18,254][openpifpaf.decoder.cifcaf][INFO] - annotations 1: [15]
[2024-04-21 01:09:18,254][openpifpaf.predictor][INFO] - batch 0: no-file-name
[2024-04-21 01:09:18,766][openpifpaf.decoder.cifcaf][INFO] - annotations 1: [15]
[2024-04-21 01:09:18,766][openpifpaf.predictor][INFO] - batch 0: no-file-name
[2024-04-21 01:09:25,960][openpifpaf.decoder.cifcaf][INFO] - annotations 1: [15]
[2024-04-21 01:09:25,961][openpifpaf.predictor][INFO] - batch 0: no-file-name
[2024-04-21 01:09:26,540][openpifpaf.decoder.cifcaf][INFO] - annotations 1: [15]
[2024-04-21 01:09:26,541][openpifpaf.predictor][INFO] - batch 0: no-file-name
[2024-04-21 01:09:33,804][openpifpaf.decoder.cifcaf][INFO] - annotations 1: [15]
[2024-04-21 01:09:33,804][openpifpaf.predictor][INFO] - batch 0: no-file-name
[2024-04-21 01:09:34,300][openpifpaf.decoder.cifcaf][INFO] - annotations 1: [15]
[2024-04-21 01:09:34,300][openpifpaf.predictor][INFO] - batch 0: no-file-name
[2024-04-21 01:09:41,537][openpifpaf.decoder.cifcaf][INFO] - annotations 1: [15]
[2024-04-21 01:09:41,538][openpifpaf.predictor][INFO] - batch 0: no-file-name
[2024-04-21 01:09:42,026][openpifpaf.decoder.cifcaf][INFO] - annotations 1: [15]
[2024-04-21 01:09:42,026][openpifpaf.predictor][INFO] - batch 0: no-file-name
[2024-04-21 01:09:49,068][openpifpaf.decoder.cifcaf][INFO] - annotations 1: [15]
[2024-04-21 01:09:49,069][openpifpaf.predictor][INFO] - batch 0: no-file-name
[2024-04-21 01:09:49,549][openpifpaf.decoder.cifcaf][INFO] - annotations 1: [15]
[2024-04-21 01:09:49,550][openpifpaf.predictor][INFO] - batch 0: no-file-name
[2024-04-21 01:09:56,832][openpifpaf.decoder.cifcaf][INFO] - annotations 1: [15]
[2024-04-21 01:09:56,832][openpifpaf.predictor][INFO] - batch 0: no-file-name
[2024-04-21 01:09:57,332][openpifpaf.decoder.cifcaf][INFO] - annotations 1: [15]
[2024-04-21 01:09:57,333][openpifpaf.predictor][INFO] - batch 0: no-file-name
[2024-04-21 01:10:05,037][openpifpaf.decoder.cifcaf][INFO] - annotations 1: [15]
[2024-04-21 01:10:05,038][openpifpaf.predictor][INFO] - batch 0: no-file-name
[2024-04-21 01:10:05,586][openpifpaf.decoder.cifcaf][INFO] - annotations 1: [15]
[2024-04-21 01:10:05,587][openpifpaf.predictor][INFO] - batch 0: no-file-name
[2024-04-21 01:10:13,441][openpifpaf.decoder.cifcaf][INFO] - annotations 1: [15]
[2024-04-21 01:10:13,441][openpifpaf.predictor][INFO] - batch 0: no-file-name
[2024-04-21 01:10:13,960][openpifpaf.decoder.cifcaf][INFO] - annotations 1: [15]
[2024-04-21 01:10:13,961][openpifpaf.predictor][INFO] - batch 0: no-file-name
[2024-04-21 01:10:21,748][openpifpaf.decoder.cifcaf][INFO] - annotations 1: [15]
[2024-04-21 01:10:21,748][openpifpaf.predictor][INFO] - batch 0: no-file-name
[2024-04-21 01:10:22,321][openpifpaf.decoder.cifcaf][INFO] - annotations 1: [15]
[2024-04-21 01:10:22,321][openpifpaf.predictor][INFO] - batch 0: no-file-name
[2024-04-21 01:10:29,834][openpifpaf.decoder.cifcaf][INFO] - annotations 1: [15]
[2024-04-21 01:10:29,834][openpifpaf.predictor][INFO] - batch 0: no-file-name
[2024-04-21 01:10:30,399][openpifpaf.decoder.cifcaf][INFO] - annotations 1: [15]
[2024-04-21 01:10:30,399][openpifpaf.predictor][INFO] - batch 0: no-file-name
[2024-04-21 01:10:37,925][openpifpaf.decoder.cifcaf][INFO] - annotations 1: [15]
[2024-04-21 01:10:37,925][openpifpaf.predictor][INFO] - batch 0: no-file-name
[2024-04-21 01:10:38,469][openpifpaf.decoder.cifcaf][INFO] - annotations 1: [15]
[2024-04-21 01:10:38,469][openpifpaf.predictor][INFO] - batch 0: no-file-name
[2024-04-21 01:10:45,942][openpifpaf.decoder.cifcaf][INFO] - annotations 1: [15]
[2024-04-21 01:10:45,942][openpifpaf.predictor][INFO] - batch 0: no-file-name
[2024-04-21 01:10:46,505][openpifpaf.decoder.cifcaf][INFO] - annotations 1: [15]
[2024-04-21 01:10:46,505][openpifpaf.predictor][INFO] - batch 0: no-file-name
[2024-04-21 01:10:53,790][openpifpaf.decoder.cifcaf][INFO] - annotations 1: [15]
[2024-04-21 01:10:53,790][openpifpaf.predictor][INFO] - batch 0: no-file-name
[2024-04-21 01:10:54,353][openpifpaf.decoder.cifcaf][INFO] - annotations 1: [15]
[2024-04-21 01:10:54,353][openpifpaf.predictor][INFO] - batch 0: no-file-name
[2024-04-21 01:11:01,720][openpifpaf.decoder.cifcaf][INFO] - annotations 1: [15]
[2024-04-21 01:11:01,720][openpifpaf.predictor][INFO] - batch 0: no-file-name
[2024-04-21 01:11:02,296][openpifpaf.decoder.cifcaf][INFO] - annotations 1: [15]
[2024-04-21 01:11:02,296][openpifpaf.predictor][INFO] - batch 0: no-file-name
[2024-04-21 01:11:09,589][openpifpaf.decoder.cifcaf][INFO] - annotations 1: [15]
[2024-04-21 01:11:09,589][openpifpaf.predictor][INFO] - batch 0: no-file-name
[2024-04-21 01:11:10,148][openpifpaf.decoder.cifcaf][INFO] - annotations 1: [15]
[2024-04-21 01:11:10,148][openpifpaf.predictor][INFO] - batch 0: no-file-name
[2024-04-21 01:11:17,553][openpifpaf.decoder.cifcaf][INFO] - annotations 1: [15]
[2024-04-21 01:11:17,553][openpifpaf.predictor][INFO] - batch 0: no-file-name
[2024-04-21 01:11:18,124][openpifpaf.decoder.cifcaf][INFO] - annotations 1: [15]
[2024-04-21 01:11:18,124][openpifpaf.predictor][INFO] - batch 0: no-file-name
[2024-04-21 01:11:25,337][openpifpaf.decoder.cifcaf][INFO] - annotations 1: [15]
[2024-04-21 01:11:25,338][openpifpaf.predictor][INFO] - batch 0: no-file-name
[2024-04-21 01:11:25,873][openpifpaf.decoder.cifcaf][INFO] - annotations 1: [15]
[2024-04-21 01:11:25,873][openpifpaf.predictor][INFO] - batch 0: no-file-name
[2024-04-21 01:11:33,839][openpifpaf.decoder.cifcaf][INFO] - annotations 1: [15]
[2024-04-21 01:11:33,840][openpifpaf.predictor][INFO] - batch 0: no-file-name
[2024-04-21 01:11:34,405][openpifpaf.decoder.cifcaf][INFO] - annotations 1: [15]
[2024-04-21 01:11:34,406][openpifpaf.predictor][INFO] - batch 0: no-file-name
[2024-04-21 01:11:42,288][openpifpaf.decoder.cifcaf][INFO] - annotations 1: [15]
[2024-04-21 01:11:42,288][openpifpaf.predictor][INFO] - batch 0: no-file-name
[2024-04-21 01:11:42,871][openpifpaf.decoder.cifcaf][INFO] - annotations 1: [15]
[2024-04-21 01:11:42,871][openpifpaf.predictor][INFO] - batch 0: no-file-name
[2024-04-21 01:11:50,736][openpifpaf.decoder.cifcaf][INFO] - annotations 1: [15]
[2024-04-21 01:11:50,736][openpifpaf.predictor][INFO] - batch 0: no-file-name
[2024-04-21 01:11:51,323][openpifpaf.decoder.cifcaf][INFO] - annotations 1: [15]
[2024-04-21 01:11:51,323][openpifpaf.predictor][INFO] - batch 0: no-file-name
[2024-04-21 01:11:59,503][openpifpaf.decoder.cifcaf][INFO] - annotations 1: [15]
[2024-04-21 01:11:59,503][openpifpaf.predictor][INFO] - batch 0: no-file-name
[2024-04-21 01:12:00,083][openpifpaf.decoder.cifcaf][INFO] - annotations 1: [15]
[2024-04-21 01:12:00,083][openpifpaf.predictor][INFO] - batch 0: no-file-name
[2024-04-21 01:12:07,118][openpifpaf.decoder.cifcaf][INFO] - annotations 1: [15]
[2024-04-21 01:12:07,118][openpifpaf.predictor][INFO] - batch 0: no-file-name
[2024-04-21 01:12:07,679][openpifpaf.decoder.cifcaf][INFO] - annotations 1: [15]
[2024-04-21 01:12:07,679][openpifpaf.predictor][INFO] - batch 0: no-file-name
[2024-04-21 01:12:14,921][openpifpaf.decoder.cifcaf][INFO] - annotations 1: [15]
[2024-04-21 01:12:14,921][openpifpaf.predictor][INFO] - batch 0: no-file-name
[2024-04-21 01:12:15,499][openpifpaf.decoder.cifcaf][INFO] - annotations 1: [15]
[2024-04-21 01:12:15,499][openpifpaf.predictor][INFO] - batch 0: no-file-name
[2024-04-21 01:12:22,550][openpifpaf.decoder.cifcaf][INFO] - annotations 1: [15]
[2024-04-21 01:12:22,550][openpifpaf.predictor][INFO] - batch 0: no-file-name
[2024-04-21 01:12:23,111][openpifpaf.decoder.cifcaf][INFO] - annotations 1: [15]
[2024-04-21 01:12:23,111][openpifpaf.predictor][INFO] - batch 0: no-file-name
[2024-04-21 01:12:30,462][openpifpaf.decoder.cifcaf][INFO] - annotations 1: [15]
[2024-04-21 01:12:30,462][openpifpaf.predictor][INFO] - batch 0: no-file-name
[2024-04-21 01:12:31,049][openpifpaf.decoder.cifcaf][INFO] - annotations 1: [15]
[2024-04-21 01:12:31,049][openpifpaf.predictor][INFO] - batch 0: no-file-name
[2024-04-21 01:12:38,455][openpifpaf.decoder.cifcaf][INFO] - annotations 1: [15]
[2024-04-21 01:12:38,455][openpifpaf.predictor][INFO] - batch 0: no-file-name
[2024-04-21 01:12:39,031][openpifpaf.decoder.cifcaf][INFO] - annotations 1: [15]
[2024-04-21 01:12:39,031][openpifpaf.predictor][INFO] - batch 0: no-file-name
[2024-04-21 01:12:46,215][openpifpaf.decoder.cifcaf][INFO] - annotations 1: [15]
[2024-04-21 01:12:46,215][openpifpaf.predictor][INFO] - batch 0: no-file-name
[2024-04-21 01:12:46,798][openpifpaf.decoder.cifcaf][INFO] - annotations 1: [15]
[2024-04-21 01:12:46,798][openpifpaf.predictor][INFO] - batch 0: no-file-name
[2024-04-21 01:12:54,254][openpifpaf.decoder.cifcaf][INFO] - annotations 1: [15]
[2024-04-21 01:12:54,254][openpifpaf.predictor][INFO] - batch 0: no-file-name
[2024-04-21 01:12:54,857][openpifpaf.decoder.cifcaf][INFO] - annotations 1: [14]
[2024-04-21 01:12:54,857][openpifpaf.predictor][INFO] - batch 0: no-file-name
[2024-04-21 01:13:02,318][openpifpaf.decoder.cifcaf][INFO] - annotations 1: [14]
[2024-04-21 01:13:02,318][openpifpaf.predictor][INFO] - batch 0: no-file-name
[2024-04-21 01:13:02,904][openpifpaf.decoder.cifcaf][INFO] - annotations 1: [14]
[2024-04-21 01:13:02,904][openpifpaf.predictor][INFO] - batch 0: no-file-name
[2024-04-21 01:13:10,495][openpifpaf.decoder.cifcaf][INFO] - annotations 1: [14]
[2024-04-21 01:13:10,495][openpifpaf.predictor][INFO] - batch 0: no-file-name
[2024-04-21 01:13:11,157][openpifpaf.decoder.cifcaf][INFO] - annotations 1: [14]
[2024-04-21 01:13:11,157][openpifpaf.predictor][INFO] - batch 0: no-file-name
[2024-04-21 01:13:18,497][openpifpaf.decoder.cifcaf][INFO] - annotations 1: [14]
[2024-04-21 01:13:18,497][openpifpaf.predictor][INFO] - batch 0: no-file-name
[2024-04-21 01:13:19,061][openpifpaf.decoder.cifcaf][INFO] - annotations 1: [14]
[2024-04-21 01:13:19,062][openpifpaf.predictor][INFO] - batch 0: no-file-name
[2024-04-21 01:13:26,965][openpifpaf.decoder.cifcaf][INFO] - annotations 1: [14]
[2024-04-21 01:13:26,965][openpifpaf.predictor][INFO] - batch 0: no-file-name
[2024-04-21 01:13:27,523][openpifpaf.decoder.cifcaf][INFO] - annotations 1: [14]
[2024-04-21 01:13:27,523][openpifpaf.predictor][INFO] - batch 0: no-file-name
[2024-04-21 01:13:35,341][openpifpaf.decoder.cifcaf][INFO] - annotations 1: [14]
[2024-04-21 01:13:35,341][openpifpaf.predictor][INFO] - batch 0: no-file-name
[2024-04-21 01:13:35,973][openpifpaf.decoder.cifcaf][INFO] - annotations 1: [14]
[2024-04-21 01:13:35,973][openpifpaf.predictor][INFO] - batch 0: no-file-name
[2024-04-21 01:13:44,193][openpifpaf.decoder.cifcaf][INFO] - annotations 1: [14]
[2024-04-21 01:13:44,194][openpifpaf.predictor][INFO] - batch 0: no-file-name
[2024-04-21 01:13:44,763][openpifpaf.decoder.cifcaf][INFO] - annotations 1: [14]
[2024-04-21 01:13:44,763][openpifpaf.predictor][INFO] - batch 0: no-file-name
[2024-04-21 01:13:52,488][openpifpaf.decoder.cifcaf][INFO] - annotations 1: [14]
[2024-04-21 01:13:52,488][openpifpaf.predictor][INFO] - batch 0: no-file-name
[2024-04-21 01:13:53,045][openpifpaf.decoder.cifcaf][INFO] - annotations 1: [14]
[2024-04-21 01:13:53,045][openpifpaf.predictor][INFO] - batch 0: no-file-name
[2024-04-21 01:14:00,897][openpifpaf.decoder.cifcaf][INFO] - annotations 1: [14]
[2024-04-21 01:14:00,898][openpifpaf.predictor][INFO] - batch 0: no-file-name
[2024-04-21 01:14:01,482][openpifpaf.decoder.cifcaf][INFO] - annotations 1: [14]
[2024-04-21 01:14:01,483][openpifpaf.predictor][INFO] - batch 0: no-file-name
[2024-04-21 01:14:09,241][openpifpaf.decoder.cifcaf][INFO] - annotations 1: [14]
[2024-04-21 01:14:09,241][openpifpaf.predictor][INFO] - batch 0: no-file-name
[2024-04-21 01:14:09,844][openpifpaf.decoder.cifcaf][INFO] - annotations 1: [14]
[2024-04-21 01:14:09,845][openpifpaf.predictor][INFO] - batch 0: no-file-name
[2024-04-21 01:14:17,715][openpifpaf.decoder.cifcaf][INFO] - annotations 1: [14]
[2024-04-21 01:14:17,715][openpifpaf.predictor][INFO] - batch 0: no-file-name
[2024-04-21 01:14:18,309][openpifpaf.decoder.cifcaf][INFO] - annotations 1: [14]
[2024-04-21 01:14:18,309][openpifpaf.predictor][INFO] - batch 0: no-file-name
[2024-04-21 01:14:25,499][openpifpaf.decoder.cifcaf][INFO] - annotations 1: [14]
[2024-04-21 01:14:25,499][openpifpaf.predictor][INFO] - batch 0: no-file-name
[2024-04-21 01:14:26,064][openpifpaf.decoder.cifcaf][INFO] - annotations 1: [14]
[2024-04-21 01:14:26,064][openpifpaf.predictor][INFO] - batch 0: no-file-name
[2024-04-21 01:14:33,073][openpifpaf.decoder.cifcaf][INFO] - annotations 1: [14]
[2024-04-21 01:14:33,074][openpifpaf.predictor][INFO] - batch 0: no-file-name
[2024-04-21 01:14:33,629][openpifpaf.decoder.cifcaf][INFO] - annotations 1: [14]
[2024-04-21 01:14:33,629][openpifpaf.predictor][INFO] - batch 0: no-file-name
[2024-04-21 01:14:40,677][openpifpaf.decoder.cifcaf][INFO] - annotations 1: [14]
[2024-04-21 01:14:40,677][openpifpaf.predictor][INFO] - batch 0: no-file-name
[2024-04-21 01:14:41,240][openpifpaf.decoder.cifcaf][INFO] - annotations 1: [14]
[2024-04-21 01:14:41,241][openpifpaf.predictor][INFO] - batch 0: no-file-name
[2024-04-21 01:14:48,790][openpifpaf.decoder.cifcaf][INFO] - annotations 1: [14]
[2024-04-21 01:14:48,790][openpifpaf.predictor][INFO] - batch 0: no-file-name
[2024-04-21 01:14:49,361][openpifpaf.decoder.cifcaf][INFO] - annotations 1: [14]
[2024-04-21 01:14:49,361][openpifpaf.predictor][INFO] - batch 0: no-file-name
[2024-04-21 01:14:56,842][openpifpaf.decoder.cifcaf][INFO] - annotations 1: [14]
[2024-04-21 01:14:56,842][openpifpaf.predictor][INFO] - batch 0: no-file-name
[2024-04-21 01:14:57,372][openpifpaf.decoder.cifcaf][INFO] - annotations 1: [14]
[2024-04-21 01:14:57,372][openpifpaf.predictor][INFO] - batch 0: no-file-name
[2024-04-21 01:15:04,348][openpifpaf.decoder.cifcaf][INFO] - annotations 1: [14]
[2024-04-21 01:15:04,348][openpifpaf.predictor][INFO] - batch 0: no-file-name
[2024-04-21 01:15:04,983][openpifpaf.decoder.cifcaf][INFO] - annotations 1: [14]
[2024-04-21 01:15:04,983][openpifpaf.predictor][INFO] - batch 0: no-file-name
[2024-04-21 01:15:12,421][openpifpaf.decoder.cifcaf][INFO] - annotations 1: [14]
[2024-04-21 01:15:12,422][openpifpaf.predictor][INFO] - batch 0: no-file-name
[2024-04-21 01:15:13,012][openpifpaf.decoder.cifcaf][INFO] - annotations 1: [14]
[2024-04-21 01:15:13,012][openpifpaf.predictor][INFO] - batch 0: no-file-name
[2024-04-21 01:15:20,536][openpifpaf.decoder.cifcaf][INFO] - annotations 1: [14]
[2024-04-21 01:15:20,536][openpifpaf.predictor][INFO] - batch 0: no-file-name
[2024-04-21 01:15:21,034][openpifpaf.decoder.cifcaf][INFO] - annotations 1: [14]
[2024-04-21 01:15:21,034][openpifpaf.predictor][INFO] - batch 0: no-file-name
[2024-04-21 01:15:28,472][openpifpaf.decoder.cifcaf][INFO] - annotations 1: [14]
[2024-04-21 01:15:28,472][openpifpaf.predictor][INFO] - batch 0: no-file-name
[2024-04-21 01:15:28,993][openpifpaf.decoder.cifcaf][INFO] - annotations 1: [14]
[2024-04-21 01:15:28,993][openpifpaf.predictor][INFO] - batch 0: no-file-name
[2024-04-21 01:15:36,364][openpifpaf.decoder.cifcaf][INFO] - annotations 1: [14]
[2024-04-21 01:15:36,364][openpifpaf.predictor][INFO] - batch 0: no-file-name
[2024-04-21 01:15:36,837][openpifpaf.decoder.cifcaf][INFO] - annotations 1: [14]
[2024-04-21 01:15:36,837][openpifpaf.predictor][INFO] - batch 0: no-file-name
[2024-04-21 01:15:44,326][openpifpaf.decoder.cifcaf][INFO] - annotations 1: [14]
[2024-04-21 01:15:44,327][openpifpaf.predictor][INFO] - batch 0: no-file-name
[2024-04-21 01:15:44,798][openpifpaf.decoder.cifcaf][INFO] - annotations 1: [14]
[2024-04-21 01:15:44,798][openpifpaf.predictor][INFO] - batch 0: no-file-name
[2024-04-21 01:15:51,743][openpifpaf.decoder.cifcaf][INFO] - annotations 1: [14]
[2024-04-21 01:15:51,743][openpifpaf.predictor][INFO] - batch 0: no-file-name
[2024-04-21 01:15:52,206][openpifpaf.decoder.cifcaf][INFO] - annotations 1: [14]
[2024-04-21 01:15:52,206][openpifpaf.predictor][INFO] - batch 0: no-file-name
[2024-04-21 01:15:59,914][openpifpaf.decoder.cifcaf][INFO] - annotations 1: [14]
[2024-04-21 01:15:59,914][openpifpaf.predictor][INFO] - batch 0: no-file-name
[2024-04-21 01:16:00,445][openpifpaf.decoder.cifcaf][INFO] - annotations 1: [14]
[2024-04-21 01:16:00,445][openpifpaf.predictor][INFO] - batch 0: no-file-name
[2024-04-21 01:16:07,892][openpifpaf.decoder.cifcaf][INFO] - annotations 1: [14]
[2024-04-21 01:16:07,893][openpifpaf.predictor][INFO] - batch 0: no-file-name
[2024-04-21 01:16:08,396][openpifpaf.decoder.cifcaf][INFO] - annotations 1: [14]
[2024-04-21 01:16:08,396][openpifpaf.predictor][INFO] - batch 0: no-file-name
[2024-04-21 01:16:15,894][openpifpaf.decoder.cifcaf][INFO] - annotations 1: [14]
[2024-04-21 01:16:15,895][openpifpaf.predictor][INFO] - batch 0: no-file-name
[2024-04-21 01:16:16,414][openpifpaf.decoder.cifcaf][INFO] - annotations 1: [14]
[2024-04-21 01:16:16,414][openpifpaf.predictor][INFO] - batch 0: no-file-name
[2024-04-21 01:16:23,829][openpifpaf.decoder.cifcaf][INFO] - annotations 1: [14]
[2024-04-21 01:16:23,829][openpifpaf.predictor][INFO] - batch 0: no-file-name
[2024-04-21 01:16:24,357][openpifpaf.decoder.cifcaf][INFO] - annotations 1: [14]
[2024-04-21 01:16:24,357][openpifpaf.predictor][INFO] - batch 0: no-file-name
[2024-04-21 01:16:31,956][openpifpaf.decoder.cifcaf][INFO] - annotations 1: [14]
[2024-04-21 01:16:31,956][openpifpaf.predictor][INFO] - batch 0: no-file-name
[2024-04-21 01:16:32,501][openpifpaf.decoder.cifcaf][INFO] - annotations 1: [14]
[2024-04-21 01:16:32,502][openpifpaf.predictor][INFO] - batch 0: no-file-name
[2024-04-21 01:16:39,914][openpifpaf.decoder.cifcaf][INFO] - annotations 1: [14]
[2024-04-21 01:16:39,915][openpifpaf.predictor][INFO] - batch 0: no-file-name
[2024-04-21 01:16:40,469][openpifpaf.decoder.cifcaf][INFO] - annotations 1: [14]
[2024-04-21 01:16:40,470][openpifpaf.predictor][INFO] - batch 0: no-file-name
[2024-04-21 01:16:48,115][openpifpaf.decoder.cifcaf][INFO] - annotations 1: [14]
[2024-04-21 01:16:48,116][openpifpaf.predictor][INFO] - batch 0: no-file-name
[2024-04-21 01:16:48,656][openpifpaf.decoder.cifcaf][INFO] - annotations 1: [14]
[2024-04-21 01:16:48,656][openpifpaf.predictor][INFO] - batch 0: no-file-name
[2024-04-21 01:16:56,301][openpifpaf.decoder.cifcaf][INFO] - annotations 1: [14]
[2024-04-21 01:16:56,302][openpifpaf.predictor][INFO] - batch 0: no-file-name
[2024-04-21 01:16:56,885][openpifpaf.decoder.cifcaf][INFO] - annotations 1: [14]
[2024-04-21 01:16:56,885][openpifpaf.predictor][INFO] - batch 0: no-file-name
[2024-04-21 01:17:04,232][openpifpaf.decoder.cifcaf][INFO] - annotations 1: [14]
[2024-04-21 01:17:04,233][openpifpaf.predictor][INFO] - batch 0: no-file-name
[2024-04-21 01:17:04,764][openpifpaf.decoder.cifcaf][INFO] - annotations 1: [14]
[2024-04-21 01:17:04,764][openpifpaf.predictor][INFO] - batch 0: no-file-name
[2024-04-21 01:17:12,670][openpifpaf.decoder.cifcaf][INFO] - annotations 1: [14]
[2024-04-21 01:17:12,671][openpifpaf.predictor][INFO] - batch 0: no-file-name
[2024-04-21 01:17:13,255][openpifpaf.decoder.cifcaf][INFO] - annotations 1: [14]
[2024-04-21 01:17:13,258][openpifpaf.predictor][INFO] - batch 0: no-file-name
[2024-04-21 01:17:21,368][openpifpaf.decoder.cifcaf][INFO] - annotations 1: [14]
[2024-04-21 01:17:21,369][openpifpaf.predictor][INFO] - batch 0: no-file-name
[2024-04-21 01:17:21,930][openpifpaf.decoder.cifcaf][INFO] - annotations 1: [14]
[2024-04-21 01:17:21,930][openpifpaf.predictor][INFO] - batch 0: no-file-name
[2024-04-21 01:17:29,681][openpifpaf.decoder.cifcaf][INFO] - annotations 1: [15]
[2024-04-21 01:17:29,681][openpifpaf.predictor][INFO] - batch 0: no-file-name
[2024-04-21 01:17:30,263][openpifpaf.decoder.cifcaf][INFO] - annotations 1: [14]
[2024-04-21 01:17:30,264][openpifpaf.predictor][INFO] - batch 0: no-file-name
[2024-04-21 01:17:38,043][openpifpaf.decoder.cifcaf][INFO] - annotations 1: [14]
[2024-04-21 01:17:38,044][openpifpaf.predictor][INFO] - batch 0: no-file-name
[2024-04-21 01:17:38,545][openpifpaf.decoder.cifcaf][INFO] - annotations 1: [14]
[2024-04-21 01:17:38,546][openpifpaf.predictor][INFO] - batch 0: no-file-name
[2024-04-21 01:17:46,279][openpifpaf.decoder.cifcaf][INFO] - annotations 1: [14]
[2024-04-21 01:17:46,280][openpifpaf.predictor][INFO] - batch 0: no-file-name
[2024-04-21 01:17:46,845][openpifpaf.decoder.cifcaf][INFO] - annotations 1: [14]
[2024-04-21 01:17:46,846][openpifpaf.predictor][INFO] - batch 0: no-file-name
[2024-04-21 01:17:54,243][openpifpaf.decoder.cifcaf][INFO] - annotations 1: [14]
[2024-04-21 01:17:54,244][openpifpaf.predictor][INFO] - batch 0: no-file-name
[2024-04-21 01:17:54,748][openpifpaf.decoder.cifcaf][INFO] - annotations 1: [15]
[2024-04-21 01:17:54,748][openpifpaf.predictor][INFO] - batch 0: no-file-name
[2024-04-21 01:18:01,764][openpifpaf.decoder.cifcaf][INFO] - annotations 1: [15]
[2024-04-21 01:18:01,765][openpifpaf.predictor][INFO] - batch 0: no-file-name
[2024-04-21 01:18:02,290][openpifpaf.decoder.cifcaf][INFO] - annotations 1: [15]
[2024-04-21 01:18:02,290][openpifpaf.predictor][INFO] - batch 0: no-file-name
[2024-04-21 01:18:09,268][openpifpaf.decoder.cifcaf][INFO] - annotations 1: [15]
[2024-04-21 01:18:09,269][openpifpaf.predictor][INFO] - batch 0: no-file-name
[2024-04-21 01:18:09,781][openpifpaf.decoder.cifcaf][INFO] - annotations 1: [15]
[2024-04-21 01:18:09,781][openpifpaf.predictor][INFO] - batch 0: no-file-name
[2024-04-21 01:18:16,995][openpifpaf.decoder.cifcaf][INFO] - annotations 1: [15]
[2024-04-21 01:18:16,996][openpifpaf.predictor][INFO] - batch 0: no-file-name
[2024-04-21 01:18:17,510][openpifpaf.decoder.cifcaf][INFO] - annotations 1: [15]
[2024-04-21 01:18:17,510][openpifpaf.predictor][INFO] - batch 0: no-file-name
[2024-04-21 01:18:24,591][openpifpaf.decoder.cifcaf][INFO] - annotations 1: [15]
[2024-04-21 01:18:24,592][openpifpaf.predictor][INFO] - batch 0: no-file-name
[2024-04-21 01:18:25,115][openpifpaf.decoder.cifcaf][INFO] - annotations 1: [15]
[2024-04-21 01:18:25,116][openpifpaf.predictor][INFO] - batch 0: no-file-name
