[2024-04-22 01:58:31,584][root][INFO] - Successfully loaded settings:
==================================================
data:
  dataset_name: DPDataset
  data_root: data/frames/
  label_root: data/labels/
  keypoints_root: data/keypoints/
  venue_names:
  - 2023-01-17-livingroom
  - 2023-01-18-livingroom
  - 2023-01-19-livingroom
  - 2023-01-24-livingroom
  - 2023-01-25-livingroom
  - 2023-01-17-openoffice
  - 2023-01-18-openoffice
  - 2023-01-19-openoffice
  - 2023-01-24-openoffice
  - 2023-01-25-openoffice
model:
  tlength: 15
  featvec_joint: true
  hidden_size: 192
  attention_heads: 12
  num_layers: 6
  featvec_bb: false
  featvec_img: false
  omit_temporal_encoder: false
hardware:
  nworkers: 8
  gpus: 8
  bs: 32
task: train
incl_all: false
train_ratio: 0.7
split_method: time
overfit: false
ckpt: ./models/weight.ckpt
noanswer: false
movie: ./demo/demo_1.mp4
lr: l
verbose: false
shrink_rate: 0.1
filter_joint: null
use_preprocessed: false
debug: false
hist_error: false
==================================================

[2024-04-22 01:58:31,584][root][WARNING] - Running DeePoint with CPU takes a long time.
[2024-04-22 01:58:31,820][openpifpaf.decoder.factory][INFO] - No specific decoder requested. Using the first one from:
  --decoder=cifcaf:0
  --decoder=posesimilarity:0
Use any of the above arguments to select one or multiple decoders and to suppress this message.
[2024-04-22 01:58:31,820][openpifpaf.predictor][INFO] - neural network device: cpu (CUDA available: False, count: 0)
[2024-04-22 01:58:32,327][openpifpaf.decoder.cifcaf][INFO] - annotations 1: [11]
[2024-04-22 01:58:32,327][openpifpaf.predictor][INFO] - batch 0: no-file-name
[2024-04-22 01:58:32,443][openpifpaf.decoder.cifcaf][INFO] - annotations 1: [11]
[2024-04-22 01:58:32,444][openpifpaf.predictor][INFO] - batch 0: no-file-name
[2024-04-22 01:58:32,575][openpifpaf.decoder.cifcaf][INFO] - annotations 1: [11]
[2024-04-22 01:58:32,575][openpifpaf.predictor][INFO] - batch 0: no-file-name
[2024-04-22 01:58:32,742][openpifpaf.decoder.cifcaf][INFO] - annotations 1: [11]
[2024-04-22 01:58:32,742][openpifpaf.predictor][INFO] - batch 0: no-file-name
[2024-04-22 01:58:32,895][openpifpaf.decoder.cifcaf][INFO] - annotations 1: [11]
[2024-04-22 01:58:32,895][openpifpaf.predictor][INFO] - batch 0: no-file-name
[2024-04-22 01:58:33,204][openpifpaf.decoder.cifcaf][INFO] - annotations 1: [11]
[2024-04-22 01:58:33,205][openpifpaf.predictor][INFO] - batch 0: no-file-name
[2024-04-22 01:58:33,349][openpifpaf.decoder.cifcaf][INFO] - annotations 1: [11]
[2024-04-22 01:58:33,349][openpifpaf.predictor][INFO] - batch 0: no-file-name
[2024-04-22 01:58:33,519][openpifpaf.decoder.cifcaf][INFO] - annotations 1: [11]
[2024-04-22 01:58:33,519][openpifpaf.predictor][INFO] - batch 0: no-file-name
[2024-04-22 01:58:33,665][openpifpaf.decoder.cifcaf][INFO] - annotations 1: [11]
[2024-04-22 01:58:33,665][openpifpaf.predictor][INFO] - batch 0: no-file-name
[2024-04-22 01:58:33,818][openpifpaf.decoder.cifcaf][INFO] - annotations 1: [11]
[2024-04-22 01:58:33,818][openpifpaf.predictor][INFO] - batch 0: no-file-name
[2024-04-22 01:58:33,948][openpifpaf.decoder.cifcaf][INFO] - annotations 1: [11]
[2024-04-22 01:58:33,948][openpifpaf.predictor][INFO] - batch 0: no-file-name
[2024-04-22 01:58:34,088][openpifpaf.decoder.cifcaf][INFO] - annotations 1: [11]
[2024-04-22 01:58:34,088][openpifpaf.predictor][INFO] - batch 0: no-file-name
[2024-04-22 01:58:34,220][openpifpaf.decoder.cifcaf][INFO] - annotations 1: [11]
[2024-04-22 01:58:34,220][openpifpaf.predictor][INFO] - batch 0: no-file-name
[2024-04-22 01:58:34,340][openpifpaf.decoder.cifcaf][INFO] - annotations 1: [11]
[2024-04-22 01:58:34,340][openpifpaf.predictor][INFO] - batch 0: no-file-name
[2024-04-22 01:58:34,478][openpifpaf.decoder.cifcaf][INFO] - annotations 1: [11]
[2024-04-22 01:58:34,479][openpifpaf.predictor][INFO] - batch 0: no-file-name
[2024-04-22 01:58:34,827][openpifpaf.decoder.cifcaf][INFO] - annotations 1: [11]
[2024-04-22 01:58:34,828][openpifpaf.predictor][INFO] - batch 0: no-file-name
[2024-04-22 01:58:47,835][openpifpaf.decoder.cifcaf][INFO] - annotations 1: [11]
[2024-04-22 01:58:47,836][openpifpaf.predictor][INFO] - batch 0: no-file-name
[2024-04-22 01:58:48,231][openpifpaf.decoder.cifcaf][INFO] - annotations 1: [11]
[2024-04-22 01:58:48,231][openpifpaf.predictor][INFO] - batch 0: no-file-name
[2024-04-22 01:59:04,191][openpifpaf.decoder.cifcaf][INFO] - annotations 1: [11]
[2024-04-22 01:59:04,191][openpifpaf.predictor][INFO] - batch 0: no-file-name
[2024-04-22 01:59:04,599][openpifpaf.decoder.cifcaf][INFO] - annotations 1: [11]
[2024-04-22 01:59:04,599][openpifpaf.predictor][INFO] - batch 0: no-file-name
[2024-04-22 01:59:20,530][openpifpaf.decoder.cifcaf][INFO] - annotations 1: [11]
[2024-04-22 01:59:20,530][openpifpaf.predictor][INFO] - batch 0: no-file-name
[2024-04-22 01:59:21,009][openpifpaf.decoder.cifcaf][INFO] - annotations 1: [11]
[2024-04-22 01:59:21,010][openpifpaf.predictor][INFO] - batch 0: no-file-name
[2024-04-22 01:59:38,016][openpifpaf.decoder.cifcaf][INFO] - annotations 1: [11]
[2024-04-22 01:59:38,016][openpifpaf.predictor][INFO] - batch 0: no-file-name
[2024-04-22 01:59:38,474][openpifpaf.decoder.cifcaf][INFO] - annotations 1: [11]
[2024-04-22 01:59:38,474][openpifpaf.predictor][INFO] - batch 0: no-file-name
[2024-04-22 01:59:54,864][openpifpaf.decoder.cifcaf][INFO] - annotations 1: [11]
[2024-04-22 01:59:54,865][openpifpaf.predictor][INFO] - batch 0: no-file-name
[2024-04-22 01:59:55,283][openpifpaf.decoder.cifcaf][INFO] - annotations 1: [11]
[2024-04-22 01:59:55,283][openpifpaf.predictor][INFO] - batch 0: no-file-name
[2024-04-22 02:00:12,221][openpifpaf.decoder.cifcaf][INFO] - annotations 1: [11]
[2024-04-22 02:00:12,221][openpifpaf.predictor][INFO] - batch 0: no-file-name
[2024-04-22 02:00:12,676][openpifpaf.decoder.cifcaf][INFO] - annotations 1: [11]
[2024-04-22 02:00:12,676][openpifpaf.predictor][INFO] - batch 0: no-file-name
[2024-04-22 02:00:30,025][openpifpaf.decoder.cifcaf][INFO] - annotations 1: [11]
[2024-04-22 02:00:30,026][openpifpaf.predictor][INFO] - batch 0: no-file-name
[2024-04-22 02:00:30,524][openpifpaf.decoder.cifcaf][INFO] - annotations 1: [11]
[2024-04-22 02:00:30,524][openpifpaf.predictor][INFO] - batch 0: no-file-name
[2024-04-22 02:00:50,494][openpifpaf.decoder.cifcaf][INFO] - annotations 1: [11]
[2024-04-22 02:00:50,495][openpifpaf.predictor][INFO] - batch 0: no-file-name
[2024-04-22 02:00:50,977][openpifpaf.decoder.cifcaf][INFO] - annotations 1: [11]
[2024-04-22 02:00:50,977][openpifpaf.predictor][INFO] - batch 0: no-file-name
[2024-04-22 02:01:10,096][openpifpaf.decoder.cifcaf][INFO] - annotations 1: [11]
[2024-04-22 02:01:10,096][openpifpaf.predictor][INFO] - batch 0: no-file-name
[2024-04-22 02:01:10,652][openpifpaf.decoder.cifcaf][INFO] - annotations 1: [11]
[2024-04-22 02:01:10,652][openpifpaf.predictor][INFO] - batch 0: no-file-name
[2024-04-22 02:01:30,237][openpifpaf.decoder.cifcaf][INFO] - annotations 1: [11]
[2024-04-22 02:01:30,237][openpifpaf.predictor][INFO] - batch 0: no-file-name
[2024-04-22 02:01:30,789][openpifpaf.decoder.cifcaf][INFO] - annotations 1: [11]
[2024-04-22 02:01:30,796][openpifpaf.predictor][INFO] - batch 0: no-file-name
[2024-04-22 02:01:51,075][openpifpaf.decoder.cifcaf][INFO] - annotations 1: [11]
[2024-04-22 02:01:51,075][openpifpaf.predictor][INFO] - batch 0: no-file-name
[2024-04-22 02:01:51,684][openpifpaf.decoder.cifcaf][INFO] - annotations 1: [11]
[2024-04-22 02:01:51,684][openpifpaf.predictor][INFO] - batch 0: no-file-name
