[2024-04-22 03:36:44,327][root][INFO] - Successfully loaded settings:
==================================================
data:
  dataset_name: DPDataset
  data_root: data/frames/
  label_root: data/labels/
  keypoints_root: data/keypoints/
  venue_names:
  - 2023-01-17-livingroom
  - 2023-01-18-livingroom
  - 2023-01-19-livingroom
  - 2023-01-24-livingroom
  - 2023-01-25-livingroom
  - 2023-01-17-openoffice
  - 2023-01-18-openoffice
  - 2023-01-19-openoffice
  - 2023-01-24-openoffice
  - 2023-01-25-openoffice
model:
  tlength: 15
  featvec_joint: true
  hidden_size: 192
  attention_heads: 12
  num_layers: 6
  featvec_bb: false
  featvec_img: false
  omit_temporal_encoder: false
hardware:
  nworkers: 8
  gpus: 8
  bs: 32
task: train
incl_all: false
train_ratio: 0.7
split_method: time
overfit: false
ckpt: ./models/weight.ckpt
noanswer: false
movie: ./demo/example.mp4
lr: r
verbose: false
shrink_rate: 0.1
filter_joint: null
use_preprocessed: false
debug: false
hist_error: false
==================================================

[2024-04-22 03:36:44,327][root][WARNING] - Running DeePoint with CPU takes a long time.
[2024-04-22 03:36:44,613][openpifpaf.decoder.factory][INFO] - No specific decoder requested. Using the first one from:
  --decoder=cifcaf:0
  --decoder=posesimilarity:0
Use any of the above arguments to select one or multiple decoders and to suppress this message.
[2024-04-22 03:36:44,613][openpifpaf.predictor][INFO] - neural network device: cpu (CUDA available: False, count: 0)
[2024-04-22 03:36:45,194][openpifpaf.decoder.cifcaf][INFO] - annotations 1: [14]
[2024-04-22 03:36:45,194][openpifpaf.predictor][INFO] - batch 0: no-file-name
[2024-04-22 03:36:45,388][openpifpaf.decoder.cifcaf][INFO] - annotations 1: [13]
[2024-04-22 03:36:45,388][openpifpaf.predictor][INFO] - batch 0: no-file-name
[2024-04-22 03:36:45,576][openpifpaf.decoder.cifcaf][INFO] - annotations 1: [14]
[2024-04-22 03:36:45,576][openpifpaf.predictor][INFO] - batch 0: no-file-name
[2024-04-22 03:36:45,766][openpifpaf.decoder.cifcaf][INFO] - annotations 1: [14]
[2024-04-22 03:36:45,766][openpifpaf.predictor][INFO] - batch 0: no-file-name
[2024-04-22 03:36:45,957][openpifpaf.decoder.cifcaf][INFO] - annotations 1: [14]
[2024-04-22 03:36:45,957][openpifpaf.predictor][INFO] - batch 0: no-file-name
[2024-04-22 03:36:46,157][openpifpaf.decoder.cifcaf][INFO] - annotations 1: [13]
[2024-04-22 03:36:46,157][openpifpaf.predictor][INFO] - batch 0: no-file-name
[2024-04-22 03:36:46,360][openpifpaf.decoder.cifcaf][INFO] - annotations 1: [13]
[2024-04-22 03:36:46,361][openpifpaf.predictor][INFO] - batch 0: no-file-name
[2024-04-22 03:36:46,591][openpifpaf.decoder.cifcaf][INFO] - annotations 1: [14]
[2024-04-22 03:36:46,591][openpifpaf.predictor][INFO] - batch 0: no-file-name
[2024-04-22 03:36:46,807][openpifpaf.decoder.cifcaf][INFO] - annotations 1: [14]
[2024-04-22 03:36:46,807][openpifpaf.predictor][INFO] - batch 0: no-file-name
[2024-04-22 03:36:47,089][openpifpaf.decoder.cifcaf][INFO] - annotations 1: [14]
[2024-04-22 03:36:47,090][openpifpaf.predictor][INFO] - batch 0: no-file-name
[2024-04-22 03:36:47,296][openpifpaf.decoder.cifcaf][INFO] - annotations 1: [14]
[2024-04-22 03:36:47,296][openpifpaf.predictor][INFO] - batch 0: no-file-name
[2024-04-22 03:36:47,550][openpifpaf.decoder.cifcaf][INFO] - annotations 1: [14]
[2024-04-22 03:36:47,550][openpifpaf.predictor][INFO] - batch 0: no-file-name
[2024-04-22 03:36:47,770][openpifpaf.decoder.cifcaf][INFO] - annotations 1: [14]
[2024-04-22 03:36:47,770][openpifpaf.predictor][INFO] - batch 0: no-file-name
[2024-04-22 03:36:47,955][openpifpaf.decoder.cifcaf][INFO] - annotations 1: [14]
[2024-04-22 03:36:47,955][openpifpaf.predictor][INFO] - batch 0: no-file-name
[2024-04-22 03:36:48,161][openpifpaf.decoder.cifcaf][INFO] - annotations 1: [13]
[2024-04-22 03:36:48,162][openpifpaf.predictor][INFO] - batch 0: no-file-name
[2024-04-22 03:36:48,656][openpifpaf.decoder.cifcaf][INFO] - annotations 1: [13]
[2024-04-22 03:36:48,656][openpifpaf.predictor][INFO] - batch 0: no-file-name
[2024-04-22 03:37:02,273][openpifpaf.decoder.cifcaf][INFO] - annotations 1: [13]
[2024-04-22 03:37:02,273][openpifpaf.predictor][INFO] - batch 0: no-file-name
[2024-04-22 03:37:02,773][openpifpaf.decoder.cifcaf][INFO] - annotations 1: [14]
[2024-04-22 03:37:02,774][openpifpaf.predictor][INFO] - batch 0: no-file-name
