[2024-04-24 07:57:39,976][root][INFO] - Successfully loaded settings:
==================================================
data:
  dataset_name: DPDataset
  data_root: data/frames/
  label_root: data/labels/
  keypoints_root: data/keypoints/
  venue_names:
  - 2023-01-17-livingroom
  - 2023-01-18-livingroom
  - 2023-01-19-livingroom
  - 2023-01-24-livingroom
  - 2023-01-25-livingroom
  - 2023-01-17-openoffice
  - 2023-01-18-openoffice
  - 2023-01-19-openoffice
  - 2023-01-24-openoffice
  - 2023-01-25-openoffice
model:
  tlength: 15
  featvec_joint: true
  hidden_size: 192
  attention_heads: 12
  num_layers: 6
  featvec_bb: false
  featvec_img: false
  omit_temporal_encoder: false
hardware:
  nworkers: 8
  gpus: 8
  bs: 32
task: train
incl_all: false
train_ratio: 0.7
split_method: time
overfit: false
ckpt: ./models/weight.ckpt
noanswer: false
movie: ./demo/demo_1.mp4
lr: r
verbose: false
shrink_rate: 0.1
filter_joint: null
use_preprocessed: false
debug: false
hist_error: false
==================================================

[2024-04-24 07:57:39,976][root][WARNING] - Running DeePoint with CPU takes a long time.
[2024-04-24 07:57:40,825][openpifpaf.decoder.factory][INFO] - No specific decoder requested. Using the first one from:
  --decoder=cifcaf:0
  --decoder=posesimilarity:0
Use any of the above arguments to select one or multiple decoders and to suppress this message.
[2024-04-24 07:57:40,826][openpifpaf.predictor][INFO] - neural network device: cpu (CUDA available: False, count: 0)
[2024-04-24 07:57:42,161][openpifpaf.decoder.cifcaf][INFO] - annotations 1: [11]
[2024-04-24 07:57:42,161][openpifpaf.predictor][INFO] - batch 0: no-file-name
[2024-04-24 07:57:42,390][openpifpaf.decoder.cifcaf][INFO] - annotations 1: [11]
[2024-04-24 07:57:42,390][openpifpaf.predictor][INFO] - batch 0: no-file-name
[2024-04-24 07:57:42,602][openpifpaf.decoder.cifcaf][INFO] - annotations 1: [11]
[2024-04-24 07:57:42,602][openpifpaf.predictor][INFO] - batch 0: no-file-name
[2024-04-24 07:57:42,804][openpifpaf.decoder.cifcaf][INFO] - annotations 1: [11]
[2024-04-24 07:57:42,804][openpifpaf.predictor][INFO] - batch 0: no-file-name
[2024-04-24 07:57:43,007][openpifpaf.decoder.cifcaf][INFO] - annotations 1: [11]
[2024-04-24 07:57:43,007][openpifpaf.predictor][INFO] - batch 0: no-file-name
[2024-04-24 07:57:43,233][openpifpaf.decoder.cifcaf][INFO] - annotations 1: [11]
[2024-04-24 07:57:43,233][openpifpaf.predictor][INFO] - batch 0: no-file-name
[2024-04-24 07:57:43,486][openpifpaf.decoder.cifcaf][INFO] - annotations 1: [11]
[2024-04-24 07:57:43,486][openpifpaf.predictor][INFO] - batch 0: no-file-name
[2024-04-24 07:57:43,689][openpifpaf.decoder.cifcaf][INFO] - annotations 1: [11]
[2024-04-24 07:57:43,690][openpifpaf.predictor][INFO] - batch 0: no-file-name
[2024-04-24 07:57:43,896][openpifpaf.decoder.cifcaf][INFO] - annotations 1: [11]
[2024-04-24 07:57:43,896][openpifpaf.predictor][INFO] - batch 0: no-file-name
[2024-04-24 07:57:44,123][openpifpaf.decoder.cifcaf][INFO] - annotations 1: [11]
[2024-04-24 07:57:44,123][openpifpaf.predictor][INFO] - batch 0: no-file-name
[2024-04-24 07:57:44,409][openpifpaf.decoder.cifcaf][INFO] - annotations 1: [11]
[2024-04-24 07:57:44,409][openpifpaf.predictor][INFO] - batch 0: no-file-name
[2024-04-24 07:57:44,672][openpifpaf.decoder.cifcaf][INFO] - annotations 1: [11]
[2024-04-24 07:57:44,672][openpifpaf.predictor][INFO] - batch 0: no-file-name
[2024-04-24 07:57:44,922][openpifpaf.decoder.cifcaf][INFO] - annotations 1: [11]
[2024-04-24 07:57:44,922][openpifpaf.predictor][INFO] - batch 0: no-file-name
[2024-04-24 07:57:45,185][openpifpaf.decoder.cifcaf][INFO] - annotations 1: [11]
[2024-04-24 07:57:45,185][openpifpaf.predictor][INFO] - batch 0: no-file-name
