[2024-04-22 05:47:26,664][root][INFO] - Successfully loaded settings:
==================================================
data:
  dataset_name: DPDataset
  data_root: data/frames/
  label_root: data/labels/
  keypoints_root: data/keypoints/
  venue_names:
  - 2023-01-17-livingroom
  - 2023-01-18-livingroom
  - 2023-01-19-livingroom
  - 2023-01-24-livingroom
  - 2023-01-25-livingroom
  - 2023-01-17-openoffice
  - 2023-01-18-openoffice
  - 2023-01-19-openoffice
  - 2023-01-24-openoffice
  - 2023-01-25-openoffice
model:
  tlength: 15
  featvec_joint: true
  hidden_size: 192
  attention_heads: 12
  num_layers: 6
  featvec_bb: false
  featvec_img: false
  omit_temporal_encoder: false
hardware:
  nworkers: 8
  gpus: 8
  bs: 32
task: train
incl_all: false
train_ratio: 0.7
split_method: time
overfit: false
ckpt: ./models/weight.ckpt
noanswer: false
movie: ./demo/example.mp4
lr: l
verbose: false
shrink_rate: 0.1
filter_joint: null
use_preprocessed: false
debug: false
hist_error: false
==================================================

[2024-04-22 05:47:26,664][root][WARNING] - Running DeePoint with CPU takes a long time.
[2024-04-22 05:47:26,861][openpifpaf.decoder.factory][INFO] - No specific decoder requested. Using the first one from:
  --decoder=cifcaf:0
  --decoder=posesimilarity:0
Use any of the above arguments to select one or multiple decoders and to suppress this message.
[2024-04-22 05:47:26,861][openpifpaf.predictor][INFO] - neural network device: cpu (CUDA available: False, count: 0)
[2024-04-22 05:47:27,271][openpifpaf.decoder.cifcaf][INFO] - annotations 1: [14]
[2024-04-22 05:47:27,271][openpifpaf.predictor][INFO] - batch 0: no-file-name
[2024-04-22 05:47:27,427][openpifpaf.decoder.cifcaf][INFO] - annotations 1: [13]
[2024-04-22 05:47:27,427][openpifpaf.predictor][INFO] - batch 0: no-file-name
[2024-04-22 05:47:27,598][openpifpaf.decoder.cifcaf][INFO] - annotations 1: [14]
[2024-04-22 05:47:27,599][openpifpaf.predictor][INFO] - batch 0: no-file-name
[2024-04-22 05:47:27,779][openpifpaf.decoder.cifcaf][INFO] - annotations 1: [14]
[2024-04-22 05:47:27,779][openpifpaf.predictor][INFO] - batch 0: no-file-name
[2024-04-22 05:47:27,973][openpifpaf.decoder.cifcaf][INFO] - annotations 1: [14]
[2024-04-22 05:47:27,974][openpifpaf.predictor][INFO] - batch 0: no-file-name
[2024-04-22 05:47:28,161][openpifpaf.decoder.cifcaf][INFO] - annotations 1: [13]
[2024-04-22 05:47:28,161][openpifpaf.predictor][INFO] - batch 0: no-file-name
[2024-04-22 05:47:28,349][openpifpaf.decoder.cifcaf][INFO] - annotations 1: [13]
[2024-04-22 05:47:28,349][openpifpaf.predictor][INFO] - batch 0: no-file-name
[2024-04-22 05:47:28,536][openpifpaf.decoder.cifcaf][INFO] - annotations 1: [14]
[2024-04-22 05:47:28,537][openpifpaf.predictor][INFO] - batch 0: no-file-name
[2024-04-22 05:47:28,711][openpifpaf.decoder.cifcaf][INFO] - annotations 1: [14]
[2024-04-22 05:47:28,711][openpifpaf.predictor][INFO] - batch 0: no-file-name
[2024-04-22 05:47:28,910][openpifpaf.decoder.cifcaf][INFO] - annotations 1: [14]
[2024-04-22 05:47:28,911][openpifpaf.predictor][INFO] - batch 0: no-file-name
[2024-04-22 05:47:29,086][openpifpaf.decoder.cifcaf][INFO] - annotations 1: [14]
[2024-04-22 05:47:29,086][openpifpaf.predictor][INFO] - batch 0: no-file-name
[2024-04-22 05:47:29,264][openpifpaf.decoder.cifcaf][INFO] - annotations 1: [14]
[2024-04-22 05:47:29,264][openpifpaf.predictor][INFO] - batch 0: no-file-name
[2024-04-22 05:47:29,444][openpifpaf.decoder.cifcaf][INFO] - annotations 1: [14]
[2024-04-22 05:47:29,444][openpifpaf.predictor][INFO] - batch 0: no-file-name
[2024-04-22 05:47:29,623][openpifpaf.decoder.cifcaf][INFO] - annotations 1: [14]
[2024-04-22 05:47:29,624][openpifpaf.predictor][INFO] - batch 0: no-file-name
[2024-04-22 05:47:29,814][openpifpaf.decoder.cifcaf][INFO] - annotations 1: [13]
[2024-04-22 05:47:29,814][openpifpaf.predictor][INFO] - batch 0: no-file-name
[2024-04-22 05:47:30,300][openpifpaf.decoder.cifcaf][INFO] - annotations 1: [13]
[2024-04-22 05:47:30,300][openpifpaf.predictor][INFO] - batch 0: no-file-name
[2024-04-22 05:47:43,881][openpifpaf.decoder.cifcaf][INFO] - annotations 1: [13]
[2024-04-22 05:47:43,882][openpifpaf.predictor][INFO] - batch 0: no-file-name
[2024-04-22 05:47:44,350][openpifpaf.decoder.cifcaf][INFO] - annotations 1: [14]
[2024-04-22 05:47:44,351][openpifpaf.predictor][INFO] - batch 0: no-file-name
