[2024-04-22 01:07:17,896][root][INFO] - Successfully loaded settings:
==================================================
data:
  dataset_name: DPDataset
  data_root: data/frames/
  label_root: data/labels/
  keypoints_root: data/keypoints/
  venue_names:
  - 2023-01-17-livingroom
  - 2023-01-18-livingroom
  - 2023-01-19-livingroom
  - 2023-01-24-livingroom
  - 2023-01-25-livingroom
  - 2023-01-17-openoffice
  - 2023-01-18-openoffice
  - 2023-01-19-openoffice
  - 2023-01-24-openoffice
  - 2023-01-25-openoffice
model:
  tlength: 15
  featvec_joint: true
  hidden_size: 192
  attention_heads: 12
  num_layers: 6
  featvec_bb: false
  featvec_img: false
  omit_temporal_encoder: false
hardware:
  nworkers: 8
  gpus: 8
  bs: 32
task: train
incl_all: false
train_ratio: 0.7
split_method: time
overfit: false
ckpt: ./models/weight.ckpt
noanswer: false
movie: ./demo/JK_demo_1.mp4
lr: r
verbose: false
shrink_rate: 0.1
filter_joint: null
use_preprocessed: false
debug: false
hist_error: false
==================================================

[2024-04-22 01:07:17,896][root][WARNING] - Running DeePoint with CPU takes a long time.
[2024-04-22 01:07:18,121][openpifpaf.decoder.factory][INFO] - No specific decoder requested. Using the first one from:
  --decoder=cifcaf:0
  --decoder=posesimilarity:0
Use any of the above arguments to select one or multiple decoders and to suppress this message.
[2024-04-22 01:07:18,122][openpifpaf.predictor][INFO] - neural network device: cpu (CUDA available: False, count: 0)
[2024-04-22 01:07:18,601][openpifpaf.decoder.cifcaf][INFO] - annotations 1: [15]
[2024-04-22 01:07:18,601][openpifpaf.predictor][INFO] - batch 0: no-file-name
[2024-04-22 01:07:18,776][openpifpaf.decoder.cifcaf][INFO] - annotations 1: [15]
[2024-04-22 01:07:18,776][openpifpaf.predictor][INFO] - batch 0: no-file-name
[2024-04-22 01:07:18,968][openpifpaf.decoder.cifcaf][INFO] - annotations 1: [15]
[2024-04-22 01:07:18,968][openpifpaf.predictor][INFO] - batch 0: no-file-name
[2024-04-22 01:07:19,156][openpifpaf.decoder.cifcaf][INFO] - annotations 1: [15]
[2024-04-22 01:07:19,156][openpifpaf.predictor][INFO] - batch 0: no-file-name
[2024-04-22 01:07:19,344][openpifpaf.decoder.cifcaf][INFO] - annotations 1: [15]
[2024-04-22 01:07:19,345][openpifpaf.predictor][INFO] - batch 0: no-file-name
[2024-04-22 01:07:19,536][openpifpaf.decoder.cifcaf][INFO] - annotations 1: [15]
[2024-04-22 01:07:19,536][openpifpaf.predictor][INFO] - batch 0: no-file-name
[2024-04-22 01:07:19,718][openpifpaf.decoder.cifcaf][INFO] - annotations 1: [15]
[2024-04-22 01:07:19,718][openpifpaf.predictor][INFO] - batch 0: no-file-name
[2024-04-22 01:07:19,911][openpifpaf.decoder.cifcaf][INFO] - annotations 1: [15]
[2024-04-22 01:07:19,911][openpifpaf.predictor][INFO] - batch 0: no-file-name
[2024-04-22 01:07:20,102][openpifpaf.decoder.cifcaf][INFO] - annotations 1: [15]
[2024-04-22 01:07:20,102][openpifpaf.predictor][INFO] - batch 0: no-file-name
[2024-04-22 01:07:20,301][openpifpaf.decoder.cifcaf][INFO] - annotations 1: [15]
[2024-04-22 01:07:20,301][openpifpaf.predictor][INFO] - batch 0: no-file-name
[2024-04-22 01:07:20,500][openpifpaf.decoder.cifcaf][INFO] - annotations 1: [15]
[2024-04-22 01:07:20,500][openpifpaf.predictor][INFO] - batch 0: no-file-name
[2024-04-22 01:07:20,688][openpifpaf.decoder.cifcaf][INFO] - annotations 1: [15]
[2024-04-22 01:07:20,688][openpifpaf.predictor][INFO] - batch 0: no-file-name
[2024-04-22 01:07:20,894][openpifpaf.decoder.cifcaf][INFO] - annotations 1: [15]
[2024-04-22 01:07:20,895][openpifpaf.predictor][INFO] - batch 0: no-file-name
[2024-04-22 01:07:21,080][openpifpaf.decoder.cifcaf][INFO] - annotations 1: [15]
[2024-04-22 01:07:21,080][openpifpaf.predictor][INFO] - batch 0: no-file-name
[2024-04-22 01:07:21,283][openpifpaf.decoder.cifcaf][INFO] - annotations 1: [15]
[2024-04-22 01:07:21,284][openpifpaf.predictor][INFO] - batch 0: no-file-name
[2024-04-22 01:07:21,717][openpifpaf.decoder.cifcaf][INFO] - annotations 1: [15]
[2024-04-22 01:07:21,717][openpifpaf.predictor][INFO] - batch 0: no-file-name
[2024-04-22 01:07:39,095][openpifpaf.decoder.cifcaf][INFO] - annotations 1: [15]
[2024-04-22 01:07:39,096][openpifpaf.predictor][INFO] - batch 0: no-file-name
[2024-04-22 01:07:39,514][openpifpaf.decoder.cifcaf][INFO] - annotations 1: [15]
[2024-04-22 01:07:39,514][openpifpaf.predictor][INFO] - batch 0: no-file-name
[2024-04-22 01:07:56,649][openpifpaf.decoder.cifcaf][INFO] - annotations 1: [15]
[2024-04-22 01:07:56,649][openpifpaf.predictor][INFO] - batch 0: no-file-name
[2024-04-22 01:07:57,090][openpifpaf.decoder.cifcaf][INFO] - annotations 1: [15]
[2024-04-22 01:07:57,090][openpifpaf.predictor][INFO] - batch 0: no-file-name
[2024-04-22 01:08:14,482][openpifpaf.decoder.cifcaf][INFO] - annotations 1: [15]
[2024-04-22 01:08:14,482][openpifpaf.predictor][INFO] - batch 0: no-file-name
[2024-04-22 01:08:14,922][openpifpaf.decoder.cifcaf][INFO] - annotations 1: [15]
[2024-04-22 01:08:14,923][openpifpaf.predictor][INFO] - batch 0: no-file-name
[2024-04-22 01:08:32,041][openpifpaf.decoder.cifcaf][INFO] - annotations 1: [15]
[2024-04-22 01:08:32,041][openpifpaf.predictor][INFO] - batch 0: no-file-name
[2024-04-22 01:08:32,498][openpifpaf.decoder.cifcaf][INFO] - annotations 1: [15]
[2024-04-22 01:08:32,499][openpifpaf.predictor][INFO] - batch 0: no-file-name
[2024-04-22 01:08:49,971][openpifpaf.decoder.cifcaf][INFO] - annotations 1: [15]
[2024-04-22 01:08:49,971][openpifpaf.predictor][INFO] - batch 0: no-file-name
[2024-04-22 01:08:50,442][openpifpaf.decoder.cifcaf][INFO] - annotations 1: [15]
[2024-04-22 01:08:50,442][openpifpaf.predictor][INFO] - batch 0: no-file-name
[2024-04-22 01:09:07,492][openpifpaf.decoder.cifcaf][INFO] - annotations 1: [15]
[2024-04-22 01:09:07,493][openpifpaf.predictor][INFO] - batch 0: no-file-name
[2024-04-22 01:09:07,996][openpifpaf.decoder.cifcaf][INFO] - annotations 1: [15]
[2024-04-22 01:09:07,997][openpifpaf.predictor][INFO] - batch 0: no-file-name
[2024-04-22 01:09:25,390][openpifpaf.decoder.cifcaf][INFO] - annotations 1: [15]
[2024-04-22 01:09:25,391][openpifpaf.predictor][INFO] - batch 0: no-file-name
[2024-04-22 01:09:25,859][openpifpaf.decoder.cifcaf][INFO] - annotations 1: [15]
[2024-04-22 01:09:25,859][openpifpaf.predictor][INFO] - batch 0: no-file-name
[2024-04-22 01:09:43,248][openpifpaf.decoder.cifcaf][INFO] - annotations 1: [15]
[2024-04-22 01:09:43,248][openpifpaf.predictor][INFO] - batch 0: no-file-name
[2024-04-22 01:09:43,765][openpifpaf.decoder.cifcaf][INFO] - annotations 1: [15]
[2024-04-22 01:09:43,766][openpifpaf.predictor][INFO] - batch 0: no-file-name
[2024-04-22 01:10:01,013][openpifpaf.decoder.cifcaf][INFO] - annotations 1: [15]
[2024-04-22 01:10:01,013][openpifpaf.predictor][INFO] - batch 0: no-file-name
[2024-04-22 01:10:01,504][openpifpaf.decoder.cifcaf][INFO] - annotations 1: [15]
[2024-04-22 01:10:01,504][openpifpaf.predictor][INFO] - batch 0: no-file-name
[2024-04-22 01:10:18,710][openpifpaf.decoder.cifcaf][INFO] - annotations 1: [15]
[2024-04-22 01:10:18,711][openpifpaf.predictor][INFO] - batch 0: no-file-name
[2024-04-22 01:10:19,218][openpifpaf.decoder.cifcaf][INFO] - annotations 1: [15]
[2024-04-22 01:10:19,218][openpifpaf.predictor][INFO] - batch 0: no-file-name
[2024-04-22 01:10:36,187][openpifpaf.decoder.cifcaf][INFO] - annotations 1: [15]
[2024-04-22 01:10:36,188][openpifpaf.predictor][INFO] - batch 0: no-file-name
[2024-04-22 01:10:36,696][openpifpaf.decoder.cifcaf][INFO] - annotations 1: [15]
[2024-04-22 01:10:36,697][openpifpaf.predictor][INFO] - batch 0: no-file-name
[2024-04-22 01:10:54,177][openpifpaf.decoder.cifcaf][INFO] - annotations 1: [15]
[2024-04-22 01:10:54,177][openpifpaf.predictor][INFO] - batch 0: no-file-name
[2024-04-22 01:10:54,717][openpifpaf.decoder.cifcaf][INFO] - annotations 1: [15]
[2024-04-22 01:10:54,717][openpifpaf.predictor][INFO] - batch 0: no-file-name
[2024-04-22 01:11:12,076][openpifpaf.decoder.cifcaf][INFO] - annotations 1: [15]
[2024-04-22 01:11:12,076][openpifpaf.predictor][INFO] - batch 0: no-file-name
[2024-04-22 01:11:12,590][openpifpaf.decoder.cifcaf][INFO] - annotations 1: [15]
[2024-04-22 01:11:12,590][openpifpaf.predictor][INFO] - batch 0: no-file-name
[2024-04-22 01:11:30,098][openpifpaf.decoder.cifcaf][INFO] - annotations 1: [15]
[2024-04-22 01:11:30,098][openpifpaf.predictor][INFO] - batch 0: no-file-name
[2024-04-22 01:11:30,639][openpifpaf.decoder.cifcaf][INFO] - annotations 1: [15]
[2024-04-22 01:11:30,639][openpifpaf.predictor][INFO] - batch 0: no-file-name
[2024-04-22 01:11:48,065][openpifpaf.decoder.cifcaf][INFO] - annotations 1: [15]
[2024-04-22 01:11:48,065][openpifpaf.predictor][INFO] - batch 0: no-file-name
[2024-04-22 01:11:48,588][openpifpaf.decoder.cifcaf][INFO] - annotations 1: [15]
[2024-04-22 01:11:48,589][openpifpaf.predictor][INFO] - batch 0: no-file-name
[2024-04-22 01:12:05,870][openpifpaf.decoder.cifcaf][INFO] - annotations 1: [15]
[2024-04-22 01:12:05,870][openpifpaf.predictor][INFO] - batch 0: no-file-name
[2024-04-22 01:12:06,440][openpifpaf.decoder.cifcaf][INFO] - annotations 1: [15]
[2024-04-22 01:12:06,440][openpifpaf.predictor][INFO] - batch 0: no-file-name
