[2024-04-22 02:28:21,272][root][INFO] - Successfully loaded settings:
==================================================
data:
  dataset_name: DPDataset
  data_root: data/frames/
  label_root: data/labels/
  keypoints_root: data/keypoints/
  venue_names:
  - 2023-01-17-livingroom
  - 2023-01-18-livingroom
  - 2023-01-19-livingroom
  - 2023-01-24-livingroom
  - 2023-01-25-livingroom
  - 2023-01-17-openoffice
  - 2023-01-18-openoffice
  - 2023-01-19-openoffice
  - 2023-01-24-openoffice
  - 2023-01-25-openoffice
model:
  tlength: 15
  featvec_joint: true
  hidden_size: 192
  attention_heads: 12
  num_layers: 6
  featvec_bb: false
  featvec_img: false
  omit_temporal_encoder: false
hardware:
  nworkers: 8
  gpus: 8
  bs: 32
task: train
incl_all: false
train_ratio: 0.7
split_method: time
overfit: false
ckpt: ./models/weight.ckpt
noanswer: false
movie: ./demo/JK_demo_1.mp4
lr: r
verbose: false
shrink_rate: 0.1
filter_joint: null
use_preprocessed: false
debug: false
hist_error: false
==================================================

[2024-04-22 02:28:21,272][root][WARNING] - Running DeePoint with CPU takes a long time.
[2024-04-22 02:28:21,469][openpifpaf.decoder.factory][INFO] - No specific decoder requested. Using the first one from:
  --decoder=cifcaf:0
  --decoder=posesimilarity:0
Use any of the above arguments to select one or multiple decoders and to suppress this message.
[2024-04-22 02:28:21,469][openpifpaf.predictor][INFO] - neural network device: cpu (CUDA available: False, count: 0)
[2024-04-22 02:28:21,886][openpifpaf.decoder.cifcaf][INFO] - annotations 1: [15]
[2024-04-22 02:28:21,886][openpifpaf.predictor][INFO] - batch 0: no-file-name
[2024-04-22 02:28:22,016][openpifpaf.decoder.cifcaf][INFO] - annotations 1: [15]
[2024-04-22 02:28:22,016][openpifpaf.predictor][INFO] - batch 0: no-file-name
[2024-04-22 02:28:22,145][openpifpaf.decoder.cifcaf][INFO] - annotations 1: [15]
[2024-04-22 02:28:22,146][openpifpaf.predictor][INFO] - batch 0: no-file-name
[2024-04-22 02:28:22,274][openpifpaf.decoder.cifcaf][INFO] - annotations 1: [15]
[2024-04-22 02:28:22,275][openpifpaf.predictor][INFO] - batch 0: no-file-name
[2024-04-22 02:28:22,405][openpifpaf.decoder.cifcaf][INFO] - annotations 1: [15]
[2024-04-22 02:28:22,405][openpifpaf.predictor][INFO] - batch 0: no-file-name
[2024-04-22 02:28:22,535][openpifpaf.decoder.cifcaf][INFO] - annotations 1: [15]
[2024-04-22 02:28:22,535][openpifpaf.predictor][INFO] - batch 0: no-file-name
[2024-04-22 02:28:22,672][openpifpaf.decoder.cifcaf][INFO] - annotations 1: [15]
[2024-04-22 02:28:22,672][openpifpaf.predictor][INFO] - batch 0: no-file-name
[2024-04-22 02:28:22,807][openpifpaf.decoder.cifcaf][INFO] - annotations 1: [15]
[2024-04-22 02:28:22,807][openpifpaf.predictor][INFO] - batch 0: no-file-name
[2024-04-22 02:28:22,936][openpifpaf.decoder.cifcaf][INFO] - annotations 1: [15]
[2024-04-22 02:28:22,936][openpifpaf.predictor][INFO] - batch 0: no-file-name
[2024-04-22 02:28:23,065][openpifpaf.decoder.cifcaf][INFO] - annotations 1: [15]
[2024-04-22 02:28:23,066][openpifpaf.predictor][INFO] - batch 0: no-file-name
[2024-04-22 02:28:23,196][openpifpaf.decoder.cifcaf][INFO] - annotations 1: [15]
[2024-04-22 02:28:23,196][openpifpaf.predictor][INFO] - batch 0: no-file-name
[2024-04-22 02:28:23,328][openpifpaf.decoder.cifcaf][INFO] - annotations 1: [15]
[2024-04-22 02:28:23,328][openpifpaf.predictor][INFO] - batch 0: no-file-name
[2024-04-22 02:28:23,459][openpifpaf.decoder.cifcaf][INFO] - annotations 1: [15]
[2024-04-22 02:28:23,459][openpifpaf.predictor][INFO] - batch 0: no-file-name
[2024-04-22 02:28:23,581][openpifpaf.decoder.cifcaf][INFO] - annotations 1: [15]
[2024-04-22 02:28:23,581][openpifpaf.predictor][INFO] - batch 0: no-file-name
[2024-04-22 02:28:23,722][openpifpaf.decoder.cifcaf][INFO] - annotations 1: [15]
[2024-04-22 02:28:23,722][openpifpaf.predictor][INFO] - batch 0: no-file-name
[2024-04-22 02:28:24,057][openpifpaf.decoder.cifcaf][INFO] - annotations 1: [15]
[2024-04-22 02:28:24,057][openpifpaf.predictor][INFO] - batch 0: no-file-name
