[2024-04-21 00:58:09,023][root][INFO] - Successfully loaded settings:
==================================================
data:
  dataset_name: DPDataset
  data_root: data/frames/
  label_root: data/labels/
  keypoints_root: data/keypoints/
  venue_names:
  - 2023-01-17-livingroom
  - 2023-01-18-livingroom
  - 2023-01-19-livingroom
  - 2023-01-24-livingroom
  - 2023-01-25-livingroom
  - 2023-01-17-openoffice
  - 2023-01-18-openoffice
  - 2023-01-19-openoffice
  - 2023-01-24-openoffice
  - 2023-01-25-openoffice
model:
  tlength: 15
  featvec_joint: true
  hidden_size: 192
  attention_heads: 12
  num_layers: 6
  featvec_bb: false
  featvec_img: false
  omit_temporal_encoder: false
hardware:
  nworkers: 8
  gpus: 8
  bs: 32
task: train
incl_all: false
train_ratio: 0.7
split_method: time
overfit: false
ckpt: ./models/weight.ckpt
noanswer: false
movie: ./demo/JK_demo_1.mp4
lr: r
verbose: false
shrink_rate: 0.1
filter_joint: null
use_preprocessed: false
debug: false
hist_error: false
==================================================

[2024-04-21 00:58:09,023][root][WARNING] - Running DeePoint with CPU takes a long time.
[2024-04-21 00:58:09,269][openpifpaf.decoder.factory][INFO] - No specific decoder requested. Using the first one from:
  --decoder=cifcaf:0
  --decoder=posesimilarity:0
Use any of the above arguments to select one or multiple decoders and to suppress this message.
[2024-04-21 00:58:09,270][openpifpaf.predictor][INFO] - neural network device: cpu (CUDA available: False, count: 0)
[2024-04-21 00:58:09,797][openpifpaf.decoder.cifcaf][INFO] - annotations 1: [15]
[2024-04-21 00:58:09,797][openpifpaf.predictor][INFO] - batch 0: no-file-name
[2024-04-21 00:58:09,978][openpifpaf.decoder.cifcaf][INFO] - annotations 1: [15]
[2024-04-21 00:58:09,979][openpifpaf.predictor][INFO] - batch 0: no-file-name
[2024-04-21 00:58:10,159][openpifpaf.decoder.cifcaf][INFO] - annotations 1: [15]
[2024-04-21 00:58:10,160][openpifpaf.predictor][INFO] - batch 0: no-file-name
[2024-04-21 00:58:10,347][openpifpaf.decoder.cifcaf][INFO] - annotations 1: [15]
[2024-04-21 00:58:10,348][openpifpaf.predictor][INFO] - batch 0: no-file-name
[2024-04-21 00:58:10,534][openpifpaf.decoder.cifcaf][INFO] - annotations 1: [15]
[2024-04-21 00:58:10,535][openpifpaf.predictor][INFO] - batch 0: no-file-name
[2024-04-21 00:58:10,722][openpifpaf.decoder.cifcaf][INFO] - annotations 1: [15]
[2024-04-21 00:58:10,723][openpifpaf.predictor][INFO] - batch 0: no-file-name
[2024-04-21 00:58:10,913][openpifpaf.decoder.cifcaf][INFO] - annotations 1: [15]
[2024-04-21 00:58:10,913][openpifpaf.predictor][INFO] - batch 0: no-file-name
[2024-04-21 00:58:11,096][openpifpaf.decoder.cifcaf][INFO] - annotations 1: [15]
[2024-04-21 00:58:11,096][openpifpaf.predictor][INFO] - batch 0: no-file-name
[2024-04-21 00:58:11,281][openpifpaf.decoder.cifcaf][INFO] - annotations 1: [15]
[2024-04-21 00:58:11,281][openpifpaf.predictor][INFO] - batch 0: no-file-name
[2024-04-21 00:58:11,461][openpifpaf.decoder.cifcaf][INFO] - annotations 1: [15]
[2024-04-21 00:58:11,462][openpifpaf.predictor][INFO] - batch 0: no-file-name
[2024-04-21 00:58:11,649][openpifpaf.decoder.cifcaf][INFO] - annotations 1: [15]
[2024-04-21 00:58:11,649][openpifpaf.predictor][INFO] - batch 0: no-file-name
[2024-04-21 00:58:11,823][openpifpaf.decoder.cifcaf][INFO] - annotations 1: [15]
[2024-04-21 00:58:11,823][openpifpaf.predictor][INFO] - batch 0: no-file-name
[2024-04-21 00:58:12,018][openpifpaf.decoder.cifcaf][INFO] - annotations 1: [15]
[2024-04-21 00:58:12,018][openpifpaf.predictor][INFO] - batch 0: no-file-name
[2024-04-21 00:58:12,194][openpifpaf.decoder.cifcaf][INFO] - annotations 1: [15]
[2024-04-21 00:58:12,194][openpifpaf.predictor][INFO] - batch 0: no-file-name
[2024-04-21 00:58:12,381][openpifpaf.decoder.cifcaf][INFO] - annotations 1: [15]
[2024-04-21 00:58:12,381][openpifpaf.predictor][INFO] - batch 0: no-file-name
[2024-04-21 00:58:12,809][openpifpaf.decoder.cifcaf][INFO] - annotations 1: [15]
[2024-04-21 00:58:12,809][openpifpaf.predictor][INFO] - batch 0: no-file-name
[2024-04-21 00:58:19,920][openpifpaf.decoder.cifcaf][INFO] - annotations 1: [15]
[2024-04-21 00:58:19,920][openpifpaf.predictor][INFO] - batch 0: no-file-name
[2024-04-21 00:58:20,353][openpifpaf.decoder.cifcaf][INFO] - annotations 1: [15]
[2024-04-21 00:58:20,353][openpifpaf.predictor][INFO] - batch 0: no-file-name
[2024-04-21 00:58:27,548][openpifpaf.decoder.cifcaf][INFO] - annotations 1: [15]
[2024-04-21 00:58:27,548][openpifpaf.predictor][INFO] - batch 0: no-file-name
[2024-04-21 00:58:27,988][openpifpaf.decoder.cifcaf][INFO] - annotations 1: [15]
[2024-04-21 00:58:27,989][openpifpaf.predictor][INFO] - batch 0: no-file-name
