[2024-04-22 00:56:09,521][root][INFO] - Successfully loaded settings:
==================================================
data:
  dataset_name: DPDataset
  data_root: data/frames/
  label_root: data/labels/
  keypoints_root: data/keypoints/
  venue_names:
  - 2023-01-17-livingroom
  - 2023-01-18-livingroom
  - 2023-01-19-livingroom
  - 2023-01-24-livingroom
  - 2023-01-25-livingroom
  - 2023-01-17-openoffice
  - 2023-01-18-openoffice
  - 2023-01-19-openoffice
  - 2023-01-24-openoffice
  - 2023-01-25-openoffice
model:
  tlength: 15
  featvec_joint: true
  hidden_size: 192
  attention_heads: 12
  num_layers: 6
  featvec_bb: false
  featvec_img: false
  omit_temporal_encoder: false
hardware:
  nworkers: 8
  gpus: 8
  bs: 32
task: train
incl_all: false
train_ratio: 0.7
split_method: time
overfit: false
ckpt: ./models/weight.ckpt
noanswer: false
movie: ./demo/demo_1.mp4
lr: r
verbose: false
shrink_rate: 0.1
filter_joint: null
use_preprocessed: false
debug: false
hist_error: false
==================================================

[2024-04-22 00:56:09,522][root][WARNING] - Running DeePoint with CPU takes a long time.
[2024-04-22 00:56:09,743][openpifpaf.decoder.factory][INFO] - No specific decoder requested. Using the first one from:
  --decoder=cifcaf:0
  --decoder=posesimilarity:0
Use any of the above arguments to select one or multiple decoders and to suppress this message.
[2024-04-22 00:56:09,744][openpifpaf.predictor][INFO] - neural network device: cpu (CUDA available: False, count: 0)
[2024-04-22 00:56:10,222][openpifpaf.decoder.cifcaf][INFO] - annotations 1: [11]
[2024-04-22 00:56:10,222][openpifpaf.predictor][INFO] - batch 0: no-file-name
[2024-04-22 00:56:10,394][openpifpaf.decoder.cifcaf][INFO] - annotations 1: [11]
[2024-04-22 00:56:10,394][openpifpaf.predictor][INFO] - batch 0: no-file-name
[2024-04-22 00:56:10,577][openpifpaf.decoder.cifcaf][INFO] - annotations 1: [11]
[2024-04-22 00:56:10,577][openpifpaf.predictor][INFO] - batch 0: no-file-name
[2024-04-22 00:56:10,760][openpifpaf.decoder.cifcaf][INFO] - annotations 1: [11]
[2024-04-22 00:56:10,760][openpifpaf.predictor][INFO] - batch 0: no-file-name
[2024-04-22 00:56:10,946][openpifpaf.decoder.cifcaf][INFO] - annotations 1: [11]
[2024-04-22 00:56:10,946][openpifpaf.predictor][INFO] - batch 0: no-file-name
[2024-04-22 00:56:11,126][openpifpaf.decoder.cifcaf][INFO] - annotations 1: [11]
[2024-04-22 00:56:11,127][openpifpaf.predictor][INFO] - batch 0: no-file-name
[2024-04-22 00:56:11,305][openpifpaf.decoder.cifcaf][INFO] - annotations 1: [11]
[2024-04-22 00:56:11,306][openpifpaf.predictor][INFO] - batch 0: no-file-name
[2024-04-22 00:56:11,489][openpifpaf.decoder.cifcaf][INFO] - annotations 1: [11]
[2024-04-22 00:56:11,490][openpifpaf.predictor][INFO] - batch 0: no-file-name
[2024-04-22 00:56:11,675][openpifpaf.decoder.cifcaf][INFO] - annotations 1: [11]
[2024-04-22 00:56:11,676][openpifpaf.predictor][INFO] - batch 0: no-file-name
[2024-04-22 00:56:11,859][openpifpaf.decoder.cifcaf][INFO] - annotations 1: [11]
[2024-04-22 00:56:11,859][openpifpaf.predictor][INFO] - batch 0: no-file-name
[2024-04-22 00:56:12,055][openpifpaf.decoder.cifcaf][INFO] - annotations 1: [11]
[2024-04-22 00:56:12,055][openpifpaf.predictor][INFO] - batch 0: no-file-name
[2024-04-22 00:56:12,247][openpifpaf.decoder.cifcaf][INFO] - annotations 1: [11]
[2024-04-22 00:56:12,247][openpifpaf.predictor][INFO] - batch 0: no-file-name
[2024-04-22 00:56:12,443][openpifpaf.decoder.cifcaf][INFO] - annotations 1: [11]
[2024-04-22 00:56:12,443][openpifpaf.predictor][INFO] - batch 0: no-file-name
[2024-04-22 00:56:12,632][openpifpaf.decoder.cifcaf][INFO] - annotations 1: [11]
[2024-04-22 00:56:12,632][openpifpaf.predictor][INFO] - batch 0: no-file-name
[2024-04-22 00:56:12,811][openpifpaf.decoder.cifcaf][INFO] - annotations 1: [11]
[2024-04-22 00:56:12,811][openpifpaf.predictor][INFO] - batch 0: no-file-name
[2024-04-22 00:56:13,238][openpifpaf.decoder.cifcaf][INFO] - annotations 1: [11]
[2024-04-22 00:56:13,239][openpifpaf.predictor][INFO] - batch 0: no-file-name
[2024-04-22 00:56:30,430][openpifpaf.decoder.cifcaf][INFO] - annotations 1: [11]
[2024-04-22 00:56:30,430][openpifpaf.predictor][INFO] - batch 0: no-file-name
[2024-04-22 00:56:30,891][openpifpaf.decoder.cifcaf][INFO] - annotations 1: [11]
[2024-04-22 00:56:30,891][openpifpaf.predictor][INFO] - batch 0: no-file-name
[2024-04-22 00:56:47,997][openpifpaf.decoder.cifcaf][INFO] - annotations 1: [11]
[2024-04-22 00:56:47,997][openpifpaf.predictor][INFO] - batch 0: no-file-name
