[2024-04-22 06:04:01,277][root][INFO] - Successfully loaded settings:
==================================================
data:
  dataset_name: DPDataset
  data_root: data/frames/
  label_root: data/labels/
  keypoints_root: data/keypoints/
  venue_names:
  - 2023-01-17-livingroom
  - 2023-01-18-livingroom
  - 2023-01-19-livingroom
  - 2023-01-24-livingroom
  - 2023-01-25-livingroom
  - 2023-01-17-openoffice
  - 2023-01-18-openoffice
  - 2023-01-19-openoffice
  - 2023-01-24-openoffice
  - 2023-01-25-openoffice
model:
  tlength: 15
  featvec_joint: true
  hidden_size: 192
  attention_heads: 12
  num_layers: 6
  featvec_bb: false
  featvec_img: false
  omit_temporal_encoder: false
hardware:
  nworkers: 8
  gpus: 8
  bs: 32
task: train
incl_all: false
train_ratio: 0.7
split_method: time
overfit: false
ckpt: ./models/weight.ckpt
noanswer: false
movie: ./demo/example.mp4
lr: l
verbose: false
shrink_rate: 0.1
filter_joint: null
use_preprocessed: false
debug: false
hist_error: false
==================================================

[2024-04-22 06:04:01,277][root][WARNING] - Running DeePoint with CPU takes a long time.
[2024-04-22 06:04:01,474][openpifpaf.decoder.factory][INFO] - No specific decoder requested. Using the first one from:
  --decoder=cifcaf:0
  --decoder=posesimilarity:0
Use any of the above arguments to select one or multiple decoders and to suppress this message.
[2024-04-22 06:04:01,474][openpifpaf.predictor][INFO] - neural network device: cpu (CUDA available: False, count: 0)
[2024-04-22 06:04:01,873][openpifpaf.decoder.cifcaf][INFO] - annotations 1: [14]
[2024-04-22 06:04:01,873][openpifpaf.predictor][INFO] - batch 0: no-file-name
[2024-04-22 06:04:01,987][openpifpaf.decoder.cifcaf][INFO] - annotations 1: [13]
[2024-04-22 06:04:01,987][openpifpaf.predictor][INFO] - batch 0: no-file-name
[2024-04-22 06:04:02,103][openpifpaf.decoder.cifcaf][INFO] - annotations 1: [14]
[2024-04-22 06:04:02,103][openpifpaf.predictor][INFO] - batch 0: no-file-name
[2024-04-22 06:04:02,232][openpifpaf.decoder.cifcaf][INFO] - annotations 1: [14]
[2024-04-22 06:04:02,233][openpifpaf.predictor][INFO] - batch 0: no-file-name
[2024-04-22 06:04:02,359][openpifpaf.decoder.cifcaf][INFO] - annotations 1: [14]
[2024-04-22 06:04:02,360][openpifpaf.predictor][INFO] - batch 0: no-file-name
[2024-04-22 06:04:02,491][openpifpaf.decoder.cifcaf][INFO] - annotations 1: [13]
[2024-04-22 06:04:02,491][openpifpaf.predictor][INFO] - batch 0: no-file-name
[2024-04-22 06:04:02,620][openpifpaf.decoder.cifcaf][INFO] - annotations 1: [13]
[2024-04-22 06:04:02,621][openpifpaf.predictor][INFO] - batch 0: no-file-name
[2024-04-22 06:04:02,744][openpifpaf.decoder.cifcaf][INFO] - annotations 1: [14]
[2024-04-22 06:04:02,744][openpifpaf.predictor][INFO] - batch 0: no-file-name
[2024-04-22 06:04:02,874][openpifpaf.decoder.cifcaf][INFO] - annotations 1: [14]
[2024-04-22 06:04:02,875][openpifpaf.predictor][INFO] - batch 0: no-file-name
[2024-04-22 06:04:03,004][openpifpaf.decoder.cifcaf][INFO] - annotations 1: [14]
[2024-04-22 06:04:03,005][openpifpaf.predictor][INFO] - batch 0: no-file-name
[2024-04-22 06:04:03,133][openpifpaf.decoder.cifcaf][INFO] - annotations 1: [14]
[2024-04-22 06:04:03,133][openpifpaf.predictor][INFO] - batch 0: no-file-name
[2024-04-22 06:04:03,261][openpifpaf.decoder.cifcaf][INFO] - annotations 1: [14]
[2024-04-22 06:04:03,261][openpifpaf.predictor][INFO] - batch 0: no-file-name
[2024-04-22 06:04:03,389][openpifpaf.decoder.cifcaf][INFO] - annotations 1: [14]
[2024-04-22 06:04:03,389][openpifpaf.predictor][INFO] - batch 0: no-file-name
[2024-04-22 06:04:03,519][openpifpaf.decoder.cifcaf][INFO] - annotations 1: [14]
[2024-04-22 06:04:03,520][openpifpaf.predictor][INFO] - batch 0: no-file-name
[2024-04-22 06:04:03,651][openpifpaf.decoder.cifcaf][INFO] - annotations 1: [13]
[2024-04-22 06:04:03,651][openpifpaf.predictor][INFO] - batch 0: no-file-name
[2024-04-22 06:04:04,025][openpifpaf.decoder.cifcaf][INFO] - annotations 1: [13]
[2024-04-22 06:04:04,025][openpifpaf.predictor][INFO] - batch 0: no-file-name
