[2024-04-22 00:44:40,476][root][INFO] - Successfully loaded settings:
==================================================
data:
  dataset_name: DPDataset
  data_root: data/frames/
  label_root: data/labels/
  keypoints_root: data/keypoints/
  venue_names:
  - 2023-01-17-livingroom
  - 2023-01-18-livingroom
  - 2023-01-19-livingroom
  - 2023-01-24-livingroom
  - 2023-01-25-livingroom
  - 2023-01-17-openoffice
  - 2023-01-18-openoffice
  - 2023-01-19-openoffice
  - 2023-01-24-openoffice
  - 2023-01-25-openoffice
model:
  tlength: 15
  featvec_joint: true
  hidden_size: 192
  attention_heads: 12
  num_layers: 6
  featvec_bb: false
  featvec_img: false
  omit_temporal_encoder: false
hardware:
  nworkers: 8
  gpus: 8
  bs: 32
task: train
incl_all: false
train_ratio: 0.7
split_method: time
overfit: false
ckpt: ./models/weight.ckpt
noanswer: false
movie: ./demo/example.mp4
lr: l
verbose: false
shrink_rate: 0.1
filter_joint: null
use_preprocessed: false
debug: false
hist_error: false
==================================================

[2024-04-22 00:44:40,476][root][WARNING] - Running DeePoint with CPU takes a long time.
[2024-04-22 00:44:40,703][openpifpaf.decoder.factory][INFO] - No specific decoder requested. Using the first one from:
  --decoder=cifcaf:0
  --decoder=posesimilarity:0
Use any of the above arguments to select one or multiple decoders and to suppress this message.
[2024-04-22 00:44:40,703][openpifpaf.predictor][INFO] - neural network device: cpu (CUDA available: False, count: 0)
[2024-04-22 00:44:41,208][openpifpaf.decoder.cifcaf][INFO] - annotations 1: [14]
[2024-04-22 00:44:41,209][openpifpaf.predictor][INFO] - batch 0: no-file-name
[2024-04-22 00:44:41,383][openpifpaf.decoder.cifcaf][INFO] - annotations 1: [13]
[2024-04-22 00:44:41,383][openpifpaf.predictor][INFO] - batch 0: no-file-name
[2024-04-22 00:44:41,555][openpifpaf.decoder.cifcaf][INFO] - annotations 1: [14]
[2024-04-22 00:44:41,555][openpifpaf.predictor][INFO] - batch 0: no-file-name
[2024-04-22 00:44:41,741][openpifpaf.decoder.cifcaf][INFO] - annotations 1: [14]
[2024-04-22 00:44:41,741][openpifpaf.predictor][INFO] - batch 0: no-file-name
[2024-04-22 00:44:41,928][openpifpaf.decoder.cifcaf][INFO] - annotations 1: [14]
[2024-04-22 00:44:41,928][openpifpaf.predictor][INFO] - batch 0: no-file-name
[2024-04-22 00:44:42,114][openpifpaf.decoder.cifcaf][INFO] - annotations 1: [13]
[2024-04-22 00:44:42,114][openpifpaf.predictor][INFO] - batch 0: no-file-name
[2024-04-22 00:44:42,300][openpifpaf.decoder.cifcaf][INFO] - annotations 1: [13]
[2024-04-22 00:44:42,301][openpifpaf.predictor][INFO] - batch 0: no-file-name
[2024-04-22 00:44:42,488][openpifpaf.decoder.cifcaf][INFO] - annotations 1: [14]
[2024-04-22 00:44:42,488][openpifpaf.predictor][INFO] - batch 0: no-file-name
[2024-04-22 00:44:42,678][openpifpaf.decoder.cifcaf][INFO] - annotations 1: [14]
[2024-04-22 00:44:42,678][openpifpaf.predictor][INFO] - batch 0: no-file-name
[2024-04-22 00:44:42,851][openpifpaf.decoder.cifcaf][INFO] - annotations 1: [14]
[2024-04-22 00:44:42,851][openpifpaf.predictor][INFO] - batch 0: no-file-name
[2024-04-22 00:44:43,051][openpifpaf.decoder.cifcaf][INFO] - annotations 1: [14]
[2024-04-22 00:44:43,051][openpifpaf.predictor][INFO] - batch 0: no-file-name
[2024-04-22 00:44:43,225][openpifpaf.decoder.cifcaf][INFO] - annotations 1: [14]
[2024-04-22 00:44:43,226][openpifpaf.predictor][INFO] - batch 0: no-file-name
[2024-04-22 00:44:43,425][openpifpaf.decoder.cifcaf][INFO] - annotations 1: [14]
[2024-04-22 00:44:43,426][openpifpaf.predictor][INFO] - batch 0: no-file-name
[2024-04-22 00:44:43,622][openpifpaf.decoder.cifcaf][INFO] - annotations 1: [14]
[2024-04-22 00:44:43,622][openpifpaf.predictor][INFO] - batch 0: no-file-name
[2024-04-22 00:44:43,806][openpifpaf.decoder.cifcaf][INFO] - annotations 1: [13]
[2024-04-22 00:44:43,806][openpifpaf.predictor][INFO] - batch 0: no-file-name
[2024-04-22 00:44:44,264][openpifpaf.decoder.cifcaf][INFO] - annotations 1: [13]
[2024-04-22 00:44:44,264][openpifpaf.predictor][INFO] - batch 0: no-file-name
[2024-04-22 00:45:01,717][openpifpaf.decoder.cifcaf][INFO] - annotations 1: [13]
[2024-04-22 00:45:01,718][openpifpaf.predictor][INFO] - batch 0: no-file-name
[2024-04-22 00:45:02,209][openpifpaf.decoder.cifcaf][INFO] - annotations 1: [14]
[2024-04-22 00:45:02,209][openpifpaf.predictor][INFO] - batch 0: no-file-name
[2024-04-22 00:45:19,441][openpifpaf.decoder.cifcaf][INFO] - annotations 1: [14]
[2024-04-22 00:45:19,441][openpifpaf.predictor][INFO] - batch 0: no-file-name
[2024-04-22 00:45:19,887][openpifpaf.decoder.cifcaf][INFO] - annotations 1: [14]
[2024-04-22 00:45:19,888][openpifpaf.predictor][INFO] - batch 0: no-file-name
[2024-04-22 00:45:36,941][openpifpaf.decoder.cifcaf][INFO] - annotations 1: [14]
[2024-04-22 00:45:36,941][openpifpaf.predictor][INFO] - batch 0: no-file-name
[2024-04-22 00:45:37,422][openpifpaf.decoder.cifcaf][INFO] - annotations 1: [14]
[2024-04-22 00:45:37,422][openpifpaf.predictor][INFO] - batch 0: no-file-name
