[2024-04-21 00:55:36,280][root][INFO] - Successfully loaded settings:
==================================================
data:
  dataset_name: DPDataset
  data_root: data/frames/
  label_root: data/labels/
  keypoints_root: data/keypoints/
  venue_names:
  - 2023-01-17-livingroom
  - 2023-01-18-livingroom
  - 2023-01-19-livingroom
  - 2023-01-24-livingroom
  - 2023-01-25-livingroom
  - 2023-01-17-openoffice
  - 2023-01-18-openoffice
  - 2023-01-19-openoffice
  - 2023-01-24-openoffice
  - 2023-01-25-openoffice
model:
  tlength: 15
  featvec_joint: true
  hidden_size: 192
  attention_heads: 12
  num_layers: 6
  featvec_bb: false
  featvec_img: false
  omit_temporal_encoder: false
hardware:
  nworkers: 8
  gpus: 8
  bs: 32
task: train
incl_all: false
train_ratio: 0.7
split_method: time
overfit: false
ckpt: ./models/weight.ckpt
noanswer: false
movie: ./demo/JK_demo_1.mp4
lr: r
verbose: false
shrink_rate: 0.1
filter_joint: null
use_preprocessed: false
debug: false
hist_error: false
==================================================

[2024-04-21 00:55:36,281][root][WARNING] - Running DeePoint with CPU takes a long time.
[2024-04-21 00:55:36,523][openpifpaf.decoder.factory][INFO] - No specific decoder requested. Using the first one from:
  --decoder=cifcaf:0
  --decoder=posesimilarity:0
Use any of the above arguments to select one or multiple decoders and to suppress this message.
[2024-04-21 00:55:36,524][openpifpaf.predictor][INFO] - neural network device: cpu (CUDA available: False, count: 0)
[2024-04-21 00:55:37,035][openpifpaf.decoder.cifcaf][INFO] - annotations 1: [15]
[2024-04-21 00:55:37,035][openpifpaf.predictor][INFO] - batch 0: no-file-name
[2024-04-21 00:55:37,201][openpifpaf.decoder.cifcaf][INFO] - annotations 1: [15]
[2024-04-21 00:55:37,202][openpifpaf.predictor][INFO] - batch 0: no-file-name
[2024-04-21 00:55:37,373][openpifpaf.decoder.cifcaf][INFO] - annotations 1: [15]
[2024-04-21 00:55:37,373][openpifpaf.predictor][INFO] - batch 0: no-file-name
[2024-04-21 00:55:37,546][openpifpaf.decoder.cifcaf][INFO] - annotations 1: [15]
[2024-04-21 00:55:37,546][openpifpaf.predictor][INFO] - batch 0: no-file-name
[2024-04-21 00:55:37,734][openpifpaf.decoder.cifcaf][INFO] - annotations 1: [15]
[2024-04-21 00:55:37,734][openpifpaf.predictor][INFO] - batch 0: no-file-name
[2024-04-21 00:55:37,924][openpifpaf.decoder.cifcaf][INFO] - annotations 1: [15]
[2024-04-21 00:55:37,925][openpifpaf.predictor][INFO] - batch 0: no-file-name
[2024-04-21 00:55:38,115][openpifpaf.decoder.cifcaf][INFO] - annotations 1: [15]
[2024-04-21 00:55:38,115][openpifpaf.predictor][INFO] - batch 0: no-file-name
[2024-04-21 00:55:38,305][openpifpaf.decoder.cifcaf][INFO] - annotations 1: [15]
[2024-04-21 00:55:38,305][openpifpaf.predictor][INFO] - batch 0: no-file-name
[2024-04-21 00:55:38,482][openpifpaf.decoder.cifcaf][INFO] - annotations 1: [15]
[2024-04-21 00:55:38,483][openpifpaf.predictor][INFO] - batch 0: no-file-name
[2024-04-21 00:55:38,654][openpifpaf.decoder.cifcaf][INFO] - annotations 1: [15]
[2024-04-21 00:55:38,654][openpifpaf.predictor][INFO] - batch 0: no-file-name
[2024-04-21 00:55:38,828][openpifpaf.decoder.cifcaf][INFO] - annotations 1: [15]
[2024-04-21 00:55:38,828][openpifpaf.predictor][INFO] - batch 0: no-file-name
[2024-04-21 00:55:39,023][openpifpaf.decoder.cifcaf][INFO] - annotations 1: [15]
[2024-04-21 00:55:39,024][openpifpaf.predictor][INFO] - batch 0: no-file-name
[2024-04-21 00:55:39,196][openpifpaf.decoder.cifcaf][INFO] - annotations 1: [15]
[2024-04-21 00:55:39,196][openpifpaf.predictor][INFO] - batch 0: no-file-name
[2024-04-21 00:55:39,389][openpifpaf.decoder.cifcaf][INFO] - annotations 1: [15]
[2024-04-21 00:55:39,391][openpifpaf.predictor][INFO] - batch 0: no-file-name
[2024-04-21 00:55:39,579][openpifpaf.decoder.cifcaf][INFO] - annotations 1: [15]
[2024-04-21 00:55:39,579][openpifpaf.predictor][INFO] - batch 0: no-file-name
[2024-04-21 00:55:40,003][openpifpaf.decoder.cifcaf][INFO] - annotations 1: [15]
[2024-04-21 00:55:40,003][openpifpaf.predictor][INFO] - batch 0: no-file-name
[2024-04-21 00:55:47,120][openpifpaf.decoder.cifcaf][INFO] - annotations 1: [15]
[2024-04-21 00:55:47,120][openpifpaf.predictor][INFO] - batch 0: no-file-name
[2024-04-21 00:55:47,579][openpifpaf.decoder.cifcaf][INFO] - annotations 1: [15]
[2024-04-21 00:55:47,579][openpifpaf.predictor][INFO] - batch 0: no-file-name
[2024-04-21 00:55:54,759][openpifpaf.decoder.cifcaf][INFO] - annotations 1: [15]
[2024-04-21 00:55:54,759][openpifpaf.predictor][INFO] - batch 0: no-file-name
[2024-04-21 00:55:55,204][openpifpaf.decoder.cifcaf][INFO] - annotations 1: [15]
[2024-04-21 00:55:55,205][openpifpaf.predictor][INFO] - batch 0: no-file-name
