[2024-04-22 02:07:38,361][root][INFO] - Successfully loaded settings:
==================================================
data:
  dataset_name: DPDataset
  data_root: data/frames/
  label_root: data/labels/
  keypoints_root: data/keypoints/
  venue_names:
  - 2023-01-17-livingroom
  - 2023-01-18-livingroom
  - 2023-01-19-livingroom
  - 2023-01-24-livingroom
  - 2023-01-25-livingroom
  - 2023-01-17-openoffice
  - 2023-01-18-openoffice
  - 2023-01-19-openoffice
  - 2023-01-24-openoffice
  - 2023-01-25-openoffice
model:
  tlength: 15
  featvec_joint: true
  hidden_size: 192
  attention_heads: 12
  num_layers: 6
  featvec_bb: false
  featvec_img: false
  omit_temporal_encoder: false
hardware:
  nworkers: 8
  gpus: 8
  bs: 32
task: train
incl_all: false
train_ratio: 0.7
split_method: time
overfit: false
ckpt: ./models/weight.ckpt
noanswer: false
movie: ./demo/JK_demo_1.mp4
lr: r
verbose: false
shrink_rate: 0.1
filter_joint: null
use_preprocessed: false
debug: false
hist_error: false
==================================================

[2024-04-22 02:07:38,361][root][WARNING] - Running DeePoint with CPU takes a long time.
[2024-04-22 02:07:38,571][openpifpaf.decoder.factory][INFO] - No specific decoder requested. Using the first one from:
  --decoder=cifcaf:0
  --decoder=posesimilarity:0
Use any of the above arguments to select one or multiple decoders and to suppress this message.
[2024-04-22 02:07:38,571][openpifpaf.predictor][INFO] - neural network device: cpu (CUDA available: False, count: 0)
[2024-04-22 02:07:38,976][openpifpaf.decoder.cifcaf][INFO] - annotations 1: [15]
[2024-04-22 02:07:38,976][openpifpaf.predictor][INFO] - batch 0: no-file-name
[2024-04-22 02:07:39,102][openpifpaf.decoder.cifcaf][INFO] - annotations 1: [15]
[2024-04-22 02:07:39,102][openpifpaf.predictor][INFO] - batch 0: no-file-name
[2024-04-22 02:07:39,224][openpifpaf.decoder.cifcaf][INFO] - annotations 1: [15]
[2024-04-22 02:07:39,225][openpifpaf.predictor][INFO] - batch 0: no-file-name
[2024-04-22 02:07:39,359][openpifpaf.decoder.cifcaf][INFO] - annotations 1: [15]
[2024-04-22 02:07:39,359][openpifpaf.predictor][INFO] - batch 0: no-file-name
[2024-04-22 02:07:39,493][openpifpaf.decoder.cifcaf][INFO] - annotations 1: [15]
[2024-04-22 02:07:39,493][openpifpaf.predictor][INFO] - batch 0: no-file-name
[2024-04-22 02:07:39,626][openpifpaf.decoder.cifcaf][INFO] - annotations 1: [15]
[2024-04-22 02:07:39,627][openpifpaf.predictor][INFO] - batch 0: no-file-name
[2024-04-22 02:07:39,742][openpifpaf.decoder.cifcaf][INFO] - annotations 1: [15]
[2024-04-22 02:07:39,742][openpifpaf.predictor][INFO] - batch 0: no-file-name
[2024-04-22 02:07:39,885][openpifpaf.decoder.cifcaf][INFO] - annotations 1: [15]
[2024-04-22 02:07:39,885][openpifpaf.predictor][INFO] - batch 0: no-file-name
[2024-04-22 02:07:40,032][openpifpaf.decoder.cifcaf][INFO] - annotations 1: [15]
[2024-04-22 02:07:40,033][openpifpaf.predictor][INFO] - batch 0: no-file-name
[2024-04-22 02:07:40,192][openpifpaf.decoder.cifcaf][INFO] - annotations 1: [15]
[2024-04-22 02:07:40,193][openpifpaf.predictor][INFO] - batch 0: no-file-name
[2024-04-22 02:07:40,330][openpifpaf.decoder.cifcaf][INFO] - annotations 1: [15]
[2024-04-22 02:07:40,331][openpifpaf.predictor][INFO] - batch 0: no-file-name
[2024-04-22 02:07:40,492][openpifpaf.decoder.cifcaf][INFO] - annotations 1: [15]
[2024-04-22 02:07:40,492][openpifpaf.predictor][INFO] - batch 0: no-file-name
[2024-04-22 02:07:40,637][openpifpaf.decoder.cifcaf][INFO] - annotations 1: [15]
[2024-04-22 02:07:40,637][openpifpaf.predictor][INFO] - batch 0: no-file-name
[2024-04-22 02:07:40,768][openpifpaf.decoder.cifcaf][INFO] - annotations 1: [15]
[2024-04-22 02:07:40,768][openpifpaf.predictor][INFO] - batch 0: no-file-name
[2024-04-22 02:07:40,898][openpifpaf.decoder.cifcaf][INFO] - annotations 1: [15]
[2024-04-22 02:07:40,898][openpifpaf.predictor][INFO] - batch 0: no-file-name
[2024-04-22 02:07:41,214][openpifpaf.decoder.cifcaf][INFO] - annotations 1: [15]
[2024-04-22 02:07:41,214][openpifpaf.predictor][INFO] - batch 0: no-file-name
