[2024-04-20 21:10:26,300][root][INFO] - Successfully loaded settings:
==================================================
data:
  dataset_name: DPDataset
  data_root: data/frames/
  label_root: data/labels/
  keypoints_root: data/keypoints/
  venue_names:
  - 2023-01-17-livingroom
  - 2023-01-18-livingroom
  - 2023-01-19-livingroom
  - 2023-01-24-livingroom
  - 2023-01-25-livingroom
  - 2023-01-17-openoffice
  - 2023-01-18-openoffice
  - 2023-01-19-openoffice
  - 2023-01-24-openoffice
  - 2023-01-25-openoffice
model:
  tlength: 15
  featvec_joint: true
  hidden_size: 192
  attention_heads: 12
  num_layers: 6
  featvec_bb: false
  featvec_img: false
  omit_temporal_encoder: false
hardware:
  nworkers: 8
  gpus: 8
  bs: 32
task: train
incl_all: false
train_ratio: 0.7
split_method: time
overfit: false
ckpt: ./models/weight.ckpt
noanswer: false
movie: ./demo/JK_demo_1.mp4
lr: r
verbose: false
shrink_rate: 0.1
filter_joint: null
use_preprocessed: false
debug: false
hist_error: false
==================================================

[2024-04-20 21:10:26,301][root][WARNING] - Running DeePoint with CPU takes a long time.
[2024-04-20 21:10:26,584][openpifpaf.decoder.factory][INFO] - No specific decoder requested. Using the first one from:
  --decoder=cifcaf:0
  --decoder=posesimilarity:0
Use any of the above arguments to select one or multiple decoders and to suppress this message.
[2024-04-20 21:10:26,584][openpifpaf.predictor][INFO] - neural network device: cpu (CUDA available: False, count: 0)
[2024-04-20 21:10:27,278][openpifpaf.decoder.cifcaf][INFO] - annotations 1: [15]
[2024-04-20 21:10:27,278][openpifpaf.predictor][INFO] - batch 0: no-file-name
[2024-04-20 21:10:27,464][openpifpaf.decoder.cifcaf][INFO] - annotations 1: [15]
[2024-04-20 21:10:27,465][openpifpaf.predictor][INFO] - batch 0: no-file-name
[2024-04-20 21:10:27,652][openpifpaf.decoder.cifcaf][INFO] - annotations 1: [15]
[2024-04-20 21:10:27,652][openpifpaf.predictor][INFO] - batch 0: no-file-name
[2024-04-20 21:10:27,838][openpifpaf.decoder.cifcaf][INFO] - annotations 1: [15]
[2024-04-20 21:10:27,838][openpifpaf.predictor][INFO] - batch 0: no-file-name
[2024-04-20 21:10:28,033][openpifpaf.decoder.cifcaf][INFO] - annotations 1: [15]
[2024-04-20 21:10:28,033][openpifpaf.predictor][INFO] - batch 0: no-file-name
[2024-04-20 21:10:28,222][openpifpaf.decoder.cifcaf][INFO] - annotations 1: [15]
[2024-04-20 21:10:28,223][openpifpaf.predictor][INFO] - batch 0: no-file-name
[2024-04-20 21:10:28,410][openpifpaf.decoder.cifcaf][INFO] - annotations 1: [15]
[2024-04-20 21:10:28,410][openpifpaf.predictor][INFO] - batch 0: no-file-name
[2024-04-20 21:10:28,599][openpifpaf.decoder.cifcaf][INFO] - annotations 1: [15]
[2024-04-20 21:10:28,600][openpifpaf.predictor][INFO] - batch 0: no-file-name
[2024-04-20 21:10:28,788][openpifpaf.decoder.cifcaf][INFO] - annotations 1: [15]
[2024-04-20 21:10:28,788][openpifpaf.predictor][INFO] - batch 0: no-file-name
[2024-04-20 21:10:28,979][openpifpaf.decoder.cifcaf][INFO] - annotations 1: [15]
[2024-04-20 21:10:28,979][openpifpaf.predictor][INFO] - batch 0: no-file-name
[2024-04-20 21:10:29,176][openpifpaf.decoder.cifcaf][INFO] - annotations 1: [15]
[2024-04-20 21:10:29,176][openpifpaf.predictor][INFO] - batch 0: no-file-name
[2024-04-20 21:10:29,381][openpifpaf.decoder.cifcaf][INFO] - annotations 1: [15]
[2024-04-20 21:10:29,381][openpifpaf.predictor][INFO] - batch 0: no-file-name
[2024-04-20 21:10:29,579][openpifpaf.decoder.cifcaf][INFO] - annotations 1: [15]
[2024-04-20 21:10:29,579][openpifpaf.predictor][INFO] - batch 0: no-file-name
[2024-04-20 21:10:29,773][openpifpaf.decoder.cifcaf][INFO] - annotations 1: [15]
[2024-04-20 21:10:29,773][openpifpaf.predictor][INFO] - batch 0: no-file-name
[2024-04-20 21:10:29,972][openpifpaf.decoder.cifcaf][INFO] - annotations 1: [15]
[2024-04-20 21:10:29,972][openpifpaf.predictor][INFO] - batch 0: no-file-name
[2024-04-20 21:10:30,433][openpifpaf.decoder.cifcaf][INFO] - annotations 1: [15]
[2024-04-20 21:10:30,433][openpifpaf.predictor][INFO] - batch 0: no-file-name
[2024-04-20 21:10:37,664][openpifpaf.decoder.cifcaf][INFO] - annotations 1: [15]
[2024-04-20 21:10:37,664][openpifpaf.predictor][INFO] - batch 0: no-file-name
[2024-04-20 21:10:38,086][openpifpaf.decoder.cifcaf][INFO] - annotations 1: [15]
[2024-04-20 21:10:38,086][openpifpaf.predictor][INFO] - batch 0: no-file-name
[2024-04-20 21:10:45,067][openpifpaf.decoder.cifcaf][INFO] - annotations 1: [15]
[2024-04-20 21:10:45,068][openpifpaf.predictor][INFO] - batch 0: no-file-name
[2024-04-20 21:10:45,526][openpifpaf.decoder.cifcaf][INFO] - annotations 1: [15]
[2024-04-20 21:10:45,526][openpifpaf.predictor][INFO] - batch 0: no-file-name
[2024-04-20 21:10:52,769][openpifpaf.decoder.cifcaf][INFO] - annotations 1: [15]
[2024-04-20 21:10:52,769][openpifpaf.predictor][INFO] - batch 0: no-file-name
[2024-04-20 21:10:53,203][openpifpaf.decoder.cifcaf][INFO] - annotations 1: [15]
[2024-04-20 21:10:53,203][openpifpaf.predictor][INFO] - batch 0: no-file-name
[2024-04-20 21:11:00,372][openpifpaf.decoder.cifcaf][INFO] - annotations 1: [15]
[2024-04-20 21:11:00,373][openpifpaf.predictor][INFO] - batch 0: no-file-name
[2024-04-20 21:11:00,848][openpifpaf.decoder.cifcaf][INFO] - annotations 1: [15]
[2024-04-20 21:11:00,848][openpifpaf.predictor][INFO] - batch 0: no-file-name
[2024-04-20 21:11:08,008][openpifpaf.decoder.cifcaf][INFO] - annotations 1: [15]
[2024-04-20 21:11:08,008][openpifpaf.predictor][INFO] - batch 0: no-file-name
[2024-04-20 21:11:08,512][openpifpaf.decoder.cifcaf][INFO] - annotations 1: [15]
[2024-04-20 21:11:08,513][openpifpaf.predictor][INFO] - batch 0: no-file-name
[2024-04-20 21:11:15,482][openpifpaf.decoder.cifcaf][INFO] - annotations 1: [15]
[2024-04-20 21:11:15,483][openpifpaf.predictor][INFO] - batch 0: no-file-name
[2024-04-20 21:11:15,979][openpifpaf.decoder.cifcaf][INFO] - annotations 1: [15]
[2024-04-20 21:11:15,979][openpifpaf.predictor][INFO] - batch 0: no-file-name
[2024-04-20 21:11:23,063][openpifpaf.decoder.cifcaf][INFO] - annotations 1: [15]
[2024-04-20 21:11:23,063][openpifpaf.predictor][INFO] - batch 0: no-file-name
[2024-04-20 21:11:23,573][openpifpaf.decoder.cifcaf][INFO] - annotations 1: [15]
[2024-04-20 21:11:23,573][openpifpaf.predictor][INFO] - batch 0: no-file-name
[2024-04-20 21:11:30,767][openpifpaf.decoder.cifcaf][INFO] - annotations 1: [15]
[2024-04-20 21:11:30,767][openpifpaf.predictor][INFO] - batch 0: no-file-name
[2024-04-20 21:11:31,251][openpifpaf.decoder.cifcaf][INFO] - annotations 1: [15]
[2024-04-20 21:11:31,251][openpifpaf.predictor][INFO] - batch 0: no-file-name
[2024-04-20 21:11:38,480][openpifpaf.decoder.cifcaf][INFO] - annotations 1: [15]
[2024-04-20 21:11:38,481][openpifpaf.predictor][INFO] - batch 0: no-file-name
[2024-04-20 21:11:38,985][openpifpaf.decoder.cifcaf][INFO] - annotations 1: [15]
[2024-04-20 21:11:38,986][openpifpaf.predictor][INFO] - batch 0: no-file-name
[2024-04-20 21:11:46,155][openpifpaf.decoder.cifcaf][INFO] - annotations 1: [15]
[2024-04-20 21:11:46,155][openpifpaf.predictor][INFO] - batch 0: no-file-name
[2024-04-20 21:11:46,693][openpifpaf.decoder.cifcaf][INFO] - annotations 1: [15]
[2024-04-20 21:11:46,693][openpifpaf.predictor][INFO] - batch 0: no-file-name
[2024-04-20 21:11:53,952][openpifpaf.decoder.cifcaf][INFO] - annotations 1: [15]
[2024-04-20 21:11:53,952][openpifpaf.predictor][INFO] - batch 0: no-file-name
[2024-04-20 21:11:54,490][openpifpaf.decoder.cifcaf][INFO] - annotations 1: [15]
[2024-04-20 21:11:54,490][openpifpaf.predictor][INFO] - batch 0: no-file-name
[2024-04-20 21:12:01,769][openpifpaf.decoder.cifcaf][INFO] - annotations 1: [15]
[2024-04-20 21:12:01,769][openpifpaf.predictor][INFO] - batch 0: no-file-name
[2024-04-20 21:12:02,291][openpifpaf.decoder.cifcaf][INFO] - annotations 1: [15]
[2024-04-20 21:12:02,291][openpifpaf.predictor][INFO] - batch 0: no-file-name
[2024-04-20 21:12:09,386][openpifpaf.decoder.cifcaf][INFO] - annotations 1: [15]
[2024-04-20 21:12:09,386][openpifpaf.predictor][INFO] - batch 0: no-file-name
[2024-04-20 21:12:09,911][openpifpaf.decoder.cifcaf][INFO] - annotations 1: [15]
[2024-04-20 21:12:09,912][openpifpaf.predictor][INFO] - batch 0: no-file-name
[2024-04-20 21:12:16,998][openpifpaf.decoder.cifcaf][INFO] - annotations 1: [15]
[2024-04-20 21:12:16,999][openpifpaf.predictor][INFO] - batch 0: no-file-name
[2024-04-20 21:12:17,557][openpifpaf.decoder.cifcaf][INFO] - annotations 1: [15]
[2024-04-20 21:12:17,558][openpifpaf.predictor][INFO] - batch 0: no-file-name
[2024-04-20 21:12:24,680][openpifpaf.decoder.cifcaf][INFO] - annotations 1: [15]
[2024-04-20 21:12:24,681][openpifpaf.predictor][INFO] - batch 0: no-file-name
[2024-04-20 21:12:25,225][openpifpaf.decoder.cifcaf][INFO] - annotations 1: [15]
[2024-04-20 21:12:25,225][openpifpaf.predictor][INFO] - batch 0: no-file-name
[2024-04-20 21:12:32,264][openpifpaf.decoder.cifcaf][INFO] - annotations 1: [15]
[2024-04-20 21:12:32,264][openpifpaf.predictor][INFO] - batch 0: no-file-name
[2024-04-20 21:12:32,798][openpifpaf.decoder.cifcaf][INFO] - annotations 1: [15]
[2024-04-20 21:12:32,799][openpifpaf.predictor][INFO] - batch 0: no-file-name
[2024-04-20 21:12:39,975][openpifpaf.decoder.cifcaf][INFO] - annotations 1: [15]
[2024-04-20 21:12:39,976][openpifpaf.predictor][INFO] - batch 0: no-file-name
[2024-04-20 21:12:40,568][openpifpaf.decoder.cifcaf][INFO] - annotations 1: [15]
[2024-04-20 21:12:40,568][openpifpaf.predictor][INFO] - batch 0: no-file-name
[2024-04-20 21:12:47,906][openpifpaf.decoder.cifcaf][INFO] - annotations 1: [15]
[2024-04-20 21:12:47,906][openpifpaf.predictor][INFO] - batch 0: no-file-name
[2024-04-20 21:12:48,461][openpifpaf.decoder.cifcaf][INFO] - annotations 1: [15]
[2024-04-20 21:12:48,461][openpifpaf.predictor][INFO] - batch 0: no-file-name
[2024-04-20 21:12:55,627][openpifpaf.decoder.cifcaf][INFO] - annotations 1: [15]
[2024-04-20 21:12:55,627][openpifpaf.predictor][INFO] - batch 0: no-file-name
[2024-04-20 21:12:56,143][openpifpaf.decoder.cifcaf][INFO] - annotations 1: [15]
[2024-04-20 21:12:56,143][openpifpaf.predictor][INFO] - batch 0: no-file-name
[2024-04-20 21:13:03,356][openpifpaf.decoder.cifcaf][INFO] - annotations 1: [15]
[2024-04-20 21:13:03,357][openpifpaf.predictor][INFO] - batch 0: no-file-name
[2024-04-20 21:13:03,881][openpifpaf.decoder.cifcaf][INFO] - annotations 1: [15]
[2024-04-20 21:13:03,882][openpifpaf.predictor][INFO] - batch 0: no-file-name
[2024-04-20 21:13:10,909][openpifpaf.decoder.cifcaf][INFO] - annotations 1: [15]
[2024-04-20 21:13:10,910][openpifpaf.predictor][INFO] - batch 0: no-file-name
[2024-04-20 21:13:11,393][openpifpaf.decoder.cifcaf][INFO] - annotations 1: [15]
[2024-04-20 21:13:11,393][openpifpaf.predictor][INFO] - batch 0: no-file-name
[2024-04-20 21:13:18,424][openpifpaf.decoder.cifcaf][INFO] - annotations 1: [15]
[2024-04-20 21:13:18,424][openpifpaf.predictor][INFO] - batch 0: no-file-name
[2024-04-20 21:13:18,940][openpifpaf.decoder.cifcaf][INFO] - annotations 1: [15]
[2024-04-20 21:13:18,940][openpifpaf.predictor][INFO] - batch 0: no-file-name
[2024-04-20 21:13:25,927][openpifpaf.decoder.cifcaf][INFO] - annotations 1: [15]
[2024-04-20 21:13:25,927][openpifpaf.predictor][INFO] - batch 0: no-file-name
[2024-04-20 21:13:26,440][openpifpaf.decoder.cifcaf][INFO] - annotations 1: [15]
[2024-04-20 21:13:26,441][openpifpaf.predictor][INFO] - batch 0: no-file-name
[2024-04-20 21:13:33,676][openpifpaf.decoder.cifcaf][INFO] - annotations 1: [15]
[2024-04-20 21:13:33,676][openpifpaf.predictor][INFO] - batch 0: no-file-name
[2024-04-20 21:13:34,203][openpifpaf.decoder.cifcaf][INFO] - annotations 1: [15]
[2024-04-20 21:13:34,203][openpifpaf.predictor][INFO] - batch 0: no-file-name
[2024-04-20 21:13:41,271][openpifpaf.decoder.cifcaf][INFO] - annotations 1: [15]
[2024-04-20 21:13:41,271][openpifpaf.predictor][INFO] - batch 0: no-file-name
[2024-04-20 21:13:41,812][openpifpaf.decoder.cifcaf][INFO] - annotations 1: [15]
[2024-04-20 21:13:41,812][openpifpaf.predictor][INFO] - batch 0: no-file-name
[2024-04-20 21:13:48,884][openpifpaf.decoder.cifcaf][INFO] - annotations 1: [15]
[2024-04-20 21:13:48,884][openpifpaf.predictor][INFO] - batch 0: no-file-name
[2024-04-20 21:13:49,419][openpifpaf.decoder.cifcaf][INFO] - annotations 1: [15]
[2024-04-20 21:13:49,419][openpifpaf.predictor][INFO] - batch 0: no-file-name
[2024-04-20 21:13:56,650][openpifpaf.decoder.cifcaf][INFO] - annotations 1: [15]
[2024-04-20 21:13:56,650][openpifpaf.predictor][INFO] - batch 0: no-file-name
[2024-04-20 21:13:57,194][openpifpaf.decoder.cifcaf][INFO] - annotations 1: [15]
[2024-04-20 21:13:57,195][openpifpaf.predictor][INFO] - batch 0: no-file-name
[2024-04-20 21:14:04,287][openpifpaf.decoder.cifcaf][INFO] - annotations 1: [15]
[2024-04-20 21:14:04,287][openpifpaf.predictor][INFO] - batch 0: no-file-name
[2024-04-20 21:14:04,854][openpifpaf.decoder.cifcaf][INFO] - annotations 1: [15]
[2024-04-20 21:14:04,855][openpifpaf.predictor][INFO] - batch 0: no-file-name
[2024-04-20 21:14:12,073][openpifpaf.decoder.cifcaf][INFO] - annotations 1: [15]
[2024-04-20 21:14:12,073][openpifpaf.predictor][INFO] - batch 0: no-file-name
[2024-04-20 21:14:12,638][openpifpaf.decoder.cifcaf][INFO] - annotations 1: [15]
[2024-04-20 21:14:12,638][openpifpaf.predictor][INFO] - batch 0: no-file-name
[2024-04-20 21:14:19,917][openpifpaf.decoder.cifcaf][INFO] - annotations 1: [15]
[2024-04-20 21:14:19,917][openpifpaf.predictor][INFO] - batch 0: no-file-name
[2024-04-20 21:14:20,486][openpifpaf.decoder.cifcaf][INFO] - annotations 1: [15]
[2024-04-20 21:14:20,486][openpifpaf.predictor][INFO] - batch 0: no-file-name
[2024-04-20 21:14:27,761][openpifpaf.decoder.cifcaf][INFO] - annotations 1: [15]
[2024-04-20 21:14:27,762][openpifpaf.predictor][INFO] - batch 0: no-file-name
[2024-04-20 21:14:28,325][openpifpaf.decoder.cifcaf][INFO] - annotations 1: [15]
[2024-04-20 21:14:28,326][openpifpaf.predictor][INFO] - batch 0: no-file-name
[2024-04-20 21:14:35,403][openpifpaf.decoder.cifcaf][INFO] - annotations 1: [15]
[2024-04-20 21:14:35,403][openpifpaf.predictor][INFO] - batch 0: no-file-name
[2024-04-20 21:14:35,964][openpifpaf.decoder.cifcaf][INFO] - annotations 1: [15]
[2024-04-20 21:14:35,964][openpifpaf.predictor][INFO] - batch 0: no-file-name
[2024-04-20 21:14:43,287][openpifpaf.decoder.cifcaf][INFO] - annotations 1: [15]
[2024-04-20 21:14:43,287][openpifpaf.predictor][INFO] - batch 0: no-file-name
[2024-04-20 21:14:43,850][openpifpaf.decoder.cifcaf][INFO] - annotations 1: [15]
[2024-04-20 21:14:43,850][openpifpaf.predictor][INFO] - batch 0: no-file-name
[2024-04-20 21:14:51,078][openpifpaf.decoder.cifcaf][INFO] - annotations 1: [15]
[2024-04-20 21:14:51,079][openpifpaf.predictor][INFO] - batch 0: no-file-name
[2024-04-20 21:14:51,622][openpifpaf.decoder.cifcaf][INFO] - annotations 1: [15]
[2024-04-20 21:14:51,622][openpifpaf.predictor][INFO] - batch 0: no-file-name
[2024-04-20 21:14:58,702][openpifpaf.decoder.cifcaf][INFO] - annotations 1: [15]
[2024-04-20 21:14:58,703][openpifpaf.predictor][INFO] - batch 0: no-file-name
[2024-04-20 21:14:59,266][openpifpaf.decoder.cifcaf][INFO] - annotations 1: [15]
[2024-04-20 21:14:59,266][openpifpaf.predictor][INFO] - batch 0: no-file-name
[2024-04-20 21:15:06,415][openpifpaf.decoder.cifcaf][INFO] - annotations 1: [15]
[2024-04-20 21:15:06,415][openpifpaf.predictor][INFO] - batch 0: no-file-name
[2024-04-20 21:15:06,936][openpifpaf.decoder.cifcaf][INFO] - annotations 1: [15]
[2024-04-20 21:15:06,936][openpifpaf.predictor][INFO] - batch 0: no-file-name
[2024-04-20 21:15:13,900][openpifpaf.decoder.cifcaf][INFO] - annotations 1: [15]
[2024-04-20 21:15:13,900][openpifpaf.predictor][INFO] - batch 0: no-file-name
[2024-04-20 21:15:14,402][openpifpaf.decoder.cifcaf][INFO] - annotations 1: [15]
[2024-04-20 21:15:14,402][openpifpaf.predictor][INFO] - batch 0: no-file-name
[2024-04-20 21:15:21,482][openpifpaf.decoder.cifcaf][INFO] - annotations 1: [15]
[2024-04-20 21:15:21,482][openpifpaf.predictor][INFO] - batch 0: no-file-name
[2024-04-20 21:15:22,001][openpifpaf.decoder.cifcaf][INFO] - annotations 1: [15]
[2024-04-20 21:15:22,001][openpifpaf.predictor][INFO] - batch 0: no-file-name
[2024-04-20 21:15:29,197][openpifpaf.decoder.cifcaf][INFO] - annotations 1: [15]
[2024-04-20 21:15:29,197][openpifpaf.predictor][INFO] - batch 0: no-file-name
[2024-04-20 21:15:29,730][openpifpaf.decoder.cifcaf][INFO] - annotations 1: [15]
[2024-04-20 21:15:29,730][openpifpaf.predictor][INFO] - batch 0: no-file-name
[2024-04-20 21:15:36,861][openpifpaf.decoder.cifcaf][INFO] - annotations 1: [15]
[2024-04-20 21:15:36,862][openpifpaf.predictor][INFO] - batch 0: no-file-name
[2024-04-20 21:15:37,406][openpifpaf.decoder.cifcaf][INFO] - annotations 1: [15]
[2024-04-20 21:15:37,406][openpifpaf.predictor][INFO] - batch 0: no-file-name
[2024-04-20 21:15:44,653][openpifpaf.decoder.cifcaf][INFO] - annotations 1: [15]
[2024-04-20 21:15:44,654][openpifpaf.predictor][INFO] - batch 0: no-file-name
[2024-04-20 21:15:45,195][openpifpaf.decoder.cifcaf][INFO] - annotations 1: [15]
[2024-04-20 21:15:45,195][openpifpaf.predictor][INFO] - batch 0: no-file-name
[2024-04-20 21:15:52,118][openpifpaf.decoder.cifcaf][INFO] - annotations 1: [15]
[2024-04-20 21:15:52,119][openpifpaf.predictor][INFO] - batch 0: no-file-name
[2024-04-20 21:15:52,662][openpifpaf.decoder.cifcaf][INFO] - annotations 1: [15]
[2024-04-20 21:15:52,663][openpifpaf.predictor][INFO] - batch 0: no-file-name
[2024-04-20 21:15:59,758][openpifpaf.decoder.cifcaf][INFO] - annotations 1: [15]
[2024-04-20 21:15:59,758][openpifpaf.predictor][INFO] - batch 0: no-file-name
[2024-04-20 21:16:00,308][openpifpaf.decoder.cifcaf][INFO] - annotations 1: [15]
[2024-04-20 21:16:00,308][openpifpaf.predictor][INFO] - batch 0: no-file-name
[2024-04-20 21:16:07,336][openpifpaf.decoder.cifcaf][INFO] - annotations 1: [15]
[2024-04-20 21:16:07,336][openpifpaf.predictor][INFO] - batch 0: no-file-name
[2024-04-20 21:16:07,882][openpifpaf.decoder.cifcaf][INFO] - annotations 1: [15]
[2024-04-20 21:16:07,882][openpifpaf.predictor][INFO] - batch 0: no-file-name
[2024-04-20 21:16:15,104][openpifpaf.decoder.cifcaf][INFO] - annotations 1: [15]
[2024-04-20 21:16:15,104][openpifpaf.predictor][INFO] - batch 0: no-file-name
[2024-04-20 21:16:15,687][openpifpaf.decoder.cifcaf][INFO] - annotations 1: [15]
[2024-04-20 21:16:15,687][openpifpaf.predictor][INFO] - batch 0: no-file-name
[2024-04-20 21:16:23,032][openpifpaf.decoder.cifcaf][INFO] - annotations 1: [15]
[2024-04-20 21:16:23,032][openpifpaf.predictor][INFO] - batch 0: no-file-name
[2024-04-20 21:16:23,599][openpifpaf.decoder.cifcaf][INFO] - annotations 1: [15]
[2024-04-20 21:16:23,599][openpifpaf.predictor][INFO] - batch 0: no-file-name
[2024-04-20 21:16:30,673][openpifpaf.decoder.cifcaf][INFO] - annotations 1: [15]
[2024-04-20 21:16:30,674][openpifpaf.predictor][INFO] - batch 0: no-file-name
[2024-04-20 21:16:31,217][openpifpaf.decoder.cifcaf][INFO] - annotations 1: [15]
[2024-04-20 21:16:31,217][openpifpaf.predictor][INFO] - batch 0: no-file-name
[2024-04-20 21:16:38,207][openpifpaf.decoder.cifcaf][INFO] - annotations 1: [15]
[2024-04-20 21:16:38,207][openpifpaf.predictor][INFO] - batch 0: no-file-name
[2024-04-20 21:16:38,779][openpifpaf.decoder.cifcaf][INFO] - annotations 1: [15]
[2024-04-20 21:16:38,780][openpifpaf.predictor][INFO] - batch 0: no-file-name
[2024-04-20 21:16:45,898][openpifpaf.decoder.cifcaf][INFO] - annotations 1: [15]
[2024-04-20 21:16:45,898][openpifpaf.predictor][INFO] - batch 0: no-file-name
[2024-04-20 21:16:46,487][openpifpaf.decoder.cifcaf][INFO] - annotations 1: [15]
[2024-04-20 21:16:46,487][openpifpaf.predictor][INFO] - batch 0: no-file-name
[2024-04-20 21:16:54,123][openpifpaf.decoder.cifcaf][INFO] - annotations 1: [15]
[2024-04-20 21:16:54,123][openpifpaf.predictor][INFO] - batch 0: no-file-name
[2024-04-20 21:16:54,660][openpifpaf.decoder.cifcaf][INFO] - annotations 1: [15]
[2024-04-20 21:16:54,660][openpifpaf.predictor][INFO] - batch 0: no-file-name
[2024-04-20 21:17:01,921][openpifpaf.decoder.cifcaf][INFO] - annotations 1: [15]
[2024-04-20 21:17:01,922][openpifpaf.predictor][INFO] - batch 0: no-file-name
[2024-04-20 21:17:02,485][openpifpaf.decoder.cifcaf][INFO] - annotations 1: [15]
[2024-04-20 21:17:02,489][openpifpaf.predictor][INFO] - batch 0: no-file-name
[2024-04-20 21:17:10,400][openpifpaf.decoder.cifcaf][INFO] - annotations 1: [15]
[2024-04-20 21:17:10,400][openpifpaf.predictor][INFO] - batch 0: no-file-name
[2024-04-20 21:17:10,953][openpifpaf.decoder.cifcaf][INFO] - annotations 1: [15]
[2024-04-20 21:17:10,955][openpifpaf.predictor][INFO] - batch 0: no-file-name
[2024-04-20 21:17:18,856][openpifpaf.decoder.cifcaf][INFO] - annotations 1: [15]
[2024-04-20 21:17:18,856][openpifpaf.predictor][INFO] - batch 0: no-file-name
[2024-04-20 21:17:19,382][openpifpaf.decoder.cifcaf][INFO] - annotations 1: [15]
[2024-04-20 21:17:19,383][openpifpaf.predictor][INFO] - batch 0: no-file-name
[2024-04-20 21:17:26,591][openpifpaf.decoder.cifcaf][INFO] - annotations 1: [15]
[2024-04-20 21:17:26,592][openpifpaf.predictor][INFO] - batch 0: no-file-name
[2024-04-20 21:17:27,151][openpifpaf.decoder.cifcaf][INFO] - annotations 1: [15]
[2024-04-20 21:17:27,151][openpifpaf.predictor][INFO] - batch 0: no-file-name
[2024-04-20 21:17:34,568][openpifpaf.decoder.cifcaf][INFO] - annotations 1: [15]
[2024-04-20 21:17:34,568][openpifpaf.predictor][INFO] - batch 0: no-file-name
[2024-04-20 21:17:35,145][openpifpaf.decoder.cifcaf][INFO] - annotations 1: [15]
[2024-04-20 21:17:35,145][openpifpaf.predictor][INFO] - batch 0: no-file-name
[2024-04-20 21:17:43,151][openpifpaf.decoder.cifcaf][INFO] - annotations 1: [15]
[2024-04-20 21:17:43,152][openpifpaf.predictor][INFO] - batch 0: no-file-name
[2024-04-20 21:17:43,726][openpifpaf.decoder.cifcaf][INFO] - annotations 1: [15]
[2024-04-20 21:17:43,726][openpifpaf.predictor][INFO] - batch 0: no-file-name
[2024-04-20 21:17:50,813][openpifpaf.decoder.cifcaf][INFO] - annotations 1: [15]
[2024-04-20 21:17:50,813][openpifpaf.predictor][INFO] - batch 0: no-file-name
[2024-04-20 21:17:51,385][openpifpaf.decoder.cifcaf][INFO] - annotations 1: [15]
[2024-04-20 21:17:51,385][openpifpaf.predictor][INFO] - batch 0: no-file-name
[2024-04-20 21:17:58,615][openpifpaf.decoder.cifcaf][INFO] - annotations 1: [15]
[2024-04-20 21:17:58,615][openpifpaf.predictor][INFO] - batch 0: no-file-name
[2024-04-20 21:17:59,186][openpifpaf.decoder.cifcaf][INFO] - annotations 1: [15]
[2024-04-20 21:17:59,186][openpifpaf.predictor][INFO] - batch 0: no-file-name
[2024-04-20 21:18:06,303][openpifpaf.decoder.cifcaf][INFO] - annotations 1: [15]
[2024-04-20 21:18:06,303][openpifpaf.predictor][INFO] - batch 0: no-file-name
[2024-04-20 21:18:06,897][openpifpaf.decoder.cifcaf][INFO] - annotations 1: [15]
[2024-04-20 21:18:06,897][openpifpaf.predictor][INFO] - batch 0: no-file-name
[2024-04-20 21:18:13,994][openpifpaf.decoder.cifcaf][INFO] - annotations 1: [15]
[2024-04-20 21:18:13,994][openpifpaf.predictor][INFO] - batch 0: no-file-name
[2024-04-20 21:18:14,605][openpifpaf.decoder.cifcaf][INFO] - annotations 1: [15]
[2024-04-20 21:18:14,605][openpifpaf.predictor][INFO] - batch 0: no-file-name
[2024-04-20 21:18:21,932][openpifpaf.decoder.cifcaf][INFO] - annotations 1: [15]
[2024-04-20 21:18:21,932][openpifpaf.predictor][INFO] - batch 0: no-file-name
[2024-04-20 21:18:22,527][openpifpaf.decoder.cifcaf][INFO] - annotations 1: [15]
[2024-04-20 21:18:22,527][openpifpaf.predictor][INFO] - batch 0: no-file-name
[2024-04-20 21:18:29,622][openpifpaf.decoder.cifcaf][INFO] - annotations 1: [15]
[2024-04-20 21:18:29,622][openpifpaf.predictor][INFO] - batch 0: no-file-name
[2024-04-20 21:18:30,177][openpifpaf.decoder.cifcaf][INFO] - annotations 1: [15]
[2024-04-20 21:18:30,177][openpifpaf.predictor][INFO] - batch 0: no-file-name
[2024-04-20 21:18:37,150][openpifpaf.decoder.cifcaf][INFO] - annotations 1: [15]
[2024-04-20 21:18:37,151][openpifpaf.predictor][INFO] - batch 0: no-file-name
[2024-04-20 21:18:37,718][openpifpaf.decoder.cifcaf][INFO] - annotations 1: [15]
[2024-04-20 21:18:37,718][openpifpaf.predictor][INFO] - batch 0: no-file-name
[2024-04-20 21:18:44,859][openpifpaf.decoder.cifcaf][INFO] - annotations 1: [15]
[2024-04-20 21:18:44,860][openpifpaf.predictor][INFO] - batch 0: no-file-name
[2024-04-20 21:18:45,405][openpifpaf.decoder.cifcaf][INFO] - annotations 1: [15]
[2024-04-20 21:18:45,405][openpifpaf.predictor][INFO] - batch 0: no-file-name
[2024-04-20 21:18:52,560][openpifpaf.decoder.cifcaf][INFO] - annotations 1: [15]
[2024-04-20 21:18:52,561][openpifpaf.predictor][INFO] - batch 0: no-file-name
[2024-04-20 21:18:53,111][openpifpaf.decoder.cifcaf][INFO] - annotations 1: [15]
[2024-04-20 21:18:53,112][openpifpaf.predictor][INFO] - batch 0: no-file-name
[2024-04-20 21:19:00,159][openpifpaf.decoder.cifcaf][INFO] - annotations 1: [15]
[2024-04-20 21:19:00,160][openpifpaf.predictor][INFO] - batch 0: no-file-name
[2024-04-20 21:19:00,682][openpifpaf.decoder.cifcaf][INFO] - annotations 1: [15]
[2024-04-20 21:19:00,682][openpifpaf.predictor][INFO] - batch 0: no-file-name
[2024-04-20 21:19:07,718][openpifpaf.decoder.cifcaf][INFO] - annotations 1: [15]
[2024-04-20 21:19:07,718][openpifpaf.predictor][INFO] - batch 0: no-file-name
[2024-04-20 21:19:08,240][openpifpaf.decoder.cifcaf][INFO] - annotations 1: [15]
[2024-04-20 21:19:08,240][openpifpaf.predictor][INFO] - batch 0: no-file-name
[2024-04-20 21:19:15,390][openpifpaf.decoder.cifcaf][INFO] - annotations 1: [15]
[2024-04-20 21:19:15,390][openpifpaf.predictor][INFO] - batch 0: no-file-name
[2024-04-20 21:19:15,892][openpifpaf.decoder.cifcaf][INFO] - annotations 1: [15]
[2024-04-20 21:19:15,892][openpifpaf.predictor][INFO] - batch 0: no-file-name
[2024-04-20 21:19:23,008][openpifpaf.decoder.cifcaf][INFO] - annotations 1: [15]
[2024-04-20 21:19:23,008][openpifpaf.predictor][INFO] - batch 0: no-file-name
[2024-04-20 21:19:23,564][openpifpaf.decoder.cifcaf][INFO] - annotations 1: [15]
[2024-04-20 21:19:23,564][openpifpaf.predictor][INFO] - batch 0: no-file-name
[2024-04-20 21:19:30,806][openpifpaf.decoder.cifcaf][INFO] - annotations 1: [15]
[2024-04-20 21:19:30,807][openpifpaf.predictor][INFO] - batch 0: no-file-name
[2024-04-20 21:19:31,345][openpifpaf.decoder.cifcaf][INFO] - annotations 1: [15]
[2024-04-20 21:19:31,346][openpifpaf.predictor][INFO] - batch 0: no-file-name
[2024-04-20 21:19:38,398][openpifpaf.decoder.cifcaf][INFO] - annotations 1: [15]
[2024-04-20 21:19:38,399][openpifpaf.predictor][INFO] - batch 0: no-file-name
[2024-04-20 21:19:38,951][openpifpaf.decoder.cifcaf][INFO] - annotations 1: [15]
[2024-04-20 21:19:38,951][openpifpaf.predictor][INFO] - batch 0: no-file-name
[2024-04-20 21:19:46,211][openpifpaf.decoder.cifcaf][INFO] - annotations 1: [15]
[2024-04-20 21:19:46,212][openpifpaf.predictor][INFO] - batch 0: no-file-name
[2024-04-20 21:19:46,730][openpifpaf.decoder.cifcaf][INFO] - annotations 1: [15]
[2024-04-20 21:19:46,731][openpifpaf.predictor][INFO] - batch 0: no-file-name
[2024-04-20 21:19:53,936][openpifpaf.decoder.cifcaf][INFO] - annotations 1: [15]
[2024-04-20 21:19:53,936][openpifpaf.predictor][INFO] - batch 0: no-file-name
[2024-04-20 21:19:54,485][openpifpaf.decoder.cifcaf][INFO] - annotations 1: [15]
[2024-04-20 21:19:54,485][openpifpaf.predictor][INFO] - batch 0: no-file-name
[2024-04-20 21:20:01,768][openpifpaf.decoder.cifcaf][INFO] - annotations 1: [15]
[2024-04-20 21:20:01,769][openpifpaf.predictor][INFO] - batch 0: no-file-name
[2024-04-20 21:20:02,309][openpifpaf.decoder.cifcaf][INFO] - annotations 1: [15]
[2024-04-20 21:20:02,309][openpifpaf.predictor][INFO] - batch 0: no-file-name
[2024-04-20 21:20:09,442][openpifpaf.decoder.cifcaf][INFO] - annotations 1: [15]
[2024-04-20 21:20:09,442][openpifpaf.predictor][INFO] - batch 0: no-file-name
[2024-04-20 21:20:10,018][openpifpaf.decoder.cifcaf][INFO] - annotations 1: [15]
[2024-04-20 21:20:10,018][openpifpaf.predictor][INFO] - batch 0: no-file-name
[2024-04-20 21:20:17,412][openpifpaf.decoder.cifcaf][INFO] - annotations 1: [15]
[2024-04-20 21:20:17,413][openpifpaf.predictor][INFO] - batch 0: no-file-name
[2024-04-20 21:20:17,972][openpifpaf.decoder.cifcaf][INFO] - annotations 1: [15]
[2024-04-20 21:20:17,973][openpifpaf.predictor][INFO] - batch 0: no-file-name
[2024-04-20 21:20:25,154][openpifpaf.decoder.cifcaf][INFO] - annotations 1: [15]
[2024-04-20 21:20:25,155][openpifpaf.predictor][INFO] - batch 0: no-file-name
[2024-04-20 21:20:25,711][openpifpaf.decoder.cifcaf][INFO] - annotations 1: [15]
[2024-04-20 21:20:25,711][openpifpaf.predictor][INFO] - batch 0: no-file-name
[2024-04-20 21:20:32,834][openpifpaf.decoder.cifcaf][INFO] - annotations 1: [15]
[2024-04-20 21:20:32,835][openpifpaf.predictor][INFO] - batch 0: no-file-name
[2024-04-20 21:20:33,397][openpifpaf.decoder.cifcaf][INFO] - annotations 1: [15]
[2024-04-20 21:20:33,398][openpifpaf.predictor][INFO] - batch 0: no-file-name
[2024-04-20 21:20:40,677][openpifpaf.decoder.cifcaf][INFO] - annotations 1: [15]
[2024-04-20 21:20:40,678][openpifpaf.predictor][INFO] - batch 0: no-file-name
[2024-04-20 21:20:41,218][openpifpaf.decoder.cifcaf][INFO] - annotations 1: [15]
[2024-04-20 21:20:41,218][openpifpaf.predictor][INFO] - batch 0: no-file-name
[2024-04-20 21:20:48,236][openpifpaf.decoder.cifcaf][INFO] - annotations 1: [15]
[2024-04-20 21:20:48,236][openpifpaf.predictor][INFO] - batch 0: no-file-name
[2024-04-20 21:20:48,744][openpifpaf.decoder.cifcaf][INFO] - annotations 1: [15]
[2024-04-20 21:20:48,744][openpifpaf.predictor][INFO] - batch 0: no-file-name
[2024-04-20 21:20:55,932][openpifpaf.decoder.cifcaf][INFO] - annotations 1: [15]
[2024-04-20 21:20:55,933][openpifpaf.predictor][INFO] - batch 0: no-file-name
[2024-04-20 21:20:56,458][openpifpaf.decoder.cifcaf][INFO] - annotations 1: [15]
[2024-04-20 21:20:56,458][openpifpaf.predictor][INFO] - batch 0: no-file-name
[2024-04-20 21:21:03,407][openpifpaf.decoder.cifcaf][INFO] - annotations 1: [15]
[2024-04-20 21:21:03,407][openpifpaf.predictor][INFO] - batch 0: no-file-name
[2024-04-20 21:21:03,912][openpifpaf.decoder.cifcaf][INFO] - annotations 1: [15]
[2024-04-20 21:21:03,912][openpifpaf.predictor][INFO] - batch 0: no-file-name
[2024-04-20 21:21:10,974][openpifpaf.decoder.cifcaf][INFO] - annotations 1: [15]
[2024-04-20 21:21:10,974][openpifpaf.predictor][INFO] - batch 0: no-file-name
[2024-04-20 21:21:11,488][openpifpaf.decoder.cifcaf][INFO] - annotations 1: [15]
[2024-04-20 21:21:11,488][openpifpaf.predictor][INFO] - batch 0: no-file-name
[2024-04-20 21:21:18,472][openpifpaf.decoder.cifcaf][INFO] - annotations 1: [15]
[2024-04-20 21:21:18,473][openpifpaf.predictor][INFO] - batch 0: no-file-name
[2024-04-20 21:21:18,998][openpifpaf.decoder.cifcaf][INFO] - annotations 1: [15]
[2024-04-20 21:21:18,998][openpifpaf.predictor][INFO] - batch 0: no-file-name
[2024-04-20 21:21:26,373][openpifpaf.decoder.cifcaf][INFO] - annotations 1: [15]
[2024-04-20 21:21:26,374][openpifpaf.predictor][INFO] - batch 0: no-file-name
[2024-04-20 21:21:26,899][openpifpaf.decoder.cifcaf][INFO] - annotations 1: [15]
[2024-04-20 21:21:26,899][openpifpaf.predictor][INFO] - batch 0: no-file-name
[2024-04-20 21:21:34,055][openpifpaf.decoder.cifcaf][INFO] - annotations 1: [15]
[2024-04-20 21:21:34,055][openpifpaf.predictor][INFO] - batch 0: no-file-name
[2024-04-20 21:21:34,608][openpifpaf.decoder.cifcaf][INFO] - annotations 1: [15]
[2024-04-20 21:21:34,608][openpifpaf.predictor][INFO] - batch 0: no-file-name
[2024-04-20 21:21:41,898][openpifpaf.decoder.cifcaf][INFO] - annotations 1: [15]
[2024-04-20 21:21:41,899][openpifpaf.predictor][INFO] - batch 0: no-file-name
[2024-04-20 21:21:42,453][openpifpaf.decoder.cifcaf][INFO] - annotations 1: [15]
[2024-04-20 21:21:42,454][openpifpaf.predictor][INFO] - batch 0: no-file-name
[2024-04-20 21:21:49,742][openpifpaf.decoder.cifcaf][INFO] - annotations 1: [15]
[2024-04-20 21:21:49,742][openpifpaf.predictor][INFO] - batch 0: no-file-name
[2024-04-20 21:21:50,336][openpifpaf.decoder.cifcaf][INFO] - annotations 1: [15]
[2024-04-20 21:21:50,337][openpifpaf.predictor][INFO] - batch 0: no-file-name
[2024-04-20 21:21:57,617][openpifpaf.decoder.cifcaf][INFO] - annotations 1: [15]
[2024-04-20 21:21:57,618][openpifpaf.predictor][INFO] - batch 0: no-file-name
[2024-04-20 21:21:58,210][openpifpaf.decoder.cifcaf][INFO] - annotations 1: [15]
[2024-04-20 21:21:58,210][openpifpaf.predictor][INFO] - batch 0: no-file-name
[2024-04-20 21:22:05,338][openpifpaf.decoder.cifcaf][INFO] - annotations 1: [15]
[2024-04-20 21:22:05,339][openpifpaf.predictor][INFO] - batch 0: no-file-name
[2024-04-20 21:22:05,913][openpifpaf.decoder.cifcaf][INFO] - annotations 1: [15]
[2024-04-20 21:22:05,913][openpifpaf.predictor][INFO] - batch 0: no-file-name
[2024-04-20 21:22:13,282][openpifpaf.decoder.cifcaf][INFO] - annotations 1: [15]
[2024-04-20 21:22:13,283][openpifpaf.predictor][INFO] - batch 0: no-file-name
[2024-04-20 21:22:13,892][openpifpaf.decoder.cifcaf][INFO] - annotations 1: [15]
[2024-04-20 21:22:13,892][openpifpaf.predictor][INFO] - batch 0: no-file-name
[2024-04-20 21:22:21,207][openpifpaf.decoder.cifcaf][INFO] - annotations 1: [15]
[2024-04-20 21:22:21,207][openpifpaf.predictor][INFO] - batch 0: no-file-name
[2024-04-20 21:22:21,779][openpifpaf.decoder.cifcaf][INFO] - annotations 1: [14]
[2024-04-20 21:22:21,779][openpifpaf.predictor][INFO] - batch 0: no-file-name
[2024-04-20 21:22:29,091][openpifpaf.decoder.cifcaf][INFO] - annotations 1: [14]
[2024-04-20 21:22:29,091][openpifpaf.predictor][INFO] - batch 0: no-file-name
[2024-04-20 21:22:29,652][openpifpaf.decoder.cifcaf][INFO] - annotations 1: [14]
[2024-04-20 21:22:29,652][openpifpaf.predictor][INFO] - batch 0: no-file-name
[2024-04-20 21:22:36,685][openpifpaf.decoder.cifcaf][INFO] - annotations 1: [14]
[2024-04-20 21:22:36,685][openpifpaf.predictor][INFO] - batch 0: no-file-name
[2024-04-20 21:22:37,244][openpifpaf.decoder.cifcaf][INFO] - annotations 1: [14]
[2024-04-20 21:22:37,245][openpifpaf.predictor][INFO] - batch 0: no-file-name
[2024-04-20 21:22:44,366][openpifpaf.decoder.cifcaf][INFO] - annotations 1: [14]
[2024-04-20 21:22:44,366][openpifpaf.predictor][INFO] - batch 0: no-file-name
[2024-04-20 21:22:44,906][openpifpaf.decoder.cifcaf][INFO] - annotations 1: [14]
[2024-04-20 21:22:44,906][openpifpaf.predictor][INFO] - batch 0: no-file-name
[2024-04-20 21:22:52,194][openpifpaf.decoder.cifcaf][INFO] - annotations 1: [14]
[2024-04-20 21:22:52,195][openpifpaf.predictor][INFO] - batch 0: no-file-name
[2024-04-20 21:22:52,735][openpifpaf.decoder.cifcaf][INFO] - annotations 1: [14]
[2024-04-20 21:22:52,735][openpifpaf.predictor][INFO] - batch 0: no-file-name
[2024-04-20 21:22:59,930][openpifpaf.decoder.cifcaf][INFO] - annotations 1: [14]
[2024-04-20 21:22:59,931][openpifpaf.predictor][INFO] - batch 0: no-file-name
[2024-04-20 21:23:00,472][openpifpaf.decoder.cifcaf][INFO] - annotations 1: [14]
[2024-04-20 21:23:00,472][openpifpaf.predictor][INFO] - batch 0: no-file-name
[2024-04-20 21:23:07,481][openpifpaf.decoder.cifcaf][INFO] - annotations 1: [14]
[2024-04-20 21:23:07,482][openpifpaf.predictor][INFO] - batch 0: no-file-name
[2024-04-20 21:23:08,012][openpifpaf.decoder.cifcaf][INFO] - annotations 1: [14]
[2024-04-20 21:23:08,012][openpifpaf.predictor][INFO] - batch 0: no-file-name
[2024-04-20 21:23:14,983][openpifpaf.decoder.cifcaf][INFO] - annotations 1: [14]
[2024-04-20 21:23:14,983][openpifpaf.predictor][INFO] - batch 0: no-file-name
[2024-04-20 21:23:15,510][openpifpaf.decoder.cifcaf][INFO] - annotations 1: [14]
[2024-04-20 21:23:15,511][openpifpaf.predictor][INFO] - batch 0: no-file-name
[2024-04-20 21:23:22,587][openpifpaf.decoder.cifcaf][INFO] - annotations 1: [14]
[2024-04-20 21:23:22,587][openpifpaf.predictor][INFO] - batch 0: no-file-name
[2024-04-20 21:23:23,143][openpifpaf.decoder.cifcaf][INFO] - annotations 1: [14]
[2024-04-20 21:23:23,144][openpifpaf.predictor][INFO] - batch 0: no-file-name
[2024-04-20 21:23:30,255][openpifpaf.decoder.cifcaf][INFO] - annotations 1: [14]
[2024-04-20 21:23:30,256][openpifpaf.predictor][INFO] - batch 0: no-file-name
[2024-04-20 21:23:30,801][openpifpaf.decoder.cifcaf][INFO] - annotations 1: [14]
[2024-04-20 21:23:30,801][openpifpaf.predictor][INFO] - batch 0: no-file-name
[2024-04-20 21:23:37,914][openpifpaf.decoder.cifcaf][INFO] - annotations 1: [14]
[2024-04-20 21:23:37,914][openpifpaf.predictor][INFO] - batch 0: no-file-name
[2024-04-20 21:23:38,479][openpifpaf.decoder.cifcaf][INFO] - annotations 1: [14]
[2024-04-20 21:23:38,479][openpifpaf.predictor][INFO] - batch 0: no-file-name
[2024-04-20 21:23:45,560][openpifpaf.decoder.cifcaf][INFO] - annotations 1: [14]
[2024-04-20 21:23:45,560][openpifpaf.predictor][INFO] - batch 0: no-file-name
[2024-04-20 21:23:46,134][openpifpaf.decoder.cifcaf][INFO] - annotations 1: [14]
[2024-04-20 21:23:46,134][openpifpaf.predictor][INFO] - batch 0: no-file-name
[2024-04-20 21:23:53,289][openpifpaf.decoder.cifcaf][INFO] - annotations 1: [14]
[2024-04-20 21:23:53,289][openpifpaf.predictor][INFO] - batch 0: no-file-name
[2024-04-20 21:23:53,873][openpifpaf.decoder.cifcaf][INFO] - annotations 1: [14]
[2024-04-20 21:23:53,873][openpifpaf.predictor][INFO] - batch 0: no-file-name
[2024-04-20 21:24:01,048][openpifpaf.decoder.cifcaf][INFO] - annotations 1: [14]
[2024-04-20 21:24:01,048][openpifpaf.predictor][INFO] - batch 0: no-file-name
[2024-04-20 21:24:01,636][openpifpaf.decoder.cifcaf][INFO] - annotations 1: [14]
[2024-04-20 21:24:01,637][openpifpaf.predictor][INFO] - batch 0: no-file-name
[2024-04-20 21:24:08,904][openpifpaf.decoder.cifcaf][INFO] - annotations 1: [14]
[2024-04-20 21:24:08,904][openpifpaf.predictor][INFO] - batch 0: no-file-name
[2024-04-20 21:24:09,480][openpifpaf.decoder.cifcaf][INFO] - annotations 1: [14]
[2024-04-20 21:24:09,481][openpifpaf.predictor][INFO] - batch 0: no-file-name
[2024-04-20 21:24:16,803][openpifpaf.decoder.cifcaf][INFO] - annotations 1: [14]
[2024-04-20 21:24:16,804][openpifpaf.predictor][INFO] - batch 0: no-file-name
[2024-04-20 21:24:17,427][openpifpaf.decoder.cifcaf][INFO] - annotations 1: [14]
[2024-04-20 21:24:17,428][openpifpaf.predictor][INFO] - batch 0: no-file-name
[2024-04-20 21:24:24,993][openpifpaf.decoder.cifcaf][INFO] - annotations 1: [14]
[2024-04-20 21:24:24,993][openpifpaf.predictor][INFO] - batch 0: no-file-name
[2024-04-20 21:24:25,537][openpifpaf.decoder.cifcaf][INFO] - annotations 1: [14]
[2024-04-20 21:24:25,538][openpifpaf.predictor][INFO] - batch 0: no-file-name
[2024-04-20 21:24:32,545][openpifpaf.decoder.cifcaf][INFO] - annotations 1: [14]
[2024-04-20 21:24:32,546][openpifpaf.predictor][INFO] - batch 0: no-file-name
[2024-04-20 21:24:33,055][openpifpaf.decoder.cifcaf][INFO] - annotations 1: [14]
[2024-04-20 21:24:33,056][openpifpaf.predictor][INFO] - batch 0: no-file-name
[2024-04-20 21:24:40,022][openpifpaf.decoder.cifcaf][INFO] - annotations 1: [14]
[2024-04-20 21:24:40,022][openpifpaf.predictor][INFO] - batch 0: no-file-name
[2024-04-20 21:24:40,541][openpifpaf.decoder.cifcaf][INFO] - annotations 1: [14]
[2024-04-20 21:24:40,541][openpifpaf.predictor][INFO] - batch 0: no-file-name
[2024-04-20 21:24:47,679][openpifpaf.decoder.cifcaf][INFO] - annotations 1: [14]
[2024-04-20 21:24:47,679][openpifpaf.predictor][INFO] - batch 0: no-file-name
[2024-04-20 21:24:48,174][openpifpaf.decoder.cifcaf][INFO] - annotations 1: [14]
[2024-04-20 21:24:48,174][openpifpaf.predictor][INFO] - batch 0: no-file-name
[2024-04-20 21:24:55,221][openpifpaf.decoder.cifcaf][INFO] - annotations 1: [14]
[2024-04-20 21:24:55,221][openpifpaf.predictor][INFO] - batch 0: no-file-name
[2024-04-20 21:24:55,739][openpifpaf.decoder.cifcaf][INFO] - annotations 1: [14]
[2024-04-20 21:24:55,739][openpifpaf.predictor][INFO] - batch 0: no-file-name
[2024-04-20 21:25:02,953][openpifpaf.decoder.cifcaf][INFO] - annotations 1: [14]
[2024-04-20 21:25:02,953][openpifpaf.predictor][INFO] - batch 0: no-file-name
[2024-04-20 21:25:03,451][openpifpaf.decoder.cifcaf][INFO] - annotations 1: [14]
[2024-04-20 21:25:03,451][openpifpaf.predictor][INFO] - batch 0: no-file-name
[2024-04-20 21:25:10,519][openpifpaf.decoder.cifcaf][INFO] - annotations 1: [14]
[2024-04-20 21:25:10,520][openpifpaf.predictor][INFO] - batch 0: no-file-name
[2024-04-20 21:25:11,039][openpifpaf.decoder.cifcaf][INFO] - annotations 1: [14]
[2024-04-20 21:25:11,040][openpifpaf.predictor][INFO] - batch 0: no-file-name
[2024-04-20 21:25:17,977][openpifpaf.decoder.cifcaf][INFO] - annotations 1: [14]
[2024-04-20 21:25:17,977][openpifpaf.predictor][INFO] - batch 0: no-file-name
[2024-04-20 21:25:18,468][openpifpaf.decoder.cifcaf][INFO] - annotations 1: [14]
[2024-04-20 21:25:18,468][openpifpaf.predictor][INFO] - batch 0: no-file-name
[2024-04-20 21:25:25,500][openpifpaf.decoder.cifcaf][INFO] - annotations 1: [14]
[2024-04-20 21:25:25,501][openpifpaf.predictor][INFO] - batch 0: no-file-name
[2024-04-20 21:25:26,022][openpifpaf.decoder.cifcaf][INFO] - annotations 1: [14]
[2024-04-20 21:25:26,022][openpifpaf.predictor][INFO] - batch 0: no-file-name
[2024-04-20 21:25:33,253][openpifpaf.decoder.cifcaf][INFO] - annotations 1: [14]
[2024-04-20 21:25:33,253][openpifpaf.predictor][INFO] - batch 0: no-file-name
[2024-04-20 21:25:33,767][openpifpaf.decoder.cifcaf][INFO] - annotations 1: [14]
[2024-04-20 21:25:33,767][openpifpaf.predictor][INFO] - batch 0: no-file-name
[2024-04-20 21:25:40,822][openpifpaf.decoder.cifcaf][INFO] - annotations 1: [14]
[2024-04-20 21:25:40,822][openpifpaf.predictor][INFO] - batch 0: no-file-name
[2024-04-20 21:25:41,358][openpifpaf.decoder.cifcaf][INFO] - annotations 1: [14]
[2024-04-20 21:25:41,358][openpifpaf.predictor][INFO] - batch 0: no-file-name
[2024-04-20 21:25:48,645][openpifpaf.decoder.cifcaf][INFO] - annotations 1: [14]
[2024-04-20 21:25:48,645][openpifpaf.predictor][INFO] - batch 0: no-file-name
[2024-04-20 21:25:49,200][openpifpaf.decoder.cifcaf][INFO] - annotations 1: [14]
[2024-04-20 21:25:49,200][openpifpaf.predictor][INFO] - batch 0: no-file-name
[2024-04-20 21:25:56,205][openpifpaf.decoder.cifcaf][INFO] - annotations 1: [14]
[2024-04-20 21:25:56,205][openpifpaf.predictor][INFO] - batch 0: no-file-name
[2024-04-20 21:25:56,730][openpifpaf.decoder.cifcaf][INFO] - annotations 1: [14]
[2024-04-20 21:25:56,730][openpifpaf.predictor][INFO] - batch 0: no-file-name
[2024-04-20 21:26:04,116][openpifpaf.decoder.cifcaf][INFO] - annotations 1: [14]
[2024-04-20 21:26:04,117][openpifpaf.predictor][INFO] - batch 0: no-file-name
[2024-04-20 21:26:04,677][openpifpaf.decoder.cifcaf][INFO] - annotations 1: [14]
[2024-04-20 21:26:04,677][openpifpaf.predictor][INFO] - batch 0: no-file-name
[2024-04-20 21:26:11,741][openpifpaf.decoder.cifcaf][INFO] - annotations 1: [14]
[2024-04-20 21:26:11,742][openpifpaf.predictor][INFO] - batch 0: no-file-name
[2024-04-20 21:26:12,271][openpifpaf.decoder.cifcaf][INFO] - annotations 1: [14]
[2024-04-20 21:26:12,271][openpifpaf.predictor][INFO] - batch 0: no-file-name
[2024-04-20 21:26:19,374][openpifpaf.decoder.cifcaf][INFO] - annotations 1: [14]
[2024-04-20 21:26:19,374][openpifpaf.predictor][INFO] - batch 0: no-file-name
[2024-04-20 21:26:19,889][openpifpaf.decoder.cifcaf][INFO] - annotations 1: [14]
[2024-04-20 21:26:19,890][openpifpaf.predictor][INFO] - batch 0: no-file-name
[2024-04-20 21:26:26,985][openpifpaf.decoder.cifcaf][INFO] - annotations 1: [14]
[2024-04-20 21:26:26,985][openpifpaf.predictor][INFO] - batch 0: no-file-name
[2024-04-20 21:26:27,499][openpifpaf.decoder.cifcaf][INFO] - annotations 1: [14]
[2024-04-20 21:26:27,499][openpifpaf.predictor][INFO] - batch 0: no-file-name
[2024-04-20 21:26:34,523][openpifpaf.decoder.cifcaf][INFO] - annotations 1: [14]
[2024-04-20 21:26:34,523][openpifpaf.predictor][INFO] - batch 0: no-file-name
[2024-04-20 21:26:35,029][openpifpaf.decoder.cifcaf][INFO] - annotations 1: [14]
[2024-04-20 21:26:35,029][openpifpaf.predictor][INFO] - batch 0: no-file-name
[2024-04-20 21:26:42,036][openpifpaf.decoder.cifcaf][INFO] - annotations 1: [15]
[2024-04-20 21:26:42,037][openpifpaf.predictor][INFO] - batch 0: no-file-name
[2024-04-20 21:26:42,578][openpifpaf.decoder.cifcaf][INFO] - annotations 1: [14]
[2024-04-20 21:26:42,578][openpifpaf.predictor][INFO] - batch 0: no-file-name
[2024-04-20 21:26:49,547][openpifpaf.decoder.cifcaf][INFO] - annotations 1: [14]
[2024-04-20 21:26:49,548][openpifpaf.predictor][INFO] - batch 0: no-file-name
[2024-04-20 21:26:50,049][openpifpaf.decoder.cifcaf][INFO] - annotations 1: [14]
[2024-04-20 21:26:50,049][openpifpaf.predictor][INFO] - batch 0: no-file-name
[2024-04-20 21:26:57,299][openpifpaf.decoder.cifcaf][INFO] - annotations 1: [14]
[2024-04-20 21:26:57,299][openpifpaf.predictor][INFO] - batch 0: no-file-name
[2024-04-20 21:26:57,822][openpifpaf.decoder.cifcaf][INFO] - annotations 1: [14]
[2024-04-20 21:26:57,823][openpifpaf.predictor][INFO] - batch 0: no-file-name
[2024-04-20 21:27:05,242][openpifpaf.decoder.cifcaf][INFO] - annotations 1: [14]
[2024-04-20 21:27:05,242][openpifpaf.predictor][INFO] - batch 0: no-file-name
[2024-04-20 21:27:05,787][openpifpaf.decoder.cifcaf][INFO] - annotations 1: [15]
[2024-04-20 21:27:05,788][openpifpaf.predictor][INFO] - batch 0: no-file-name
[2024-04-20 21:27:13,152][openpifpaf.decoder.cifcaf][INFO] - annotations 1: [15]
[2024-04-20 21:27:13,152][openpifpaf.predictor][INFO] - batch 0: no-file-name
[2024-04-20 21:27:13,673][openpifpaf.decoder.cifcaf][INFO] - annotations 1: [15]
[2024-04-20 21:27:13,674][openpifpaf.predictor][INFO] - batch 0: no-file-name
[2024-04-20 21:27:20,744][openpifpaf.decoder.cifcaf][INFO] - annotations 1: [15]
[2024-04-20 21:27:20,744][openpifpaf.predictor][INFO] - batch 0: no-file-name
[2024-04-20 21:27:21,279][openpifpaf.decoder.cifcaf][INFO] - annotations 1: [15]
[2024-04-20 21:27:21,279][openpifpaf.predictor][INFO] - batch 0: no-file-name
[2024-04-20 21:27:28,277][openpifpaf.decoder.cifcaf][INFO] - annotations 1: [15]
[2024-04-20 21:27:28,277][openpifpaf.predictor][INFO] - batch 0: no-file-name
[2024-04-20 21:27:28,811][openpifpaf.decoder.cifcaf][INFO] - annotations 1: [15]
[2024-04-20 21:27:28,812][openpifpaf.predictor][INFO] - batch 0: no-file-name
[2024-04-20 21:27:35,890][openpifpaf.decoder.cifcaf][INFO] - annotations 1: [15]
[2024-04-20 21:27:35,890][openpifpaf.predictor][INFO] - batch 0: no-file-name
[2024-04-20 21:27:36,473][openpifpaf.decoder.cifcaf][INFO] - annotations 1: [15]
[2024-04-20 21:27:36,474][openpifpaf.predictor][INFO] - batch 0: no-file-name
