[2024-04-21 00:50:14,241][root][INFO] - Successfully loaded settings:
==================================================
data:
  dataset_name: DPDataset
  data_root: data/frames/
  label_root: data/labels/
  keypoints_root: data/keypoints/
  venue_names:
  - 2023-01-17-livingroom
  - 2023-01-18-livingroom
  - 2023-01-19-livingroom
  - 2023-01-24-livingroom
  - 2023-01-25-livingroom
  - 2023-01-17-openoffice
  - 2023-01-18-openoffice
  - 2023-01-19-openoffice
  - 2023-01-24-openoffice
  - 2023-01-25-openoffice
model:
  tlength: 15
  featvec_joint: true
  hidden_size: 192
  attention_heads: 12
  num_layers: 6
  featvec_bb: false
  featvec_img: false
  omit_temporal_encoder: false
hardware:
  nworkers: 8
  gpus: 8
  bs: 32
task: train
incl_all: false
train_ratio: 0.7
split_method: time
overfit: false
ckpt: ./models/weight.ckpt
noanswer: false
movie: ./demo/JK_demo_1.mp4
lr: r
verbose: false
shrink_rate: 0.1
filter_joint: null
use_preprocessed: false
debug: false
hist_error: false
==================================================

[2024-04-21 00:50:14,241][root][WARNING] - Running DeePoint with CPU takes a long time.
[2024-04-21 00:50:14,507][openpifpaf.decoder.factory][INFO] - No specific decoder requested. Using the first one from:
  --decoder=cifcaf:0
  --decoder=posesimilarity:0
Use any of the above arguments to select one or multiple decoders and to suppress this message.
[2024-04-21 00:50:14,508][openpifpaf.predictor][INFO] - neural network device: cpu (CUDA available: False, count: 0)
[2024-04-21 00:50:15,043][openpifpaf.decoder.cifcaf][INFO] - annotations 1: [15]
[2024-04-21 00:50:15,043][openpifpaf.predictor][INFO] - batch 0: no-file-name
[2024-04-21 00:50:15,230][openpifpaf.decoder.cifcaf][INFO] - annotations 1: [15]
[2024-04-21 00:50:15,231][openpifpaf.predictor][INFO] - batch 0: no-file-name
[2024-04-21 00:50:15,422][openpifpaf.decoder.cifcaf][INFO] - annotations 1: [15]
[2024-04-21 00:50:15,422][openpifpaf.predictor][INFO] - batch 0: no-file-name
[2024-04-21 00:50:15,618][openpifpaf.decoder.cifcaf][INFO] - annotations 1: [15]
[2024-04-21 00:50:15,619][openpifpaf.predictor][INFO] - batch 0: no-file-name
[2024-04-21 00:50:15,877][openpifpaf.decoder.cifcaf][INFO] - annotations 1: [15]
[2024-04-21 00:50:15,877][openpifpaf.predictor][INFO] - batch 0: no-file-name
[2024-04-21 00:50:16,081][openpifpaf.decoder.cifcaf][INFO] - annotations 1: [15]
[2024-04-21 00:50:16,081][openpifpaf.predictor][INFO] - batch 0: no-file-name
[2024-04-21 00:50:16,271][openpifpaf.decoder.cifcaf][INFO] - annotations 1: [15]
[2024-04-21 00:50:16,271][openpifpaf.predictor][INFO] - batch 0: no-file-name
[2024-04-21 00:50:16,463][openpifpaf.decoder.cifcaf][INFO] - annotations 1: [15]
[2024-04-21 00:50:16,463][openpifpaf.predictor][INFO] - batch 0: no-file-name
[2024-04-21 00:50:16,659][openpifpaf.decoder.cifcaf][INFO] - annotations 1: [15]
[2024-04-21 00:50:16,660][openpifpaf.predictor][INFO] - batch 0: no-file-name
[2024-04-21 00:50:16,848][openpifpaf.decoder.cifcaf][INFO] - annotations 1: [15]
[2024-04-21 00:50:16,848][openpifpaf.predictor][INFO] - batch 0: no-file-name
[2024-04-21 00:50:17,041][openpifpaf.decoder.cifcaf][INFO] - annotations 1: [15]
[2024-04-21 00:50:17,041][openpifpaf.predictor][INFO] - batch 0: no-file-name
[2024-04-21 00:50:17,238][openpifpaf.decoder.cifcaf][INFO] - annotations 1: [15]
[2024-04-21 00:50:17,238][openpifpaf.predictor][INFO] - batch 0: no-file-name
[2024-04-21 00:50:17,447][openpifpaf.decoder.cifcaf][INFO] - annotations 1: [15]
[2024-04-21 00:50:17,447][openpifpaf.predictor][INFO] - batch 0: no-file-name
[2024-04-21 00:50:17,631][openpifpaf.decoder.cifcaf][INFO] - annotations 1: [15]
[2024-04-21 00:50:17,631][openpifpaf.predictor][INFO] - batch 0: no-file-name
[2024-04-21 00:50:17,829][openpifpaf.decoder.cifcaf][INFO] - annotations 1: [15]
[2024-04-21 00:50:17,829][openpifpaf.predictor][INFO] - batch 0: no-file-name
[2024-04-21 00:50:18,263][openpifpaf.decoder.cifcaf][INFO] - annotations 1: [15]
[2024-04-21 00:50:18,263][openpifpaf.predictor][INFO] - batch 0: no-file-name
[2024-04-21 00:50:25,583][openpifpaf.decoder.cifcaf][INFO] - annotations 1: [15]
[2024-04-21 00:50:25,583][openpifpaf.predictor][INFO] - batch 0: no-file-name
[2024-04-21 00:50:26,027][openpifpaf.decoder.cifcaf][INFO] - annotations 1: [15]
[2024-04-21 00:50:26,027][openpifpaf.predictor][INFO] - batch 0: no-file-name
