[2024-04-21 23:14:27,866][root][INFO] - Successfully loaded settings:
==================================================
data:
  dataset_name: DPDataset
  data_root: data/frames/
  label_root: data/labels/
  keypoints_root: data/keypoints/
  venue_names:
  - 2023-01-17-livingroom
  - 2023-01-18-livingroom
  - 2023-01-19-livingroom
  - 2023-01-24-livingroom
  - 2023-01-25-livingroom
  - 2023-01-17-openoffice
  - 2023-01-18-openoffice
  - 2023-01-19-openoffice
  - 2023-01-24-openoffice
  - 2023-01-25-openoffice
model:
  tlength: 15
  featvec_joint: true
  hidden_size: 192
  attention_heads: 12
  num_layers: 6
  featvec_bb: false
  featvec_img: false
  omit_temporal_encoder: false
hardware:
  nworkers: 8
  gpus: 8
  bs: 32
task: train
incl_all: false
train_ratio: 0.7
split_method: time
overfit: false
ckpt: ./models/weight.ckpt
noanswer: false
movie: ./demo/demo_1.mp4
lr: r
verbose: false
shrink_rate: 0.1
filter_joint: null
use_preprocessed: false
debug: false
hist_error: false
==================================================

[2024-04-21 23:14:27,867][root][WARNING] - Running DeePoint with CPU takes a long time.
[2024-04-21 23:14:28,093][openpifpaf.decoder.factory][INFO] - No specific decoder requested. Using the first one from:
  --decoder=cifcaf:0
  --decoder=posesimilarity:0
Use any of the above arguments to select one or multiple decoders and to suppress this message.
[2024-04-21 23:14:28,093][openpifpaf.predictor][INFO] - neural network device: cpu (CUDA available: False, count: 0)
[2024-04-21 23:14:28,591][openpifpaf.decoder.cifcaf][INFO] - annotations 1: [11]
[2024-04-21 23:14:28,591][openpifpaf.predictor][INFO] - batch 0: no-file-name
[2024-04-21 23:14:28,785][openpifpaf.decoder.cifcaf][INFO] - annotations 1: [11]
[2024-04-21 23:14:28,786][openpifpaf.predictor][INFO] - batch 0: no-file-name
[2024-04-21 23:14:28,975][openpifpaf.decoder.cifcaf][INFO] - annotations 1: [11]
[2024-04-21 23:14:28,975][openpifpaf.predictor][INFO] - batch 0: no-file-name
[2024-04-21 23:14:29,167][openpifpaf.decoder.cifcaf][INFO] - annotations 1: [11]
[2024-04-21 23:14:29,167][openpifpaf.predictor][INFO] - batch 0: no-file-name
[2024-04-21 23:14:29,351][openpifpaf.decoder.cifcaf][INFO] - annotations 1: [11]
[2024-04-21 23:14:29,351][openpifpaf.predictor][INFO] - batch 0: no-file-name
[2024-04-21 23:14:29,543][openpifpaf.decoder.cifcaf][INFO] - annotations 1: [11]
[2024-04-21 23:14:29,543][openpifpaf.predictor][INFO] - batch 0: no-file-name
[2024-04-21 23:14:29,736][openpifpaf.decoder.cifcaf][INFO] - annotations 1: [11]
[2024-04-21 23:14:29,736][openpifpaf.predictor][INFO] - batch 0: no-file-name
[2024-04-21 23:14:29,909][openpifpaf.decoder.cifcaf][INFO] - annotations 1: [11]
[2024-04-21 23:14:29,909][openpifpaf.predictor][INFO] - batch 0: no-file-name
[2024-04-21 23:14:30,094][openpifpaf.decoder.cifcaf][INFO] - annotations 1: [11]
[2024-04-21 23:14:30,095][openpifpaf.predictor][INFO] - batch 0: no-file-name
[2024-04-21 23:14:30,279][openpifpaf.decoder.cifcaf][INFO] - annotations 1: [11]
[2024-04-21 23:14:30,279][openpifpaf.predictor][INFO] - batch 0: no-file-name
[2024-04-21 23:14:30,453][openpifpaf.decoder.cifcaf][INFO] - annotations 1: [11]
[2024-04-21 23:14:30,453][openpifpaf.predictor][INFO] - batch 0: no-file-name
[2024-04-21 23:14:30,634][openpifpaf.decoder.cifcaf][INFO] - annotations 1: [11]
[2024-04-21 23:14:30,635][openpifpaf.predictor][INFO] - batch 0: no-file-name
[2024-04-21 23:14:30,807][openpifpaf.decoder.cifcaf][INFO] - annotations 1: [11]
[2024-04-21 23:14:30,807][openpifpaf.predictor][INFO] - batch 0: no-file-name
[2024-04-21 23:14:30,999][openpifpaf.decoder.cifcaf][INFO] - annotations 1: [11]
[2024-04-21 23:14:31,000][openpifpaf.predictor][INFO] - batch 0: no-file-name
[2024-04-21 23:14:31,191][openpifpaf.decoder.cifcaf][INFO] - annotations 1: [11]
[2024-04-21 23:14:31,191][openpifpaf.predictor][INFO] - batch 0: no-file-name
[2024-04-21 23:14:31,653][openpifpaf.decoder.cifcaf][INFO] - annotations 1: [11]
[2024-04-21 23:14:31,653][openpifpaf.predictor][INFO] - batch 0: no-file-name
[2024-04-21 23:14:49,000][openpifpaf.decoder.cifcaf][INFO] - annotations 1: [11]
[2024-04-21 23:14:49,000][openpifpaf.predictor][INFO] - batch 0: no-file-name
[2024-04-21 23:14:49,436][openpifpaf.decoder.cifcaf][INFO] - annotations 1: [11]
[2024-04-21 23:14:49,436][openpifpaf.predictor][INFO] - batch 0: no-file-name
