[2024-04-21 00:50:40,187][root][INFO] - Successfully loaded settings:
==================================================
data:
  dataset_name: DPDataset
  data_root: data/frames/
  label_root: data/labels/
  keypoints_root: data/keypoints/
  venue_names:
  - 2023-01-17-livingroom
  - 2023-01-18-livingroom
  - 2023-01-19-livingroom
  - 2023-01-24-livingroom
  - 2023-01-25-livingroom
  - 2023-01-17-openoffice
  - 2023-01-18-openoffice
  - 2023-01-19-openoffice
  - 2023-01-24-openoffice
  - 2023-01-25-openoffice
model:
  tlength: 15
  featvec_joint: true
  hidden_size: 192
  attention_heads: 12
  num_layers: 6
  featvec_bb: false
  featvec_img: false
  omit_temporal_encoder: false
hardware:
  nworkers: 8
  gpus: 8
  bs: 32
task: train
incl_all: false
train_ratio: 0.7
split_method: time
overfit: false
ckpt: ./models/weight.ckpt
noanswer: false
movie: ./demo/JK_demo_1.mp4
lr: r
verbose: false
shrink_rate: 0.1
filter_joint: null
use_preprocessed: false
debug: false
hist_error: false
==================================================

[2024-04-21 00:50:40,188][root][WARNING] - Running DeePoint with CPU takes a long time.
[2024-04-21 00:50:40,437][openpifpaf.decoder.factory][INFO] - No specific decoder requested. Using the first one from:
  --decoder=cifcaf:0
  --decoder=posesimilarity:0
Use any of the above arguments to select one or multiple decoders and to suppress this message.
[2024-04-21 00:50:40,437][openpifpaf.predictor][INFO] - neural network device: cpu (CUDA available: False, count: 0)
[2024-04-21 00:50:40,964][openpifpaf.decoder.cifcaf][INFO] - annotations 1: [15]
[2024-04-21 00:50:40,964][openpifpaf.predictor][INFO] - batch 0: no-file-name
[2024-04-21 00:50:41,137][openpifpaf.decoder.cifcaf][INFO] - annotations 1: [15]
[2024-04-21 00:50:41,137][openpifpaf.predictor][INFO] - batch 0: no-file-name
[2024-04-21 00:50:41,326][openpifpaf.decoder.cifcaf][INFO] - annotations 1: [15]
[2024-04-21 00:50:41,326][openpifpaf.predictor][INFO] - batch 0: no-file-name
[2024-04-21 00:50:41,513][openpifpaf.decoder.cifcaf][INFO] - annotations 1: [15]
[2024-04-21 00:50:41,514][openpifpaf.predictor][INFO] - batch 0: no-file-name
[2024-04-21 00:50:41,704][openpifpaf.decoder.cifcaf][INFO] - annotations 1: [15]
[2024-04-21 00:50:41,704][openpifpaf.predictor][INFO] - batch 0: no-file-name
[2024-04-21 00:50:41,894][openpifpaf.decoder.cifcaf][INFO] - annotations 1: [15]
[2024-04-21 00:50:41,894][openpifpaf.predictor][INFO] - batch 0: no-file-name
[2024-04-21 00:50:42,072][openpifpaf.decoder.cifcaf][INFO] - annotations 1: [15]
[2024-04-21 00:50:42,073][openpifpaf.predictor][INFO] - batch 0: no-file-name
[2024-04-21 00:50:42,278][openpifpaf.decoder.cifcaf][INFO] - annotations 1: [15]
[2024-04-21 00:50:42,278][openpifpaf.predictor][INFO] - batch 0: no-file-name
[2024-04-21 00:50:42,473][openpifpaf.decoder.cifcaf][INFO] - annotations 1: [15]
[2024-04-21 00:50:42,473][openpifpaf.predictor][INFO] - batch 0: no-file-name
[2024-04-21 00:50:42,693][openpifpaf.decoder.cifcaf][INFO] - annotations 1: [15]
[2024-04-21 00:50:42,694][openpifpaf.predictor][INFO] - batch 0: no-file-name
[2024-04-21 00:50:42,893][openpifpaf.decoder.cifcaf][INFO] - annotations 1: [15]
[2024-04-21 00:50:42,893][openpifpaf.predictor][INFO] - batch 0: no-file-name
[2024-04-21 00:50:43,085][openpifpaf.decoder.cifcaf][INFO] - annotations 1: [15]
[2024-04-21 00:50:43,085][openpifpaf.predictor][INFO] - batch 0: no-file-name
[2024-04-21 00:50:43,286][openpifpaf.decoder.cifcaf][INFO] - annotations 1: [15]
[2024-04-21 00:50:43,287][openpifpaf.predictor][INFO] - batch 0: no-file-name
[2024-04-21 00:50:43,470][openpifpaf.decoder.cifcaf][INFO] - annotations 1: [15]
[2024-04-21 00:50:43,471][openpifpaf.predictor][INFO] - batch 0: no-file-name
[2024-04-21 00:50:43,660][openpifpaf.decoder.cifcaf][INFO] - annotations 1: [15]
[2024-04-21 00:50:43,661][openpifpaf.predictor][INFO] - batch 0: no-file-name
[2024-04-21 00:50:44,118][openpifpaf.decoder.cifcaf][INFO] - annotations 1: [15]
[2024-04-21 00:50:44,118][openpifpaf.predictor][INFO] - batch 0: no-file-name
[2024-04-21 00:50:51,178][openpifpaf.decoder.cifcaf][INFO] - annotations 1: [15]
[2024-04-21 00:50:51,178][openpifpaf.predictor][INFO] - batch 0: no-file-name
[2024-04-21 00:50:51,567][openpifpaf.decoder.cifcaf][INFO] - annotations 1: [15]
[2024-04-21 00:50:51,568][openpifpaf.predictor][INFO] - batch 0: no-file-name
[2024-04-21 00:50:58,561][openpifpaf.decoder.cifcaf][INFO] - annotations 1: [15]
[2024-04-21 00:50:58,561][openpifpaf.predictor][INFO] - batch 0: no-file-name
[2024-04-21 00:50:59,000][openpifpaf.decoder.cifcaf][INFO] - annotations 1: [15]
[2024-04-21 00:50:59,001][openpifpaf.predictor][INFO] - batch 0: no-file-name
[2024-04-21 00:51:06,071][openpifpaf.decoder.cifcaf][INFO] - annotations 1: [15]
[2024-04-21 00:51:06,071][openpifpaf.predictor][INFO] - batch 0: no-file-name
[2024-04-21 00:51:06,571][openpifpaf.decoder.cifcaf][INFO] - annotations 1: [15]
[2024-04-21 00:51:06,572][openpifpaf.predictor][INFO] - batch 0: no-file-name
[2024-04-21 00:51:13,602][openpifpaf.decoder.cifcaf][INFO] - annotations 1: [15]
[2024-04-21 00:51:13,602][openpifpaf.predictor][INFO] - batch 0: no-file-name
[2024-04-21 00:51:14,033][openpifpaf.decoder.cifcaf][INFO] - annotations 1: [15]
[2024-04-21 00:51:14,033][openpifpaf.predictor][INFO] - batch 0: no-file-name
[2024-04-21 00:51:21,161][openpifpaf.decoder.cifcaf][INFO] - annotations 1: [15]
[2024-04-21 00:51:21,161][openpifpaf.predictor][INFO] - batch 0: no-file-name
[2024-04-21 00:51:21,630][openpifpaf.decoder.cifcaf][INFO] - annotations 1: [15]
[2024-04-21 00:51:21,630][openpifpaf.predictor][INFO] - batch 0: no-file-name
[2024-04-21 00:51:28,479][openpifpaf.decoder.cifcaf][INFO] - annotations 1: [15]
[2024-04-21 00:51:28,479][openpifpaf.predictor][INFO] - batch 0: no-file-name
[2024-04-21 00:51:28,949][openpifpaf.decoder.cifcaf][INFO] - annotations 1: [15]
[2024-04-21 00:51:28,949][openpifpaf.predictor][INFO] - batch 0: no-file-name
[2024-04-21 00:51:36,126][openpifpaf.decoder.cifcaf][INFO] - annotations 1: [15]
[2024-04-21 00:51:36,126][openpifpaf.predictor][INFO] - batch 0: no-file-name
[2024-04-21 00:51:36,625][openpifpaf.decoder.cifcaf][INFO] - annotations 1: [15]
[2024-04-21 00:51:36,626][openpifpaf.predictor][INFO] - batch 0: no-file-name
[2024-04-21 00:51:43,754][openpifpaf.decoder.cifcaf][INFO] - annotations 1: [15]
[2024-04-21 00:51:43,755][openpifpaf.predictor][INFO] - batch 0: no-file-name
[2024-04-21 00:51:44,242][openpifpaf.decoder.cifcaf][INFO] - annotations 1: [15]
[2024-04-21 00:51:44,242][openpifpaf.predictor][INFO] - batch 0: no-file-name
[2024-04-21 00:51:51,110][openpifpaf.decoder.cifcaf][INFO] - annotations 1: [15]
[2024-04-21 00:51:51,110][openpifpaf.predictor][INFO] - batch 0: no-file-name
[2024-04-21 00:51:51,647][openpifpaf.decoder.cifcaf][INFO] - annotations 1: [15]
[2024-04-21 00:51:51,648][openpifpaf.predictor][INFO] - batch 0: no-file-name
[2024-04-21 00:51:58,796][openpifpaf.decoder.cifcaf][INFO] - annotations 1: [15]
[2024-04-21 00:51:58,797][openpifpaf.predictor][INFO] - batch 0: no-file-name
[2024-04-21 00:51:59,291][openpifpaf.decoder.cifcaf][INFO] - annotations 1: [15]
[2024-04-21 00:51:59,291][openpifpaf.predictor][INFO] - batch 0: no-file-name
[2024-04-21 00:52:06,206][openpifpaf.decoder.cifcaf][INFO] - annotations 1: [15]
[2024-04-21 00:52:06,206][openpifpaf.predictor][INFO] - batch 0: no-file-name
[2024-04-21 00:52:06,722][openpifpaf.decoder.cifcaf][INFO] - annotations 1: [15]
[2024-04-21 00:52:06,722][openpifpaf.predictor][INFO] - batch 0: no-file-name
[2024-04-21 00:52:13,610][openpifpaf.decoder.cifcaf][INFO] - annotations 1: [15]
[2024-04-21 00:52:13,611][openpifpaf.predictor][INFO] - batch 0: no-file-name
[2024-04-21 00:52:14,120][openpifpaf.decoder.cifcaf][INFO] - annotations 1: [15]
[2024-04-21 00:52:14,121][openpifpaf.predictor][INFO] - batch 0: no-file-name
[2024-04-21 00:52:21,172][openpifpaf.decoder.cifcaf][INFO] - annotations 1: [15]
[2024-04-21 00:52:21,172][openpifpaf.predictor][INFO] - batch 0: no-file-name
[2024-04-21 00:52:21,721][openpifpaf.decoder.cifcaf][INFO] - annotations 1: [15]
[2024-04-21 00:52:21,721][openpifpaf.predictor][INFO] - batch 0: no-file-name
[2024-04-21 00:52:28,590][openpifpaf.decoder.cifcaf][INFO] - annotations 1: [15]
[2024-04-21 00:52:28,591][openpifpaf.predictor][INFO] - batch 0: no-file-name
[2024-04-21 00:52:29,126][openpifpaf.decoder.cifcaf][INFO] - annotations 1: [15]
[2024-04-21 00:52:29,126][openpifpaf.predictor][INFO] - batch 0: no-file-name
[2024-04-21 00:52:36,296][openpifpaf.decoder.cifcaf][INFO] - annotations 1: [15]
[2024-04-21 00:52:36,296][openpifpaf.predictor][INFO] - batch 0: no-file-name
[2024-04-21 00:52:36,848][openpifpaf.decoder.cifcaf][INFO] - annotations 1: [15]
[2024-04-21 00:52:36,849][openpifpaf.predictor][INFO] - batch 0: no-file-name
[2024-04-21 00:52:43,808][openpifpaf.decoder.cifcaf][INFO] - annotations 1: [15]
[2024-04-21 00:52:43,809][openpifpaf.predictor][INFO] - batch 0: no-file-name
[2024-04-21 00:52:44,344][openpifpaf.decoder.cifcaf][INFO] - annotations 1: [15]
[2024-04-21 00:52:44,344][openpifpaf.predictor][INFO] - batch 0: no-file-name
[2024-04-21 00:52:51,251][openpifpaf.decoder.cifcaf][INFO] - annotations 1: [15]
[2024-04-21 00:52:51,251][openpifpaf.predictor][INFO] - batch 0: no-file-name
[2024-04-21 00:52:51,777][openpifpaf.decoder.cifcaf][INFO] - annotations 1: [15]
[2024-04-21 00:52:51,777][openpifpaf.predictor][INFO] - batch 0: no-file-name
[2024-04-21 00:52:58,635][openpifpaf.decoder.cifcaf][INFO] - annotations 1: [15]
[2024-04-21 00:52:58,635][openpifpaf.predictor][INFO] - batch 0: no-file-name
[2024-04-21 00:52:59,184][openpifpaf.decoder.cifcaf][INFO] - annotations 1: [15]
[2024-04-21 00:52:59,185][openpifpaf.predictor][INFO] - batch 0: no-file-name
[2024-04-21 00:53:06,258][openpifpaf.decoder.cifcaf][INFO] - annotations 1: [15]
[2024-04-21 00:53:06,258][openpifpaf.predictor][INFO] - batch 0: no-file-name
