[2024-04-22 03:00:24,996][root][INFO] - Successfully loaded settings:
==================================================
data:
  dataset_name: DPDataset
  data_root: data/frames/
  label_root: data/labels/
  keypoints_root: data/keypoints/
  venue_names:
  - 2023-01-17-livingroom
  - 2023-01-18-livingroom
  - 2023-01-19-livingroom
  - 2023-01-24-livingroom
  - 2023-01-25-livingroom
  - 2023-01-17-openoffice
  - 2023-01-18-openoffice
  - 2023-01-19-openoffice
  - 2023-01-24-openoffice
  - 2023-01-25-openoffice
model:
  tlength: 15
  featvec_joint: true
  hidden_size: 192
  attention_heads: 12
  num_layers: 6
  featvec_bb: false
  featvec_img: false
  omit_temporal_encoder: false
hardware:
  nworkers: 8
  gpus: 8
  bs: 32
task: train
incl_all: false
train_ratio: 0.7
split_method: time
overfit: false
ckpt: ./models/weight.ckpt
noanswer: false
movie: ./demo/example.mp4
lr: r
verbose: false
shrink_rate: 0.1
filter_joint: null
use_preprocessed: false
debug: false
hist_error: false
==================================================

[2024-04-22 03:00:24,996][root][WARNING] - Running DeePoint with CPU takes a long time.
[2024-04-22 03:00:25,225][openpifpaf.decoder.factory][INFO] - No specific decoder requested. Using the first one from:
  --decoder=cifcaf:0
  --decoder=posesimilarity:0
Use any of the above arguments to select one or multiple decoders and to suppress this message.
[2024-04-22 03:00:25,225][openpifpaf.predictor][INFO] - neural network device: cpu (CUDA available: False, count: 0)
[2024-04-22 03:00:25,733][openpifpaf.decoder.cifcaf][INFO] - annotations 1: [14]
[2024-04-22 03:00:25,734][openpifpaf.predictor][INFO] - batch 0: no-file-name
[2024-04-22 03:00:25,921][openpifpaf.decoder.cifcaf][INFO] - annotations 1: [13]
[2024-04-22 03:00:25,921][openpifpaf.predictor][INFO] - batch 0: no-file-name
[2024-04-22 03:00:26,108][openpifpaf.decoder.cifcaf][INFO] - annotations 1: [14]
[2024-04-22 03:00:26,108][openpifpaf.predictor][INFO] - batch 0: no-file-name
[2024-04-22 03:00:26,299][openpifpaf.decoder.cifcaf][INFO] - annotations 1: [14]
[2024-04-22 03:00:26,300][openpifpaf.predictor][INFO] - batch 0: no-file-name
[2024-04-22 03:00:26,489][openpifpaf.decoder.cifcaf][INFO] - annotations 1: [14]
[2024-04-22 03:00:26,489][openpifpaf.predictor][INFO] - batch 0: no-file-name
[2024-04-22 03:00:26,713][openpifpaf.decoder.cifcaf][INFO] - annotations 1: [13]
[2024-04-22 03:00:26,713][openpifpaf.predictor][INFO] - batch 0: no-file-name
[2024-04-22 03:00:26,904][openpifpaf.decoder.cifcaf][INFO] - annotations 1: [13]
[2024-04-22 03:00:26,904][openpifpaf.predictor][INFO] - batch 0: no-file-name
[2024-04-22 03:00:27,092][openpifpaf.decoder.cifcaf][INFO] - annotations 1: [14]
[2024-04-22 03:00:27,093][openpifpaf.predictor][INFO] - batch 0: no-file-name
[2024-04-22 03:00:27,298][openpifpaf.decoder.cifcaf][INFO] - annotations 1: [14]
[2024-04-22 03:00:27,298][openpifpaf.predictor][INFO] - batch 0: no-file-name
[2024-04-22 03:00:27,501][openpifpaf.decoder.cifcaf][INFO] - annotations 1: [14]
[2024-04-22 03:00:27,502][openpifpaf.predictor][INFO] - batch 0: no-file-name
[2024-04-22 03:00:27,717][openpifpaf.decoder.cifcaf][INFO] - annotations 1: [14]
[2024-04-22 03:00:27,717][openpifpaf.predictor][INFO] - batch 0: no-file-name
[2024-04-22 03:00:27,929][openpifpaf.decoder.cifcaf][INFO] - annotations 1: [14]
[2024-04-22 03:00:27,929][openpifpaf.predictor][INFO] - batch 0: no-file-name
[2024-04-22 03:00:28,131][openpifpaf.decoder.cifcaf][INFO] - annotations 1: [14]
[2024-04-22 03:00:28,131][openpifpaf.predictor][INFO] - batch 0: no-file-name
[2024-04-22 03:00:28,330][openpifpaf.decoder.cifcaf][INFO] - annotations 1: [14]
[2024-04-22 03:00:28,331][openpifpaf.predictor][INFO] - batch 0: no-file-name
[2024-04-22 03:00:28,564][openpifpaf.decoder.cifcaf][INFO] - annotations 1: [13]
[2024-04-22 03:00:28,565][openpifpaf.predictor][INFO] - batch 0: no-file-name
[2024-04-22 03:00:29,081][openpifpaf.decoder.cifcaf][INFO] - annotations 1: [13]
[2024-04-22 03:00:29,081][openpifpaf.predictor][INFO] - batch 0: no-file-name
