[2024-04-21 23:27:11,726][root][INFO] - Successfully loaded settings:
==================================================
data:
  dataset_name: DPDataset
  data_root: data/frames/
  label_root: data/labels/
  keypoints_root: data/keypoints/
  venue_names:
  - 2023-01-17-livingroom
  - 2023-01-18-livingroom
  - 2023-01-19-livingroom
  - 2023-01-24-livingroom
  - 2023-01-25-livingroom
  - 2023-01-17-openoffice
  - 2023-01-18-openoffice
  - 2023-01-19-openoffice
  - 2023-01-24-openoffice
  - 2023-01-25-openoffice
model:
  tlength: 15
  featvec_joint: true
  hidden_size: 192
  attention_heads: 12
  num_layers: 6
  featvec_bb: false
  featvec_img: false
  omit_temporal_encoder: false
hardware:
  nworkers: 8
  gpus: 8
  bs: 32
task: train
incl_all: false
train_ratio: 0.7
split_method: time
overfit: false
ckpt: ./models/weight.ckpt
noanswer: false
movie: ./demo/example.mp4
lr: l
verbose: false
shrink_rate: 0.1
filter_joint: null
use_preprocessed: false
debug: false
hist_error: false
==================================================

[2024-04-21 23:27:11,727][root][WARNING] - Running DeePoint with CPU takes a long time.
[2024-04-21 23:27:11,949][openpifpaf.decoder.factory][INFO] - No specific decoder requested. Using the first one from:
  --decoder=cifcaf:0
  --decoder=posesimilarity:0
Use any of the above arguments to select one or multiple decoders and to suppress this message.
[2024-04-21 23:27:11,949][openpifpaf.predictor][INFO] - neural network device: cpu (CUDA available: False, count: 0)
[2024-04-21 23:27:12,430][openpifpaf.decoder.cifcaf][INFO] - annotations 1: [14]
[2024-04-21 23:27:12,430][openpifpaf.predictor][INFO] - batch 0: no-file-name
[2024-04-21 23:27:12,614][openpifpaf.decoder.cifcaf][INFO] - annotations 1: [13]
[2024-04-21 23:27:12,615][openpifpaf.predictor][INFO] - batch 0: no-file-name
[2024-04-21 23:27:12,797][openpifpaf.decoder.cifcaf][INFO] - annotations 1: [14]
[2024-04-21 23:27:12,797][openpifpaf.predictor][INFO] - batch 0: no-file-name
[2024-04-21 23:27:12,964][openpifpaf.decoder.cifcaf][INFO] - annotations 1: [14]
[2024-04-21 23:27:12,964][openpifpaf.predictor][INFO] - batch 0: no-file-name
[2024-04-21 23:27:13,145][openpifpaf.decoder.cifcaf][INFO] - annotations 1: [14]
[2024-04-21 23:27:13,145][openpifpaf.predictor][INFO] - batch 0: no-file-name
[2024-04-21 23:27:13,330][openpifpaf.decoder.cifcaf][INFO] - annotations 1: [13]
[2024-04-21 23:27:13,331][openpifpaf.predictor][INFO] - batch 0: no-file-name
[2024-04-21 23:27:13,516][openpifpaf.decoder.cifcaf][INFO] - annotations 1: [13]
[2024-04-21 23:27:13,516][openpifpaf.predictor][INFO] - batch 0: no-file-name
[2024-04-21 23:27:13,698][openpifpaf.decoder.cifcaf][INFO] - annotations 1: [14]
[2024-04-21 23:27:13,698][openpifpaf.predictor][INFO] - batch 0: no-file-name
[2024-04-21 23:27:13,882][openpifpaf.decoder.cifcaf][INFO] - annotations 1: [14]
[2024-04-21 23:27:13,882][openpifpaf.predictor][INFO] - batch 0: no-file-name
[2024-04-21 23:27:14,049][openpifpaf.decoder.cifcaf][INFO] - annotations 1: [14]
[2024-04-21 23:27:14,049][openpifpaf.predictor][INFO] - batch 0: no-file-name
[2024-04-21 23:27:14,240][openpifpaf.decoder.cifcaf][INFO] - annotations 1: [14]
[2024-04-21 23:27:14,241][openpifpaf.predictor][INFO] - batch 0: no-file-name
[2024-04-21 23:27:14,416][openpifpaf.decoder.cifcaf][INFO] - annotations 1: [14]
[2024-04-21 23:27:14,417][openpifpaf.predictor][INFO] - batch 0: no-file-name
[2024-04-21 23:27:14,595][openpifpaf.decoder.cifcaf][INFO] - annotations 1: [14]
[2024-04-21 23:27:14,595][openpifpaf.predictor][INFO] - batch 0: no-file-name
[2024-04-21 23:27:14,786][openpifpaf.decoder.cifcaf][INFO] - annotations 1: [14]
[2024-04-21 23:27:14,786][openpifpaf.predictor][INFO] - batch 0: no-file-name
[2024-04-21 23:27:14,977][openpifpaf.decoder.cifcaf][INFO] - annotations 1: [13]
[2024-04-21 23:27:14,977][openpifpaf.predictor][INFO] - batch 0: no-file-name
[2024-04-21 23:27:15,459][openpifpaf.decoder.cifcaf][INFO] - annotations 1: [13]
[2024-04-21 23:27:15,460][openpifpaf.predictor][INFO] - batch 0: no-file-name
[2024-04-21 23:27:33,087][openpifpaf.decoder.cifcaf][INFO] - annotations 1: [13]
[2024-04-21 23:27:33,087][openpifpaf.predictor][INFO] - batch 0: no-file-name
[2024-04-21 23:27:33,554][openpifpaf.decoder.cifcaf][INFO] - annotations 1: [14]
[2024-04-21 23:27:33,554][openpifpaf.predictor][INFO] - batch 0: no-file-name
[2024-04-21 23:27:50,921][openpifpaf.decoder.cifcaf][INFO] - annotations 1: [14]
[2024-04-21 23:27:50,922][openpifpaf.predictor][INFO] - batch 0: no-file-name
[2024-04-21 23:27:51,374][openpifpaf.decoder.cifcaf][INFO] - annotations 1: [14]
[2024-04-21 23:27:51,374][openpifpaf.predictor][INFO] - batch 0: no-file-name
