[2024-04-21 23:25:51,534][root][INFO] - Successfully loaded settings:
==================================================
data:
  dataset_name: DPDataset
  data_root: data/frames/
  label_root: data/labels/
  keypoints_root: data/keypoints/
  venue_names:
  - 2023-01-17-livingroom
  - 2023-01-18-livingroom
  - 2023-01-19-livingroom
  - 2023-01-24-livingroom
  - 2023-01-25-livingroom
  - 2023-01-17-openoffice
  - 2023-01-18-openoffice
  - 2023-01-19-openoffice
  - 2023-01-24-openoffice
  - 2023-01-25-openoffice
model:
  tlength: 15
  featvec_joint: true
  hidden_size: 192
  attention_heads: 12
  num_layers: 6
  featvec_bb: false
  featvec_img: false
  omit_temporal_encoder: false
hardware:
  nworkers: 8
  gpus: 8
  bs: 32
task: train
incl_all: false
train_ratio: 0.7
split_method: time
overfit: false
ckpt: ./models/weight.ckpt
noanswer: false
movie: ./demo/demo_1.mp4
lr: r
verbose: false
shrink_rate: 0.1
filter_joint: null
use_preprocessed: false
debug: false
hist_error: false
==================================================

[2024-04-21 23:25:51,535][root][WARNING] - Running DeePoint with CPU takes a long time.
[2024-04-21 23:25:51,753][openpifpaf.decoder.factory][INFO] - No specific decoder requested. Using the first one from:
  --decoder=cifcaf:0
  --decoder=posesimilarity:0
Use any of the above arguments to select one or multiple decoders and to suppress this message.
[2024-04-21 23:25:51,754][openpifpaf.predictor][INFO] - neural network device: cpu (CUDA available: False, count: 0)
[2024-04-21 23:25:52,234][openpifpaf.decoder.cifcaf][INFO] - annotations 1: [11]
[2024-04-21 23:25:52,234][openpifpaf.predictor][INFO] - batch 0: no-file-name
[2024-04-21 23:25:52,417][openpifpaf.decoder.cifcaf][INFO] - annotations 1: [11]
[2024-04-21 23:25:52,417][openpifpaf.predictor][INFO] - batch 0: no-file-name
[2024-04-21 23:25:52,596][openpifpaf.decoder.cifcaf][INFO] - annotations 1: [11]
[2024-04-21 23:25:52,596][openpifpaf.predictor][INFO] - batch 0: no-file-name
[2024-04-21 23:25:52,779][openpifpaf.decoder.cifcaf][INFO] - annotations 1: [11]
[2024-04-21 23:25:52,780][openpifpaf.predictor][INFO] - batch 0: no-file-name
[2024-04-21 23:25:52,962][openpifpaf.decoder.cifcaf][INFO] - annotations 1: [11]
[2024-04-21 23:25:52,962][openpifpaf.predictor][INFO] - batch 0: no-file-name
[2024-04-21 23:25:53,144][openpifpaf.decoder.cifcaf][INFO] - annotations 1: [11]
[2024-04-21 23:25:53,144][openpifpaf.predictor][INFO] - batch 0: no-file-name
[2024-04-21 23:25:53,324][openpifpaf.decoder.cifcaf][INFO] - annotations 1: [11]
[2024-04-21 23:25:53,324][openpifpaf.predictor][INFO] - batch 0: no-file-name
[2024-04-21 23:25:53,507][openpifpaf.decoder.cifcaf][INFO] - annotations 1: [11]
[2024-04-21 23:25:53,507][openpifpaf.predictor][INFO] - batch 0: no-file-name
[2024-04-21 23:25:53,690][openpifpaf.decoder.cifcaf][INFO] - annotations 1: [11]
[2024-04-21 23:25:53,690][openpifpaf.predictor][INFO] - batch 0: no-file-name
[2024-04-21 23:25:53,873][openpifpaf.decoder.cifcaf][INFO] - annotations 1: [11]
[2024-04-21 23:25:53,873][openpifpaf.predictor][INFO] - batch 0: no-file-name
[2024-04-21 23:25:54,061][openpifpaf.decoder.cifcaf][INFO] - annotations 1: [11]
[2024-04-21 23:25:54,061][openpifpaf.predictor][INFO] - batch 0: no-file-name
[2024-04-21 23:25:54,247][openpifpaf.decoder.cifcaf][INFO] - annotations 1: [11]
[2024-04-21 23:25:54,247][openpifpaf.predictor][INFO] - batch 0: no-file-name
[2024-04-21 23:25:54,416][openpifpaf.decoder.cifcaf][INFO] - annotations 1: [11]
[2024-04-21 23:25:54,416][openpifpaf.predictor][INFO] - batch 0: no-file-name
[2024-04-21 23:25:54,592][openpifpaf.decoder.cifcaf][INFO] - annotations 1: [11]
[2024-04-21 23:25:54,593][openpifpaf.predictor][INFO] - batch 0: no-file-name
[2024-04-21 23:25:54,766][openpifpaf.decoder.cifcaf][INFO] - annotations 1: [11]
[2024-04-21 23:25:54,766][openpifpaf.predictor][INFO] - batch 0: no-file-name
[2024-04-21 23:25:55,197][openpifpaf.decoder.cifcaf][INFO] - annotations 1: [11]
[2024-04-21 23:25:55,197][openpifpaf.predictor][INFO] - batch 0: no-file-name
[2024-04-21 23:26:12,634][openpifpaf.decoder.cifcaf][INFO] - annotations 1: [11]
[2024-04-21 23:26:12,634][openpifpaf.predictor][INFO] - batch 0: no-file-name
[2024-04-21 23:26:13,075][openpifpaf.decoder.cifcaf][INFO] - annotations 1: [11]
[2024-04-21 23:26:13,075][openpifpaf.predictor][INFO] - batch 0: no-file-name
