[2024-04-21 01:00:19,776][root][INFO] - Successfully loaded settings:
==================================================
data:
  dataset_name: DPDataset
  data_root: data/frames/
  label_root: data/labels/
  keypoints_root: data/keypoints/
  venue_names:
  - 2023-01-17-livingroom
  - 2023-01-18-livingroom
  - 2023-01-19-livingroom
  - 2023-01-24-livingroom
  - 2023-01-25-livingroom
  - 2023-01-17-openoffice
  - 2023-01-18-openoffice
  - 2023-01-19-openoffice
  - 2023-01-24-openoffice
  - 2023-01-25-openoffice
model:
  tlength: 15
  featvec_joint: true
  hidden_size: 192
  attention_heads: 12
  num_layers: 6
  featvec_bb: false
  featvec_img: false
  omit_temporal_encoder: false
hardware:
  nworkers: 8
  gpus: 8
  bs: 32
task: train
incl_all: false
train_ratio: 0.7
split_method: time
overfit: false
ckpt: ./models/weight.ckpt
noanswer: false
movie: ./demo/JK_demo_1.mp4
lr: r
verbose: false
shrink_rate: 0.1
filter_joint: null
use_preprocessed: false
debug: false
hist_error: false
==================================================

[2024-04-21 01:00:19,776][root][WARNING] - Running DeePoint with CPU takes a long time.
[2024-04-21 01:00:20,023][openpifpaf.decoder.factory][INFO] - No specific decoder requested. Using the first one from:
  --decoder=cifcaf:0
  --decoder=posesimilarity:0
Use any of the above arguments to select one or multiple decoders and to suppress this message.
[2024-04-21 01:00:20,023][openpifpaf.predictor][INFO] - neural network device: cpu (CUDA available: False, count: 0)
[2024-04-21 01:00:20,568][openpifpaf.decoder.cifcaf][INFO] - annotations 1: [15]
[2024-04-21 01:00:20,568][openpifpaf.predictor][INFO] - batch 0: no-file-name
[2024-04-21 01:00:20,752][openpifpaf.decoder.cifcaf][INFO] - annotations 1: [15]
[2024-04-21 01:00:20,752][openpifpaf.predictor][INFO] - batch 0: no-file-name
[2024-04-21 01:00:20,936][openpifpaf.decoder.cifcaf][INFO] - annotations 1: [15]
[2024-04-21 01:00:20,936][openpifpaf.predictor][INFO] - batch 0: no-file-name
[2024-04-21 01:00:21,122][openpifpaf.decoder.cifcaf][INFO] - annotations 1: [15]
[2024-04-21 01:00:21,122][openpifpaf.predictor][INFO] - batch 0: no-file-name
[2024-04-21 01:00:21,286][openpifpaf.decoder.cifcaf][INFO] - annotations 1: [15]
[2024-04-21 01:00:21,287][openpifpaf.predictor][INFO] - batch 0: no-file-name
[2024-04-21 01:00:21,463][openpifpaf.decoder.cifcaf][INFO] - annotations 1: [15]
[2024-04-21 01:00:21,464][openpifpaf.predictor][INFO] - batch 0: no-file-name
[2024-04-21 01:00:21,654][openpifpaf.decoder.cifcaf][INFO] - annotations 1: [15]
[2024-04-21 01:00:21,654][openpifpaf.predictor][INFO] - batch 0: no-file-name
[2024-04-21 01:00:21,819][openpifpaf.decoder.cifcaf][INFO] - annotations 1: [15]
[2024-04-21 01:00:21,819][openpifpaf.predictor][INFO] - batch 0: no-file-name
[2024-04-21 01:00:21,996][openpifpaf.decoder.cifcaf][INFO] - annotations 1: [15]
[2024-04-21 01:00:21,996][openpifpaf.predictor][INFO] - batch 0: no-file-name
[2024-04-21 01:00:22,169][openpifpaf.decoder.cifcaf][INFO] - annotations 1: [15]
[2024-04-21 01:00:22,169][openpifpaf.predictor][INFO] - batch 0: no-file-name
[2024-04-21 01:00:22,350][openpifpaf.decoder.cifcaf][INFO] - annotations 1: [15]
[2024-04-21 01:00:22,350][openpifpaf.predictor][INFO] - batch 0: no-file-name
[2024-04-21 01:00:22,530][openpifpaf.decoder.cifcaf][INFO] - annotations 1: [15]
[2024-04-21 01:00:22,530][openpifpaf.predictor][INFO] - batch 0: no-file-name
[2024-04-21 01:00:22,725][openpifpaf.decoder.cifcaf][INFO] - annotations 1: [15]
[2024-04-21 01:00:22,725][openpifpaf.predictor][INFO] - batch 0: no-file-name
[2024-04-21 01:00:22,902][openpifpaf.decoder.cifcaf][INFO] - annotations 1: [15]
[2024-04-21 01:00:22,902][openpifpaf.predictor][INFO] - batch 0: no-file-name
[2024-04-21 01:00:23,081][openpifpaf.decoder.cifcaf][INFO] - annotations 1: [15]
[2024-04-21 01:00:23,082][openpifpaf.predictor][INFO] - batch 0: no-file-name
[2024-04-21 01:00:23,515][openpifpaf.decoder.cifcaf][INFO] - annotations 1: [15]
[2024-04-21 01:00:23,516][openpifpaf.predictor][INFO] - batch 0: no-file-name
[2024-04-21 01:00:30,596][openpifpaf.decoder.cifcaf][INFO] - annotations 1: [15]
[2024-04-21 01:00:30,596][openpifpaf.predictor][INFO] - batch 0: no-file-name
[2024-04-21 01:00:31,004][openpifpaf.decoder.cifcaf][INFO] - annotations 1: [15]
[2024-04-21 01:00:31,005][openpifpaf.predictor][INFO] - batch 0: no-file-name
[2024-04-21 01:00:38,208][openpifpaf.decoder.cifcaf][INFO] - annotations 1: [15]
[2024-04-21 01:00:38,208][openpifpaf.predictor][INFO] - batch 0: no-file-name
[2024-04-21 01:00:38,683][openpifpaf.decoder.cifcaf][INFO] - annotations 1: [15]
[2024-04-21 01:00:38,684][openpifpaf.predictor][INFO] - batch 0: no-file-name
