[2024-04-22 03:25:52,590][root][INFO] - Successfully loaded settings:
==================================================
data:
  dataset_name: DPDataset
  data_root: data/frames/
  label_root: data/labels/
  keypoints_root: data/keypoints/
  venue_names:
  - 2023-01-17-livingroom
  - 2023-01-18-livingroom
  - 2023-01-19-livingroom
  - 2023-01-24-livingroom
  - 2023-01-25-livingroom
  - 2023-01-17-openoffice
  - 2023-01-18-openoffice
  - 2023-01-19-openoffice
  - 2023-01-24-openoffice
  - 2023-01-25-openoffice
model:
  tlength: 15
  featvec_joint: true
  hidden_size: 192
  attention_heads: 12
  num_layers: 6
  featvec_bb: false
  featvec_img: false
  omit_temporal_encoder: false
hardware:
  nworkers: 8
  gpus: 8
  bs: 32
task: train
incl_all: false
train_ratio: 0.7
split_method: time
overfit: false
ckpt: ./models/weight.ckpt
noanswer: false
movie: ./demo/example.mp4
lr: r
verbose: false
shrink_rate: 0.1
filter_joint: null
use_preprocessed: false
debug: false
hist_error: false
==================================================

[2024-04-22 03:25:52,590][root][WARNING] - Running DeePoint with CPU takes a long time.
[2024-04-22 03:25:52,916][openpifpaf.decoder.factory][INFO] - No specific decoder requested. Using the first one from:
  --decoder=cifcaf:0
  --decoder=posesimilarity:0
Use any of the above arguments to select one or multiple decoders and to suppress this message.
[2024-04-22 03:25:52,916][openpifpaf.predictor][INFO] - neural network device: cpu (CUDA available: False, count: 0)
[2024-04-22 03:25:53,760][openpifpaf.decoder.cifcaf][INFO] - annotations 1: [14]
[2024-04-22 03:25:53,761][openpifpaf.predictor][INFO] - batch 0: no-file-name
[2024-04-22 03:25:53,954][openpifpaf.decoder.cifcaf][INFO] - annotations 1: [13]
[2024-04-22 03:25:53,954][openpifpaf.predictor][INFO] - batch 0: no-file-name
[2024-04-22 03:25:54,146][openpifpaf.decoder.cifcaf][INFO] - annotations 1: [14]
[2024-04-22 03:25:54,147][openpifpaf.predictor][INFO] - batch 0: no-file-name
[2024-04-22 03:25:54,338][openpifpaf.decoder.cifcaf][INFO] - annotations 1: [14]
[2024-04-22 03:25:54,338][openpifpaf.predictor][INFO] - batch 0: no-file-name
[2024-04-22 03:25:54,528][openpifpaf.decoder.cifcaf][INFO] - annotations 1: [14]
[2024-04-22 03:25:54,529][openpifpaf.predictor][INFO] - batch 0: no-file-name
[2024-04-22 03:25:54,719][openpifpaf.decoder.cifcaf][INFO] - annotations 1: [13]
[2024-04-22 03:25:54,719][openpifpaf.predictor][INFO] - batch 0: no-file-name
[2024-04-22 03:25:54,909][openpifpaf.decoder.cifcaf][INFO] - annotations 1: [13]
[2024-04-22 03:25:54,909][openpifpaf.predictor][INFO] - batch 0: no-file-name
[2024-04-22 03:25:55,121][openpifpaf.decoder.cifcaf][INFO] - annotations 1: [14]
[2024-04-22 03:25:55,122][openpifpaf.predictor][INFO] - batch 0: no-file-name
[2024-04-22 03:25:55,320][openpifpaf.decoder.cifcaf][INFO] - annotations 1: [14]
[2024-04-22 03:25:55,320][openpifpaf.predictor][INFO] - batch 0: no-file-name
[2024-04-22 03:25:55,522][openpifpaf.decoder.cifcaf][INFO] - annotations 1: [14]
[2024-04-22 03:25:55,522][openpifpaf.predictor][INFO] - batch 0: no-file-name
[2024-04-22 03:25:55,729][openpifpaf.decoder.cifcaf][INFO] - annotations 1: [14]
[2024-04-22 03:25:55,729][openpifpaf.predictor][INFO] - batch 0: no-file-name
[2024-04-22 03:25:55,932][openpifpaf.decoder.cifcaf][INFO] - annotations 1: [14]
[2024-04-22 03:25:55,932][openpifpaf.predictor][INFO] - batch 0: no-file-name
[2024-04-22 03:25:56,132][openpifpaf.decoder.cifcaf][INFO] - annotations 1: [14]
[2024-04-22 03:25:56,133][openpifpaf.predictor][INFO] - batch 0: no-file-name
[2024-04-22 03:25:56,365][openpifpaf.decoder.cifcaf][INFO] - annotations 1: [14]
[2024-04-22 03:25:56,365][openpifpaf.predictor][INFO] - batch 0: no-file-name
[2024-04-22 03:25:56,700][openpifpaf.decoder.cifcaf][INFO] - annotations 1: [13]
[2024-04-22 03:25:56,700][openpifpaf.predictor][INFO] - batch 0: no-file-name
[2024-04-22 03:25:57,240][openpifpaf.decoder.cifcaf][INFO] - annotations 1: [13]
[2024-04-22 03:25:57,240][openpifpaf.predictor][INFO] - batch 0: no-file-name
[2024-04-22 03:26:10,310][openpifpaf.decoder.cifcaf][INFO] - annotations 1: [13]
[2024-04-22 03:26:10,311][openpifpaf.predictor][INFO] - batch 0: no-file-name
[2024-04-22 03:26:10,836][openpifpaf.decoder.cifcaf][INFO] - annotations 1: [14]
[2024-04-22 03:26:10,836][openpifpaf.predictor][INFO] - batch 0: no-file-name
[2024-04-22 03:26:23,347][openpifpaf.decoder.cifcaf][INFO] - annotations 1: [14]
[2024-04-22 03:26:23,347][openpifpaf.predictor][INFO] - batch 0: no-file-name
[2024-04-22 03:26:23,841][openpifpaf.decoder.cifcaf][INFO] - annotations 1: [14]
[2024-04-22 03:26:23,842][openpifpaf.predictor][INFO] - batch 0: no-file-name
[2024-04-22 03:26:36,979][openpifpaf.decoder.cifcaf][INFO] - annotations 1: [14]
[2024-04-22 03:26:36,980][openpifpaf.predictor][INFO] - batch 0: no-file-name
[2024-04-22 03:26:37,492][openpifpaf.decoder.cifcaf][INFO] - annotations 1: [14]
[2024-04-22 03:26:37,493][openpifpaf.predictor][INFO] - batch 0: no-file-name
[2024-04-22 03:26:49,912][openpifpaf.decoder.cifcaf][INFO] - annotations 1: [14]
[2024-04-22 03:26:49,913][openpifpaf.predictor][INFO] - batch 0: no-file-name
[2024-04-22 03:26:50,454][openpifpaf.decoder.cifcaf][INFO] - annotations 1: [14]
[2024-04-22 03:26:50,455][openpifpaf.predictor][INFO] - batch 0: no-file-name
[2024-04-22 03:27:03,425][openpifpaf.decoder.cifcaf][INFO] - annotations 1: [14]
[2024-04-22 03:27:03,426][openpifpaf.predictor][INFO] - batch 0: no-file-name
[2024-04-22 03:27:03,931][openpifpaf.decoder.cifcaf][INFO] - annotations 1: [14]
[2024-04-22 03:27:03,931][openpifpaf.predictor][INFO] - batch 0: no-file-name
[2024-04-22 03:27:17,672][openpifpaf.decoder.cifcaf][INFO] - annotations 1: [14]
[2024-04-22 03:27:17,672][openpifpaf.predictor][INFO] - batch 0: no-file-name
[2024-04-22 03:27:18,198][openpifpaf.decoder.cifcaf][INFO] - annotations 1: [14]
[2024-04-22 03:27:18,198][openpifpaf.predictor][INFO] - batch 0: no-file-name
[2024-04-22 03:27:31,989][openpifpaf.decoder.cifcaf][INFO] - annotations 1: [14]
[2024-04-22 03:27:31,989][openpifpaf.predictor][INFO] - batch 0: no-file-name
[2024-04-22 03:27:32,658][openpifpaf.decoder.cifcaf][INFO] - annotations 1: [14]
[2024-04-22 03:27:32,659][openpifpaf.predictor][INFO] - batch 0: no-file-name
[2024-04-22 03:27:47,093][openpifpaf.decoder.cifcaf][INFO] - annotations 1: [14]
[2024-04-22 03:27:47,093][openpifpaf.predictor][INFO] - batch 0: no-file-name
[2024-04-22 03:27:47,845][openpifpaf.decoder.cifcaf][INFO] - annotations 1: [14]
[2024-04-22 03:27:47,845][openpifpaf.predictor][INFO] - batch 0: no-file-name
