[2024-04-22 02:13:11,398][root][INFO] - Successfully loaded settings:
==================================================
data:
  dataset_name: DPDataset
  data_root: data/frames/
  label_root: data/labels/
  keypoints_root: data/keypoints/
  venue_names:
  - 2023-01-17-livingroom
  - 2023-01-18-livingroom
  - 2023-01-19-livingroom
  - 2023-01-24-livingroom
  - 2023-01-25-livingroom
  - 2023-01-17-openoffice
  - 2023-01-18-openoffice
  - 2023-01-19-openoffice
  - 2023-01-24-openoffice
  - 2023-01-25-openoffice
model:
  tlength: 15
  featvec_joint: true
  hidden_size: 192
  attention_heads: 12
  num_layers: 6
  featvec_bb: false
  featvec_img: false
  omit_temporal_encoder: false
hardware:
  nworkers: 8
  gpus: 8
  bs: 32
task: train
incl_all: false
train_ratio: 0.7
split_method: time
overfit: false
ckpt: ./models/weight.ckpt
noanswer: false
movie: ./demo/example.mp4
lr: r
verbose: false
shrink_rate: 0.1
filter_joint: null
use_preprocessed: false
debug: false
hist_error: false
==================================================

[2024-04-22 02:13:11,398][root][WARNING] - Running DeePoint with CPU takes a long time.
[2024-04-22 02:13:11,595][openpifpaf.decoder.factory][INFO] - No specific decoder requested. Using the first one from:
  --decoder=cifcaf:0
  --decoder=posesimilarity:0
Use any of the above arguments to select one or multiple decoders and to suppress this message.
[2024-04-22 02:13:11,595][openpifpaf.predictor][INFO] - neural network device: cpu (CUDA available: False, count: 0)
[2024-04-22 02:13:12,499][openpifpaf.decoder.cifcaf][INFO] - annotations 1: [14]
[2024-04-22 02:13:12,499][openpifpaf.predictor][INFO] - batch 0: no-file-name
[2024-04-22 02:13:12,625][openpifpaf.decoder.cifcaf][INFO] - annotations 1: [13]
[2024-04-22 02:13:12,625][openpifpaf.predictor][INFO] - batch 0: no-file-name
[2024-04-22 02:13:12,750][openpifpaf.decoder.cifcaf][INFO] - annotations 1: [14]
[2024-04-22 02:13:12,750][openpifpaf.predictor][INFO] - batch 0: no-file-name
[2024-04-22 02:13:12,868][openpifpaf.decoder.cifcaf][INFO] - annotations 1: [14]
[2024-04-22 02:13:12,868][openpifpaf.predictor][INFO] - batch 0: no-file-name
[2024-04-22 02:13:12,993][openpifpaf.decoder.cifcaf][INFO] - annotations 1: [14]
[2024-04-22 02:13:12,994][openpifpaf.predictor][INFO] - batch 0: no-file-name
[2024-04-22 02:13:13,111][openpifpaf.decoder.cifcaf][INFO] - annotations 1: [13]
[2024-04-22 02:13:13,111][openpifpaf.predictor][INFO] - batch 0: no-file-name
[2024-04-22 02:13:13,245][openpifpaf.decoder.cifcaf][INFO] - annotations 1: [13]
[2024-04-22 02:13:13,245][openpifpaf.predictor][INFO] - batch 0: no-file-name
[2024-04-22 02:13:13,370][openpifpaf.decoder.cifcaf][INFO] - annotations 1: [14]
[2024-04-22 02:13:13,370][openpifpaf.predictor][INFO] - batch 0: no-file-name
[2024-04-22 02:13:13,492][openpifpaf.decoder.cifcaf][INFO] - annotations 1: [14]
[2024-04-22 02:13:13,492][openpifpaf.predictor][INFO] - batch 0: no-file-name
[2024-04-22 02:13:13,618][openpifpaf.decoder.cifcaf][INFO] - annotations 1: [14]
[2024-04-22 02:13:13,618][openpifpaf.predictor][INFO] - batch 0: no-file-name
[2024-04-22 02:13:13,745][openpifpaf.decoder.cifcaf][INFO] - annotations 1: [14]
[2024-04-22 02:13:13,745][openpifpaf.predictor][INFO] - batch 0: no-file-name
[2024-04-22 02:13:13,871][openpifpaf.decoder.cifcaf][INFO] - annotations 1: [14]
[2024-04-22 02:13:13,871][openpifpaf.predictor][INFO] - batch 0: no-file-name
[2024-04-22 02:13:13,997][openpifpaf.decoder.cifcaf][INFO] - annotations 1: [14]
[2024-04-22 02:13:13,997][openpifpaf.predictor][INFO] - batch 0: no-file-name
[2024-04-22 02:13:14,115][openpifpaf.decoder.cifcaf][INFO] - annotations 1: [14]
[2024-04-22 02:13:14,115][openpifpaf.predictor][INFO] - batch 0: no-file-name
[2024-04-22 02:13:14,251][openpifpaf.decoder.cifcaf][INFO] - annotations 1: [13]
[2024-04-22 02:13:14,251][openpifpaf.predictor][INFO] - batch 0: no-file-name
[2024-04-22 02:13:14,596][openpifpaf.decoder.cifcaf][INFO] - annotations 1: [13]
[2024-04-22 02:13:14,596][openpifpaf.predictor][INFO] - batch 0: no-file-name
