[2024-04-21 23:29:13,577][root][INFO] - Successfully loaded settings:
==================================================
data:
  dataset_name: DPDataset
  data_root: data/frames/
  label_root: data/labels/
  keypoints_root: data/keypoints/
  venue_names:
  - 2023-01-17-livingroom
  - 2023-01-18-livingroom
  - 2023-01-19-livingroom
  - 2023-01-24-livingroom
  - 2023-01-25-livingroom
  - 2023-01-17-openoffice
  - 2023-01-18-openoffice
  - 2023-01-19-openoffice
  - 2023-01-24-openoffice
  - 2023-01-25-openoffice
model:
  tlength: 15
  featvec_joint: true
  hidden_size: 192
  attention_heads: 12
  num_layers: 6
  featvec_bb: false
  featvec_img: false
  omit_temporal_encoder: false
hardware:
  nworkers: 8
  gpus: 8
  bs: 32
task: train
incl_all: false
train_ratio: 0.7
split_method: time
overfit: false
ckpt: ./models/weight.ckpt
noanswer: false
movie: ./demo/example.mp4
lr: l
verbose: false
shrink_rate: 0.1
filter_joint: null
use_preprocessed: false
debug: false
hist_error: false
==================================================

[2024-04-21 23:29:13,578][root][WARNING] - Running DeePoint with CPU takes a long time.
[2024-04-21 23:29:13,801][openpifpaf.decoder.factory][INFO] - No specific decoder requested. Using the first one from:
  --decoder=cifcaf:0
  --decoder=posesimilarity:0
Use any of the above arguments to select one or multiple decoders and to suppress this message.
[2024-04-21 23:29:13,801][openpifpaf.predictor][INFO] - neural network device: cpu (CUDA available: False, count: 0)
[2024-04-21 23:29:14,296][openpifpaf.decoder.cifcaf][INFO] - annotations 1: [14]
[2024-04-21 23:29:14,296][openpifpaf.predictor][INFO] - batch 0: no-file-name
[2024-04-21 23:29:14,477][openpifpaf.decoder.cifcaf][INFO] - annotations 1: [13]
[2024-04-21 23:29:14,477][openpifpaf.predictor][INFO] - batch 0: no-file-name
[2024-04-21 23:29:14,657][openpifpaf.decoder.cifcaf][INFO] - annotations 1: [14]
[2024-04-21 23:29:14,658][openpifpaf.predictor][INFO] - batch 0: no-file-name
[2024-04-21 23:29:14,836][openpifpaf.decoder.cifcaf][INFO] - annotations 1: [14]
[2024-04-21 23:29:14,836][openpifpaf.predictor][INFO] - batch 0: no-file-name
[2024-04-21 23:29:15,018][openpifpaf.decoder.cifcaf][INFO] - annotations 1: [14]
[2024-04-21 23:29:15,018][openpifpaf.predictor][INFO] - batch 0: no-file-name
[2024-04-21 23:29:15,197][openpifpaf.decoder.cifcaf][INFO] - annotations 1: [13]
[2024-04-21 23:29:15,197][openpifpaf.predictor][INFO] - batch 0: no-file-name
[2024-04-21 23:29:15,377][openpifpaf.decoder.cifcaf][INFO] - annotations 1: [13]
[2024-04-21 23:29:15,378][openpifpaf.predictor][INFO] - batch 0: no-file-name
[2024-04-21 23:29:15,557][openpifpaf.decoder.cifcaf][INFO] - annotations 1: [14]
[2024-04-21 23:29:15,557][openpifpaf.predictor][INFO] - batch 0: no-file-name
[2024-04-21 23:29:15,725][openpifpaf.decoder.cifcaf][INFO] - annotations 1: [14]
[2024-04-21 23:29:15,726][openpifpaf.predictor][INFO] - batch 0: no-file-name
[2024-04-21 23:29:15,908][openpifpaf.decoder.cifcaf][INFO] - annotations 1: [14]
[2024-04-21 23:29:15,908][openpifpaf.predictor][INFO] - batch 0: no-file-name
[2024-04-21 23:29:16,093][openpifpaf.decoder.cifcaf][INFO] - annotations 1: [14]
[2024-04-21 23:29:16,094][openpifpaf.predictor][INFO] - batch 0: no-file-name
[2024-04-21 23:29:16,281][openpifpaf.decoder.cifcaf][INFO] - annotations 1: [14]
[2024-04-21 23:29:16,281][openpifpaf.predictor][INFO] - batch 0: no-file-name
[2024-04-21 23:29:16,468][openpifpaf.decoder.cifcaf][INFO] - annotations 1: [14]
[2024-04-21 23:29:16,468][openpifpaf.predictor][INFO] - batch 0: no-file-name
[2024-04-21 23:29:16,658][openpifpaf.decoder.cifcaf][INFO] - annotations 1: [14]
[2024-04-21 23:29:16,658][openpifpaf.predictor][INFO] - batch 0: no-file-name
[2024-04-21 23:29:16,847][openpifpaf.decoder.cifcaf][INFO] - annotations 1: [13]
[2024-04-21 23:29:16,847][openpifpaf.predictor][INFO] - batch 0: no-file-name
[2024-04-21 23:29:17,329][openpifpaf.decoder.cifcaf][INFO] - annotations 1: [13]
[2024-04-21 23:29:17,329][openpifpaf.predictor][INFO] - batch 0: no-file-name
[2024-04-21 23:29:34,889][openpifpaf.decoder.cifcaf][INFO] - annotations 1: [13]
[2024-04-21 23:29:34,890][openpifpaf.predictor][INFO] - batch 0: no-file-name
[2024-04-21 23:29:35,343][openpifpaf.decoder.cifcaf][INFO] - annotations 1: [14]
[2024-04-21 23:29:35,343][openpifpaf.predictor][INFO] - batch 0: no-file-name
[2024-04-21 23:29:52,397][openpifpaf.decoder.cifcaf][INFO] - annotations 1: [14]
[2024-04-21 23:29:52,397][openpifpaf.predictor][INFO] - batch 0: no-file-name
[2024-04-21 23:29:52,869][openpifpaf.decoder.cifcaf][INFO] - annotations 1: [14]
[2024-04-21 23:29:52,869][openpifpaf.predictor][INFO] - batch 0: no-file-name
[2024-04-21 23:30:09,972][openpifpaf.decoder.cifcaf][INFO] - annotations 1: [14]
[2024-04-21 23:30:09,973][openpifpaf.predictor][INFO] - batch 0: no-file-name
[2024-04-21 23:30:10,459][openpifpaf.decoder.cifcaf][INFO] - annotations 1: [14]
[2024-04-21 23:30:10,460][openpifpaf.predictor][INFO] - batch 0: no-file-name
[2024-04-21 23:30:27,702][openpifpaf.decoder.cifcaf][INFO] - annotations 1: [14]
[2024-04-21 23:30:27,703][openpifpaf.predictor][INFO] - batch 0: no-file-name
[2024-04-21 23:30:28,182][openpifpaf.decoder.cifcaf][INFO] - annotations 1: [14]
[2024-04-21 23:30:28,182][openpifpaf.predictor][INFO] - batch 0: no-file-name
[2024-04-21 23:30:45,289][openpifpaf.decoder.cifcaf][INFO] - annotations 1: [14]
[2024-04-21 23:30:45,289][openpifpaf.predictor][INFO] - batch 0: no-file-name
[2024-04-21 23:30:45,791][openpifpaf.decoder.cifcaf][INFO] - annotations 1: [14]
[2024-04-21 23:30:45,791][openpifpaf.predictor][INFO] - batch 0: no-file-name
[2024-04-21 23:31:03,210][openpifpaf.decoder.cifcaf][INFO] - annotations 1: [14]
[2024-04-21 23:31:03,210][openpifpaf.predictor][INFO] - batch 0: no-file-name
[2024-04-21 23:31:03,719][openpifpaf.decoder.cifcaf][INFO] - annotations 1: [14]
[2024-04-21 23:31:03,719][openpifpaf.predictor][INFO] - batch 0: no-file-name
[2024-04-21 23:31:20,924][openpifpaf.decoder.cifcaf][INFO] - annotations 1: [14]
[2024-04-21 23:31:20,925][openpifpaf.predictor][INFO] - batch 0: no-file-name
[2024-04-21 23:31:21,461][openpifpaf.decoder.cifcaf][INFO] - annotations 1: [14]
[2024-04-21 23:31:21,461][openpifpaf.predictor][INFO] - batch 0: no-file-name
[2024-04-21 23:31:38,862][openpifpaf.decoder.cifcaf][INFO] - annotations 1: [14]
[2024-04-21 23:31:38,863][openpifpaf.predictor][INFO] - batch 0: no-file-name
[2024-04-21 23:31:39,428][openpifpaf.decoder.cifcaf][INFO] - annotations 1: [14]
[2024-04-21 23:31:39,428][openpifpaf.predictor][INFO] - batch 0: no-file-name
[2024-04-21 23:31:56,936][openpifpaf.decoder.cifcaf][INFO] - annotations 1: [14]
[2024-04-21 23:31:56,937][openpifpaf.predictor][INFO] - batch 0: no-file-name
[2024-04-21 23:31:57,496][openpifpaf.decoder.cifcaf][INFO] - annotations 1: [14]
[2024-04-21 23:31:57,497][openpifpaf.predictor][INFO] - batch 0: no-file-name
[2024-04-21 23:32:14,957][openpifpaf.decoder.cifcaf][INFO] - annotations 1: [14]
[2024-04-21 23:32:14,957][openpifpaf.predictor][INFO] - batch 0: no-file-name
[2024-04-21 23:32:15,567][openpifpaf.decoder.cifcaf][INFO] - annotations 1: [14]
[2024-04-21 23:32:15,567][openpifpaf.predictor][INFO] - batch 0: no-file-name
[2024-04-21 23:32:33,246][openpifpaf.decoder.cifcaf][INFO] - annotations 1: [14]
[2024-04-21 23:32:33,246][openpifpaf.predictor][INFO] - batch 0: no-file-name
[2024-04-21 23:32:33,808][openpifpaf.decoder.cifcaf][INFO] - annotations 1: [14]
[2024-04-21 23:32:33,809][openpifpaf.predictor][INFO] - batch 0: no-file-name
