[2024-06-12 07:19:23,747][root][INFO] - Successfully loaded settings:
==================================================
data:
  dataset_name: DPDataset
  data_root: data/frames/
  label_root: data/labels/
  keypoints_root: data/keypoints/
  venue_names:
  - 2023-01-17-livingroom
  - 2023-01-18-livingroom
  - 2023-01-19-livingroom
  - 2023-01-24-livingroom
  - 2023-01-25-livingroom
  - 2023-01-17-openoffice
  - 2023-01-18-openoffice
  - 2023-01-19-openoffice
  - 2023-01-24-openoffice
  - 2023-01-25-openoffice
model:
  tlength: 15
  featvec_joint: true
  hidden_size: 192
  attention_heads: 12
  num_layers: 6
  featvec_bb: false
  featvec_img: false
  omit_temporal_encoder: false
hardware:
  nworkers: 8
  gpus: 8
  bs: 32
task: train
incl_all: false
train_ratio: 0.7
split_method: time
overfit: false
ckpt: ./models/weight.ckpt
noanswer: false
movie: ./demo/demo_1.mp4
lr: l
verbose: false
shrink_rate: 0.1
filter_joint: null
use_preprocessed: false
debug: false
hist_error: false
==================================================

[2024-06-12 07:19:23,747][root][WARNING] - Running DeePoint with CPU takes a long time.
[2024-06-12 07:19:23,987][openpifpaf.decoder.factory][INFO] - No specific decoder requested. Using the first one from:
  --decoder=cifcaf:0
  --decoder=posesimilarity:0
Use any of the above arguments to select one or multiple decoders and to suppress this message.
[2024-06-12 07:19:23,988][openpifpaf.predictor][INFO] - neural network device: cpu (CUDA available: False, count: 0)
[2024-06-12 07:19:24,561][openpifpaf.decoder.cifcaf][INFO] - annotations 1: [11]
[2024-06-12 07:19:24,561][openpifpaf.predictor][INFO] - batch 0: no-file-name
[2024-06-12 07:19:24,694][openpifpaf.decoder.cifcaf][INFO] - annotations 1: [11]
[2024-06-12 07:19:24,695][openpifpaf.predictor][INFO] - batch 0: no-file-name
[2024-06-12 07:19:24,861][openpifpaf.decoder.cifcaf][INFO] - annotations 1: [11]
[2024-06-12 07:19:24,861][openpifpaf.predictor][INFO] - batch 0: no-file-name
[2024-06-12 07:19:25,015][openpifpaf.decoder.cifcaf][INFO] - annotations 1: [11]
[2024-06-12 07:19:25,015][openpifpaf.predictor][INFO] - batch 0: no-file-name
[2024-06-12 07:19:25,161][openpifpaf.decoder.cifcaf][INFO] - annotations 1: [11]
[2024-06-12 07:19:25,161][openpifpaf.predictor][INFO] - batch 0: no-file-name
[2024-06-12 07:19:25,294][openpifpaf.decoder.cifcaf][INFO] - annotations 1: [11]
[2024-06-12 07:19:25,294][openpifpaf.predictor][INFO] - batch 0: no-file-name
[2024-06-12 07:19:25,432][openpifpaf.decoder.cifcaf][INFO] - annotations 1: [11]
[2024-06-12 07:19:25,432][openpifpaf.predictor][INFO] - batch 0: no-file-name
[2024-06-12 07:19:25,575][openpifpaf.decoder.cifcaf][INFO] - annotations 1: [11]
[2024-06-12 07:19:25,575][openpifpaf.predictor][INFO] - batch 0: no-file-name
[2024-06-12 07:19:25,735][openpifpaf.decoder.cifcaf][INFO] - annotations 1: [11]
[2024-06-12 07:19:25,735][openpifpaf.predictor][INFO] - batch 0: no-file-name
[2024-06-12 07:19:25,860][openpifpaf.decoder.cifcaf][INFO] - annotations 1: [11]
[2024-06-12 07:19:25,860][openpifpaf.predictor][INFO] - batch 0: no-file-name
[2024-06-12 07:19:25,992][openpifpaf.decoder.cifcaf][INFO] - annotations 1: [11]
[2024-06-12 07:19:25,992][openpifpaf.predictor][INFO] - batch 0: no-file-name
[2024-06-12 07:19:26,123][openpifpaf.decoder.cifcaf][INFO] - annotations 1: [11]
[2024-06-12 07:19:26,123][openpifpaf.predictor][INFO] - batch 0: no-file-name
[2024-06-12 07:19:26,263][openpifpaf.decoder.cifcaf][INFO] - annotations 1: [11]
[2024-06-12 07:19:26,263][openpifpaf.predictor][INFO] - batch 0: no-file-name
[2024-06-12 07:19:26,406][openpifpaf.decoder.cifcaf][INFO] - annotations 1: [11]
[2024-06-12 07:19:26,406][openpifpaf.predictor][INFO] - batch 0: no-file-name
[2024-06-12 07:19:26,575][openpifpaf.decoder.cifcaf][INFO] - annotations 1: [11]
[2024-06-12 07:19:26,575][openpifpaf.predictor][INFO] - batch 0: no-file-name
[2024-06-12 07:19:26,961][openpifpaf.decoder.cifcaf][INFO] - annotations 1: [11]
[2024-06-12 07:19:26,962][openpifpaf.predictor][INFO] - batch 0: no-file-name
[2024-06-12 07:19:37,799][openpifpaf.decoder.cifcaf][INFO] - annotations 1: [11]
[2024-06-12 07:19:37,799][openpifpaf.predictor][INFO] - batch 0: no-file-name
[2024-06-12 07:19:38,178][openpifpaf.decoder.cifcaf][INFO] - annotations 1: [11]
[2024-06-12 07:19:38,178][openpifpaf.predictor][INFO] - batch 0: no-file-name
[2024-06-12 07:19:48,874][openpifpaf.decoder.cifcaf][INFO] - annotations 1: [11]
[2024-06-12 07:19:48,874][openpifpaf.predictor][INFO] - batch 0: no-file-name
[2024-06-12 07:19:49,373][openpifpaf.decoder.cifcaf][INFO] - annotations 1: [11]
[2024-06-12 07:19:49,374][openpifpaf.predictor][INFO] - batch 0: no-file-name
[2024-06-12 07:20:03,925][openpifpaf.decoder.cifcaf][INFO] - annotations 1: [11]
[2024-06-12 07:20:03,925][openpifpaf.predictor][INFO] - batch 0: no-file-name
[2024-06-12 07:20:04,429][openpifpaf.decoder.cifcaf][INFO] - annotations 1: [11]
[2024-06-12 07:20:04,429][openpifpaf.predictor][INFO] - batch 0: no-file-name
[2024-06-12 07:20:18,577][openpifpaf.decoder.cifcaf][INFO] - annotations 1: [11]
[2024-06-12 07:20:18,577][openpifpaf.predictor][INFO] - batch 0: no-file-name
[2024-06-12 07:20:19,065][openpifpaf.decoder.cifcaf][INFO] - annotations 1: [11]
[2024-06-12 07:20:19,066][openpifpaf.predictor][INFO] - batch 0: no-file-name
[2024-06-12 07:20:33,298][openpifpaf.decoder.cifcaf][INFO] - annotations 1: [11]
[2024-06-12 07:20:33,299][openpifpaf.predictor][INFO] - batch 0: no-file-name
[2024-06-12 07:20:33,815][openpifpaf.decoder.cifcaf][INFO] - annotations 1: [11]
[2024-06-12 07:20:33,815][openpifpaf.predictor][INFO] - batch 0: no-file-name
[2024-06-12 07:20:47,489][openpifpaf.decoder.cifcaf][INFO] - annotations 1: [11]
[2024-06-12 07:20:47,490][openpifpaf.predictor][INFO] - batch 0: no-file-name
[2024-06-12 07:20:48,016][openpifpaf.decoder.cifcaf][INFO] - annotations 1: [11]
[2024-06-12 07:20:48,016][openpifpaf.predictor][INFO] - batch 0: no-file-name
[2024-06-12 07:21:02,523][openpifpaf.decoder.cifcaf][INFO] - annotations 1: [11]
[2024-06-12 07:21:02,524][openpifpaf.predictor][INFO] - batch 0: no-file-name
[2024-06-12 07:21:03,180][openpifpaf.decoder.cifcaf][INFO] - annotations 1: [11]
[2024-06-12 07:21:03,181][openpifpaf.predictor][INFO] - batch 0: no-file-name
