[2024-04-22 02:42:21,176][root][INFO] - Successfully loaded settings:
==================================================
data:
  dataset_name: DPDataset
  data_root: data/frames/
  label_root: data/labels/
  keypoints_root: data/keypoints/
  venue_names:
  - 2023-01-17-livingroom
  - 2023-01-18-livingroom
  - 2023-01-19-livingroom
  - 2023-01-24-livingroom
  - 2023-01-25-livingroom
  - 2023-01-17-openoffice
  - 2023-01-18-openoffice
  - 2023-01-19-openoffice
  - 2023-01-24-openoffice
  - 2023-01-25-openoffice
model:
  tlength: 15
  featvec_joint: true
  hidden_size: 192
  attention_heads: 12
  num_layers: 6
  featvec_bb: false
  featvec_img: false
  omit_temporal_encoder: false
hardware:
  nworkers: 8
  gpus: 8
  bs: 32
task: train
incl_all: false
train_ratio: 0.7
split_method: time
overfit: false
ckpt: ./models/weight.ckpt
noanswer: false
movie: ./demo/example.mp4
lr: r
verbose: false
shrink_rate: 0.1
filter_joint: null
use_preprocessed: false
debug: false
hist_error: false
==================================================

[2024-04-22 02:42:21,176][root][WARNING] - Running DeePoint with CPU takes a long time.
[2024-04-22 02:42:21,375][openpifpaf.decoder.factory][INFO] - No specific decoder requested. Using the first one from:
  --decoder=cifcaf:0
  --decoder=posesimilarity:0
Use any of the above arguments to select one or multiple decoders and to suppress this message.
[2024-04-22 02:42:21,375][openpifpaf.predictor][INFO] - neural network device: cpu (CUDA available: False, count: 0)
[2024-04-22 02:42:21,785][openpifpaf.decoder.cifcaf][INFO] - annotations 1: [14]
[2024-04-22 02:42:21,785][openpifpaf.predictor][INFO] - batch 0: no-file-name
[2024-04-22 02:42:21,910][openpifpaf.decoder.cifcaf][INFO] - annotations 1: [13]
[2024-04-22 02:42:21,910][openpifpaf.predictor][INFO] - batch 0: no-file-name
[2024-04-22 02:42:22,038][openpifpaf.decoder.cifcaf][INFO] - annotations 1: [14]
[2024-04-22 02:42:22,038][openpifpaf.predictor][INFO] - batch 0: no-file-name
[2024-04-22 02:42:22,172][openpifpaf.decoder.cifcaf][INFO] - annotations 1: [14]
[2024-04-22 02:42:22,172][openpifpaf.predictor][INFO] - batch 0: no-file-name
[2024-04-22 02:42:22,286][openpifpaf.decoder.cifcaf][INFO] - annotations 1: [14]
[2024-04-22 02:42:22,286][openpifpaf.predictor][INFO] - batch 0: no-file-name
[2024-04-22 02:42:22,410][openpifpaf.decoder.cifcaf][INFO] - annotations 1: [13]
[2024-04-22 02:42:22,410][openpifpaf.predictor][INFO] - batch 0: no-file-name
[2024-04-22 02:42:22,541][openpifpaf.decoder.cifcaf][INFO] - annotations 1: [13]
[2024-04-22 02:42:22,541][openpifpaf.predictor][INFO] - batch 0: no-file-name
[2024-04-22 02:42:22,670][openpifpaf.decoder.cifcaf][INFO] - annotations 1: [14]
[2024-04-22 02:42:22,670][openpifpaf.predictor][INFO] - batch 0: no-file-name
[2024-04-22 02:42:22,796][openpifpaf.decoder.cifcaf][INFO] - annotations 1: [14]
[2024-04-22 02:42:22,796][openpifpaf.predictor][INFO] - batch 0: no-file-name
[2024-04-22 02:42:22,913][openpifpaf.decoder.cifcaf][INFO] - annotations 1: [14]
[2024-04-22 02:42:22,913][openpifpaf.predictor][INFO] - batch 0: no-file-name
[2024-04-22 02:42:23,031][openpifpaf.decoder.cifcaf][INFO] - annotations 1: [14]
[2024-04-22 02:42:23,031][openpifpaf.predictor][INFO] - batch 0: no-file-name
[2024-04-22 02:42:23,175][openpifpaf.decoder.cifcaf][INFO] - annotations 1: [14]
[2024-04-22 02:42:23,176][openpifpaf.predictor][INFO] - batch 0: no-file-name
[2024-04-22 02:42:23,355][openpifpaf.decoder.cifcaf][INFO] - annotations 1: [14]
[2024-04-22 02:42:23,356][openpifpaf.predictor][INFO] - batch 0: no-file-name
[2024-04-22 02:42:23,503][openpifpaf.decoder.cifcaf][INFO] - annotations 1: [14]
[2024-04-22 02:42:23,503][openpifpaf.predictor][INFO] - batch 0: no-file-name
[2024-04-22 02:42:23,639][openpifpaf.decoder.cifcaf][INFO] - annotations 1: [13]
[2024-04-22 02:42:23,639][openpifpaf.predictor][INFO] - batch 0: no-file-name
[2024-04-22 02:42:24,026][openpifpaf.decoder.cifcaf][INFO] - annotations 1: [13]
[2024-04-22 02:42:24,026][openpifpaf.predictor][INFO] - batch 0: no-file-name
[2024-04-22 02:42:37,507][openpifpaf.decoder.cifcaf][INFO] - annotations 1: [13]
[2024-04-22 02:42:37,507][openpifpaf.predictor][INFO] - batch 0: no-file-name
[2024-04-22 02:42:37,875][openpifpaf.decoder.cifcaf][INFO] - annotations 1: [14]
[2024-04-22 02:42:37,875][openpifpaf.predictor][INFO] - batch 0: no-file-name
[2024-04-22 02:42:54,745][openpifpaf.decoder.cifcaf][INFO] - annotations 1: [14]
[2024-04-22 02:42:54,745][openpifpaf.predictor][INFO] - batch 0: no-file-name
[2024-04-22 02:42:55,211][openpifpaf.decoder.cifcaf][INFO] - annotations 1: [14]
[2024-04-22 02:42:55,212][openpifpaf.predictor][INFO] - batch 0: no-file-name
