[2024-04-22 06:42:47,055][root][INFO] - Successfully loaded settings:
==================================================
data:
  dataset_name: DPDataset
  data_root: data/frames/
  label_root: data/labels/
  keypoints_root: data/keypoints/
  venue_names:
  - 2023-01-17-livingroom
  - 2023-01-18-livingroom
  - 2023-01-19-livingroom
  - 2023-01-24-livingroom
  - 2023-01-25-livingroom
  - 2023-01-17-openoffice
  - 2023-01-18-openoffice
  - 2023-01-19-openoffice
  - 2023-01-24-openoffice
  - 2023-01-25-openoffice
model:
  tlength: 15
  featvec_joint: true
  hidden_size: 192
  attention_heads: 12
  num_layers: 6
  featvec_bb: false
  featvec_img: false
  omit_temporal_encoder: false
hardware:
  nworkers: 8
  gpus: 8
  bs: 32
task: train
incl_all: false
train_ratio: 0.7
split_method: time
overfit: false
ckpt: ./models/weight.ckpt
noanswer: false
movie: ./demo/JK_demo_1.mp4
lr: r
verbose: false
shrink_rate: 0.1
filter_joint: null
use_preprocessed: false
debug: false
hist_error: false
==================================================

[2024-04-22 06:42:47,055][root][WARNING] - Running DeePoint with CPU takes a long time.
[2024-04-22 06:42:47,277][openpifpaf.decoder.factory][INFO] - No specific decoder requested. Using the first one from:
  --decoder=cifcaf:0
  --decoder=posesimilarity:0
Use any of the above arguments to select one or multiple decoders and to suppress this message.
[2024-04-22 06:42:47,278][openpifpaf.predictor][INFO] - neural network device: cpu (CUDA available: False, count: 0)
[2024-04-22 06:42:47,777][openpifpaf.decoder.cifcaf][INFO] - annotations 1: [15]
[2024-04-22 06:42:47,777][openpifpaf.predictor][INFO] - batch 0: no-file-name
[2024-04-22 06:42:47,960][openpifpaf.decoder.cifcaf][INFO] - annotations 1: [15]
[2024-04-22 06:42:47,961][openpifpaf.predictor][INFO] - batch 0: no-file-name
[2024-04-22 06:42:48,147][openpifpaf.decoder.cifcaf][INFO] - annotations 1: [15]
[2024-04-22 06:42:48,147][openpifpaf.predictor][INFO] - batch 0: no-file-name
[2024-04-22 06:42:48,329][openpifpaf.decoder.cifcaf][INFO] - annotations 1: [15]
[2024-04-22 06:42:48,330][openpifpaf.predictor][INFO] - batch 0: no-file-name
[2024-04-22 06:42:48,514][openpifpaf.decoder.cifcaf][INFO] - annotations 1: [15]
[2024-04-22 06:42:48,514][openpifpaf.predictor][INFO] - batch 0: no-file-name
[2024-04-22 06:42:48,697][openpifpaf.decoder.cifcaf][INFO] - annotations 1: [15]
[2024-04-22 06:42:48,697][openpifpaf.predictor][INFO] - batch 0: no-file-name
[2024-04-22 06:42:48,882][openpifpaf.decoder.cifcaf][INFO] - annotations 1: [15]
[2024-04-22 06:42:48,882][openpifpaf.predictor][INFO] - batch 0: no-file-name
[2024-04-22 06:42:49,065][openpifpaf.decoder.cifcaf][INFO] - annotations 1: [15]
[2024-04-22 06:42:49,065][openpifpaf.predictor][INFO] - batch 0: no-file-name
[2024-04-22 06:42:49,249][openpifpaf.decoder.cifcaf][INFO] - annotations 1: [15]
[2024-04-22 06:42:49,250][openpifpaf.predictor][INFO] - batch 0: no-file-name
[2024-04-22 06:42:49,444][openpifpaf.decoder.cifcaf][INFO] - annotations 1: [15]
[2024-04-22 06:42:49,444][openpifpaf.predictor][INFO] - batch 0: no-file-name
[2024-04-22 06:42:49,638][openpifpaf.decoder.cifcaf][INFO] - annotations 1: [15]
[2024-04-22 06:42:49,639][openpifpaf.predictor][INFO] - batch 0: no-file-name
[2024-04-22 06:42:49,834][openpifpaf.decoder.cifcaf][INFO] - annotations 1: [15]
[2024-04-22 06:42:49,834][openpifpaf.predictor][INFO] - batch 0: no-file-name
[2024-04-22 06:42:50,033][openpifpaf.decoder.cifcaf][INFO] - annotations 1: [15]
[2024-04-22 06:42:50,033][openpifpaf.predictor][INFO] - batch 0: no-file-name
[2024-04-22 06:42:50,208][openpifpaf.decoder.cifcaf][INFO] - annotations 1: [15]
[2024-04-22 06:42:50,208][openpifpaf.predictor][INFO] - batch 0: no-file-name
[2024-04-22 06:42:50,391][openpifpaf.decoder.cifcaf][INFO] - annotations 1: [15]
[2024-04-22 06:42:50,391][openpifpaf.predictor][INFO] - batch 0: no-file-name
[2024-04-22 06:42:50,811][openpifpaf.decoder.cifcaf][INFO] - annotations 1: [15]
[2024-04-22 06:42:50,812][openpifpaf.predictor][INFO] - batch 0: no-file-name
[2024-04-22 06:43:03,545][openpifpaf.decoder.cifcaf][INFO] - annotations 1: [15]
[2024-04-22 06:43:03,545][openpifpaf.predictor][INFO] - batch 0: no-file-name
[2024-04-22 06:43:03,990][openpifpaf.decoder.cifcaf][INFO] - annotations 1: [15]
[2024-04-22 06:43:03,990][openpifpaf.predictor][INFO] - batch 0: no-file-name
[2024-04-22 06:43:16,319][openpifpaf.decoder.cifcaf][INFO] - annotations 1: [15]
[2024-04-22 06:43:16,319][openpifpaf.predictor][INFO] - batch 0: no-file-name
[2024-04-22 06:43:16,759][openpifpaf.decoder.cifcaf][INFO] - annotations 1: [15]
[2024-04-22 06:43:16,759][openpifpaf.predictor][INFO] - batch 0: no-file-name
[2024-04-22 06:43:29,387][openpifpaf.decoder.cifcaf][INFO] - annotations 1: [15]
[2024-04-22 06:43:29,387][openpifpaf.predictor][INFO] - batch 0: no-file-name
[2024-04-22 06:43:29,858][openpifpaf.decoder.cifcaf][INFO] - annotations 1: [15]
[2024-04-22 06:43:29,858][openpifpaf.predictor][INFO] - batch 0: no-file-name
[2024-04-22 06:43:42,260][openpifpaf.decoder.cifcaf][INFO] - annotations 1: [15]
[2024-04-22 06:43:42,261][openpifpaf.predictor][INFO] - batch 0: no-file-name
[2024-04-22 06:43:42,723][openpifpaf.decoder.cifcaf][INFO] - annotations 1: [15]
[2024-04-22 06:43:42,723][openpifpaf.predictor][INFO] - batch 0: no-file-name
[2024-04-22 06:43:54,941][openpifpaf.decoder.cifcaf][INFO] - annotations 1: [15]
[2024-04-22 06:43:54,941][openpifpaf.predictor][INFO] - batch 0: no-file-name
[2024-04-22 06:43:55,439][openpifpaf.decoder.cifcaf][INFO] - annotations 1: [15]
[2024-04-22 06:43:55,439][openpifpaf.predictor][INFO] - batch 0: no-file-name
[2024-04-22 06:44:07,813][openpifpaf.decoder.cifcaf][INFO] - annotations 1: [15]
[2024-04-22 06:44:07,813][openpifpaf.predictor][INFO] - batch 0: no-file-name
[2024-04-22 06:44:08,289][openpifpaf.decoder.cifcaf][INFO] - annotations 1: [15]
[2024-04-22 06:44:08,290][openpifpaf.predictor][INFO] - batch 0: no-file-name
[2024-04-22 06:44:21,934][openpifpaf.decoder.cifcaf][INFO] - annotations 1: [15]
[2024-04-22 06:44:21,934][openpifpaf.predictor][INFO] - batch 0: no-file-name
[2024-04-22 06:44:22,458][openpifpaf.decoder.cifcaf][INFO] - annotations 1: [15]
[2024-04-22 06:44:22,459][openpifpaf.predictor][INFO] - batch 0: no-file-name
[2024-04-22 06:44:36,475][openpifpaf.decoder.cifcaf][INFO] - annotations 1: [15]
[2024-04-22 06:44:36,475][openpifpaf.predictor][INFO] - batch 0: no-file-name
[2024-04-22 06:44:37,089][openpifpaf.decoder.cifcaf][INFO] - annotations 1: [15]
[2024-04-22 06:44:37,090][openpifpaf.predictor][INFO] - batch 0: no-file-name
[2024-04-22 06:44:50,361][openpifpaf.decoder.cifcaf][INFO] - annotations 1: [15]
[2024-04-22 06:44:50,361][openpifpaf.predictor][INFO] - batch 0: no-file-name
[2024-04-22 06:44:51,109][openpifpaf.decoder.cifcaf][INFO] - annotations 1: [15]
[2024-04-22 06:44:51,109][openpifpaf.predictor][INFO] - batch 0: no-file-name
[2024-04-22 06:45:05,095][openpifpaf.decoder.cifcaf][INFO] - annotations 1: [15]
[2024-04-22 06:45:05,096][openpifpaf.predictor][INFO] - batch 0: no-file-name
[2024-04-22 06:45:05,626][openpifpaf.decoder.cifcaf][INFO] - annotations 1: [15]
[2024-04-22 06:45:05,626][openpifpaf.predictor][INFO] - batch 0: no-file-name
[2024-04-22 06:45:18,918][openpifpaf.decoder.cifcaf][INFO] - annotations 1: [15]
[2024-04-22 06:45:18,918][openpifpaf.predictor][INFO] - batch 0: no-file-name
[2024-04-22 06:45:19,469][openpifpaf.decoder.cifcaf][INFO] - annotations 1: [15]
[2024-04-22 06:45:19,469][openpifpaf.predictor][INFO] - batch 0: no-file-name
[2024-04-22 06:45:32,776][openpifpaf.decoder.cifcaf][INFO] - annotations 1: [15]
[2024-04-22 06:45:32,776][openpifpaf.predictor][INFO] - batch 0: no-file-name
[2024-04-22 06:45:33,324][openpifpaf.decoder.cifcaf][INFO] - annotations 1: [15]
[2024-04-22 06:45:33,324][openpifpaf.predictor][INFO] - batch 0: no-file-name
[2024-04-22 06:45:47,561][openpifpaf.decoder.cifcaf][INFO] - annotations 1: [15]
[2024-04-22 06:45:47,562][openpifpaf.predictor][INFO] - batch 0: no-file-name
[2024-04-22 06:45:48,158][openpifpaf.decoder.cifcaf][INFO] - annotations 1: [15]
[2024-04-22 06:45:48,159][openpifpaf.predictor][INFO] - batch 0: no-file-name
[2024-04-22 06:46:01,150][openpifpaf.decoder.cifcaf][INFO] - annotations 1: [15]
[2024-04-22 06:46:01,150][openpifpaf.predictor][INFO] - batch 0: no-file-name
[2024-04-22 06:46:01,698][openpifpaf.decoder.cifcaf][INFO] - annotations 1: [15]
[2024-04-22 06:46:01,698][openpifpaf.predictor][INFO] - batch 0: no-file-name
[2024-04-22 06:46:13,886][openpifpaf.decoder.cifcaf][INFO] - annotations 1: [15]
[2024-04-22 06:46:13,886][openpifpaf.predictor][INFO] - batch 0: no-file-name
[2024-04-22 06:46:14,437][openpifpaf.decoder.cifcaf][INFO] - annotations 1: [15]
[2024-04-22 06:46:14,437][openpifpaf.predictor][INFO] - batch 0: no-file-name
