[2024-04-21 22:51:23,706][root][INFO] - Successfully loaded settings:
==================================================
data:
  dataset_name: DPDataset
  data_root: data/frames/
  label_root: data/labels/
  keypoints_root: data/keypoints/
  venue_names:
  - 2023-01-17-livingroom
  - 2023-01-18-livingroom
  - 2023-01-19-livingroom
  - 2023-01-24-livingroom
  - 2023-01-25-livingroom
  - 2023-01-17-openoffice
  - 2023-01-18-openoffice
  - 2023-01-19-openoffice
  - 2023-01-24-openoffice
  - 2023-01-25-openoffice
model:
  tlength: 15
  featvec_joint: true
  hidden_size: 192
  attention_heads: 12
  num_layers: 6
  featvec_bb: false
  featvec_img: false
  omit_temporal_encoder: false
hardware:
  nworkers: 8
  gpus: 8
  bs: 32
task: train
incl_all: false
train_ratio: 0.7
split_method: time
overfit: false
ckpt: ./models/weight.ckpt
noanswer: false
movie: ./demo/demo_1.mp4
lr: r
verbose: false
shrink_rate: 0.1
filter_joint: null
use_preprocessed: false
debug: false
hist_error: false
==================================================

[2024-04-21 22:51:23,706][root][WARNING] - Running DeePoint with CPU takes a long time.
[2024-04-21 22:51:23,930][openpifpaf.decoder.factory][INFO] - No specific decoder requested. Using the first one from:
  --decoder=cifcaf:0
  --decoder=posesimilarity:0
Use any of the above arguments to select one or multiple decoders and to suppress this message.
[2024-04-21 22:51:23,930][openpifpaf.predictor][INFO] - neural network device: cpu (CUDA available: False, count: 0)
[2024-04-21 22:51:24,419][openpifpaf.decoder.cifcaf][INFO] - annotations 1: [11]
[2024-04-21 22:51:24,419][openpifpaf.predictor][INFO] - batch 0: no-file-name
[2024-04-21 22:51:24,604][openpifpaf.decoder.cifcaf][INFO] - annotations 1: [11]
[2024-04-21 22:51:24,604][openpifpaf.predictor][INFO] - batch 0: no-file-name
[2024-04-21 22:51:24,779][openpifpaf.decoder.cifcaf][INFO] - annotations 1: [11]
[2024-04-21 22:51:24,779][openpifpaf.predictor][INFO] - batch 0: no-file-name
[2024-04-21 22:51:24,970][openpifpaf.decoder.cifcaf][INFO] - annotations 1: [11]
[2024-04-21 22:51:24,971][openpifpaf.predictor][INFO] - batch 0: no-file-name
[2024-04-21 22:51:25,139][openpifpaf.decoder.cifcaf][INFO] - annotations 1: [11]
[2024-04-21 22:51:25,139][openpifpaf.predictor][INFO] - batch 0: no-file-name
[2024-04-21 22:51:25,332][openpifpaf.decoder.cifcaf][INFO] - annotations 1: [11]
[2024-04-21 22:51:25,332][openpifpaf.predictor][INFO] - batch 0: no-file-name
[2024-04-21 22:51:25,506][openpifpaf.decoder.cifcaf][INFO] - annotations 1: [11]
[2024-04-21 22:51:25,506][openpifpaf.predictor][INFO] - batch 0: no-file-name
[2024-04-21 22:51:25,696][openpifpaf.decoder.cifcaf][INFO] - annotations 1: [11]
[2024-04-21 22:51:25,696][openpifpaf.predictor][INFO] - batch 0: no-file-name
[2024-04-21 22:51:25,886][openpifpaf.decoder.cifcaf][INFO] - annotations 1: [11]
[2024-04-21 22:51:25,886][openpifpaf.predictor][INFO] - batch 0: no-file-name
[2024-04-21 22:51:26,079][openpifpaf.decoder.cifcaf][INFO] - annotations 1: [11]
[2024-04-21 22:51:26,079][openpifpaf.predictor][INFO] - batch 0: no-file-name
[2024-04-21 22:51:26,280][openpifpaf.decoder.cifcaf][INFO] - annotations 1: [11]
[2024-04-21 22:51:26,281][openpifpaf.predictor][INFO] - batch 0: no-file-name
[2024-04-21 22:51:26,482][openpifpaf.decoder.cifcaf][INFO] - annotations 1: [11]
[2024-04-21 22:51:26,482][openpifpaf.predictor][INFO] - batch 0: no-file-name
[2024-04-21 22:51:26,666][openpifpaf.decoder.cifcaf][INFO] - annotations 1: [11]
[2024-04-21 22:51:26,666][openpifpaf.predictor][INFO] - batch 0: no-file-name
[2024-04-21 22:51:26,847][openpifpaf.decoder.cifcaf][INFO] - annotations 1: [11]
[2024-04-21 22:51:26,847][openpifpaf.predictor][INFO] - batch 0: no-file-name
[2024-04-21 22:51:27,049][openpifpaf.decoder.cifcaf][INFO] - annotations 1: [11]
[2024-04-21 22:51:27,049][openpifpaf.predictor][INFO] - batch 0: no-file-name
[2024-04-21 22:51:27,507][openpifpaf.decoder.cifcaf][INFO] - annotations 1: [11]
[2024-04-21 22:51:27,508][openpifpaf.predictor][INFO] - batch 0: no-file-name
[2024-04-21 22:51:39,743][openpifpaf.decoder.cifcaf][INFO] - annotations 1: [11]
[2024-04-21 22:51:39,743][openpifpaf.predictor][INFO] - batch 0: no-file-name
[2024-04-21 22:51:40,196][openpifpaf.decoder.cifcaf][INFO] - annotations 1: [11]
[2024-04-21 22:51:40,196][openpifpaf.predictor][INFO] - batch 0: no-file-name
[2024-04-21 22:51:52,459][openpifpaf.decoder.cifcaf][INFO] - annotations 1: [11]
[2024-04-21 22:51:52,459][openpifpaf.predictor][INFO] - batch 0: no-file-name
[2024-04-21 22:51:52,920][openpifpaf.decoder.cifcaf][INFO] - annotations 1: [11]
[2024-04-21 22:51:52,920][openpifpaf.predictor][INFO] - batch 0: no-file-name
