[2024-04-21 00:59:00,866][root][INFO] - Successfully loaded settings:
==================================================
data:
  dataset_name: DPDataset
  data_root: data/frames/
  label_root: data/labels/
  keypoints_root: data/keypoints/
  venue_names:
  - 2023-01-17-livingroom
  - 2023-01-18-livingroom
  - 2023-01-19-livingroom
  - 2023-01-24-livingroom
  - 2023-01-25-livingroom
  - 2023-01-17-openoffice
  - 2023-01-18-openoffice
  - 2023-01-19-openoffice
  - 2023-01-24-openoffice
  - 2023-01-25-openoffice
model:
  tlength: 15
  featvec_joint: true
  hidden_size: 192
  attention_heads: 12
  num_layers: 6
  featvec_bb: false
  featvec_img: false
  omit_temporal_encoder: false
hardware:
  nworkers: 8
  gpus: 8
  bs: 32
task: train
incl_all: false
train_ratio: 0.7
split_method: time
overfit: false
ckpt: ./models/weight.ckpt
noanswer: false
movie: ./demo/JK_demo_1.mp4
lr: r
verbose: false
shrink_rate: 0.1
filter_joint: null
use_preprocessed: false
debug: false
hist_error: false
==================================================

[2024-04-21 00:59:00,867][root][WARNING] - Running DeePoint with CPU takes a long time.
[2024-04-21 00:59:01,114][openpifpaf.decoder.factory][INFO] - No specific decoder requested. Using the first one from:
  --decoder=cifcaf:0
  --decoder=posesimilarity:0
Use any of the above arguments to select one or multiple decoders and to suppress this message.
[2024-04-21 00:59:01,115][openpifpaf.predictor][INFO] - neural network device: cpu (CUDA available: False, count: 0)
[2024-04-21 00:59:01,639][openpifpaf.decoder.cifcaf][INFO] - annotations 1: [15]
[2024-04-21 00:59:01,639][openpifpaf.predictor][INFO] - batch 0: no-file-name
[2024-04-21 00:59:01,821][openpifpaf.decoder.cifcaf][INFO] - annotations 1: [15]
[2024-04-21 00:59:01,822][openpifpaf.predictor][INFO] - batch 0: no-file-name
[2024-04-21 00:59:02,007][openpifpaf.decoder.cifcaf][INFO] - annotations 1: [15]
[2024-04-21 00:59:02,007][openpifpaf.predictor][INFO] - batch 0: no-file-name
[2024-04-21 00:59:02,193][openpifpaf.decoder.cifcaf][INFO] - annotations 1: [15]
[2024-04-21 00:59:02,193][openpifpaf.predictor][INFO] - batch 0: no-file-name
[2024-04-21 00:59:02,379][openpifpaf.decoder.cifcaf][INFO] - annotations 1: [15]
[2024-04-21 00:59:02,380][openpifpaf.predictor][INFO] - batch 0: no-file-name
[2024-04-21 00:59:02,566][openpifpaf.decoder.cifcaf][INFO] - annotations 1: [15]
[2024-04-21 00:59:02,566][openpifpaf.predictor][INFO] - batch 0: no-file-name
[2024-04-21 00:59:02,756][openpifpaf.decoder.cifcaf][INFO] - annotations 1: [15]
[2024-04-21 00:59:02,756][openpifpaf.predictor][INFO] - batch 0: no-file-name
[2024-04-21 00:59:02,943][openpifpaf.decoder.cifcaf][INFO] - annotations 1: [15]
[2024-04-21 00:59:02,943][openpifpaf.predictor][INFO] - batch 0: no-file-name
[2024-04-21 00:59:03,112][openpifpaf.decoder.cifcaf][INFO] - annotations 1: [15]
[2024-04-21 00:59:03,112][openpifpaf.predictor][INFO] - batch 0: no-file-name
[2024-04-21 00:59:03,283][openpifpaf.decoder.cifcaf][INFO] - annotations 1: [15]
[2024-04-21 00:59:03,284][openpifpaf.predictor][INFO] - batch 0: no-file-name
[2024-04-21 00:59:03,459][openpifpaf.decoder.cifcaf][INFO] - annotations 1: [15]
[2024-04-21 00:59:03,459][openpifpaf.predictor][INFO] - batch 0: no-file-name
[2024-04-21 00:59:03,651][openpifpaf.decoder.cifcaf][INFO] - annotations 1: [15]
[2024-04-21 00:59:03,651][openpifpaf.predictor][INFO] - batch 0: no-file-name
[2024-04-21 00:59:03,843][openpifpaf.decoder.cifcaf][INFO] - annotations 1: [15]
[2024-04-21 00:59:03,843][openpifpaf.predictor][INFO] - batch 0: no-file-name
[2024-04-21 00:59:04,034][openpifpaf.decoder.cifcaf][INFO] - annotations 1: [15]
[2024-04-21 00:59:04,035][openpifpaf.predictor][INFO] - batch 0: no-file-name
[2024-04-21 00:59:04,229][openpifpaf.decoder.cifcaf][INFO] - annotations 1: [15]
[2024-04-21 00:59:04,229][openpifpaf.predictor][INFO] - batch 0: no-file-name
[2024-04-21 00:59:04,641][openpifpaf.decoder.cifcaf][INFO] - annotations 1: [15]
[2024-04-21 00:59:04,641][openpifpaf.predictor][INFO] - batch 0: no-file-name
[2024-04-21 00:59:11,645][openpifpaf.decoder.cifcaf][INFO] - annotations 1: [15]
[2024-04-21 00:59:11,646][openpifpaf.predictor][INFO] - batch 0: no-file-name
[2024-04-21 00:59:12,048][openpifpaf.decoder.cifcaf][INFO] - annotations 1: [15]
[2024-04-21 00:59:12,048][openpifpaf.predictor][INFO] - batch 0: no-file-name
[2024-04-21 00:59:19,042][openpifpaf.decoder.cifcaf][INFO] - annotations 1: [15]
[2024-04-21 00:59:19,043][openpifpaf.predictor][INFO] - batch 0: no-file-name
[2024-04-21 00:59:19,463][openpifpaf.decoder.cifcaf][INFO] - annotations 1: [15]
[2024-04-21 00:59:19,463][openpifpaf.predictor][INFO] - batch 0: no-file-name
