[2024-04-22 02:59:28,458][root][INFO] - Successfully loaded settings:
==================================================
data:
  dataset_name: DPDataset
  data_root: data/frames/
  label_root: data/labels/
  keypoints_root: data/keypoints/
  venue_names:
  - 2023-01-17-livingroom
  - 2023-01-18-livingroom
  - 2023-01-19-livingroom
  - 2023-01-24-livingroom
  - 2023-01-25-livingroom
  - 2023-01-17-openoffice
  - 2023-01-18-openoffice
  - 2023-01-19-openoffice
  - 2023-01-24-openoffice
  - 2023-01-25-openoffice
model:
  tlength: 15
  featvec_joint: true
  hidden_size: 192
  attention_heads: 12
  num_layers: 6
  featvec_bb: false
  featvec_img: false
  omit_temporal_encoder: false
hardware:
  nworkers: 8
  gpus: 8
  bs: 32
task: train
incl_all: false
train_ratio: 0.7
split_method: time
overfit: false
ckpt: ./models/weight.ckpt
noanswer: false
movie: ./demo/example.mp4
lr: r
verbose: false
shrink_rate: 0.1
filter_joint: null
use_preprocessed: false
debug: false
hist_error: false
==================================================

[2024-04-22 02:59:28,458][root][WARNING] - Running DeePoint with CPU takes a long time.
[2024-04-22 02:59:28,723][openpifpaf.decoder.factory][INFO] - No specific decoder requested. Using the first one from:
  --decoder=cifcaf:0
  --decoder=posesimilarity:0
Use any of the above arguments to select one or multiple decoders and to suppress this message.
[2024-04-22 02:59:28,724][openpifpaf.predictor][INFO] - neural network device: cpu (CUDA available: False, count: 0)
[2024-04-22 02:59:29,314][openpifpaf.decoder.cifcaf][INFO] - annotations 1: [14]
[2024-04-22 02:59:29,314][openpifpaf.predictor][INFO] - batch 0: no-file-name
[2024-04-22 02:59:29,524][openpifpaf.decoder.cifcaf][INFO] - annotations 1: [13]
[2024-04-22 02:59:29,524][openpifpaf.predictor][INFO] - batch 0: no-file-name
[2024-04-22 02:59:29,716][openpifpaf.decoder.cifcaf][INFO] - annotations 1: [14]
[2024-04-22 02:59:29,716][openpifpaf.predictor][INFO] - batch 0: no-file-name
[2024-04-22 02:59:29,902][openpifpaf.decoder.cifcaf][INFO] - annotations 1: [14]
[2024-04-22 02:59:29,902][openpifpaf.predictor][INFO] - batch 0: no-file-name
[2024-04-22 02:59:30,104][openpifpaf.decoder.cifcaf][INFO] - annotations 1: [14]
[2024-04-22 02:59:30,104][openpifpaf.predictor][INFO] - batch 0: no-file-name
[2024-04-22 02:59:30,301][openpifpaf.decoder.cifcaf][INFO] - annotations 1: [13]
[2024-04-22 02:59:30,301][openpifpaf.predictor][INFO] - batch 0: no-file-name
[2024-04-22 02:59:30,498][openpifpaf.decoder.cifcaf][INFO] - annotations 1: [13]
[2024-04-22 02:59:30,498][openpifpaf.predictor][INFO] - batch 0: no-file-name
[2024-04-22 02:59:30,690][openpifpaf.decoder.cifcaf][INFO] - annotations 1: [14]
[2024-04-22 02:59:30,690][openpifpaf.predictor][INFO] - batch 0: no-file-name
[2024-04-22 02:59:30,882][openpifpaf.decoder.cifcaf][INFO] - annotations 1: [14]
[2024-04-22 02:59:30,882][openpifpaf.predictor][INFO] - batch 0: no-file-name
[2024-04-22 02:59:31,078][openpifpaf.decoder.cifcaf][INFO] - annotations 1: [14]
[2024-04-22 02:59:31,078][openpifpaf.predictor][INFO] - batch 0: no-file-name
[2024-04-22 02:59:31,273][openpifpaf.decoder.cifcaf][INFO] - annotations 1: [14]
[2024-04-22 02:59:31,273][openpifpaf.predictor][INFO] - batch 0: no-file-name
[2024-04-22 02:59:31,466][openpifpaf.decoder.cifcaf][INFO] - annotations 1: [14]
[2024-04-22 02:59:31,466][openpifpaf.predictor][INFO] - batch 0: no-file-name
[2024-04-22 02:59:31,680][openpifpaf.decoder.cifcaf][INFO] - annotations 1: [14]
[2024-04-22 02:59:31,680][openpifpaf.predictor][INFO] - batch 0: no-file-name
[2024-04-22 02:59:31,873][openpifpaf.decoder.cifcaf][INFO] - annotations 1: [14]
[2024-04-22 02:59:31,873][openpifpaf.predictor][INFO] - batch 0: no-file-name
[2024-04-22 02:59:32,065][openpifpaf.decoder.cifcaf][INFO] - annotations 1: [13]
[2024-04-22 02:59:32,066][openpifpaf.predictor][INFO] - batch 0: no-file-name
[2024-04-22 02:59:32,575][openpifpaf.decoder.cifcaf][INFO] - annotations 1: [13]
[2024-04-22 02:59:32,576][openpifpaf.predictor][INFO] - batch 0: no-file-name
