[2024-04-22 03:09:31,700][root][INFO] - Successfully loaded settings:
==================================================
data:
  dataset_name: DPDataset
  data_root: data/frames/
  label_root: data/labels/
  keypoints_root: data/keypoints/
  venue_names:
  - 2023-01-17-livingroom
  - 2023-01-18-livingroom
  - 2023-01-19-livingroom
  - 2023-01-24-livingroom
  - 2023-01-25-livingroom
  - 2023-01-17-openoffice
  - 2023-01-18-openoffice
  - 2023-01-19-openoffice
  - 2023-01-24-openoffice
  - 2023-01-25-openoffice
model:
  tlength: 15
  featvec_joint: true
  hidden_size: 192
  attention_heads: 12
  num_layers: 6
  featvec_bb: false
  featvec_img: false
  omit_temporal_encoder: false
hardware:
  nworkers: 8
  gpus: 8
  bs: 32
task: train
incl_all: false
train_ratio: 0.7
split_method: time
overfit: false
ckpt: ./models/weight.ckpt
noanswer: false
movie: ./demo/example.mp4
lr: r
verbose: false
shrink_rate: 0.1
filter_joint: null
use_preprocessed: false
debug: false
hist_error: false
==================================================

[2024-04-22 03:09:31,700][root][WARNING] - Running DeePoint with CPU takes a long time.
[2024-04-22 03:09:31,924][openpifpaf.decoder.factory][INFO] - No specific decoder requested. Using the first one from:
  --decoder=cifcaf:0
  --decoder=posesimilarity:0
Use any of the above arguments to select one or multiple decoders and to suppress this message.
[2024-04-22 03:09:31,924][openpifpaf.predictor][INFO] - neural network device: cpu (CUDA available: False, count: 0)
[2024-04-22 03:09:32,472][openpifpaf.decoder.cifcaf][INFO] - annotations 1: [14]
[2024-04-22 03:09:32,473][openpifpaf.predictor][INFO] - batch 0: no-file-name
[2024-04-22 03:09:32,662][openpifpaf.decoder.cifcaf][INFO] - annotations 1: [13]
[2024-04-22 03:09:32,662][openpifpaf.predictor][INFO] - batch 0: no-file-name
[2024-04-22 03:09:32,852][openpifpaf.decoder.cifcaf][INFO] - annotations 1: [14]
[2024-04-22 03:09:32,852][openpifpaf.predictor][INFO] - batch 0: no-file-name
[2024-04-22 03:09:33,040][openpifpaf.decoder.cifcaf][INFO] - annotations 1: [14]
[2024-04-22 03:09:33,040][openpifpaf.predictor][INFO] - batch 0: no-file-name
[2024-04-22 03:09:33,233][openpifpaf.decoder.cifcaf][INFO] - annotations 1: [14]
[2024-04-22 03:09:33,233][openpifpaf.predictor][INFO] - batch 0: no-file-name
[2024-04-22 03:09:33,422][openpifpaf.decoder.cifcaf][INFO] - annotations 1: [13]
[2024-04-22 03:09:33,422][openpifpaf.predictor][INFO] - batch 0: no-file-name
[2024-04-22 03:09:33,597][openpifpaf.decoder.cifcaf][INFO] - annotations 1: [13]
[2024-04-22 03:09:33,598][openpifpaf.predictor][INFO] - batch 0: no-file-name
[2024-04-22 03:09:33,784][openpifpaf.decoder.cifcaf][INFO] - annotations 1: [14]
[2024-04-22 03:09:33,784][openpifpaf.predictor][INFO] - batch 0: no-file-name
[2024-04-22 03:09:33,973][openpifpaf.decoder.cifcaf][INFO] - annotations 1: [14]
[2024-04-22 03:09:33,974][openpifpaf.predictor][INFO] - batch 0: no-file-name
[2024-04-22 03:09:34,157][openpifpaf.decoder.cifcaf][INFO] - annotations 1: [14]
[2024-04-22 03:09:34,158][openpifpaf.predictor][INFO] - batch 0: no-file-name
[2024-04-22 03:09:34,353][openpifpaf.decoder.cifcaf][INFO] - annotations 1: [14]
[2024-04-22 03:09:34,353][openpifpaf.predictor][INFO] - batch 0: no-file-name
[2024-04-22 03:09:34,547][openpifpaf.decoder.cifcaf][INFO] - annotations 1: [14]
[2024-04-22 03:09:34,547][openpifpaf.predictor][INFO] - batch 0: no-file-name
[2024-04-22 03:09:34,745][openpifpaf.decoder.cifcaf][INFO] - annotations 1: [14]
[2024-04-22 03:09:34,745][openpifpaf.predictor][INFO] - batch 0: no-file-name
[2024-04-22 03:09:34,929][openpifpaf.decoder.cifcaf][INFO] - annotations 1: [14]
[2024-04-22 03:09:34,929][openpifpaf.predictor][INFO] - batch 0: no-file-name
[2024-04-22 03:09:35,128][openpifpaf.decoder.cifcaf][INFO] - annotations 1: [13]
[2024-04-22 03:09:35,129][openpifpaf.predictor][INFO] - batch 0: no-file-name
[2024-04-22 03:09:35,582][openpifpaf.decoder.cifcaf][INFO] - annotations 1: [13]
[2024-04-22 03:09:35,582][openpifpaf.predictor][INFO] - batch 0: no-file-name
