[2024-04-20 01:35:14,760][root][INFO] - Successfully loaded settings:
==================================================
data:
  dataset_name: DPDataset
  data_root: data/frames/
  label_root: data/labels/
  keypoints_root: data/keypoints/
  venue_names:
  - 2023-01-17-livingroom
  - 2023-01-18-livingroom
  - 2023-01-19-livingroom
  - 2023-01-24-livingroom
  - 2023-01-25-livingroom
  - 2023-01-17-openoffice
  - 2023-01-18-openoffice
  - 2023-01-19-openoffice
  - 2023-01-24-openoffice
  - 2023-01-25-openoffice
model:
  tlength: 15
  featvec_joint: true
  hidden_size: 192
  attention_heads: 12
  num_layers: 6
  featvec_bb: false
  featvec_img: false
  omit_temporal_encoder: false
hardware:
  nworkers: 8
  gpus: 8
  bs: 32
task: train
incl_all: false
train_ratio: 0.7
split_method: time
overfit: false
ckpt: ./models/weight.ckpt
noanswer: false
movie: ./demo/example.mp4
lr: l
verbose: false
shrink_rate: 0.1
filter_joint: null
use_preprocessed: false
debug: false
hist_error: false
==================================================

[2024-04-20 01:35:14,761][root][WARNING] - Running DeePoint with CPU takes a long time.
[2024-04-20 01:35:15,069][openpifpaf.decoder.factory][INFO] - No specific decoder requested. Using the first one from:
  --decoder=cifcaf:0
  --decoder=posesimilarity:0
Use any of the above arguments to select one or multiple decoders and to suppress this message.
[2024-04-20 01:35:15,070][openpifpaf.predictor][INFO] - neural network device: cpu (CUDA available: False, count: 0)
[2024-04-20 01:35:17,627][openpifpaf.decoder.cifcaf][INFO] - annotations 1: [12]
[2024-04-20 01:35:17,628][openpifpaf.predictor][INFO] - batch 0: no-file-name
[2024-04-20 01:35:19,921][openpifpaf.decoder.cifcaf][INFO] - annotations 1: [12]
[2024-04-20 01:35:19,921][openpifpaf.predictor][INFO] - batch 0: no-file-name
[2024-04-20 01:35:22,186][openpifpaf.decoder.cifcaf][INFO] - annotations 1: [12]
[2024-04-20 01:35:22,187][openpifpaf.predictor][INFO] - batch 0: no-file-name
[2024-04-20 01:35:24,422][openpifpaf.decoder.cifcaf][INFO] - annotations 1: [10]
[2024-04-20 01:35:24,422][openpifpaf.predictor][INFO] - batch 0: no-file-name
[2024-04-20 01:35:26,648][openpifpaf.decoder.cifcaf][INFO] - annotations 1: [11]
[2024-04-20 01:35:26,648][openpifpaf.predictor][INFO] - batch 0: no-file-name
[2024-04-20 01:35:28,922][openpifpaf.decoder.cifcaf][INFO] - annotations 1: [11]
[2024-04-20 01:35:28,923][openpifpaf.predictor][INFO] - batch 0: no-file-name
[2024-04-20 01:35:31,227][openpifpaf.decoder.cifcaf][INFO] - annotations 1: [10]
[2024-04-20 01:35:31,227][openpifpaf.predictor][INFO] - batch 0: no-file-name
[2024-04-20 01:35:33,772][openpifpaf.decoder.cifcaf][INFO] - annotations 1: [10]
[2024-04-20 01:35:33,773][openpifpaf.predictor][INFO] - batch 0: no-file-name
[2024-04-20 01:35:36,554][openpifpaf.decoder.cifcaf][INFO] - annotations 1: [11]
[2024-04-20 01:35:36,554][openpifpaf.predictor][INFO] - batch 0: no-file-name
[2024-04-20 01:35:39,255][openpifpaf.decoder.cifcaf][INFO] - annotations 1: [11]
[2024-04-20 01:35:39,255][openpifpaf.predictor][INFO] - batch 0: no-file-name
[2024-04-20 01:35:42,026][openpifpaf.decoder.cifcaf][INFO] - annotations 1: [11]
[2024-04-20 01:35:42,026][openpifpaf.predictor][INFO] - batch 0: no-file-name
[2024-04-20 01:35:44,746][openpifpaf.decoder.cifcaf][INFO] - annotations 1: [11]
[2024-04-20 01:35:44,746][openpifpaf.predictor][INFO] - batch 0: no-file-name
[2024-04-20 01:35:47,484][openpifpaf.decoder.cifcaf][INFO] - annotations 1: [11]
[2024-04-20 01:35:47,484][openpifpaf.predictor][INFO] - batch 0: no-file-name
[2024-04-20 01:35:50,167][openpifpaf.decoder.cifcaf][INFO] - annotations 1: [11]
[2024-04-20 01:35:50,167][openpifpaf.predictor][INFO] - batch 0: no-file-name
[2024-04-20 01:35:52,951][openpifpaf.decoder.cifcaf][INFO] - annotations 1: [11]
[2024-04-20 01:35:52,951][openpifpaf.predictor][INFO] - batch 0: no-file-name
[2024-04-20 01:35:58,508][openpifpaf.decoder.cifcaf][INFO] - annotations 1: [10]
[2024-04-20 01:35:58,508][openpifpaf.predictor][INFO] - batch 0: no-file-name
