[2024-04-21 00:57:30,711][root][INFO] - Successfully loaded settings:
==================================================
data:
  dataset_name: DPDataset
  data_root: data/frames/
  label_root: data/labels/
  keypoints_root: data/keypoints/
  venue_names:
  - 2023-01-17-livingroom
  - 2023-01-18-livingroom
  - 2023-01-19-livingroom
  - 2023-01-24-livingroom
  - 2023-01-25-livingroom
  - 2023-01-17-openoffice
  - 2023-01-18-openoffice
  - 2023-01-19-openoffice
  - 2023-01-24-openoffice
  - 2023-01-25-openoffice
model:
  tlength: 15
  featvec_joint: true
  hidden_size: 192
  attention_heads: 12
  num_layers: 6
  featvec_bb: false
  featvec_img: false
  omit_temporal_encoder: false
hardware:
  nworkers: 8
  gpus: 8
  bs: 32
task: train
incl_all: false
train_ratio: 0.7
split_method: time
overfit: false
ckpt: ./models/weight.ckpt
noanswer: false
movie: ./demo/JK_demo_1.mp4
lr: r
verbose: false
shrink_rate: 0.1
filter_joint: null
use_preprocessed: false
debug: false
hist_error: false
==================================================

[2024-04-21 00:57:30,712][root][WARNING] - Running DeePoint with CPU takes a long time.
[2024-04-21 00:57:30,970][openpifpaf.decoder.factory][INFO] - No specific decoder requested. Using the first one from:
  --decoder=cifcaf:0
  --decoder=posesimilarity:0
Use any of the above arguments to select one or multiple decoders and to suppress this message.
[2024-04-21 00:57:30,971][openpifpaf.predictor][INFO] - neural network device: cpu (CUDA available: False, count: 0)
[2024-04-21 00:57:31,503][openpifpaf.decoder.cifcaf][INFO] - annotations 1: [15]
[2024-04-21 00:57:31,503][openpifpaf.predictor][INFO] - batch 0: no-file-name
[2024-04-21 00:57:31,691][openpifpaf.decoder.cifcaf][INFO] - annotations 1: [15]
[2024-04-21 00:57:31,692][openpifpaf.predictor][INFO] - batch 0: no-file-name
[2024-04-21 00:57:31,877][openpifpaf.decoder.cifcaf][INFO] - annotations 1: [15]
[2024-04-21 00:57:31,877][openpifpaf.predictor][INFO] - batch 0: no-file-name
[2024-04-21 00:57:32,060][openpifpaf.decoder.cifcaf][INFO] - annotations 1: [15]
[2024-04-21 00:57:32,061][openpifpaf.predictor][INFO] - batch 0: no-file-name
[2024-04-21 00:57:32,248][openpifpaf.decoder.cifcaf][INFO] - annotations 1: [15]
[2024-04-21 00:57:32,248][openpifpaf.predictor][INFO] - batch 0: no-file-name
[2024-04-21 00:57:32,441][openpifpaf.decoder.cifcaf][INFO] - annotations 1: [15]
[2024-04-21 00:57:32,441][openpifpaf.predictor][INFO] - batch 0: no-file-name
[2024-04-21 00:57:32,628][openpifpaf.decoder.cifcaf][INFO] - annotations 1: [15]
[2024-04-21 00:57:32,629][openpifpaf.predictor][INFO] - batch 0: no-file-name
[2024-04-21 00:57:32,820][openpifpaf.decoder.cifcaf][INFO] - annotations 1: [15]
[2024-04-21 00:57:32,821][openpifpaf.predictor][INFO] - batch 0: no-file-name
[2024-04-21 00:57:33,008][openpifpaf.decoder.cifcaf][INFO] - annotations 1: [15]
[2024-04-21 00:57:33,008][openpifpaf.predictor][INFO] - batch 0: no-file-name
[2024-04-21 00:57:33,196][openpifpaf.decoder.cifcaf][INFO] - annotations 1: [15]
[2024-04-21 00:57:33,197][openpifpaf.predictor][INFO] - batch 0: no-file-name
[2024-04-21 00:57:33,375][openpifpaf.decoder.cifcaf][INFO] - annotations 1: [15]
[2024-04-21 00:57:33,376][openpifpaf.predictor][INFO] - batch 0: no-file-name
[2024-04-21 00:57:33,569][openpifpaf.decoder.cifcaf][INFO] - annotations 1: [15]
[2024-04-21 00:57:33,570][openpifpaf.predictor][INFO] - batch 0: no-file-name
[2024-04-21 00:57:33,763][openpifpaf.decoder.cifcaf][INFO] - annotations 1: [15]
[2024-04-21 00:57:33,764][openpifpaf.predictor][INFO] - batch 0: no-file-name
[2024-04-21 00:57:33,953][openpifpaf.decoder.cifcaf][INFO] - annotations 1: [15]
[2024-04-21 00:57:33,953][openpifpaf.predictor][INFO] - batch 0: no-file-name
[2024-04-21 00:57:34,141][openpifpaf.decoder.cifcaf][INFO] - annotations 1: [15]
[2024-04-21 00:57:34,141][openpifpaf.predictor][INFO] - batch 0: no-file-name
[2024-04-21 00:57:34,570][openpifpaf.decoder.cifcaf][INFO] - annotations 1: [15]
[2024-04-21 00:57:34,571][openpifpaf.predictor][INFO] - batch 0: no-file-name
[2024-04-21 00:57:41,689][openpifpaf.decoder.cifcaf][INFO] - annotations 1: [15]
[2024-04-21 00:57:41,689][openpifpaf.predictor][INFO] - batch 0: no-file-name
[2024-04-21 00:57:42,110][openpifpaf.decoder.cifcaf][INFO] - annotations 1: [15]
[2024-04-21 00:57:42,110][openpifpaf.predictor][INFO] - batch 0: no-file-name
[2024-04-21 00:57:48,994][openpifpaf.decoder.cifcaf][INFO] - annotations 1: [15]
[2024-04-21 00:57:48,994][openpifpaf.predictor][INFO] - batch 0: no-file-name
[2024-04-21 00:57:49,488][openpifpaf.decoder.cifcaf][INFO] - annotations 1: [15]
[2024-04-21 00:57:49,488][openpifpaf.predictor][INFO] - batch 0: no-file-name
