[2024-04-22 02:38:13,083][root][INFO] - Successfully loaded settings:
==================================================
data:
  dataset_name: DPDataset
  data_root: data/frames/
  label_root: data/labels/
  keypoints_root: data/keypoints/
  venue_names:
  - 2023-01-17-livingroom
  - 2023-01-18-livingroom
  - 2023-01-19-livingroom
  - 2023-01-24-livingroom
  - 2023-01-25-livingroom
  - 2023-01-17-openoffice
  - 2023-01-18-openoffice
  - 2023-01-19-openoffice
  - 2023-01-24-openoffice
  - 2023-01-25-openoffice
model:
  tlength: 15
  featvec_joint: true
  hidden_size: 192
  attention_heads: 12
  num_layers: 6
  featvec_bb: false
  featvec_img: false
  omit_temporal_encoder: false
hardware:
  nworkers: 8
  gpus: 8
  bs: 32
task: train
incl_all: false
train_ratio: 0.7
split_method: time
overfit: false
ckpt: ./models/weight.ckpt
noanswer: false
movie: ./demo/JK_demo_1.mp4
lr: r
verbose: false
shrink_rate: 0.1
filter_joint: null
use_preprocessed: false
debug: false
hist_error: false
==================================================

[2024-04-22 02:38:13,083][root][WARNING] - Running DeePoint with CPU takes a long time.
[2024-04-22 02:38:13,284][openpifpaf.decoder.factory][INFO] - No specific decoder requested. Using the first one from:
  --decoder=cifcaf:0
  --decoder=posesimilarity:0
Use any of the above arguments to select one or multiple decoders and to suppress this message.
[2024-04-22 02:38:13,284][openpifpaf.predictor][INFO] - neural network device: cpu (CUDA available: False, count: 0)
[2024-04-22 02:38:13,689][openpifpaf.decoder.cifcaf][INFO] - annotations 1: [15]
[2024-04-22 02:38:13,689][openpifpaf.predictor][INFO] - batch 0: no-file-name
[2024-04-22 02:38:13,816][openpifpaf.decoder.cifcaf][INFO] - annotations 1: [15]
[2024-04-22 02:38:13,816][openpifpaf.predictor][INFO] - batch 0: no-file-name
[2024-04-22 02:38:13,943][openpifpaf.decoder.cifcaf][INFO] - annotations 1: [15]
[2024-04-22 02:38:13,943][openpifpaf.predictor][INFO] - batch 0: no-file-name
[2024-04-22 02:38:14,074][openpifpaf.decoder.cifcaf][INFO] - annotations 1: [15]
[2024-04-22 02:38:14,075][openpifpaf.predictor][INFO] - batch 0: no-file-name
[2024-04-22 02:38:14,207][openpifpaf.decoder.cifcaf][INFO] - annotations 1: [15]
[2024-04-22 02:38:14,208][openpifpaf.predictor][INFO] - batch 0: no-file-name
[2024-04-22 02:38:14,338][openpifpaf.decoder.cifcaf][INFO] - annotations 1: [15]
[2024-04-22 02:38:14,338][openpifpaf.predictor][INFO] - batch 0: no-file-name
[2024-04-22 02:38:14,470][openpifpaf.decoder.cifcaf][INFO] - annotations 1: [15]
[2024-04-22 02:38:14,471][openpifpaf.predictor][INFO] - batch 0: no-file-name
[2024-04-22 02:38:14,611][openpifpaf.decoder.cifcaf][INFO] - annotations 1: [15]
[2024-04-22 02:38:14,611][openpifpaf.predictor][INFO] - batch 0: no-file-name
[2024-04-22 02:38:14,743][openpifpaf.decoder.cifcaf][INFO] - annotations 1: [15]
[2024-04-22 02:38:14,743][openpifpaf.predictor][INFO] - batch 0: no-file-name
[2024-04-22 02:38:14,877][openpifpaf.decoder.cifcaf][INFO] - annotations 1: [15]
[2024-04-22 02:38:14,877][openpifpaf.predictor][INFO] - batch 0: no-file-name
[2024-04-22 02:38:15,008][openpifpaf.decoder.cifcaf][INFO] - annotations 1: [15]
[2024-04-22 02:38:15,008][openpifpaf.predictor][INFO] - batch 0: no-file-name
[2024-04-22 02:38:15,140][openpifpaf.decoder.cifcaf][INFO] - annotations 1: [15]
[2024-04-22 02:38:15,140][openpifpaf.predictor][INFO] - batch 0: no-file-name
[2024-04-22 02:38:15,271][openpifpaf.decoder.cifcaf][INFO] - annotations 1: [15]
[2024-04-22 02:38:15,271][openpifpaf.predictor][INFO] - batch 0: no-file-name
[2024-04-22 02:38:15,402][openpifpaf.decoder.cifcaf][INFO] - annotations 1: [15]
[2024-04-22 02:38:15,403][openpifpaf.predictor][INFO] - batch 0: no-file-name
[2024-04-22 02:38:15,535][openpifpaf.decoder.cifcaf][INFO] - annotations 1: [15]
[2024-04-22 02:38:15,536][openpifpaf.predictor][INFO] - batch 0: no-file-name
[2024-04-22 02:38:15,890][openpifpaf.decoder.cifcaf][INFO] - annotations 1: [15]
[2024-04-22 02:38:15,890][openpifpaf.predictor][INFO] - batch 0: no-file-name
