[2024-04-21 01:52:17,162][root][INFO] - Successfully loaded settings:
==================================================
data:
  dataset_name: DPDataset
  data_root: data/frames/
  label_root: data/labels/
  keypoints_root: data/keypoints/
  venue_names:
  - 2023-01-17-livingroom
  - 2023-01-18-livingroom
  - 2023-01-19-livingroom
  - 2023-01-24-livingroom
  - 2023-01-25-livingroom
  - 2023-01-17-openoffice
  - 2023-01-18-openoffice
  - 2023-01-19-openoffice
  - 2023-01-24-openoffice
  - 2023-01-25-openoffice
model:
  tlength: 15
  featvec_joint: true
  hidden_size: 192
  attention_heads: 12
  num_layers: 6
  featvec_bb: false
  featvec_img: false
  omit_temporal_encoder: false
hardware:
  nworkers: 8
  gpus: 8
  bs: 32
task: train
incl_all: false
train_ratio: 0.7
split_method: time
overfit: false
ckpt: ./models/weight.ckpt
noanswer: false
movie: ./demo/JK_demo_1.mp4
lr: r
verbose: false
shrink_rate: 0.1
filter_joint: null
use_preprocessed: false
debug: false
hist_error: false
==================================================

[2024-04-21 01:52:17,163][root][WARNING] - Running DeePoint with CPU takes a long time.
[2024-04-21 01:52:17,389][openpifpaf.decoder.factory][INFO] - No specific decoder requested. Using the first one from:
  --decoder=cifcaf:0
  --decoder=posesimilarity:0
Use any of the above arguments to select one or multiple decoders and to suppress this message.
[2024-04-21 01:52:17,389][openpifpaf.predictor][INFO] - neural network device: cpu (CUDA available: False, count: 0)
[2024-04-21 01:52:17,872][openpifpaf.decoder.cifcaf][INFO] - annotations 1: [15]
[2024-04-21 01:52:17,872][openpifpaf.predictor][INFO] - batch 0: no-file-name
[2024-04-21 01:52:18,042][openpifpaf.decoder.cifcaf][INFO] - annotations 1: [15]
[2024-04-21 01:52:18,042][openpifpaf.predictor][INFO] - batch 0: no-file-name
[2024-04-21 01:52:18,211][openpifpaf.decoder.cifcaf][INFO] - annotations 1: [15]
[2024-04-21 01:52:18,211][openpifpaf.predictor][INFO] - batch 0: no-file-name
[2024-04-21 01:52:18,380][openpifpaf.decoder.cifcaf][INFO] - annotations 1: [15]
[2024-04-21 01:52:18,380][openpifpaf.predictor][INFO] - batch 0: no-file-name
[2024-04-21 01:52:18,567][openpifpaf.decoder.cifcaf][INFO] - annotations 1: [15]
[2024-04-21 01:52:18,568][openpifpaf.predictor][INFO] - batch 0: no-file-name
[2024-04-21 01:52:18,758][openpifpaf.decoder.cifcaf][INFO] - annotations 1: [15]
[2024-04-21 01:52:18,758][openpifpaf.predictor][INFO] - batch 0: no-file-name
[2024-04-21 01:52:18,948][openpifpaf.decoder.cifcaf][INFO] - annotations 1: [15]
[2024-04-21 01:52:18,949][openpifpaf.predictor][INFO] - batch 0: no-file-name
[2024-04-21 01:52:19,138][openpifpaf.decoder.cifcaf][INFO] - annotations 1: [15]
[2024-04-21 01:52:19,138][openpifpaf.predictor][INFO] - batch 0: no-file-name
[2024-04-21 01:52:19,329][openpifpaf.decoder.cifcaf][INFO] - annotations 1: [15]
[2024-04-21 01:52:19,330][openpifpaf.predictor][INFO] - batch 0: no-file-name
[2024-04-21 01:52:19,501][openpifpaf.decoder.cifcaf][INFO] - annotations 1: [15]
[2024-04-21 01:52:19,501][openpifpaf.predictor][INFO] - batch 0: no-file-name
[2024-04-21 01:52:19,695][openpifpaf.decoder.cifcaf][INFO] - annotations 1: [15]
[2024-04-21 01:52:19,695][openpifpaf.predictor][INFO] - batch 0: no-file-name
[2024-04-21 01:52:19,871][openpifpaf.decoder.cifcaf][INFO] - annotations 1: [15]
[2024-04-21 01:52:19,872][openpifpaf.predictor][INFO] - batch 0: no-file-name
[2024-04-21 01:52:20,069][openpifpaf.decoder.cifcaf][INFO] - annotations 1: [15]
[2024-04-21 01:52:20,069][openpifpaf.predictor][INFO] - batch 0: no-file-name
[2024-04-21 01:52:20,263][openpifpaf.decoder.cifcaf][INFO] - annotations 1: [15]
[2024-04-21 01:52:20,264][openpifpaf.predictor][INFO] - batch 0: no-file-name
[2024-04-21 01:52:20,459][openpifpaf.decoder.cifcaf][INFO] - annotations 1: [15]
[2024-04-21 01:52:20,460][openpifpaf.predictor][INFO] - batch 0: no-file-name
[2024-04-21 01:52:20,901][openpifpaf.decoder.cifcaf][INFO] - annotations 1: [15]
[2024-04-21 01:52:20,902][openpifpaf.predictor][INFO] - batch 0: no-file-name
[2024-04-21 01:52:33,191][openpifpaf.decoder.cifcaf][INFO] - annotations 1: [15]
[2024-04-21 01:52:33,191][openpifpaf.predictor][INFO] - batch 0: no-file-name
[2024-04-21 01:52:33,639][openpifpaf.decoder.cifcaf][INFO] - annotations 1: [15]
[2024-04-21 01:52:33,639][openpifpaf.predictor][INFO] - batch 0: no-file-name
[2024-04-21 01:52:45,907][openpifpaf.decoder.cifcaf][INFO] - annotations 1: [15]
[2024-04-21 01:52:45,907][openpifpaf.predictor][INFO] - batch 0: no-file-name
[2024-04-21 01:52:46,353][openpifpaf.decoder.cifcaf][INFO] - annotations 1: [15]
[2024-04-21 01:52:46,353][openpifpaf.predictor][INFO] - batch 0: no-file-name
[2024-04-21 01:52:58,670][openpifpaf.decoder.cifcaf][INFO] - annotations 1: [15]
[2024-04-21 01:52:58,670][openpifpaf.predictor][INFO] - batch 0: no-file-name
[2024-04-21 01:52:59,102][openpifpaf.decoder.cifcaf][INFO] - annotations 1: [15]
[2024-04-21 01:52:59,103][openpifpaf.predictor][INFO] - batch 0: no-file-name
[2024-04-21 01:53:11,027][openpifpaf.decoder.cifcaf][INFO] - annotations 1: [15]
[2024-04-21 01:53:11,028][openpifpaf.predictor][INFO] - batch 0: no-file-name
[2024-04-21 01:53:11,512][openpifpaf.decoder.cifcaf][INFO] - annotations 1: [15]
[2024-04-21 01:53:11,512][openpifpaf.predictor][INFO] - batch 0: no-file-name
[2024-04-21 01:53:23,883][openpifpaf.decoder.cifcaf][INFO] - annotations 1: [15]
[2024-04-21 01:53:23,883][openpifpaf.predictor][INFO] - batch 0: no-file-name
[2024-04-21 01:53:24,345][openpifpaf.decoder.cifcaf][INFO] - annotations 1: [15]
[2024-04-21 01:53:24,345][openpifpaf.predictor][INFO] - batch 0: no-file-name
[2024-04-21 01:53:36,645][openpifpaf.decoder.cifcaf][INFO] - annotations 1: [15]
[2024-04-21 01:53:36,645][openpifpaf.predictor][INFO] - batch 0: no-file-name
[2024-04-21 01:53:37,111][openpifpaf.decoder.cifcaf][INFO] - annotations 1: [15]
[2024-04-21 01:53:37,111][openpifpaf.predictor][INFO] - batch 0: no-file-name
[2024-04-21 01:53:49,458][openpifpaf.decoder.cifcaf][INFO] - annotations 1: [15]
[2024-04-21 01:53:49,458][openpifpaf.predictor][INFO] - batch 0: no-file-name
[2024-04-21 01:53:49,941][openpifpaf.decoder.cifcaf][INFO] - annotations 1: [15]
[2024-04-21 01:53:49,942][openpifpaf.predictor][INFO] - batch 0: no-file-name
[2024-04-21 01:54:02,026][openpifpaf.decoder.cifcaf][INFO] - annotations 1: [15]
[2024-04-21 01:54:02,027][openpifpaf.predictor][INFO] - batch 0: no-file-name
[2024-04-21 01:54:02,520][openpifpaf.decoder.cifcaf][INFO] - annotations 1: [15]
[2024-04-21 01:54:02,520][openpifpaf.predictor][INFO] - batch 0: no-file-name
[2024-04-21 01:54:14,641][openpifpaf.decoder.cifcaf][INFO] - annotations 1: [15]
[2024-04-21 01:54:14,641][openpifpaf.predictor][INFO] - batch 0: no-file-name
[2024-04-21 01:54:15,153][openpifpaf.decoder.cifcaf][INFO] - annotations 1: [15]
[2024-04-21 01:54:15,153][openpifpaf.predictor][INFO] - batch 0: no-file-name
[2024-04-21 01:54:27,447][openpifpaf.decoder.cifcaf][INFO] - annotations 1: [15]
[2024-04-21 01:54:27,448][openpifpaf.predictor][INFO] - batch 0: no-file-name
[2024-04-21 01:54:27,936][openpifpaf.decoder.cifcaf][INFO] - annotations 1: [15]
[2024-04-21 01:54:27,936][openpifpaf.predictor][INFO] - batch 0: no-file-name
[2024-04-21 01:54:40,072][openpifpaf.decoder.cifcaf][INFO] - annotations 1: [15]
[2024-04-21 01:54:40,072][openpifpaf.predictor][INFO] - batch 0: no-file-name
[2024-04-21 01:54:40,548][openpifpaf.decoder.cifcaf][INFO] - annotations 1: [15]
[2024-04-21 01:54:40,548][openpifpaf.predictor][INFO] - batch 0: no-file-name
[2024-04-21 01:54:52,733][openpifpaf.decoder.cifcaf][INFO] - annotations 1: [15]
[2024-04-21 01:54:52,733][openpifpaf.predictor][INFO] - batch 0: no-file-name
[2024-04-21 01:54:53,221][openpifpaf.decoder.cifcaf][INFO] - annotations 1: [15]
[2024-04-21 01:54:53,222][openpifpaf.predictor][INFO] - batch 0: no-file-name
[2024-04-21 01:55:05,528][openpifpaf.decoder.cifcaf][INFO] - annotations 1: [15]
[2024-04-21 01:55:05,528][openpifpaf.predictor][INFO] - batch 0: no-file-name
[2024-04-21 01:55:06,054][openpifpaf.decoder.cifcaf][INFO] - annotations 1: [15]
[2024-04-21 01:55:06,054][openpifpaf.predictor][INFO] - batch 0: no-file-name
[2024-04-21 01:55:18,220][openpifpaf.decoder.cifcaf][INFO] - annotations 1: [15]
[2024-04-21 01:55:18,220][openpifpaf.predictor][INFO] - batch 0: no-file-name
[2024-04-21 01:55:18,711][openpifpaf.decoder.cifcaf][INFO] - annotations 1: [15]
[2024-04-21 01:55:18,711][openpifpaf.predictor][INFO] - batch 0: no-file-name
[2024-04-21 01:55:30,751][openpifpaf.decoder.cifcaf][INFO] - annotations 1: [15]
[2024-04-21 01:55:30,751][openpifpaf.predictor][INFO] - batch 0: no-file-name
[2024-04-21 01:55:31,325][openpifpaf.decoder.cifcaf][INFO] - annotations 1: [15]
[2024-04-21 01:55:31,325][openpifpaf.predictor][INFO] - batch 0: no-file-name
[2024-04-21 01:55:43,534][openpifpaf.decoder.cifcaf][INFO] - annotations 1: [15]
[2024-04-21 01:55:43,534][openpifpaf.predictor][INFO] - batch 0: no-file-name
[2024-04-21 01:55:44,103][openpifpaf.decoder.cifcaf][INFO] - annotations 1: [15]
[2024-04-21 01:55:44,103][openpifpaf.predictor][INFO] - batch 0: no-file-name
[2024-04-21 01:55:56,453][openpifpaf.decoder.cifcaf][INFO] - annotations 1: [15]
[2024-04-21 01:55:56,453][openpifpaf.predictor][INFO] - batch 0: no-file-name
[2024-04-21 01:55:57,002][openpifpaf.decoder.cifcaf][INFO] - annotations 1: [15]
[2024-04-21 01:55:57,002][openpifpaf.predictor][INFO] - batch 0: no-file-name
[2024-04-21 01:56:09,374][openpifpaf.decoder.cifcaf][INFO] - annotations 1: [15]
[2024-04-21 01:56:09,374][openpifpaf.predictor][INFO] - batch 0: no-file-name
[2024-04-21 01:56:09,930][openpifpaf.decoder.cifcaf][INFO] - annotations 1: [15]
[2024-04-21 01:56:09,931][openpifpaf.predictor][INFO] - batch 0: no-file-name
[2024-04-21 01:56:22,282][openpifpaf.decoder.cifcaf][INFO] - annotations 1: [15]
[2024-04-21 01:56:22,282][openpifpaf.predictor][INFO] - batch 0: no-file-name
[2024-04-21 01:56:22,813][openpifpaf.decoder.cifcaf][INFO] - annotations 1: [15]
[2024-04-21 01:56:22,813][openpifpaf.predictor][INFO] - batch 0: no-file-name
[2024-04-21 01:56:34,935][openpifpaf.decoder.cifcaf][INFO] - annotations 1: [15]
[2024-04-21 01:56:34,935][openpifpaf.predictor][INFO] - batch 0: no-file-name
[2024-04-21 01:56:35,454][openpifpaf.decoder.cifcaf][INFO] - annotations 1: [15]
[2024-04-21 01:56:35,454][openpifpaf.predictor][INFO] - batch 0: no-file-name
[2024-04-21 01:56:47,579][openpifpaf.decoder.cifcaf][INFO] - annotations 1: [15]
[2024-04-21 01:56:47,579][openpifpaf.predictor][INFO] - batch 0: no-file-name
[2024-04-21 01:56:48,092][openpifpaf.decoder.cifcaf][INFO] - annotations 1: [15]
[2024-04-21 01:56:48,093][openpifpaf.predictor][INFO] - batch 0: no-file-name
[2024-04-21 01:57:00,408][openpifpaf.decoder.cifcaf][INFO] - annotations 1: [15]
[2024-04-21 01:57:00,409][openpifpaf.predictor][INFO] - batch 0: no-file-name
[2024-04-21 01:57:00,915][openpifpaf.decoder.cifcaf][INFO] - annotations 1: [15]
[2024-04-21 01:57:00,916][openpifpaf.predictor][INFO] - batch 0: no-file-name
[2024-04-21 01:57:13,505][openpifpaf.decoder.cifcaf][INFO] - annotations 1: [15]
[2024-04-21 01:57:13,506][openpifpaf.predictor][INFO] - batch 0: no-file-name
[2024-04-21 01:57:14,081][openpifpaf.decoder.cifcaf][INFO] - annotations 1: [15]
[2024-04-21 01:57:14,081][openpifpaf.predictor][INFO] - batch 0: no-file-name
[2024-04-21 01:57:28,201][openpifpaf.decoder.cifcaf][INFO] - annotations 1: [15]
[2024-04-21 01:57:28,201][openpifpaf.predictor][INFO] - batch 0: no-file-name
[2024-04-21 01:57:28,729][openpifpaf.decoder.cifcaf][INFO] - annotations 1: [15]
[2024-04-21 01:57:28,730][openpifpaf.predictor][INFO] - batch 0: no-file-name
[2024-04-21 01:57:40,878][openpifpaf.decoder.cifcaf][INFO] - annotations 1: [15]
[2024-04-21 01:57:40,878][openpifpaf.predictor][INFO] - batch 0: no-file-name
[2024-04-21 01:57:41,358][openpifpaf.decoder.cifcaf][INFO] - annotations 1: [15]
[2024-04-21 01:57:41,358][openpifpaf.predictor][INFO] - batch 0: no-file-name
[2024-04-21 01:57:53,579][openpifpaf.decoder.cifcaf][INFO] - annotations 1: [15]
[2024-04-21 01:57:53,579][openpifpaf.predictor][INFO] - batch 0: no-file-name
[2024-04-21 01:57:54,141][openpifpaf.decoder.cifcaf][INFO] - annotations 1: [15]
[2024-04-21 01:57:54,141][openpifpaf.predictor][INFO] - batch 0: no-file-name
[2024-04-21 01:58:06,514][openpifpaf.decoder.cifcaf][INFO] - annotations 1: [15]
[2024-04-21 01:58:06,514][openpifpaf.predictor][INFO] - batch 0: no-file-name
[2024-04-21 01:58:07,067][openpifpaf.decoder.cifcaf][INFO] - annotations 1: [15]
[2024-04-21 01:58:07,067][openpifpaf.predictor][INFO] - batch 0: no-file-name
[2024-04-21 01:58:19,385][openpifpaf.decoder.cifcaf][INFO] - annotations 1: [15]
[2024-04-21 01:58:19,386][openpifpaf.predictor][INFO] - batch 0: no-file-name
[2024-04-21 01:58:19,950][openpifpaf.decoder.cifcaf][INFO] - annotations 1: [15]
[2024-04-21 01:58:19,950][openpifpaf.predictor][INFO] - batch 0: no-file-name
[2024-04-21 01:58:32,507][openpifpaf.decoder.cifcaf][INFO] - annotations 1: [15]
[2024-04-21 01:58:32,507][openpifpaf.predictor][INFO] - batch 0: no-file-name
[2024-04-21 01:58:33,042][openpifpaf.decoder.cifcaf][INFO] - annotations 1: [15]
[2024-04-21 01:58:33,042][openpifpaf.predictor][INFO] - batch 0: no-file-name
[2024-04-21 01:58:45,352][openpifpaf.decoder.cifcaf][INFO] - annotations 1: [15]
[2024-04-21 01:58:45,352][openpifpaf.predictor][INFO] - batch 0: no-file-name
[2024-04-21 01:58:45,957][openpifpaf.decoder.cifcaf][INFO] - annotations 1: [15]
[2024-04-21 01:58:45,957][openpifpaf.predictor][INFO] - batch 0: no-file-name
[2024-04-21 01:58:58,248][openpifpaf.decoder.cifcaf][INFO] - annotations 1: [15]
[2024-04-21 01:58:58,248][openpifpaf.predictor][INFO] - batch 0: no-file-name
[2024-04-21 01:58:58,858][openpifpaf.decoder.cifcaf][INFO] - annotations 1: [15]
[2024-04-21 01:58:58,858][openpifpaf.predictor][INFO] - batch 0: no-file-name
[2024-04-21 01:59:11,330][openpifpaf.decoder.cifcaf][INFO] - annotations 1: [15]
[2024-04-21 01:59:11,330][openpifpaf.predictor][INFO] - batch 0: no-file-name
[2024-04-21 01:59:11,883][openpifpaf.decoder.cifcaf][INFO] - annotations 1: [15]
[2024-04-21 01:59:11,883][openpifpaf.predictor][INFO] - batch 0: no-file-name
[2024-04-21 01:59:24,064][openpifpaf.decoder.cifcaf][INFO] - annotations 1: [15]
[2024-04-21 01:59:24,065][openpifpaf.predictor][INFO] - batch 0: no-file-name
[2024-04-21 01:59:24,603][openpifpaf.decoder.cifcaf][INFO] - annotations 1: [15]
[2024-04-21 01:59:24,603][openpifpaf.predictor][INFO] - batch 0: no-file-name
[2024-04-21 01:59:36,882][openpifpaf.decoder.cifcaf][INFO] - annotations 1: [15]
[2024-04-21 01:59:36,882][openpifpaf.predictor][INFO] - batch 0: no-file-name
[2024-04-21 01:59:37,420][openpifpaf.decoder.cifcaf][INFO] - annotations 1: [15]
[2024-04-21 01:59:37,420][openpifpaf.predictor][INFO] - batch 0: no-file-name
[2024-04-21 01:59:49,510][openpifpaf.decoder.cifcaf][INFO] - annotations 1: [15]
[2024-04-21 01:59:49,510][openpifpaf.predictor][INFO] - batch 0: no-file-name
[2024-04-21 01:59:50,052][openpifpaf.decoder.cifcaf][INFO] - annotations 1: [15]
[2024-04-21 01:59:50,052][openpifpaf.predictor][INFO] - batch 0: no-file-name
[2024-04-21 02:00:02,241][openpifpaf.decoder.cifcaf][INFO] - annotations 1: [15]
[2024-04-21 02:00:02,241][openpifpaf.predictor][INFO] - batch 0: no-file-name
[2024-04-21 02:00:02,739][openpifpaf.decoder.cifcaf][INFO] - annotations 1: [15]
[2024-04-21 02:00:02,739][openpifpaf.predictor][INFO] - batch 0: no-file-name
[2024-04-21 02:00:15,180][openpifpaf.decoder.cifcaf][INFO] - annotations 1: [15]
[2024-04-21 02:00:15,181][openpifpaf.predictor][INFO] - batch 0: no-file-name
[2024-04-21 02:00:15,714][openpifpaf.decoder.cifcaf][INFO] - annotations 1: [15]
[2024-04-21 02:00:15,714][openpifpaf.predictor][INFO] - batch 0: no-file-name
[2024-04-21 02:00:28,110][openpifpaf.decoder.cifcaf][INFO] - annotations 1: [15]
[2024-04-21 02:00:28,110][openpifpaf.predictor][INFO] - batch 0: no-file-name
[2024-04-21 02:00:28,642][openpifpaf.decoder.cifcaf][INFO] - annotations 1: [15]
[2024-04-21 02:00:28,642][openpifpaf.predictor][INFO] - batch 0: no-file-name
[2024-04-21 02:00:41,124][openpifpaf.decoder.cifcaf][INFO] - annotations 1: [15]
[2024-04-21 02:00:41,124][openpifpaf.predictor][INFO] - batch 0: no-file-name
[2024-04-21 02:00:41,788][openpifpaf.decoder.cifcaf][INFO] - annotations 1: [15]
[2024-04-21 02:00:41,788][openpifpaf.predictor][INFO] - batch 0: no-file-name
[2024-04-21 02:00:54,069][openpifpaf.decoder.cifcaf][INFO] - annotations 1: [15]
[2024-04-21 02:00:54,070][openpifpaf.predictor][INFO] - batch 0: no-file-name
[2024-04-21 02:00:54,697][openpifpaf.decoder.cifcaf][INFO] - annotations 1: [15]
[2024-04-21 02:00:54,697][openpifpaf.predictor][INFO] - batch 0: no-file-name
[2024-04-21 02:01:07,093][openpifpaf.decoder.cifcaf][INFO] - annotations 1: [15]
[2024-04-21 02:01:07,094][openpifpaf.predictor][INFO] - batch 0: no-file-name
[2024-04-21 02:01:07,736][openpifpaf.decoder.cifcaf][INFO] - annotations 1: [15]
[2024-04-21 02:01:07,737][openpifpaf.predictor][INFO] - batch 0: no-file-name
[2024-04-21 02:01:19,969][openpifpaf.decoder.cifcaf][INFO] - annotations 1: [15]
[2024-04-21 02:01:19,970][openpifpaf.predictor][INFO] - batch 0: no-file-name
[2024-04-21 02:01:20,639][openpifpaf.decoder.cifcaf][INFO] - annotations 1: [15]
[2024-04-21 02:01:20,640][openpifpaf.predictor][INFO] - batch 0: no-file-name
[2024-04-21 02:01:32,847][openpifpaf.decoder.cifcaf][INFO] - annotations 1: [15]
[2024-04-21 02:01:32,847][openpifpaf.predictor][INFO] - batch 0: no-file-name
[2024-04-21 02:01:33,261][openpifpaf.decoder.cifcaf][INFO] - annotations 1: [15]
[2024-04-21 02:01:33,261][openpifpaf.predictor][INFO] - batch 0: no-file-name
[2024-04-21 02:01:43,484][openpifpaf.decoder.cifcaf][INFO] - annotations 1: [15]
[2024-04-21 02:01:43,484][openpifpaf.predictor][INFO] - batch 0: no-file-name
[2024-04-21 02:01:43,951][openpifpaf.decoder.cifcaf][INFO] - annotations 1: [15]
[2024-04-21 02:01:43,951][openpifpaf.predictor][INFO] - batch 0: no-file-name
[2024-04-21 02:01:54,627][openpifpaf.decoder.cifcaf][INFO] - annotations 1: [15]
[2024-04-21 02:01:54,627][openpifpaf.predictor][INFO] - batch 0: no-file-name
[2024-04-21 02:01:55,117][openpifpaf.decoder.cifcaf][INFO] - annotations 1: [15]
[2024-04-21 02:01:55,117][openpifpaf.predictor][INFO] - batch 0: no-file-name
[2024-04-21 02:02:05,735][openpifpaf.decoder.cifcaf][INFO] - annotations 1: [15]
[2024-04-21 02:02:05,736][openpifpaf.predictor][INFO] - batch 0: no-file-name
[2024-04-21 02:02:06,209][openpifpaf.decoder.cifcaf][INFO] - annotations 1: [15]
[2024-04-21 02:02:06,210][openpifpaf.predictor][INFO] - batch 0: no-file-name
[2024-04-21 02:02:16,997][openpifpaf.decoder.cifcaf][INFO] - annotations 1: [15]
[2024-04-21 02:02:16,997][openpifpaf.predictor][INFO] - batch 0: no-file-name
[2024-04-21 02:02:17,460][openpifpaf.decoder.cifcaf][INFO] - annotations 1: [15]
[2024-04-21 02:02:17,461][openpifpaf.predictor][INFO] - batch 0: no-file-name
[2024-04-21 02:02:28,139][openpifpaf.decoder.cifcaf][INFO] - annotations 1: [15]
[2024-04-21 02:02:28,139][openpifpaf.predictor][INFO] - batch 0: no-file-name
[2024-04-21 02:02:28,598][openpifpaf.decoder.cifcaf][INFO] - annotations 1: [15]
[2024-04-21 02:02:28,599][openpifpaf.predictor][INFO] - batch 0: no-file-name
[2024-04-21 02:02:39,623][openpifpaf.decoder.cifcaf][INFO] - annotations 1: [15]
[2024-04-21 02:02:39,623][openpifpaf.predictor][INFO] - batch 0: no-file-name
[2024-04-21 02:02:40,079][openpifpaf.decoder.cifcaf][INFO] - annotations 1: [15]
[2024-04-21 02:02:40,079][openpifpaf.predictor][INFO] - batch 0: no-file-name
[2024-04-21 02:02:51,063][openpifpaf.decoder.cifcaf][INFO] - annotations 1: [15]
[2024-04-21 02:02:51,063][openpifpaf.predictor][INFO] - batch 0: no-file-name
[2024-04-21 02:02:51,535][openpifpaf.decoder.cifcaf][INFO] - annotations 1: [15]
[2024-04-21 02:02:51,535][openpifpaf.predictor][INFO] - batch 0: no-file-name
[2024-04-21 02:03:02,602][openpifpaf.decoder.cifcaf][INFO] - annotations 1: [15]
[2024-04-21 02:03:02,602][openpifpaf.predictor][INFO] - batch 0: no-file-name
[2024-04-21 02:03:03,033][openpifpaf.decoder.cifcaf][INFO] - annotations 1: [15]
[2024-04-21 02:03:03,033][openpifpaf.predictor][INFO] - batch 0: no-file-name
[2024-04-21 02:03:14,137][openpifpaf.decoder.cifcaf][INFO] - annotations 1: [15]
[2024-04-21 02:03:14,137][openpifpaf.predictor][INFO] - batch 0: no-file-name
[2024-04-21 02:03:14,583][openpifpaf.decoder.cifcaf][INFO] - annotations 1: [15]
[2024-04-21 02:03:14,583][openpifpaf.predictor][INFO] - batch 0: no-file-name
[2024-04-21 02:03:25,842][openpifpaf.decoder.cifcaf][INFO] - annotations 1: [15]
[2024-04-21 02:03:25,842][openpifpaf.predictor][INFO] - batch 0: no-file-name
[2024-04-21 02:03:26,282][openpifpaf.decoder.cifcaf][INFO] - annotations 1: [15]
[2024-04-21 02:03:26,283][openpifpaf.predictor][INFO] - batch 0: no-file-name
[2024-04-21 02:03:37,512][openpifpaf.decoder.cifcaf][INFO] - annotations 1: [15]
[2024-04-21 02:03:37,512][openpifpaf.predictor][INFO] - batch 0: no-file-name
[2024-04-21 02:03:37,983][openpifpaf.decoder.cifcaf][INFO] - annotations 1: [15]
[2024-04-21 02:03:37,983][openpifpaf.predictor][INFO] - batch 0: no-file-name
[2024-04-21 02:03:49,507][openpifpaf.decoder.cifcaf][INFO] - annotations 1: [15]
[2024-04-21 02:03:49,507][openpifpaf.predictor][INFO] - batch 0: no-file-name
[2024-04-21 02:03:49,981][openpifpaf.decoder.cifcaf][INFO] - annotations 1: [15]
[2024-04-21 02:03:49,981][openpifpaf.predictor][INFO] - batch 0: no-file-name
[2024-04-21 02:04:01,626][openpifpaf.decoder.cifcaf][INFO] - annotations 1: [15]
[2024-04-21 02:04:01,627][openpifpaf.predictor][INFO] - batch 0: no-file-name
[2024-04-21 02:04:02,114][openpifpaf.decoder.cifcaf][INFO] - annotations 1: [15]
[2024-04-21 02:04:02,114][openpifpaf.predictor][INFO] - batch 0: no-file-name
[2024-04-21 02:04:14,285][openpifpaf.decoder.cifcaf][INFO] - annotations 1: [15]
[2024-04-21 02:04:14,285][openpifpaf.predictor][INFO] - batch 0: no-file-name
[2024-04-21 02:04:14,798][openpifpaf.decoder.cifcaf][INFO] - annotations 1: [15]
[2024-04-21 02:04:14,798][openpifpaf.predictor][INFO] - batch 0: no-file-name
[2024-04-21 02:04:26,997][openpifpaf.decoder.cifcaf][INFO] - annotations 1: [15]
[2024-04-21 02:04:26,998][openpifpaf.predictor][INFO] - batch 0: no-file-name
[2024-04-21 02:04:27,519][openpifpaf.decoder.cifcaf][INFO] - annotations 1: [15]
[2024-04-21 02:04:27,520][openpifpaf.predictor][INFO] - batch 0: no-file-name
[2024-04-21 02:04:40,109][openpifpaf.decoder.cifcaf][INFO] - annotations 1: [15]
[2024-04-21 02:04:40,109][openpifpaf.predictor][INFO] - batch 0: no-file-name
[2024-04-21 02:04:40,687][openpifpaf.decoder.cifcaf][INFO] - annotations 1: [15]
[2024-04-21 02:04:40,687][openpifpaf.predictor][INFO] - batch 0: no-file-name
[2024-04-21 02:04:54,124][openpifpaf.decoder.cifcaf][INFO] - annotations 1: [15]
[2024-04-21 02:04:54,124][openpifpaf.predictor][INFO] - batch 0: no-file-name
[2024-04-21 02:04:54,707][openpifpaf.decoder.cifcaf][INFO] - annotations 1: [15]
[2024-04-21 02:04:54,707][openpifpaf.predictor][INFO] - batch 0: no-file-name
[2024-04-21 02:05:08,011][openpifpaf.decoder.cifcaf][INFO] - annotations 1: [15]
[2024-04-21 02:05:08,012][openpifpaf.predictor][INFO] - batch 0: no-file-name
[2024-04-21 02:05:08,559][openpifpaf.decoder.cifcaf][INFO] - annotations 1: [15]
[2024-04-21 02:05:08,559][openpifpaf.predictor][INFO] - batch 0: no-file-name
[2024-04-21 02:05:21,789][openpifpaf.decoder.cifcaf][INFO] - annotations 1: [15]
[2024-04-21 02:05:21,789][openpifpaf.predictor][INFO] - batch 0: no-file-name
[2024-04-21 02:05:22,321][openpifpaf.decoder.cifcaf][INFO] - annotations 1: [15]
[2024-04-21 02:05:22,321][openpifpaf.predictor][INFO] - batch 0: no-file-name
[2024-04-21 02:05:34,972][openpifpaf.decoder.cifcaf][INFO] - annotations 1: [15]
[2024-04-21 02:05:34,972][openpifpaf.predictor][INFO] - batch 0: no-file-name
[2024-04-21 02:05:35,457][openpifpaf.decoder.cifcaf][INFO] - annotations 1: [15]
[2024-04-21 02:05:35,457][openpifpaf.predictor][INFO] - batch 0: no-file-name
[2024-04-21 02:05:46,672][openpifpaf.decoder.cifcaf][INFO] - annotations 1: [15]
[2024-04-21 02:05:46,673][openpifpaf.predictor][INFO] - batch 0: no-file-name
[2024-04-21 02:05:47,151][openpifpaf.decoder.cifcaf][INFO] - annotations 1: [15]
[2024-04-21 02:05:47,151][openpifpaf.predictor][INFO] - batch 0: no-file-name
[2024-04-21 02:05:58,599][openpifpaf.decoder.cifcaf][INFO] - annotations 1: [15]
[2024-04-21 02:05:58,599][openpifpaf.predictor][INFO] - batch 0: no-file-name
[2024-04-21 02:05:59,051][openpifpaf.decoder.cifcaf][INFO] - annotations 1: [15]
[2024-04-21 02:05:59,051][openpifpaf.predictor][INFO] - batch 0: no-file-name
[2024-04-21 02:06:10,483][openpifpaf.decoder.cifcaf][INFO] - annotations 1: [15]
[2024-04-21 02:06:10,483][openpifpaf.predictor][INFO] - batch 0: no-file-name
[2024-04-21 02:06:10,936][openpifpaf.decoder.cifcaf][INFO] - annotations 1: [15]
[2024-04-21 02:06:10,936][openpifpaf.predictor][INFO] - batch 0: no-file-name
[2024-04-21 02:06:22,230][openpifpaf.decoder.cifcaf][INFO] - annotations 1: [15]
[2024-04-21 02:06:22,230][openpifpaf.predictor][INFO] - batch 0: no-file-name
[2024-04-21 02:06:22,690][openpifpaf.decoder.cifcaf][INFO] - annotations 1: [15]
[2024-04-21 02:06:22,690][openpifpaf.predictor][INFO] - batch 0: no-file-name
[2024-04-21 02:06:34,018][openpifpaf.decoder.cifcaf][INFO] - annotations 1: [15]
[2024-04-21 02:06:34,019][openpifpaf.predictor][INFO] - batch 0: no-file-name
[2024-04-21 02:06:34,479][openpifpaf.decoder.cifcaf][INFO] - annotations 1: [15]
[2024-04-21 02:06:34,479][openpifpaf.predictor][INFO] - batch 0: no-file-name
[2024-04-21 02:06:46,326][openpifpaf.decoder.cifcaf][INFO] - annotations 1: [15]
[2024-04-21 02:06:46,326][openpifpaf.predictor][INFO] - batch 0: no-file-name
[2024-04-21 02:06:46,796][openpifpaf.decoder.cifcaf][INFO] - annotations 1: [15]
[2024-04-21 02:06:46,797][openpifpaf.predictor][INFO] - batch 0: no-file-name
[2024-04-21 02:06:58,480][openpifpaf.decoder.cifcaf][INFO] - annotations 1: [15]
[2024-04-21 02:06:58,480][openpifpaf.predictor][INFO] - batch 0: no-file-name
[2024-04-21 02:06:58,949][openpifpaf.decoder.cifcaf][INFO] - annotations 1: [15]
[2024-04-21 02:06:58,950][openpifpaf.predictor][INFO] - batch 0: no-file-name
[2024-04-21 02:07:10,935][openpifpaf.decoder.cifcaf][INFO] - annotations 1: [15]
[2024-04-21 02:07:10,935][openpifpaf.predictor][INFO] - batch 0: no-file-name
[2024-04-21 02:07:11,422][openpifpaf.decoder.cifcaf][INFO] - annotations 1: [15]
[2024-04-21 02:07:11,422][openpifpaf.predictor][INFO] - batch 0: no-file-name
[2024-04-21 02:07:23,936][openpifpaf.decoder.cifcaf][INFO] - annotations 1: [15]
[2024-04-21 02:07:23,937][openpifpaf.predictor][INFO] - batch 0: no-file-name
[2024-04-21 02:07:24,423][openpifpaf.decoder.cifcaf][INFO] - annotations 1: [15]
[2024-04-21 02:07:24,424][openpifpaf.predictor][INFO] - batch 0: no-file-name
[2024-04-21 02:07:37,183][openpifpaf.decoder.cifcaf][INFO] - annotations 1: [15]
[2024-04-21 02:07:37,183][openpifpaf.predictor][INFO] - batch 0: no-file-name
[2024-04-21 02:07:37,725][openpifpaf.decoder.cifcaf][INFO] - annotations 1: [15]
[2024-04-21 02:07:37,725][openpifpaf.predictor][INFO] - batch 0: no-file-name
[2024-04-21 02:07:51,555][openpifpaf.decoder.cifcaf][INFO] - annotations 1: [15]
[2024-04-21 02:07:51,556][openpifpaf.predictor][INFO] - batch 0: no-file-name
[2024-04-21 02:07:52,112][openpifpaf.decoder.cifcaf][INFO] - annotations 1: [15]
[2024-04-21 02:07:52,112][openpifpaf.predictor][INFO] - batch 0: no-file-name
[2024-04-21 02:08:05,687][openpifpaf.decoder.cifcaf][INFO] - annotations 1: [15]
[2024-04-21 02:08:05,688][openpifpaf.predictor][INFO] - batch 0: no-file-name
[2024-04-21 02:08:06,248][openpifpaf.decoder.cifcaf][INFO] - annotations 1: [15]
[2024-04-21 02:08:06,248][openpifpaf.predictor][INFO] - batch 0: no-file-name
[2024-04-21 02:08:19,762][openpifpaf.decoder.cifcaf][INFO] - annotations 1: [15]
[2024-04-21 02:08:19,762][openpifpaf.predictor][INFO] - batch 0: no-file-name
[2024-04-21 02:08:20,320][openpifpaf.decoder.cifcaf][INFO] - annotations 1: [15]
[2024-04-21 02:08:20,320][openpifpaf.predictor][INFO] - batch 0: no-file-name
[2024-04-21 02:08:33,667][openpifpaf.decoder.cifcaf][INFO] - annotations 1: [15]
[2024-04-21 02:08:33,667][openpifpaf.predictor][INFO] - batch 0: no-file-name
[2024-04-21 02:08:34,197][openpifpaf.decoder.cifcaf][INFO] - annotations 1: [15]
[2024-04-21 02:08:34,198][openpifpaf.predictor][INFO] - batch 0: no-file-name
[2024-04-21 02:08:47,274][openpifpaf.decoder.cifcaf][INFO] - annotations 1: [15]
[2024-04-21 02:08:47,274][openpifpaf.predictor][INFO] - batch 0: no-file-name
[2024-04-21 02:08:47,766][openpifpaf.decoder.cifcaf][INFO] - annotations 1: [15]
[2024-04-21 02:08:47,767][openpifpaf.predictor][INFO] - batch 0: no-file-name
[2024-04-21 02:08:59,329][openpifpaf.decoder.cifcaf][INFO] - annotations 1: [15]
[2024-04-21 02:08:59,330][openpifpaf.predictor][INFO] - batch 0: no-file-name
[2024-04-21 02:08:59,762][openpifpaf.decoder.cifcaf][INFO] - annotations 1: [15]
[2024-04-21 02:08:59,763][openpifpaf.predictor][INFO] - batch 0: no-file-name
[2024-04-21 02:09:10,775][openpifpaf.decoder.cifcaf][INFO] - annotations 1: [15]
[2024-04-21 02:09:10,775][openpifpaf.predictor][INFO] - batch 0: no-file-name
[2024-04-21 02:09:11,331][openpifpaf.decoder.cifcaf][INFO] - annotations 1: [15]
[2024-04-21 02:09:11,331][openpifpaf.predictor][INFO] - batch 0: no-file-name
[2024-04-21 02:09:23,557][openpifpaf.decoder.cifcaf][INFO] - annotations 1: [15]
[2024-04-21 02:09:23,557][openpifpaf.predictor][INFO] - batch 0: no-file-name
[2024-04-21 02:09:24,083][openpifpaf.decoder.cifcaf][INFO] - annotations 1: [15]
[2024-04-21 02:09:24,083][openpifpaf.predictor][INFO] - batch 0: no-file-name
[2024-04-21 02:09:36,381][openpifpaf.decoder.cifcaf][INFO] - annotations 1: [15]
[2024-04-21 02:09:36,381][openpifpaf.predictor][INFO] - batch 0: no-file-name
[2024-04-21 02:09:36,893][openpifpaf.decoder.cifcaf][INFO] - annotations 1: [15]
[2024-04-21 02:09:36,893][openpifpaf.predictor][INFO] - batch 0: no-file-name
[2024-04-21 02:09:49,331][openpifpaf.decoder.cifcaf][INFO] - annotations 1: [15]
[2024-04-21 02:09:49,331][openpifpaf.predictor][INFO] - batch 0: no-file-name
[2024-04-21 02:09:49,859][openpifpaf.decoder.cifcaf][INFO] - annotations 1: [15]
[2024-04-21 02:09:49,860][openpifpaf.predictor][INFO] - batch 0: no-file-name
[2024-04-21 02:10:03,395][openpifpaf.decoder.cifcaf][INFO] - annotations 1: [15]
[2024-04-21 02:10:03,395][openpifpaf.predictor][INFO] - batch 0: no-file-name
[2024-04-21 02:10:03,954][openpifpaf.decoder.cifcaf][INFO] - annotations 1: [15]
[2024-04-21 02:10:03,954][openpifpaf.predictor][INFO] - batch 0: no-file-name
[2024-04-21 02:10:17,330][openpifpaf.decoder.cifcaf][INFO] - annotations 1: [15]
[2024-04-21 02:10:17,331][openpifpaf.predictor][INFO] - batch 0: no-file-name
[2024-04-21 02:10:17,891][openpifpaf.decoder.cifcaf][INFO] - annotations 1: [15]
[2024-04-21 02:10:17,892][openpifpaf.predictor][INFO] - batch 0: no-file-name
[2024-04-21 02:10:31,021][openpifpaf.decoder.cifcaf][INFO] - annotations 1: [15]
[2024-04-21 02:10:31,022][openpifpaf.predictor][INFO] - batch 0: no-file-name
[2024-04-21 02:10:31,569][openpifpaf.decoder.cifcaf][INFO] - annotations 1: [15]
[2024-04-21 02:10:31,569][openpifpaf.predictor][INFO] - batch 0: no-file-name
[2024-04-21 02:10:44,848][openpifpaf.decoder.cifcaf][INFO] - annotations 1: [15]
[2024-04-21 02:10:44,848][openpifpaf.predictor][INFO] - batch 0: no-file-name
[2024-04-21 02:10:45,396][openpifpaf.decoder.cifcaf][INFO] - annotations 1: [15]
[2024-04-21 02:10:45,397][openpifpaf.predictor][INFO] - batch 0: no-file-name
[2024-04-21 02:10:58,499][openpifpaf.decoder.cifcaf][INFO] - annotations 1: [15]
[2024-04-21 02:10:58,500][openpifpaf.predictor][INFO] - batch 0: no-file-name
[2024-04-21 02:10:59,090][openpifpaf.decoder.cifcaf][INFO] - annotations 1: [15]
[2024-04-21 02:10:59,090][openpifpaf.predictor][INFO] - batch 0: no-file-name
[2024-04-21 02:11:11,820][openpifpaf.decoder.cifcaf][INFO] - annotations 1: [15]
[2024-04-21 02:11:11,820][openpifpaf.predictor][INFO] - batch 0: no-file-name
[2024-04-21 02:11:12,426][openpifpaf.decoder.cifcaf][INFO] - annotations 1: [15]
[2024-04-21 02:11:12,426][openpifpaf.predictor][INFO] - batch 0: no-file-name
[2024-04-21 02:11:25,476][openpifpaf.decoder.cifcaf][INFO] - annotations 1: [15]
[2024-04-21 02:11:25,476][openpifpaf.predictor][INFO] - batch 0: no-file-name
[2024-04-21 02:11:26,085][openpifpaf.decoder.cifcaf][INFO] - annotations 1: [15]
[2024-04-21 02:11:26,085][openpifpaf.predictor][INFO] - batch 0: no-file-name
[2024-04-21 02:11:38,659][openpifpaf.decoder.cifcaf][INFO] - annotations 1: [15]
[2024-04-21 02:11:38,659][openpifpaf.predictor][INFO] - batch 0: no-file-name
[2024-04-21 02:11:39,199][openpifpaf.decoder.cifcaf][INFO] - annotations 1: [15]
[2024-04-21 02:11:39,200][openpifpaf.predictor][INFO] - batch 0: no-file-name
[2024-04-21 02:11:51,528][openpifpaf.decoder.cifcaf][INFO] - annotations 1: [15]
[2024-04-21 02:11:51,529][openpifpaf.predictor][INFO] - batch 0: no-file-name
[2024-04-21 02:11:52,131][openpifpaf.decoder.cifcaf][INFO] - annotations 1: [14]
[2024-04-21 02:11:52,132][openpifpaf.predictor][INFO] - batch 0: no-file-name
[2024-04-21 02:12:04,288][openpifpaf.decoder.cifcaf][INFO] - annotations 1: [14]
[2024-04-21 02:12:04,289][openpifpaf.predictor][INFO] - batch 0: no-file-name
[2024-04-21 02:12:04,865][openpifpaf.decoder.cifcaf][INFO] - annotations 1: [14]
[2024-04-21 02:12:04,866][openpifpaf.predictor][INFO] - batch 0: no-file-name
[2024-04-21 02:12:17,161][openpifpaf.decoder.cifcaf][INFO] - annotations 1: [14]
[2024-04-21 02:12:17,161][openpifpaf.predictor][INFO] - batch 0: no-file-name
[2024-04-21 02:12:17,757][openpifpaf.decoder.cifcaf][INFO] - annotations 1: [14]
[2024-04-21 02:12:17,757][openpifpaf.predictor][INFO] - batch 0: no-file-name
[2024-04-21 02:12:30,179][openpifpaf.decoder.cifcaf][INFO] - annotations 1: [14]
[2024-04-21 02:12:30,179][openpifpaf.predictor][INFO] - batch 0: no-file-name
[2024-04-21 02:12:30,735][openpifpaf.decoder.cifcaf][INFO] - annotations 1: [14]
[2024-04-21 02:12:30,735][openpifpaf.predictor][INFO] - batch 0: no-file-name
[2024-04-21 02:12:43,039][openpifpaf.decoder.cifcaf][INFO] - annotations 1: [14]
[2024-04-21 02:12:43,039][openpifpaf.predictor][INFO] - batch 0: no-file-name
[2024-04-21 02:12:43,576][openpifpaf.decoder.cifcaf][INFO] - annotations 1: [14]
[2024-04-21 02:12:43,576][openpifpaf.predictor][INFO] - batch 0: no-file-name
[2024-04-21 02:12:55,814][openpifpaf.decoder.cifcaf][INFO] - annotations 1: [14]
[2024-04-21 02:12:55,815][openpifpaf.predictor][INFO] - batch 0: no-file-name
[2024-04-21 02:12:56,351][openpifpaf.decoder.cifcaf][INFO] - annotations 1: [14]
[2024-04-21 02:12:56,351][openpifpaf.predictor][INFO] - batch 0: no-file-name
[2024-04-21 02:13:08,831][openpifpaf.decoder.cifcaf][INFO] - annotations 1: [14]
[2024-04-21 02:13:08,831][openpifpaf.predictor][INFO] - batch 0: no-file-name
[2024-04-21 02:13:09,375][openpifpaf.decoder.cifcaf][INFO] - annotations 1: [14]
[2024-04-21 02:13:09,375][openpifpaf.predictor][INFO] - batch 0: no-file-name
[2024-04-21 02:13:22,276][openpifpaf.decoder.cifcaf][INFO] - annotations 1: [14]
[2024-04-21 02:13:22,276][openpifpaf.predictor][INFO] - batch 0: no-file-name
[2024-04-21 02:13:22,859][openpifpaf.decoder.cifcaf][INFO] - annotations 1: [14]
[2024-04-21 02:13:22,860][openpifpaf.predictor][INFO] - batch 0: no-file-name
[2024-04-21 02:13:35,856][openpifpaf.decoder.cifcaf][INFO] - annotations 1: [14]
[2024-04-21 02:13:35,863][openpifpaf.predictor][INFO] - batch 0: no-file-name
[2024-04-21 02:13:36,422][openpifpaf.decoder.cifcaf][INFO] - annotations 1: [14]
[2024-04-21 02:13:36,422][openpifpaf.predictor][INFO] - batch 0: no-file-name
[2024-04-21 02:13:50,155][openpifpaf.decoder.cifcaf][INFO] - annotations 1: [14]
[2024-04-21 02:13:50,155][openpifpaf.predictor][INFO] - batch 0: no-file-name
[2024-04-21 02:13:50,749][openpifpaf.decoder.cifcaf][INFO] - annotations 1: [14]
[2024-04-21 02:13:50,749][openpifpaf.predictor][INFO] - batch 0: no-file-name
[2024-04-21 02:14:03,969][openpifpaf.decoder.cifcaf][INFO] - annotations 1: [14]
[2024-04-21 02:14:03,969][openpifpaf.predictor][INFO] - batch 0: no-file-name
[2024-04-21 02:14:04,554][openpifpaf.decoder.cifcaf][INFO] - annotations 1: [14]
[2024-04-21 02:14:04,554][openpifpaf.predictor][INFO] - batch 0: no-file-name
[2024-04-21 02:14:17,946][openpifpaf.decoder.cifcaf][INFO] - annotations 1: [14]
[2024-04-21 02:14:17,946][openpifpaf.predictor][INFO] - batch 0: no-file-name
[2024-04-21 02:14:18,528][openpifpaf.decoder.cifcaf][INFO] - annotations 1: [14]
[2024-04-21 02:14:18,528][openpifpaf.predictor][INFO] - batch 0: no-file-name
[2024-04-21 02:14:32,293][openpifpaf.decoder.cifcaf][INFO] - annotations 1: [14]
[2024-04-21 02:14:32,294][openpifpaf.predictor][INFO] - batch 0: no-file-name
[2024-04-21 02:14:32,912][openpifpaf.decoder.cifcaf][INFO] - annotations 1: [14]
[2024-04-21 02:14:32,912][openpifpaf.predictor][INFO] - batch 0: no-file-name
[2024-04-21 02:14:46,746][openpifpaf.decoder.cifcaf][INFO] - annotations 1: [14]
[2024-04-21 02:14:46,746][openpifpaf.predictor][INFO] - batch 0: no-file-name
[2024-04-21 02:14:47,395][openpifpaf.decoder.cifcaf][INFO] - annotations 1: [14]
[2024-04-21 02:14:47,395][openpifpaf.predictor][INFO] - batch 0: no-file-name
[2024-04-21 02:14:59,793][openpifpaf.decoder.cifcaf][INFO] - annotations 1: [14]
[2024-04-21 02:14:59,794][openpifpaf.predictor][INFO] - batch 0: no-file-name
[2024-04-21 02:15:00,361][openpifpaf.decoder.cifcaf][INFO] - annotations 1: [14]
[2024-04-21 02:15:00,361][openpifpaf.predictor][INFO] - batch 0: no-file-name
[2024-04-21 02:15:12,786][openpifpaf.decoder.cifcaf][INFO] - annotations 1: [14]
[2024-04-21 02:15:12,786][openpifpaf.predictor][INFO] - batch 0: no-file-name
[2024-04-21 02:15:13,326][openpifpaf.decoder.cifcaf][INFO] - annotations 1: [14]
[2024-04-21 02:15:13,326][openpifpaf.predictor][INFO] - batch 0: no-file-name
[2024-04-21 02:15:25,739][openpifpaf.decoder.cifcaf][INFO] - annotations 1: [14]
[2024-04-21 02:15:25,739][openpifpaf.predictor][INFO] - batch 0: no-file-name
[2024-04-21 02:15:26,304][openpifpaf.decoder.cifcaf][INFO] - annotations 1: [14]
[2024-04-21 02:15:26,305][openpifpaf.predictor][INFO] - batch 0: no-file-name
[2024-04-21 02:15:38,558][openpifpaf.decoder.cifcaf][INFO] - annotations 1: [14]
[2024-04-21 02:15:38,558][openpifpaf.predictor][INFO] - batch 0: no-file-name
[2024-04-21 02:15:39,088][openpifpaf.decoder.cifcaf][INFO] - annotations 1: [14]
[2024-04-21 02:15:39,088][openpifpaf.predictor][INFO] - batch 0: no-file-name
[2024-04-21 02:15:51,556][openpifpaf.decoder.cifcaf][INFO] - annotations 1: [14]
[2024-04-21 02:15:51,556][openpifpaf.predictor][INFO] - batch 0: no-file-name
[2024-04-21 02:15:52,074][openpifpaf.decoder.cifcaf][INFO] - annotations 1: [14]
[2024-04-21 02:15:52,074][openpifpaf.predictor][INFO] - batch 0: no-file-name
[2024-04-21 02:16:04,758][openpifpaf.decoder.cifcaf][INFO] - annotations 1: [14]
[2024-04-21 02:16:04,758][openpifpaf.predictor][INFO] - batch 0: no-file-name
[2024-04-21 02:16:05,251][openpifpaf.decoder.cifcaf][INFO] - annotations 1: [14]
[2024-04-21 02:16:05,251][openpifpaf.predictor][INFO] - batch 0: no-file-name
[2024-04-21 02:16:17,631][openpifpaf.decoder.cifcaf][INFO] - annotations 1: [14]
[2024-04-21 02:16:17,631][openpifpaf.predictor][INFO] - batch 0: no-file-name
[2024-04-21 02:16:18,105][openpifpaf.decoder.cifcaf][INFO] - annotations 1: [14]
[2024-04-21 02:16:18,105][openpifpaf.predictor][INFO] - batch 0: no-file-name
[2024-04-21 02:16:30,278][openpifpaf.decoder.cifcaf][INFO] - annotations 1: [14]
[2024-04-21 02:16:30,278][openpifpaf.predictor][INFO] - batch 0: no-file-name
[2024-04-21 02:16:30,755][openpifpaf.decoder.cifcaf][INFO] - annotations 1: [14]
[2024-04-21 02:16:30,756][openpifpaf.predictor][INFO] - batch 0: no-file-name
[2024-04-21 02:16:43,353][openpifpaf.decoder.cifcaf][INFO] - annotations 1: [14]
[2024-04-21 02:16:43,354][openpifpaf.predictor][INFO] - batch 0: no-file-name
[2024-04-21 02:16:43,813][openpifpaf.decoder.cifcaf][INFO] - annotations 1: [14]
[2024-04-21 02:16:43,814][openpifpaf.predictor][INFO] - batch 0: no-file-name
[2024-04-21 02:16:56,245][openpifpaf.decoder.cifcaf][INFO] - annotations 1: [14]
[2024-04-21 02:16:56,246][openpifpaf.predictor][INFO] - batch 0: no-file-name
[2024-04-21 02:16:56,682][openpifpaf.decoder.cifcaf][INFO] - annotations 1: [14]
[2024-04-21 02:16:56,682][openpifpaf.predictor][INFO] - batch 0: no-file-name
[2024-04-21 02:17:07,464][openpifpaf.decoder.cifcaf][INFO] - annotations 1: [14]
[2024-04-21 02:17:07,464][openpifpaf.predictor][INFO] - batch 0: no-file-name
[2024-04-21 02:17:07,882][openpifpaf.decoder.cifcaf][INFO] - annotations 1: [14]
[2024-04-21 02:17:07,882][openpifpaf.predictor][INFO] - batch 0: no-file-name
[2024-04-21 02:17:18,663][openpifpaf.decoder.cifcaf][INFO] - annotations 1: [14]
[2024-04-21 02:17:18,664][openpifpaf.predictor][INFO] - batch 0: no-file-name
[2024-04-21 02:17:19,070][openpifpaf.decoder.cifcaf][INFO] - annotations 1: [14]
[2024-04-21 02:17:19,070][openpifpaf.predictor][INFO] - batch 0: no-file-name
[2024-04-21 02:17:29,940][openpifpaf.decoder.cifcaf][INFO] - annotations 1: [14]
[2024-04-21 02:17:29,941][openpifpaf.predictor][INFO] - batch 0: no-file-name
[2024-04-21 02:17:30,396][openpifpaf.decoder.cifcaf][INFO] - annotations 1: [14]
[2024-04-21 02:17:30,396][openpifpaf.predictor][INFO] - batch 0: no-file-name
[2024-04-21 02:17:41,601][openpifpaf.decoder.cifcaf][INFO] - annotations 1: [14]
[2024-04-21 02:17:41,601][openpifpaf.predictor][INFO] - batch 0: no-file-name
[2024-04-21 02:17:42,064][openpifpaf.decoder.cifcaf][INFO] - annotations 1: [14]
[2024-04-21 02:17:42,065][openpifpaf.predictor][INFO] - batch 0: no-file-name
[2024-04-21 02:17:53,346][openpifpaf.decoder.cifcaf][INFO] - annotations 1: [14]
[2024-04-21 02:17:53,347][openpifpaf.predictor][INFO] - batch 0: no-file-name
[2024-04-21 02:17:53,826][openpifpaf.decoder.cifcaf][INFO] - annotations 1: [14]
[2024-04-21 02:17:53,826][openpifpaf.predictor][INFO] - batch 0: no-file-name
[2024-04-21 02:18:05,501][openpifpaf.decoder.cifcaf][INFO] - annotations 1: [14]
[2024-04-21 02:18:05,501][openpifpaf.predictor][INFO] - batch 0: no-file-name
[2024-04-21 02:18:05,973][openpifpaf.decoder.cifcaf][INFO] - annotations 1: [14]
[2024-04-21 02:18:05,973][openpifpaf.predictor][INFO] - batch 0: no-file-name
[2024-04-21 02:18:17,596][openpifpaf.decoder.cifcaf][INFO] - annotations 1: [14]
[2024-04-21 02:18:17,597][openpifpaf.predictor][INFO] - batch 0: no-file-name
[2024-04-21 02:18:18,069][openpifpaf.decoder.cifcaf][INFO] - annotations 1: [14]
[2024-04-21 02:18:18,069][openpifpaf.predictor][INFO] - batch 0: no-file-name
[2024-04-21 02:18:30,026][openpifpaf.decoder.cifcaf][INFO] - annotations 1: [14]
[2024-04-21 02:18:30,026][openpifpaf.predictor][INFO] - batch 0: no-file-name
[2024-04-21 02:18:30,499][openpifpaf.decoder.cifcaf][INFO] - annotations 1: [14]
[2024-04-21 02:18:30,499][openpifpaf.predictor][INFO] - batch 0: no-file-name
[2024-04-21 02:18:44,363][openpifpaf.decoder.cifcaf][INFO] - annotations 1: [14]
[2024-04-21 02:18:44,363][openpifpaf.predictor][INFO] - batch 0: no-file-name
[2024-04-21 02:18:44,881][openpifpaf.decoder.cifcaf][INFO] - annotations 1: [14]
[2024-04-21 02:18:44,882][openpifpaf.predictor][INFO] - batch 0: no-file-name
[2024-04-21 02:18:58,628][openpifpaf.decoder.cifcaf][INFO] - annotations 1: [14]
[2024-04-21 02:18:58,628][openpifpaf.predictor][INFO] - batch 0: no-file-name
[2024-04-21 02:18:59,134][openpifpaf.decoder.cifcaf][INFO] - annotations 1: [14]
[2024-04-21 02:18:59,134][openpifpaf.predictor][INFO] - batch 0: no-file-name
[2024-04-21 02:19:12,756][openpifpaf.decoder.cifcaf][INFO] - annotations 1: [15]
[2024-04-21 02:19:12,756][openpifpaf.predictor][INFO] - batch 0: no-file-name
[2024-04-21 02:19:13,261][openpifpaf.decoder.cifcaf][INFO] - annotations 1: [14]
[2024-04-21 02:19:13,261][openpifpaf.predictor][INFO] - batch 0: no-file-name
[2024-04-21 02:19:26,745][openpifpaf.decoder.cifcaf][INFO] - annotations 1: [14]
[2024-04-21 02:19:26,745][openpifpaf.predictor][INFO] - batch 0: no-file-name
[2024-04-21 02:19:27,245][openpifpaf.decoder.cifcaf][INFO] - annotations 1: [14]
[2024-04-21 02:19:27,245][openpifpaf.predictor][INFO] - batch 0: no-file-name
[2024-04-21 02:19:40,496][openpifpaf.decoder.cifcaf][INFO] - annotations 1: [14]
[2024-04-21 02:19:40,497][openpifpaf.predictor][INFO] - batch 0: no-file-name
[2024-04-21 02:19:40,999][openpifpaf.decoder.cifcaf][INFO] - annotations 1: [14]
[2024-04-21 02:19:40,999][openpifpaf.predictor][INFO] - batch 0: no-file-name
[2024-04-21 02:19:54,463][openpifpaf.decoder.cifcaf][INFO] - annotations 1: [14]
[2024-04-21 02:19:54,463][openpifpaf.predictor][INFO] - batch 0: no-file-name
[2024-04-21 02:19:54,961][openpifpaf.decoder.cifcaf][INFO] - annotations 1: [15]
[2024-04-21 02:19:54,962][openpifpaf.predictor][INFO] - batch 0: no-file-name
[2024-04-21 02:20:08,286][openpifpaf.decoder.cifcaf][INFO] - annotations 1: [15]
[2024-04-21 02:20:08,286][openpifpaf.predictor][INFO] - batch 0: no-file-name
[2024-04-21 02:20:08,802][openpifpaf.decoder.cifcaf][INFO] - annotations 1: [15]
[2024-04-21 02:20:08,803][openpifpaf.predictor][INFO] - batch 0: no-file-name
[2024-04-21 02:20:22,126][openpifpaf.decoder.cifcaf][INFO] - annotations 1: [15]
[2024-04-21 02:20:22,126][openpifpaf.predictor][INFO] - batch 0: no-file-name
[2024-04-21 02:20:22,652][openpifpaf.decoder.cifcaf][INFO] - annotations 1: [15]
[2024-04-21 02:20:22,652][openpifpaf.predictor][INFO] - batch 0: no-file-name
[2024-04-21 02:20:35,921][openpifpaf.decoder.cifcaf][INFO] - annotations 1: [15]
[2024-04-21 02:20:35,922][openpifpaf.predictor][INFO] - batch 0: no-file-name
[2024-04-21 02:20:36,444][openpifpaf.decoder.cifcaf][INFO] - annotations 1: [15]
[2024-04-21 02:20:36,445][openpifpaf.predictor][INFO] - batch 0: no-file-name
[2024-04-21 02:20:49,911][openpifpaf.decoder.cifcaf][INFO] - annotations 1: [15]
[2024-04-21 02:20:49,911][openpifpaf.predictor][INFO] - batch 0: no-file-name
[2024-04-21 02:20:50,493][openpifpaf.decoder.cifcaf][INFO] - annotations 1: [15]
[2024-04-21 02:20:50,493][openpifpaf.predictor][INFO] - batch 0: no-file-name
