[2024-04-22 04:03:39,130][root][INFO] - Successfully loaded settings:
==================================================
data:
  dataset_name: DPDataset
  data_root: data/frames/
  label_root: data/labels/
  keypoints_root: data/keypoints/
  venue_names:
  - 2023-01-17-livingroom
  - 2023-01-18-livingroom
  - 2023-01-19-livingroom
  - 2023-01-24-livingroom
  - 2023-01-25-livingroom
  - 2023-01-17-openoffice
  - 2023-01-18-openoffice
  - 2023-01-19-openoffice
  - 2023-01-24-openoffice
  - 2023-01-25-openoffice
model:
  tlength: 15
  featvec_joint: true
  hidden_size: 192
  attention_heads: 12
  num_layers: 6
  featvec_bb: false
  featvec_img: false
  omit_temporal_encoder: false
hardware:
  nworkers: 8
  gpus: 8
  bs: 32
task: train
incl_all: false
train_ratio: 0.7
split_method: time
overfit: false
ckpt: ./models/weight.ckpt
noanswer: false
movie: ./demo/example.mp4
lr: l
verbose: false
shrink_rate: 0.1
filter_joint: null
use_preprocessed: false
debug: false
hist_error: false
==================================================

[2024-04-22 04:03:39,130][root][WARNING] - Running DeePoint with CPU takes a long time.
[2024-04-22 04:03:39,358][openpifpaf.decoder.factory][INFO] - No specific decoder requested. Using the first one from:
  --decoder=cifcaf:0
  --decoder=posesimilarity:0
Use any of the above arguments to select one or multiple decoders and to suppress this message.
[2024-04-22 04:03:39,358][openpifpaf.predictor][INFO] - neural network device: cpu (CUDA available: False, count: 0)
[2024-04-22 04:03:39,982][openpifpaf.decoder.cifcaf][INFO] - annotations 1: [14]
[2024-04-22 04:03:39,982][openpifpaf.predictor][INFO] - batch 0: no-file-name
[2024-04-22 04:03:40,228][openpifpaf.decoder.cifcaf][INFO] - annotations 1: [13]
[2024-04-22 04:03:40,228][openpifpaf.predictor][INFO] - batch 0: no-file-name
[2024-04-22 04:03:40,471][openpifpaf.decoder.cifcaf][INFO] - annotations 1: [14]
[2024-04-22 04:03:40,472][openpifpaf.predictor][INFO] - batch 0: no-file-name
[2024-04-22 04:03:40,706][openpifpaf.decoder.cifcaf][INFO] - annotations 1: [14]
[2024-04-22 04:03:40,707][openpifpaf.predictor][INFO] - batch 0: no-file-name
[2024-04-22 04:03:40,904][openpifpaf.decoder.cifcaf][INFO] - annotations 1: [14]
[2024-04-22 04:03:40,905][openpifpaf.predictor][INFO] - batch 0: no-file-name
[2024-04-22 04:03:41,172][openpifpaf.decoder.cifcaf][INFO] - annotations 1: [13]
[2024-04-22 04:03:41,172][openpifpaf.predictor][INFO] - batch 0: no-file-name
[2024-04-22 04:03:41,410][openpifpaf.decoder.cifcaf][INFO] - annotations 1: [13]
[2024-04-22 04:03:41,410][openpifpaf.predictor][INFO] - batch 0: no-file-name
[2024-04-22 04:03:41,650][openpifpaf.decoder.cifcaf][INFO] - annotations 1: [14]
[2024-04-22 04:03:41,651][openpifpaf.predictor][INFO] - batch 0: no-file-name
[2024-04-22 04:03:41,998][openpifpaf.decoder.cifcaf][INFO] - annotations 1: [14]
[2024-04-22 04:03:41,998][openpifpaf.predictor][INFO] - batch 0: no-file-name
[2024-04-22 04:03:42,286][openpifpaf.decoder.cifcaf][INFO] - annotations 1: [14]
[2024-04-22 04:03:42,286][openpifpaf.predictor][INFO] - batch 0: no-file-name
[2024-04-22 04:03:42,552][openpifpaf.decoder.cifcaf][INFO] - annotations 1: [14]
[2024-04-22 04:03:42,552][openpifpaf.predictor][INFO] - batch 0: no-file-name
[2024-04-22 04:03:42,769][openpifpaf.decoder.cifcaf][INFO] - annotations 1: [14]
[2024-04-22 04:03:42,770][openpifpaf.predictor][INFO] - batch 0: no-file-name
[2024-04-22 04:03:43,098][openpifpaf.decoder.cifcaf][INFO] - annotations 1: [14]
[2024-04-22 04:03:43,098][openpifpaf.predictor][INFO] - batch 0: no-file-name
[2024-04-22 04:03:43,459][openpifpaf.decoder.cifcaf][INFO] - annotations 1: [14]
[2024-04-22 04:03:43,459][openpifpaf.predictor][INFO] - batch 0: no-file-name
[2024-04-22 04:03:43,779][openpifpaf.decoder.cifcaf][INFO] - annotations 1: [13]
[2024-04-22 04:03:43,780][openpifpaf.predictor][INFO] - batch 0: no-file-name
[2024-04-22 04:03:44,309][openpifpaf.decoder.cifcaf][INFO] - annotations 1: [13]
[2024-04-22 04:03:44,309][openpifpaf.predictor][INFO] - batch 0: no-file-name
