[2024-04-22 04:04:53,004][root][INFO] - Successfully loaded settings:
==================================================
data:
  dataset_name: DPDataset
  data_root: data/frames/
  label_root: data/labels/
  keypoints_root: data/keypoints/
  venue_names:
  - 2023-01-17-livingroom
  - 2023-01-18-livingroom
  - 2023-01-19-livingroom
  - 2023-01-24-livingroom
  - 2023-01-25-livingroom
  - 2023-01-17-openoffice
  - 2023-01-18-openoffice
  - 2023-01-19-openoffice
  - 2023-01-24-openoffice
  - 2023-01-25-openoffice
model:
  tlength: 15
  featvec_joint: true
  hidden_size: 192
  attention_heads: 12
  num_layers: 6
  featvec_bb: false
  featvec_img: false
  omit_temporal_encoder: false
hardware:
  nworkers: 8
  gpus: 8
  bs: 32
task: train
incl_all: false
train_ratio: 0.7
split_method: time
overfit: false
ckpt: ./models/weight.ckpt
noanswer: false
movie: ./demo/example.mp4
lr: l
verbose: false
shrink_rate: 0.1
filter_joint: null
use_preprocessed: false
debug: false
hist_error: false
==================================================

[2024-04-22 04:04:53,005][root][WARNING] - Running DeePoint with CPU takes a long time.
[2024-04-22 04:04:53,296][openpifpaf.decoder.factory][INFO] - No specific decoder requested. Using the first one from:
  --decoder=cifcaf:0
  --decoder=posesimilarity:0
Use any of the above arguments to select one or multiple decoders and to suppress this message.
[2024-04-22 04:04:53,297][openpifpaf.predictor][INFO] - neural network device: cpu (CUDA available: False, count: 0)
[2024-04-22 04:04:54,093][openpifpaf.decoder.cifcaf][INFO] - annotations 1: [14]
[2024-04-22 04:04:54,093][openpifpaf.predictor][INFO] - batch 0: no-file-name
[2024-04-22 04:04:54,303][openpifpaf.decoder.cifcaf][INFO] - annotations 1: [13]
[2024-04-22 04:04:54,304][openpifpaf.predictor][INFO] - batch 0: no-file-name
[2024-04-22 04:04:54,538][openpifpaf.decoder.cifcaf][INFO] - annotations 1: [14]
[2024-04-22 04:04:54,538][openpifpaf.predictor][INFO] - batch 0: no-file-name
[2024-04-22 04:04:54,752][openpifpaf.decoder.cifcaf][INFO] - annotations 1: [14]
[2024-04-22 04:04:54,752][openpifpaf.predictor][INFO] - batch 0: no-file-name
[2024-04-22 04:04:54,968][openpifpaf.decoder.cifcaf][INFO] - annotations 1: [14]
[2024-04-22 04:04:54,968][openpifpaf.predictor][INFO] - batch 0: no-file-name
[2024-04-22 04:04:55,159][openpifpaf.decoder.cifcaf][INFO] - annotations 1: [13]
[2024-04-22 04:04:55,160][openpifpaf.predictor][INFO] - batch 0: no-file-name
[2024-04-22 04:04:55,366][openpifpaf.decoder.cifcaf][INFO] - annotations 1: [13]
[2024-04-22 04:04:55,366][openpifpaf.predictor][INFO] - batch 0: no-file-name
[2024-04-22 04:04:55,591][openpifpaf.decoder.cifcaf][INFO] - annotations 1: [14]
[2024-04-22 04:04:55,592][openpifpaf.predictor][INFO] - batch 0: no-file-name
[2024-04-22 04:04:55,800][openpifpaf.decoder.cifcaf][INFO] - annotations 1: [14]
[2024-04-22 04:04:55,801][openpifpaf.predictor][INFO] - batch 0: no-file-name
[2024-04-22 04:04:56,029][openpifpaf.decoder.cifcaf][INFO] - annotations 1: [14]
[2024-04-22 04:04:56,029][openpifpaf.predictor][INFO] - batch 0: no-file-name
[2024-04-22 04:04:56,247][openpifpaf.decoder.cifcaf][INFO] - annotations 1: [14]
[2024-04-22 04:04:56,248][openpifpaf.predictor][INFO] - batch 0: no-file-name
[2024-04-22 04:04:56,436][openpifpaf.decoder.cifcaf][INFO] - annotations 1: [14]
[2024-04-22 04:04:56,437][openpifpaf.predictor][INFO] - batch 0: no-file-name
[2024-04-22 04:04:56,641][openpifpaf.decoder.cifcaf][INFO] - annotations 1: [14]
[2024-04-22 04:04:56,641][openpifpaf.predictor][INFO] - batch 0: no-file-name
[2024-04-22 04:04:56,859][openpifpaf.decoder.cifcaf][INFO] - annotations 1: [14]
[2024-04-22 04:04:56,859][openpifpaf.predictor][INFO] - batch 0: no-file-name
[2024-04-22 04:04:57,055][openpifpaf.decoder.cifcaf][INFO] - annotations 1: [13]
[2024-04-22 04:04:57,055][openpifpaf.predictor][INFO] - batch 0: no-file-name
[2024-04-22 04:04:57,561][openpifpaf.decoder.cifcaf][INFO] - annotations 1: [13]
[2024-04-22 04:04:57,561][openpifpaf.predictor][INFO] - batch 0: no-file-name
[2024-04-22 04:05:11,742][openpifpaf.decoder.cifcaf][INFO] - annotations 1: [13]
[2024-04-22 04:05:11,743][openpifpaf.predictor][INFO] - batch 0: no-file-name
[2024-04-22 04:05:12,280][openpifpaf.decoder.cifcaf][INFO] - annotations 1: [14]
[2024-04-22 04:05:12,280][openpifpaf.predictor][INFO] - batch 0: no-file-name
[2024-04-22 04:05:25,705][openpifpaf.decoder.cifcaf][INFO] - annotations 1: [14]
[2024-04-22 04:05:25,705][openpifpaf.predictor][INFO] - batch 0: no-file-name
[2024-04-22 04:05:26,236][openpifpaf.decoder.cifcaf][INFO] - annotations 1: [14]
[2024-04-22 04:05:26,237][openpifpaf.predictor][INFO] - batch 0: no-file-name
[2024-04-22 04:05:40,309][openpifpaf.decoder.cifcaf][INFO] - annotations 1: [14]
[2024-04-22 04:05:40,310][openpifpaf.predictor][INFO] - batch 0: no-file-name
[2024-04-22 04:05:40,864][openpifpaf.decoder.cifcaf][INFO] - annotations 1: [14]
[2024-04-22 04:05:40,865][openpifpaf.predictor][INFO] - batch 0: no-file-name
[2024-04-22 04:05:54,228][openpifpaf.decoder.cifcaf][INFO] - annotations 1: [14]
[2024-04-22 04:05:54,228][openpifpaf.predictor][INFO] - batch 0: no-file-name
[2024-04-22 04:05:54,758][openpifpaf.decoder.cifcaf][INFO] - annotations 1: [14]
[2024-04-22 04:05:54,758][openpifpaf.predictor][INFO] - batch 0: no-file-name
