[2024-04-21 23:22:55,479][root][INFO] - Successfully loaded settings:
==================================================
data:
  dataset_name: DPDataset
  data_root: data/frames/
  label_root: data/labels/
  keypoints_root: data/keypoints/
  venue_names:
  - 2023-01-17-livingroom
  - 2023-01-18-livingroom
  - 2023-01-19-livingroom
  - 2023-01-24-livingroom
  - 2023-01-25-livingroom
  - 2023-01-17-openoffice
  - 2023-01-18-openoffice
  - 2023-01-19-openoffice
  - 2023-01-24-openoffice
  - 2023-01-25-openoffice
model:
  tlength: 15
  featvec_joint: true
  hidden_size: 192
  attention_heads: 12
  num_layers: 6
  featvec_bb: false
  featvec_img: false
  omit_temporal_encoder: false
hardware:
  nworkers: 8
  gpus: 8
  bs: 32
task: train
incl_all: false
train_ratio: 0.7
split_method: time
overfit: false
ckpt: ./models/weight.ckpt
noanswer: false
movie: ./demo/JK_demo_1.mp4
lr: r
verbose: false
shrink_rate: 0.1
filter_joint: null
use_preprocessed: false
debug: false
hist_error: false
==================================================

[2024-04-21 23:22:55,479][root][WARNING] - Running DeePoint with CPU takes a long time.
[2024-04-21 23:22:55,707][openpifpaf.decoder.factory][INFO] - No specific decoder requested. Using the first one from:
  --decoder=cifcaf:0
  --decoder=posesimilarity:0
Use any of the above arguments to select one or multiple decoders and to suppress this message.
[2024-04-21 23:22:55,707][openpifpaf.predictor][INFO] - neural network device: cpu (CUDA available: False, count: 0)
[2024-04-21 23:22:56,185][openpifpaf.decoder.cifcaf][INFO] - annotations 1: [15]
[2024-04-21 23:22:56,185][openpifpaf.predictor][INFO] - batch 0: no-file-name
[2024-04-21 23:22:56,353][openpifpaf.decoder.cifcaf][INFO] - annotations 1: [15]
[2024-04-21 23:22:56,353][openpifpaf.predictor][INFO] - batch 0: no-file-name
[2024-04-21 23:22:56,537][openpifpaf.decoder.cifcaf][INFO] - annotations 1: [15]
[2024-04-21 23:22:56,537][openpifpaf.predictor][INFO] - batch 0: no-file-name
[2024-04-21 23:22:56,723][openpifpaf.decoder.cifcaf][INFO] - annotations 1: [15]
[2024-04-21 23:22:56,723][openpifpaf.predictor][INFO] - batch 0: no-file-name
[2024-04-21 23:22:56,890][openpifpaf.decoder.cifcaf][INFO] - annotations 1: [15]
[2024-04-21 23:22:56,890][openpifpaf.predictor][INFO] - batch 0: no-file-name
[2024-04-21 23:22:57,078][openpifpaf.decoder.cifcaf][INFO] - annotations 1: [15]
[2024-04-21 23:22:57,078][openpifpaf.predictor][INFO] - batch 0: no-file-name
[2024-04-21 23:22:57,266][openpifpaf.decoder.cifcaf][INFO] - annotations 1: [15]
[2024-04-21 23:22:57,267][openpifpaf.predictor][INFO] - batch 0: no-file-name
[2024-04-21 23:22:57,453][openpifpaf.decoder.cifcaf][INFO] - annotations 1: [15]
[2024-04-21 23:22:57,453][openpifpaf.predictor][INFO] - batch 0: no-file-name
[2024-04-21 23:22:57,641][openpifpaf.decoder.cifcaf][INFO] - annotations 1: [15]
[2024-04-21 23:22:57,641][openpifpaf.predictor][INFO] - batch 0: no-file-name
[2024-04-21 23:22:57,828][openpifpaf.decoder.cifcaf][INFO] - annotations 1: [15]
[2024-04-21 23:22:57,828][openpifpaf.predictor][INFO] - batch 0: no-file-name
[2024-04-21 23:22:58,015][openpifpaf.decoder.cifcaf][INFO] - annotations 1: [15]
[2024-04-21 23:22:58,015][openpifpaf.predictor][INFO] - batch 0: no-file-name
[2024-04-21 23:22:58,205][openpifpaf.decoder.cifcaf][INFO] - annotations 1: [15]
[2024-04-21 23:22:58,206][openpifpaf.predictor][INFO] - batch 0: no-file-name
[2024-04-21 23:22:58,398][openpifpaf.decoder.cifcaf][INFO] - annotations 1: [15]
[2024-04-21 23:22:58,398][openpifpaf.predictor][INFO] - batch 0: no-file-name
[2024-04-21 23:22:58,586][openpifpaf.decoder.cifcaf][INFO] - annotations 1: [15]
[2024-04-21 23:22:58,586][openpifpaf.predictor][INFO] - batch 0: no-file-name
[2024-04-21 23:22:58,779][openpifpaf.decoder.cifcaf][INFO] - annotations 1: [15]
[2024-04-21 23:22:58,779][openpifpaf.predictor][INFO] - batch 0: no-file-name
[2024-04-21 23:22:59,223][openpifpaf.decoder.cifcaf][INFO] - annotations 1: [15]
[2024-04-21 23:22:59,223][openpifpaf.predictor][INFO] - batch 0: no-file-name
