[2024-04-22 02:13:46,762][root][INFO] - Successfully loaded settings:
==================================================
data:
  dataset_name: DPDataset
  data_root: data/frames/
  label_root: data/labels/
  keypoints_root: data/keypoints/
  venue_names:
  - 2023-01-17-livingroom
  - 2023-01-18-livingroom
  - 2023-01-19-livingroom
  - 2023-01-24-livingroom
  - 2023-01-25-livingroom
  - 2023-01-17-openoffice
  - 2023-01-18-openoffice
  - 2023-01-19-openoffice
  - 2023-01-24-openoffice
  - 2023-01-25-openoffice
model:
  tlength: 15
  featvec_joint: true
  hidden_size: 192
  attention_heads: 12
  num_layers: 6
  featvec_bb: false
  featvec_img: false
  omit_temporal_encoder: false
hardware:
  nworkers: 8
  gpus: 8
  bs: 32
task: train
incl_all: false
train_ratio: 0.7
split_method: time
overfit: false
ckpt: ./models/weight.ckpt
noanswer: false
movie: ./demo/example.mp4
lr: r
verbose: false
shrink_rate: 0.1
filter_joint: null
use_preprocessed: false
debug: false
hist_error: false
==================================================

[2024-04-22 02:13:46,763][root][WARNING] - Running DeePoint with CPU takes a long time.
[2024-04-22 02:13:46,963][openpifpaf.decoder.factory][INFO] - No specific decoder requested. Using the first one from:
  --decoder=cifcaf:0
  --decoder=posesimilarity:0
Use any of the above arguments to select one or multiple decoders and to suppress this message.
[2024-04-22 02:13:46,963][openpifpaf.predictor][INFO] - neural network device: cpu (CUDA available: False, count: 0)
[2024-04-22 02:13:47,397][openpifpaf.decoder.cifcaf][INFO] - annotations 1: [14]
[2024-04-22 02:13:47,397][openpifpaf.predictor][INFO] - batch 0: no-file-name
[2024-04-22 02:13:47,521][openpifpaf.decoder.cifcaf][INFO] - annotations 1: [13]
[2024-04-22 02:13:47,522][openpifpaf.predictor][INFO] - batch 0: no-file-name
[2024-04-22 02:13:47,646][openpifpaf.decoder.cifcaf][INFO] - annotations 1: [14]
[2024-04-22 02:13:47,646][openpifpaf.predictor][INFO] - batch 0: no-file-name
[2024-04-22 02:13:47,771][openpifpaf.decoder.cifcaf][INFO] - annotations 1: [14]
[2024-04-22 02:13:47,772][openpifpaf.predictor][INFO] - batch 0: no-file-name
[2024-04-22 02:13:47,896][openpifpaf.decoder.cifcaf][INFO] - annotations 1: [14]
[2024-04-22 02:13:47,896][openpifpaf.predictor][INFO] - batch 0: no-file-name
[2024-04-22 02:13:48,019][openpifpaf.decoder.cifcaf][INFO] - annotations 1: [13]
[2024-04-22 02:13:48,020][openpifpaf.predictor][INFO] - batch 0: no-file-name
[2024-04-22 02:13:48,144][openpifpaf.decoder.cifcaf][INFO] - annotations 1: [13]
[2024-04-22 02:13:48,144][openpifpaf.predictor][INFO] - batch 0: no-file-name
[2024-04-22 02:13:48,276][openpifpaf.decoder.cifcaf][INFO] - annotations 1: [14]
[2024-04-22 02:13:48,276][openpifpaf.predictor][INFO] - batch 0: no-file-name
[2024-04-22 02:13:48,402][openpifpaf.decoder.cifcaf][INFO] - annotations 1: [14]
[2024-04-22 02:13:48,402][openpifpaf.predictor][INFO] - batch 0: no-file-name
[2024-04-22 02:13:48,528][openpifpaf.decoder.cifcaf][INFO] - annotations 1: [14]
[2024-04-22 02:13:48,528][openpifpaf.predictor][INFO] - batch 0: no-file-name
[2024-04-22 02:13:48,655][openpifpaf.decoder.cifcaf][INFO] - annotations 1: [14]
[2024-04-22 02:13:48,655][openpifpaf.predictor][INFO] - batch 0: no-file-name
[2024-04-22 02:13:48,783][openpifpaf.decoder.cifcaf][INFO] - annotations 1: [14]
[2024-04-22 02:13:48,784][openpifpaf.predictor][INFO] - batch 0: no-file-name
[2024-04-22 02:13:48,910][openpifpaf.decoder.cifcaf][INFO] - annotations 1: [14]
[2024-04-22 02:13:48,910][openpifpaf.predictor][INFO] - batch 0: no-file-name
[2024-04-22 02:13:49,040][openpifpaf.decoder.cifcaf][INFO] - annotations 1: [14]
[2024-04-22 02:13:49,040][openpifpaf.predictor][INFO] - batch 0: no-file-name
[2024-04-22 02:13:49,194][openpifpaf.decoder.cifcaf][INFO] - annotations 1: [13]
[2024-04-22 02:13:49,195][openpifpaf.predictor][INFO] - batch 0: no-file-name
[2024-04-22 02:13:49,593][openpifpaf.decoder.cifcaf][INFO] - annotations 1: [13]
[2024-04-22 02:13:49,593][openpifpaf.predictor][INFO] - batch 0: no-file-name
[2024-04-22 02:14:03,270][openpifpaf.decoder.cifcaf][INFO] - annotations 1: [13]
[2024-04-22 02:14:03,270][openpifpaf.predictor][INFO] - batch 0: no-file-name
[2024-04-22 02:14:03,743][openpifpaf.decoder.cifcaf][INFO] - annotations 1: [14]
[2024-04-22 02:14:03,743][openpifpaf.predictor][INFO] - batch 0: no-file-name
[2024-04-22 02:14:20,073][openpifpaf.decoder.cifcaf][INFO] - annotations 1: [14]
[2024-04-22 02:14:20,073][openpifpaf.predictor][INFO] - batch 0: no-file-name
[2024-04-22 02:14:20,476][openpifpaf.decoder.cifcaf][INFO] - annotations 1: [14]
[2024-04-22 02:14:20,476][openpifpaf.predictor][INFO] - batch 0: no-file-name
[2024-04-22 02:14:37,480][openpifpaf.decoder.cifcaf][INFO] - annotations 1: [14]
[2024-04-22 02:14:37,481][openpifpaf.predictor][INFO] - batch 0: no-file-name
[2024-04-22 02:14:37,910][openpifpaf.decoder.cifcaf][INFO] - annotations 1: [14]
[2024-04-22 02:14:37,911][openpifpaf.predictor][INFO] - batch 0: no-file-name
