[2024-04-24 07:17:48,106][root][INFO] - Successfully loaded settings:
==================================================
data:
  dataset_name: DPDataset
  data_root: data/frames/
  label_root: data/labels/
  keypoints_root: data/keypoints/
  venue_names:
  - 2023-01-17-livingroom
  - 2023-01-18-livingroom
  - 2023-01-19-livingroom
  - 2023-01-24-livingroom
  - 2023-01-25-livingroom
  - 2023-01-17-openoffice
  - 2023-01-18-openoffice
  - 2023-01-19-openoffice
  - 2023-01-24-openoffice
  - 2023-01-25-openoffice
model:
  tlength: 15
  featvec_joint: true
  hidden_size: 192
  attention_heads: 12
  num_layers: 6
  featvec_bb: false
  featvec_img: false
  omit_temporal_encoder: false
hardware:
  nworkers: 8
  gpus: 8
  bs: 32
task: train
incl_all: false
train_ratio: 0.7
split_method: time
overfit: false
ckpt: ./models/weight.ckpt
noanswer: false
movie: ./demo/JK_demo_1.mp4
lr: r
verbose: false
shrink_rate: 0.1
filter_joint: null
use_preprocessed: false
debug: false
hist_error: false
==================================================

[2024-04-24 07:17:48,106][root][WARNING] - Running DeePoint with CPU takes a long time.
[2024-04-24 07:17:48,866][openpifpaf.decoder.factory][INFO] - No specific decoder requested. Using the first one from:
  --decoder=cifcaf:0
  --decoder=posesimilarity:0
Use any of the above arguments to select one or multiple decoders and to suppress this message.
[2024-04-24 07:17:48,868][openpifpaf.predictor][INFO] - neural network device: cpu (CUDA available: False, count: 0)
[2024-04-24 07:17:50,031][openpifpaf.decoder.cifcaf][INFO] - annotations 1: [15]
[2024-04-24 07:17:50,032][openpifpaf.predictor][INFO] - batch 0: no-file-name
[2024-04-24 07:17:50,219][openpifpaf.decoder.cifcaf][INFO] - annotations 1: [15]
[2024-04-24 07:17:50,220][openpifpaf.predictor][INFO] - batch 0: no-file-name
[2024-04-24 07:17:50,401][openpifpaf.decoder.cifcaf][INFO] - annotations 1: [15]
[2024-04-24 07:17:50,402][openpifpaf.predictor][INFO] - batch 0: no-file-name
[2024-04-24 07:17:50,595][openpifpaf.decoder.cifcaf][INFO] - annotations 1: [15]
[2024-04-24 07:17:50,595][openpifpaf.predictor][INFO] - batch 0: no-file-name
[2024-04-24 07:17:50,776][openpifpaf.decoder.cifcaf][INFO] - annotations 1: [15]
[2024-04-24 07:17:50,776][openpifpaf.predictor][INFO] - batch 0: no-file-name
[2024-04-24 07:17:51,007][openpifpaf.decoder.cifcaf][INFO] - annotations 1: [15]
[2024-04-24 07:17:51,008][openpifpaf.predictor][INFO] - batch 0: no-file-name
[2024-04-24 07:17:51,182][openpifpaf.decoder.cifcaf][INFO] - annotations 1: [15]
[2024-04-24 07:17:51,182][openpifpaf.predictor][INFO] - batch 0: no-file-name
[2024-04-24 07:17:51,376][openpifpaf.decoder.cifcaf][INFO] - annotations 1: [15]
[2024-04-24 07:17:51,376][openpifpaf.predictor][INFO] - batch 0: no-file-name
[2024-04-24 07:17:51,572][openpifpaf.decoder.cifcaf][INFO] - annotations 1: [15]
[2024-04-24 07:17:51,572][openpifpaf.predictor][INFO] - batch 0: no-file-name
[2024-04-24 07:17:51,755][openpifpaf.decoder.cifcaf][INFO] - annotations 1: [15]
[2024-04-24 07:17:51,755][openpifpaf.predictor][INFO] - batch 0: no-file-name
[2024-04-24 07:17:51,937][openpifpaf.decoder.cifcaf][INFO] - annotations 1: [15]
[2024-04-24 07:17:51,937][openpifpaf.predictor][INFO] - batch 0: no-file-name
[2024-04-24 07:17:52,125][openpifpaf.decoder.cifcaf][INFO] - annotations 1: [15]
[2024-04-24 07:17:52,125][openpifpaf.predictor][INFO] - batch 0: no-file-name
[2024-04-24 07:17:52,342][openpifpaf.decoder.cifcaf][INFO] - annotations 1: [15]
[2024-04-24 07:17:52,343][openpifpaf.predictor][INFO] - batch 0: no-file-name
[2024-04-24 07:17:52,529][openpifpaf.decoder.cifcaf][INFO] - annotations 1: [15]
[2024-04-24 07:17:52,530][openpifpaf.predictor][INFO] - batch 0: no-file-name
[2024-04-24 07:17:52,747][openpifpaf.decoder.cifcaf][INFO] - annotations 1: [15]
[2024-04-24 07:17:52,747][openpifpaf.predictor][INFO] - batch 0: no-file-name
[2024-04-24 07:17:53,194][openpifpaf.decoder.cifcaf][INFO] - annotations 1: [15]
[2024-04-24 07:17:53,194][openpifpaf.predictor][INFO] - batch 0: no-file-name
[2024-04-24 07:18:06,442][openpifpaf.decoder.cifcaf][INFO] - annotations 1: [15]
[2024-04-24 07:18:06,442][openpifpaf.predictor][INFO] - batch 0: no-file-name
[2024-04-24 07:18:06,989][openpifpaf.decoder.cifcaf][INFO] - annotations 1: [15]
[2024-04-24 07:18:06,989][openpifpaf.predictor][INFO] - batch 0: no-file-name
[2024-04-24 07:18:18,960][openpifpaf.decoder.cifcaf][INFO] - annotations 1: [15]
[2024-04-24 07:18:18,960][openpifpaf.predictor][INFO] - batch 0: no-file-name
[2024-04-24 07:18:19,443][openpifpaf.decoder.cifcaf][INFO] - annotations 1: [15]
[2024-04-24 07:18:19,444][openpifpaf.predictor][INFO] - batch 0: no-file-name
[2024-04-24 07:18:31,464][openpifpaf.decoder.cifcaf][INFO] - annotations 1: [15]
[2024-04-24 07:18:31,465][openpifpaf.predictor][INFO] - batch 0: no-file-name
[2024-04-24 07:18:31,940][openpifpaf.decoder.cifcaf][INFO] - annotations 1: [15]
[2024-04-24 07:18:31,940][openpifpaf.predictor][INFO] - batch 0: no-file-name
[2024-04-24 07:18:43,782][openpifpaf.decoder.cifcaf][INFO] - annotations 1: [15]
[2024-04-24 07:18:43,782][openpifpaf.predictor][INFO] - batch 0: no-file-name
[2024-04-24 07:18:44,278][openpifpaf.decoder.cifcaf][INFO] - annotations 1: [15]
[2024-04-24 07:18:44,278][openpifpaf.predictor][INFO] - batch 0: no-file-name
[2024-04-24 07:18:56,301][openpifpaf.decoder.cifcaf][INFO] - annotations 1: [15]
[2024-04-24 07:18:56,301][openpifpaf.predictor][INFO] - batch 0: no-file-name
[2024-04-24 07:18:56,783][openpifpaf.decoder.cifcaf][INFO] - annotations 1: [15]
[2024-04-24 07:18:56,783][openpifpaf.predictor][INFO] - batch 0: no-file-name
[2024-04-24 07:19:08,732][openpifpaf.decoder.cifcaf][INFO] - annotations 1: [15]
[2024-04-24 07:19:08,733][openpifpaf.predictor][INFO] - batch 0: no-file-name
[2024-04-24 07:19:09,198][openpifpaf.decoder.cifcaf][INFO] - annotations 1: [15]
[2024-04-24 07:19:09,198][openpifpaf.predictor][INFO] - batch 0: no-file-name
[2024-04-24 07:19:21,120][openpifpaf.decoder.cifcaf][INFO] - annotations 1: [15]
[2024-04-24 07:19:21,121][openpifpaf.predictor][INFO] - batch 0: no-file-name
[2024-04-24 07:19:21,597][openpifpaf.decoder.cifcaf][INFO] - annotations 1: [15]
[2024-04-24 07:19:21,597][openpifpaf.predictor][INFO] - batch 0: no-file-name
[2024-04-24 07:19:33,443][openpifpaf.decoder.cifcaf][INFO] - annotations 1: [15]
[2024-04-24 07:19:33,443][openpifpaf.predictor][INFO] - batch 0: no-file-name
[2024-04-24 07:19:33,931][openpifpaf.decoder.cifcaf][INFO] - annotations 1: [15]
[2024-04-24 07:19:33,931][openpifpaf.predictor][INFO] - batch 0: no-file-name
[2024-04-24 07:19:45,910][openpifpaf.decoder.cifcaf][INFO] - annotations 1: [15]
[2024-04-24 07:19:45,910][openpifpaf.predictor][INFO] - batch 0: no-file-name
[2024-04-24 07:19:46,391][openpifpaf.decoder.cifcaf][INFO] - annotations 1: [15]
[2024-04-24 07:19:46,392][openpifpaf.predictor][INFO] - batch 0: no-file-name
[2024-04-24 07:19:58,374][openpifpaf.decoder.cifcaf][INFO] - annotations 1: [15]
[2024-04-24 07:19:58,374][openpifpaf.predictor][INFO] - batch 0: no-file-name
[2024-04-24 07:19:58,889][openpifpaf.decoder.cifcaf][INFO] - annotations 1: [15]
[2024-04-24 07:19:58,889][openpifpaf.predictor][INFO] - batch 0: no-file-name
[2024-04-24 07:20:10,982][openpifpaf.decoder.cifcaf][INFO] - annotations 1: [15]
[2024-04-24 07:20:10,982][openpifpaf.predictor][INFO] - batch 0: no-file-name
[2024-04-24 07:20:11,488][openpifpaf.decoder.cifcaf][INFO] - annotations 1: [15]
[2024-04-24 07:20:11,489][openpifpaf.predictor][INFO] - batch 0: no-file-name
[2024-04-24 07:20:23,440][openpifpaf.decoder.cifcaf][INFO] - annotations 1: [15]
[2024-04-24 07:20:23,441][openpifpaf.predictor][INFO] - batch 0: no-file-name
[2024-04-24 07:20:23,946][openpifpaf.decoder.cifcaf][INFO] - annotations 1: [15]
[2024-04-24 07:20:23,946][openpifpaf.predictor][INFO] - batch 0: no-file-name
[2024-04-24 07:20:35,953][openpifpaf.decoder.cifcaf][INFO] - annotations 1: [15]
[2024-04-24 07:20:35,953][openpifpaf.predictor][INFO] - batch 0: no-file-name
[2024-04-24 07:20:36,458][openpifpaf.decoder.cifcaf][INFO] - annotations 1: [15]
[2024-04-24 07:20:36,459][openpifpaf.predictor][INFO] - batch 0: no-file-name
[2024-04-24 07:20:49,248][openpifpaf.decoder.cifcaf][INFO] - annotations 1: [15]
[2024-04-24 07:20:49,248][openpifpaf.predictor][INFO] - batch 0: no-file-name
[2024-04-24 07:20:49,960][openpifpaf.decoder.cifcaf][INFO] - annotations 1: [15]
[2024-04-24 07:20:49,960][openpifpaf.predictor][INFO] - batch 0: no-file-name
[2024-04-24 07:21:02,626][openpifpaf.decoder.cifcaf][INFO] - annotations 1: [15]
[2024-04-24 07:21:02,627][openpifpaf.predictor][INFO] - batch 0: no-file-name
[2024-04-24 07:21:03,136][openpifpaf.decoder.cifcaf][INFO] - annotations 1: [15]
[2024-04-24 07:21:03,136][openpifpaf.predictor][INFO] - batch 0: no-file-name
[2024-04-24 07:21:15,041][openpifpaf.decoder.cifcaf][INFO] - annotations 1: [15]
[2024-04-24 07:21:15,041][openpifpaf.predictor][INFO] - batch 0: no-file-name
[2024-04-24 07:21:15,553][openpifpaf.decoder.cifcaf][INFO] - annotations 1: [15]
[2024-04-24 07:21:15,553][openpifpaf.predictor][INFO] - batch 0: no-file-name
[2024-04-24 07:21:27,345][openpifpaf.decoder.cifcaf][INFO] - annotations 1: [15]
[2024-04-24 07:21:27,345][openpifpaf.predictor][INFO] - batch 0: no-file-name
[2024-04-24 07:21:27,856][openpifpaf.decoder.cifcaf][INFO] - annotations 1: [15]
[2024-04-24 07:21:27,856][openpifpaf.predictor][INFO] - batch 0: no-file-name
[2024-04-24 07:21:39,766][openpifpaf.decoder.cifcaf][INFO] - annotations 1: [15]
[2024-04-24 07:21:39,767][openpifpaf.predictor][INFO] - batch 0: no-file-name
[2024-04-24 07:21:40,278][openpifpaf.decoder.cifcaf][INFO] - annotations 1: [15]
[2024-04-24 07:21:40,278][openpifpaf.predictor][INFO] - batch 0: no-file-name
[2024-04-24 07:21:52,058][openpifpaf.decoder.cifcaf][INFO] - annotations 1: [15]
[2024-04-24 07:21:52,058][openpifpaf.predictor][INFO] - batch 0: no-file-name
[2024-04-24 07:21:52,560][openpifpaf.decoder.cifcaf][INFO] - annotations 1: [15]
[2024-04-24 07:21:52,560][openpifpaf.predictor][INFO] - batch 0: no-file-name
[2024-04-24 07:22:04,440][openpifpaf.decoder.cifcaf][INFO] - annotations 1: [15]
[2024-04-24 07:22:04,440][openpifpaf.predictor][INFO] - batch 0: no-file-name
[2024-04-24 07:22:04,929][openpifpaf.decoder.cifcaf][INFO] - annotations 1: [15]
[2024-04-24 07:22:04,929][openpifpaf.predictor][INFO] - batch 0: no-file-name
[2024-04-24 07:22:16,843][openpifpaf.decoder.cifcaf][INFO] - annotations 1: [15]
[2024-04-24 07:22:16,843][openpifpaf.predictor][INFO] - batch 0: no-file-name
[2024-04-24 07:22:17,345][openpifpaf.decoder.cifcaf][INFO] - annotations 1: [15]
[2024-04-24 07:22:17,345][openpifpaf.predictor][INFO] - batch 0: no-file-name
[2024-04-24 07:22:29,230][openpifpaf.decoder.cifcaf][INFO] - annotations 1: [15]
[2024-04-24 07:22:29,231][openpifpaf.predictor][INFO] - batch 0: no-file-name
[2024-04-24 07:22:29,720][openpifpaf.decoder.cifcaf][INFO] - annotations 1: [15]
[2024-04-24 07:22:29,720][openpifpaf.predictor][INFO] - batch 0: no-file-name
[2024-04-24 07:22:41,644][openpifpaf.decoder.cifcaf][INFO] - annotations 1: [15]
[2024-04-24 07:22:41,644][openpifpaf.predictor][INFO] - batch 0: no-file-name
[2024-04-24 07:22:42,120][openpifpaf.decoder.cifcaf][INFO] - annotations 1: [15]
[2024-04-24 07:22:42,121][openpifpaf.predictor][INFO] - batch 0: no-file-name
[2024-04-24 07:22:54,053][openpifpaf.decoder.cifcaf][INFO] - annotations 1: [15]
[2024-04-24 07:22:54,053][openpifpaf.predictor][INFO] - batch 0: no-file-name
[2024-04-24 07:22:54,547][openpifpaf.decoder.cifcaf][INFO] - annotations 1: [15]
[2024-04-24 07:22:54,547][openpifpaf.predictor][INFO] - batch 0: no-file-name
[2024-04-24 07:23:06,440][openpifpaf.decoder.cifcaf][INFO] - annotations 1: [15]
[2024-04-24 07:23:06,440][openpifpaf.predictor][INFO] - batch 0: no-file-name
[2024-04-24 07:23:06,918][openpifpaf.decoder.cifcaf][INFO] - annotations 1: [15]
[2024-04-24 07:23:06,918][openpifpaf.predictor][INFO] - batch 0: no-file-name
[2024-04-24 07:23:18,717][openpifpaf.decoder.cifcaf][INFO] - annotations 1: [15]
[2024-04-24 07:23:18,717][openpifpaf.predictor][INFO] - batch 0: no-file-name
[2024-04-24 07:23:19,214][openpifpaf.decoder.cifcaf][INFO] - annotations 1: [15]
[2024-04-24 07:23:19,214][openpifpaf.predictor][INFO] - batch 0: no-file-name
[2024-04-24 07:23:31,756][openpifpaf.decoder.cifcaf][INFO] - annotations 1: [15]
[2024-04-24 07:23:31,757][openpifpaf.predictor][INFO] - batch 0: no-file-name
[2024-04-24 07:23:32,304][openpifpaf.decoder.cifcaf][INFO] - annotations 1: [15]
[2024-04-24 07:23:32,304][openpifpaf.predictor][INFO] - batch 0: no-file-name
[2024-04-24 07:23:44,349][openpifpaf.decoder.cifcaf][INFO] - annotations 1: [15]
[2024-04-24 07:23:44,349][openpifpaf.predictor][INFO] - batch 0: no-file-name
[2024-04-24 07:23:44,885][openpifpaf.decoder.cifcaf][INFO] - annotations 1: [15]
[2024-04-24 07:23:44,885][openpifpaf.predictor][INFO] - batch 0: no-file-name
[2024-04-24 07:23:56,835][openpifpaf.decoder.cifcaf][INFO] - annotations 1: [15]
[2024-04-24 07:23:56,835][openpifpaf.predictor][INFO] - batch 0: no-file-name
[2024-04-24 07:23:57,362][openpifpaf.decoder.cifcaf][INFO] - annotations 1: [15]
[2024-04-24 07:23:57,362][openpifpaf.predictor][INFO] - batch 0: no-file-name
[2024-04-24 07:24:09,305][openpifpaf.decoder.cifcaf][INFO] - annotations 1: [15]
[2024-04-24 07:24:09,306][openpifpaf.predictor][INFO] - batch 0: no-file-name
[2024-04-24 07:24:09,825][openpifpaf.decoder.cifcaf][INFO] - annotations 1: [15]
[2024-04-24 07:24:09,825][openpifpaf.predictor][INFO] - batch 0: no-file-name
[2024-04-24 07:24:21,664][openpifpaf.decoder.cifcaf][INFO] - annotations 1: [15]
[2024-04-24 07:24:21,665][openpifpaf.predictor][INFO] - batch 0: no-file-name
[2024-04-24 07:24:22,170][openpifpaf.decoder.cifcaf][INFO] - annotations 1: [15]
[2024-04-24 07:24:22,170][openpifpaf.predictor][INFO] - batch 0: no-file-name
[2024-04-24 07:24:34,056][openpifpaf.decoder.cifcaf][INFO] - annotations 1: [15]
[2024-04-24 07:24:34,056][openpifpaf.predictor][INFO] - batch 0: no-file-name
[2024-04-24 07:24:34,572][openpifpaf.decoder.cifcaf][INFO] - annotations 1: [15]
[2024-04-24 07:24:34,572][openpifpaf.predictor][INFO] - batch 0: no-file-name
[2024-04-24 07:24:46,487][openpifpaf.decoder.cifcaf][INFO] - annotations 1: [15]
[2024-04-24 07:24:46,488][openpifpaf.predictor][INFO] - batch 0: no-file-name
[2024-04-24 07:24:46,999][openpifpaf.decoder.cifcaf][INFO] - annotations 1: [15]
[2024-04-24 07:24:46,999][openpifpaf.predictor][INFO] - batch 0: no-file-name
[2024-04-24 07:24:58,787][openpifpaf.decoder.cifcaf][INFO] - annotations 1: [15]
[2024-04-24 07:24:58,787][openpifpaf.predictor][INFO] - batch 0: no-file-name
[2024-04-24 07:24:59,284][openpifpaf.decoder.cifcaf][INFO] - annotations 1: [15]
[2024-04-24 07:24:59,284][openpifpaf.predictor][INFO] - batch 0: no-file-name
[2024-04-24 07:25:11,177][openpifpaf.decoder.cifcaf][INFO] - annotations 1: [15]
[2024-04-24 07:25:11,178][openpifpaf.predictor][INFO] - batch 0: no-file-name
[2024-04-24 07:25:11,678][openpifpaf.decoder.cifcaf][INFO] - annotations 1: [15]
[2024-04-24 07:25:11,679][openpifpaf.predictor][INFO] - batch 0: no-file-name
[2024-04-24 07:25:23,937][openpifpaf.decoder.cifcaf][INFO] - annotations 1: [15]
[2024-04-24 07:25:23,937][openpifpaf.predictor][INFO] - batch 0: no-file-name
[2024-04-24 07:25:24,550][openpifpaf.decoder.cifcaf][INFO] - annotations 1: [15]
[2024-04-24 07:25:24,551][openpifpaf.predictor][INFO] - batch 0: no-file-name
[2024-04-24 07:25:36,856][openpifpaf.decoder.cifcaf][INFO] - annotations 1: [15]
[2024-04-24 07:25:36,856][openpifpaf.predictor][INFO] - batch 0: no-file-name
[2024-04-24 07:25:37,357][openpifpaf.decoder.cifcaf][INFO] - annotations 1: [15]
[2024-04-24 07:25:37,357][openpifpaf.predictor][INFO] - batch 0: no-file-name
[2024-04-24 07:25:49,532][openpifpaf.decoder.cifcaf][INFO] - annotations 1: [15]
[2024-04-24 07:25:49,532][openpifpaf.predictor][INFO] - batch 0: no-file-name
[2024-04-24 07:25:50,037][openpifpaf.decoder.cifcaf][INFO] - annotations 1: [15]
[2024-04-24 07:25:50,038][openpifpaf.predictor][INFO] - batch 0: no-file-name
[2024-04-24 07:26:01,995][openpifpaf.decoder.cifcaf][INFO] - annotations 1: [15]
[2024-04-24 07:26:01,995][openpifpaf.predictor][INFO] - batch 0: no-file-name
[2024-04-24 07:26:02,505][openpifpaf.decoder.cifcaf][INFO] - annotations 1: [15]
[2024-04-24 07:26:02,505][openpifpaf.predictor][INFO] - batch 0: no-file-name
[2024-04-24 07:26:14,404][openpifpaf.decoder.cifcaf][INFO] - annotations 1: [15]
[2024-04-24 07:26:14,405][openpifpaf.predictor][INFO] - batch 0: no-file-name
[2024-04-24 07:26:14,900][openpifpaf.decoder.cifcaf][INFO] - annotations 1: [15]
[2024-04-24 07:26:14,900][openpifpaf.predictor][INFO] - batch 0: no-file-name
[2024-04-24 07:26:26,773][openpifpaf.decoder.cifcaf][INFO] - annotations 1: [15]
[2024-04-24 07:26:26,774][openpifpaf.predictor][INFO] - batch 0: no-file-name
[2024-04-24 07:26:27,257][openpifpaf.decoder.cifcaf][INFO] - annotations 1: [15]
[2024-04-24 07:26:27,257][openpifpaf.predictor][INFO] - batch 0: no-file-name
[2024-04-24 07:26:39,145][openpifpaf.decoder.cifcaf][INFO] - annotations 1: [15]
[2024-04-24 07:26:39,145][openpifpaf.predictor][INFO] - batch 0: no-file-name
[2024-04-24 07:26:39,669][openpifpaf.decoder.cifcaf][INFO] - annotations 1: [15]
[2024-04-24 07:26:39,669][openpifpaf.predictor][INFO] - batch 0: no-file-name
[2024-04-24 07:26:51,543][openpifpaf.decoder.cifcaf][INFO] - annotations 1: [15]
[2024-04-24 07:26:51,543][openpifpaf.predictor][INFO] - batch 0: no-file-name
[2024-04-24 07:26:52,067][openpifpaf.decoder.cifcaf][INFO] - annotations 1: [15]
[2024-04-24 07:26:52,067][openpifpaf.predictor][INFO] - batch 0: no-file-name
[2024-04-24 07:27:03,678][openpifpaf.decoder.cifcaf][INFO] - annotations 1: [15]
[2024-04-24 07:27:03,678][openpifpaf.predictor][INFO] - batch 0: no-file-name
[2024-04-24 07:27:04,192][openpifpaf.decoder.cifcaf][INFO] - annotations 1: [15]
[2024-04-24 07:27:04,192][openpifpaf.predictor][INFO] - batch 0: no-file-name
[2024-04-24 07:27:15,869][openpifpaf.decoder.cifcaf][INFO] - annotations 1: [15]
[2024-04-24 07:27:15,869][openpifpaf.predictor][INFO] - batch 0: no-file-name
[2024-04-24 07:27:16,396][openpifpaf.decoder.cifcaf][INFO] - annotations 1: [15]
[2024-04-24 07:27:16,396][openpifpaf.predictor][INFO] - batch 0: no-file-name
[2024-04-24 07:27:27,941][openpifpaf.decoder.cifcaf][INFO] - annotations 1: [15]
[2024-04-24 07:27:27,942][openpifpaf.predictor][INFO] - batch 0: no-file-name
[2024-04-24 07:27:28,472][openpifpaf.decoder.cifcaf][INFO] - annotations 1: [15]
[2024-04-24 07:27:28,472][openpifpaf.predictor][INFO] - batch 0: no-file-name
[2024-04-24 07:27:40,223][openpifpaf.decoder.cifcaf][INFO] - annotations 1: [15]
[2024-04-24 07:27:40,223][openpifpaf.predictor][INFO] - batch 0: no-file-name
[2024-04-24 07:27:40,764][openpifpaf.decoder.cifcaf][INFO] - annotations 1: [15]
[2024-04-24 07:27:40,764][openpifpaf.predictor][INFO] - batch 0: no-file-name
[2024-04-24 07:27:52,643][openpifpaf.decoder.cifcaf][INFO] - annotations 1: [15]
[2024-04-24 07:27:52,643][openpifpaf.predictor][INFO] - batch 0: no-file-name
[2024-04-24 07:27:53,180][openpifpaf.decoder.cifcaf][INFO] - annotations 1: [15]
[2024-04-24 07:27:53,180][openpifpaf.predictor][INFO] - batch 0: no-file-name
[2024-04-24 07:28:05,073][openpifpaf.decoder.cifcaf][INFO] - annotations 1: [15]
[2024-04-24 07:28:05,073][openpifpaf.predictor][INFO] - batch 0: no-file-name
[2024-04-24 07:28:05,582][openpifpaf.decoder.cifcaf][INFO] - annotations 1: [15]
[2024-04-24 07:28:05,582][openpifpaf.predictor][INFO] - batch 0: no-file-name
[2024-04-24 07:28:17,475][openpifpaf.decoder.cifcaf][INFO] - annotations 1: [15]
[2024-04-24 07:28:17,475][openpifpaf.predictor][INFO] - batch 0: no-file-name
[2024-04-24 07:28:17,975][openpifpaf.decoder.cifcaf][INFO] - annotations 1: [15]
[2024-04-24 07:28:17,975][openpifpaf.predictor][INFO] - batch 0: no-file-name
[2024-04-24 07:28:29,836][openpifpaf.decoder.cifcaf][INFO] - annotations 1: [15]
[2024-04-24 07:28:29,836][openpifpaf.predictor][INFO] - batch 0: no-file-name
[2024-04-24 07:28:30,335][openpifpaf.decoder.cifcaf][INFO] - annotations 1: [15]
[2024-04-24 07:28:30,335][openpifpaf.predictor][INFO] - batch 0: no-file-name
[2024-04-24 07:28:42,736][openpifpaf.decoder.cifcaf][INFO] - annotations 1: [15]
[2024-04-24 07:28:42,736][openpifpaf.predictor][INFO] - batch 0: no-file-name
[2024-04-24 07:28:43,262][openpifpaf.decoder.cifcaf][INFO] - annotations 1: [15]
[2024-04-24 07:28:43,262][openpifpaf.predictor][INFO] - batch 0: no-file-name
[2024-04-24 07:28:55,407][openpifpaf.decoder.cifcaf][INFO] - annotations 1: [15]
[2024-04-24 07:28:55,407][openpifpaf.predictor][INFO] - batch 0: no-file-name
[2024-04-24 07:28:55,890][openpifpaf.decoder.cifcaf][INFO] - annotations 1: [15]
[2024-04-24 07:28:55,891][openpifpaf.predictor][INFO] - batch 0: no-file-name
[2024-04-24 07:29:07,614][openpifpaf.decoder.cifcaf][INFO] - annotations 1: [15]
[2024-04-24 07:29:07,614][openpifpaf.predictor][INFO] - batch 0: no-file-name
[2024-04-24 07:29:08,128][openpifpaf.decoder.cifcaf][INFO] - annotations 1: [15]
[2024-04-24 07:29:08,128][openpifpaf.predictor][INFO] - batch 0: no-file-name
[2024-04-24 07:29:19,923][openpifpaf.decoder.cifcaf][INFO] - annotations 1: [15]
[2024-04-24 07:29:19,923][openpifpaf.predictor][INFO] - batch 0: no-file-name
[2024-04-24 07:29:20,458][openpifpaf.decoder.cifcaf][INFO] - annotations 1: [15]
[2024-04-24 07:29:20,458][openpifpaf.predictor][INFO] - batch 0: no-file-name
[2024-04-24 07:29:32,335][openpifpaf.decoder.cifcaf][INFO] - annotations 1: [15]
[2024-04-24 07:29:32,336][openpifpaf.predictor][INFO] - batch 0: no-file-name
[2024-04-24 07:29:32,847][openpifpaf.decoder.cifcaf][INFO] - annotations 1: [15]
[2024-04-24 07:29:32,847][openpifpaf.predictor][INFO] - batch 0: no-file-name
[2024-04-24 07:29:44,674][openpifpaf.decoder.cifcaf][INFO] - annotations 1: [15]
[2024-04-24 07:29:44,674][openpifpaf.predictor][INFO] - batch 0: no-file-name
[2024-04-24 07:29:45,193][openpifpaf.decoder.cifcaf][INFO] - annotations 1: [15]
[2024-04-24 07:29:45,193][openpifpaf.predictor][INFO] - batch 0: no-file-name
[2024-04-24 07:29:56,880][openpifpaf.decoder.cifcaf][INFO] - annotations 1: [15]
[2024-04-24 07:29:56,881][openpifpaf.predictor][INFO] - batch 0: no-file-name
[2024-04-24 07:29:57,401][openpifpaf.decoder.cifcaf][INFO] - annotations 1: [15]
[2024-04-24 07:29:57,401][openpifpaf.predictor][INFO] - batch 0: no-file-name
[2024-04-24 07:30:09,073][openpifpaf.decoder.cifcaf][INFO] - annotations 1: [15]
[2024-04-24 07:30:09,073][openpifpaf.predictor][INFO] - batch 0: no-file-name
[2024-04-24 07:30:09,593][openpifpaf.decoder.cifcaf][INFO] - annotations 1: [15]
[2024-04-24 07:30:09,593][openpifpaf.predictor][INFO] - batch 0: no-file-name
[2024-04-24 07:30:21,303][openpifpaf.decoder.cifcaf][INFO] - annotations 1: [15]
[2024-04-24 07:30:21,303][openpifpaf.predictor][INFO] - batch 0: no-file-name
[2024-04-24 07:30:21,838][openpifpaf.decoder.cifcaf][INFO] - annotations 1: [15]
[2024-04-24 07:30:21,838][openpifpaf.predictor][INFO] - batch 0: no-file-name
[2024-04-24 07:30:33,435][openpifpaf.decoder.cifcaf][INFO] - annotations 1: [15]
[2024-04-24 07:30:33,436][openpifpaf.predictor][INFO] - batch 0: no-file-name
[2024-04-24 07:30:33,961][openpifpaf.decoder.cifcaf][INFO] - annotations 1: [15]
[2024-04-24 07:30:33,962][openpifpaf.predictor][INFO] - batch 0: no-file-name
[2024-04-24 07:30:45,626][openpifpaf.decoder.cifcaf][INFO] - annotations 1: [15]
[2024-04-24 07:30:45,627][openpifpaf.predictor][INFO] - batch 0: no-file-name
[2024-04-24 07:30:46,172][openpifpaf.decoder.cifcaf][INFO] - annotations 1: [15]
[2024-04-24 07:30:46,172][openpifpaf.predictor][INFO] - batch 0: no-file-name
[2024-04-24 07:30:57,820][openpifpaf.decoder.cifcaf][INFO] - annotations 1: [15]
[2024-04-24 07:30:57,820][openpifpaf.predictor][INFO] - batch 0: no-file-name
[2024-04-24 07:30:58,341][openpifpaf.decoder.cifcaf][INFO] - annotations 1: [15]
[2024-04-24 07:30:58,341][openpifpaf.predictor][INFO] - batch 0: no-file-name
[2024-04-24 07:31:10,084][openpifpaf.decoder.cifcaf][INFO] - annotations 1: [15]
[2024-04-24 07:31:10,085][openpifpaf.predictor][INFO] - batch 0: no-file-name
[2024-04-24 07:31:10,598][openpifpaf.decoder.cifcaf][INFO] - annotations 1: [15]
[2024-04-24 07:31:10,598][openpifpaf.predictor][INFO] - batch 0: no-file-name
[2024-04-24 07:31:22,261][openpifpaf.decoder.cifcaf][INFO] - annotations 1: [15]
[2024-04-24 07:31:22,261][openpifpaf.predictor][INFO] - batch 0: no-file-name
[2024-04-24 07:31:22,768][openpifpaf.decoder.cifcaf][INFO] - annotations 1: [15]
[2024-04-24 07:31:22,768][openpifpaf.predictor][INFO] - batch 0: no-file-name
[2024-04-24 07:31:34,386][openpifpaf.decoder.cifcaf][INFO] - annotations 1: [15]
[2024-04-24 07:31:34,387][openpifpaf.predictor][INFO] - batch 0: no-file-name
[2024-04-24 07:31:34,902][openpifpaf.decoder.cifcaf][INFO] - annotations 1: [15]
[2024-04-24 07:31:34,902][openpifpaf.predictor][INFO] - batch 0: no-file-name
[2024-04-24 07:31:46,519][openpifpaf.decoder.cifcaf][INFO] - annotations 1: [15]
[2024-04-24 07:31:46,519][openpifpaf.predictor][INFO] - batch 0: no-file-name
[2024-04-24 07:31:46,994][openpifpaf.decoder.cifcaf][INFO] - annotations 1: [15]
[2024-04-24 07:31:46,995][openpifpaf.predictor][INFO] - batch 0: no-file-name
[2024-04-24 07:31:58,648][openpifpaf.decoder.cifcaf][INFO] - annotations 1: [15]
[2024-04-24 07:31:58,648][openpifpaf.predictor][INFO] - batch 0: no-file-name
[2024-04-24 07:31:59,122][openpifpaf.decoder.cifcaf][INFO] - annotations 1: [15]
[2024-04-24 07:31:59,122][openpifpaf.predictor][INFO] - batch 0: no-file-name
[2024-04-24 07:32:10,874][openpifpaf.decoder.cifcaf][INFO] - annotations 1: [15]
[2024-04-24 07:32:10,874][openpifpaf.predictor][INFO] - batch 0: no-file-name
[2024-04-24 07:32:11,355][openpifpaf.decoder.cifcaf][INFO] - annotations 1: [15]
[2024-04-24 07:32:11,356][openpifpaf.predictor][INFO] - batch 0: no-file-name
[2024-04-24 07:32:23,109][openpifpaf.decoder.cifcaf][INFO] - annotations 1: [15]
[2024-04-24 07:32:23,109][openpifpaf.predictor][INFO] - batch 0: no-file-name
[2024-04-24 07:32:23,589][openpifpaf.decoder.cifcaf][INFO] - annotations 1: [15]
[2024-04-24 07:32:23,589][openpifpaf.predictor][INFO] - batch 0: no-file-name
[2024-04-24 07:32:35,241][openpifpaf.decoder.cifcaf][INFO] - annotations 1: [15]
[2024-04-24 07:32:35,241][openpifpaf.predictor][INFO] - batch 0: no-file-name
[2024-04-24 07:32:35,755][openpifpaf.decoder.cifcaf][INFO] - annotations 1: [15]
[2024-04-24 07:32:35,755][openpifpaf.predictor][INFO] - batch 0: no-file-name
[2024-04-24 07:32:47,450][openpifpaf.decoder.cifcaf][INFO] - annotations 1: [15]
[2024-04-24 07:32:47,450][openpifpaf.predictor][INFO] - batch 0: no-file-name
[2024-04-24 07:32:47,938][openpifpaf.decoder.cifcaf][INFO] - annotations 1: [15]
[2024-04-24 07:32:47,938][openpifpaf.predictor][INFO] - batch 0: no-file-name
[2024-04-24 07:32:59,626][openpifpaf.decoder.cifcaf][INFO] - annotations 1: [15]
[2024-04-24 07:32:59,626][openpifpaf.predictor][INFO] - batch 0: no-file-name
[2024-04-24 07:33:00,137][openpifpaf.decoder.cifcaf][INFO] - annotations 1: [15]
[2024-04-24 07:33:00,138][openpifpaf.predictor][INFO] - batch 0: no-file-name
[2024-04-24 07:33:13,192][openpifpaf.decoder.cifcaf][INFO] - annotations 1: [15]
[2024-04-24 07:33:13,192][openpifpaf.predictor][INFO] - batch 0: no-file-name
[2024-04-24 07:33:13,774][openpifpaf.decoder.cifcaf][INFO] - annotations 1: [15]
[2024-04-24 07:33:13,774][openpifpaf.predictor][INFO] - batch 0: no-file-name
[2024-04-24 07:33:25,574][openpifpaf.decoder.cifcaf][INFO] - annotations 1: [15]
[2024-04-24 07:33:25,574][openpifpaf.predictor][INFO] - batch 0: no-file-name
[2024-04-24 07:33:26,096][openpifpaf.decoder.cifcaf][INFO] - annotations 1: [15]
[2024-04-24 07:33:26,096][openpifpaf.predictor][INFO] - batch 0: no-file-name
[2024-04-24 07:33:38,530][openpifpaf.decoder.cifcaf][INFO] - annotations 1: [15]
[2024-04-24 07:33:38,530][openpifpaf.predictor][INFO] - batch 0: no-file-name
[2024-04-24 07:33:39,087][openpifpaf.decoder.cifcaf][INFO] - annotations 1: [15]
[2024-04-24 07:33:39,087][openpifpaf.predictor][INFO] - batch 0: no-file-name
[2024-04-24 07:33:51,010][openpifpaf.decoder.cifcaf][INFO] - annotations 1: [15]
[2024-04-24 07:33:51,010][openpifpaf.predictor][INFO] - batch 0: no-file-name
[2024-04-24 07:33:51,526][openpifpaf.decoder.cifcaf][INFO] - annotations 1: [15]
[2024-04-24 07:33:51,526][openpifpaf.predictor][INFO] - batch 0: no-file-name
[2024-04-24 07:34:03,816][openpifpaf.decoder.cifcaf][INFO] - annotations 1: [15]
[2024-04-24 07:34:03,816][openpifpaf.predictor][INFO] - batch 0: no-file-name
[2024-04-24 07:34:04,365][openpifpaf.decoder.cifcaf][INFO] - annotations 1: [15]
[2024-04-24 07:34:04,365][openpifpaf.predictor][INFO] - batch 0: no-file-name
[2024-04-24 07:34:16,100][openpifpaf.decoder.cifcaf][INFO] - annotations 1: [15]
[2024-04-24 07:34:16,100][openpifpaf.predictor][INFO] - batch 0: no-file-name
[2024-04-24 07:34:16,623][openpifpaf.decoder.cifcaf][INFO] - annotations 1: [15]
[2024-04-24 07:34:16,623][openpifpaf.predictor][INFO] - batch 0: no-file-name
[2024-04-24 07:34:28,546][openpifpaf.decoder.cifcaf][INFO] - annotations 1: [15]
[2024-04-24 07:34:28,547][openpifpaf.predictor][INFO] - batch 0: no-file-name
[2024-04-24 07:34:29,071][openpifpaf.decoder.cifcaf][INFO] - annotations 1: [15]
[2024-04-24 07:34:29,071][openpifpaf.predictor][INFO] - batch 0: no-file-name
[2024-04-24 07:34:41,007][openpifpaf.decoder.cifcaf][INFO] - annotations 1: [15]
[2024-04-24 07:34:41,007][openpifpaf.predictor][INFO] - batch 0: no-file-name
[2024-04-24 07:34:41,550][openpifpaf.decoder.cifcaf][INFO] - annotations 1: [15]
[2024-04-24 07:34:41,550][openpifpaf.predictor][INFO] - batch 0: no-file-name
[2024-04-24 07:34:53,516][openpifpaf.decoder.cifcaf][INFO] - annotations 1: [15]
[2024-04-24 07:34:53,516][openpifpaf.predictor][INFO] - batch 0: no-file-name
[2024-04-24 07:34:54,012][openpifpaf.decoder.cifcaf][INFO] - annotations 1: [15]
[2024-04-24 07:34:54,013][openpifpaf.predictor][INFO] - batch 0: no-file-name
[2024-04-24 07:35:05,869][openpifpaf.decoder.cifcaf][INFO] - annotations 1: [15]
[2024-04-24 07:35:05,869][openpifpaf.predictor][INFO] - batch 0: no-file-name
[2024-04-24 07:35:06,369][openpifpaf.decoder.cifcaf][INFO] - annotations 1: [15]
[2024-04-24 07:35:06,369][openpifpaf.predictor][INFO] - batch 0: no-file-name
[2024-04-24 07:35:18,176][openpifpaf.decoder.cifcaf][INFO] - annotations 1: [15]
[2024-04-24 07:35:18,177][openpifpaf.predictor][INFO] - batch 0: no-file-name
[2024-04-24 07:35:18,702][openpifpaf.decoder.cifcaf][INFO] - annotations 1: [15]
[2024-04-24 07:35:18,703][openpifpaf.predictor][INFO] - batch 0: no-file-name
[2024-04-24 07:35:30,513][openpifpaf.decoder.cifcaf][INFO] - annotations 1: [15]
[2024-04-24 07:35:30,513][openpifpaf.predictor][INFO] - batch 0: no-file-name
[2024-04-24 07:35:31,035][openpifpaf.decoder.cifcaf][INFO] - annotations 1: [15]
[2024-04-24 07:35:31,035][openpifpaf.predictor][INFO] - batch 0: no-file-name
[2024-04-24 07:35:42,759][openpifpaf.decoder.cifcaf][INFO] - annotations 1: [15]
[2024-04-24 07:35:42,760][openpifpaf.predictor][INFO] - batch 0: no-file-name
[2024-04-24 07:35:43,281][openpifpaf.decoder.cifcaf][INFO] - annotations 1: [15]
[2024-04-24 07:35:43,281][openpifpaf.predictor][INFO] - batch 0: no-file-name
[2024-04-24 07:35:55,150][openpifpaf.decoder.cifcaf][INFO] - annotations 1: [15]
[2024-04-24 07:35:55,150][openpifpaf.predictor][INFO] - batch 0: no-file-name
[2024-04-24 07:35:55,671][openpifpaf.decoder.cifcaf][INFO] - annotations 1: [15]
[2024-04-24 07:35:55,672][openpifpaf.predictor][INFO] - batch 0: no-file-name
[2024-04-24 07:36:07,523][openpifpaf.decoder.cifcaf][INFO] - annotations 1: [15]
[2024-04-24 07:36:07,524][openpifpaf.predictor][INFO] - batch 0: no-file-name
[2024-04-24 07:36:08,049][openpifpaf.decoder.cifcaf][INFO] - annotations 1: [15]
[2024-04-24 07:36:08,049][openpifpaf.predictor][INFO] - batch 0: no-file-name
[2024-04-24 07:36:20,072][openpifpaf.decoder.cifcaf][INFO] - annotations 1: [15]
[2024-04-24 07:36:20,073][openpifpaf.predictor][INFO] - batch 0: no-file-name
[2024-04-24 07:36:20,606][openpifpaf.decoder.cifcaf][INFO] - annotations 1: [15]
[2024-04-24 07:36:20,607][openpifpaf.predictor][INFO] - batch 0: no-file-name
[2024-04-24 07:36:32,533][openpifpaf.decoder.cifcaf][INFO] - annotations 1: [15]
[2024-04-24 07:36:32,533][openpifpaf.predictor][INFO] - batch 0: no-file-name
[2024-04-24 07:36:33,075][openpifpaf.decoder.cifcaf][INFO] - annotations 1: [15]
[2024-04-24 07:36:33,075][openpifpaf.predictor][INFO] - batch 0: no-file-name
[2024-04-24 07:36:44,930][openpifpaf.decoder.cifcaf][INFO] - annotations 1: [15]
[2024-04-24 07:36:44,930][openpifpaf.predictor][INFO] - batch 0: no-file-name
[2024-04-24 07:36:45,485][openpifpaf.decoder.cifcaf][INFO] - annotations 1: [15]
[2024-04-24 07:36:45,485][openpifpaf.predictor][INFO] - batch 0: no-file-name
[2024-04-24 07:36:57,375][openpifpaf.decoder.cifcaf][INFO] - annotations 1: [15]
[2024-04-24 07:36:57,375][openpifpaf.predictor][INFO] - batch 0: no-file-name
[2024-04-24 07:36:57,934][openpifpaf.decoder.cifcaf][INFO] - annotations 1: [14]
[2024-04-24 07:36:57,934][openpifpaf.predictor][INFO] - batch 0: no-file-name
[2024-04-24 07:37:09,783][openpifpaf.decoder.cifcaf][INFO] - annotations 1: [14]
[2024-04-24 07:37:09,783][openpifpaf.predictor][INFO] - batch 0: no-file-name
[2024-04-24 07:37:10,311][openpifpaf.decoder.cifcaf][INFO] - annotations 1: [14]
[2024-04-24 07:37:10,311][openpifpaf.predictor][INFO] - batch 0: no-file-name
[2024-04-24 07:37:22,285][openpifpaf.decoder.cifcaf][INFO] - annotations 1: [14]
[2024-04-24 07:37:22,286][openpifpaf.predictor][INFO] - batch 0: no-file-name
[2024-04-24 07:37:22,831][openpifpaf.decoder.cifcaf][INFO] - annotations 1: [14]
[2024-04-24 07:37:22,831][openpifpaf.predictor][INFO] - batch 0: no-file-name
[2024-04-24 07:37:34,745][openpifpaf.decoder.cifcaf][INFO] - annotations 1: [14]
[2024-04-24 07:37:34,746][openpifpaf.predictor][INFO] - batch 0: no-file-name
[2024-04-24 07:37:35,263][openpifpaf.decoder.cifcaf][INFO] - annotations 1: [14]
[2024-04-24 07:37:35,263][openpifpaf.predictor][INFO] - batch 0: no-file-name
[2024-04-24 07:37:47,217][openpifpaf.decoder.cifcaf][INFO] - annotations 1: [14]
[2024-04-24 07:37:47,217][openpifpaf.predictor][INFO] - batch 0: no-file-name
[2024-04-24 07:37:47,723][openpifpaf.decoder.cifcaf][INFO] - annotations 1: [14]
[2024-04-24 07:37:47,723][openpifpaf.predictor][INFO] - batch 0: no-file-name
[2024-04-24 07:38:00,314][openpifpaf.decoder.cifcaf][INFO] - annotations 1: [14]
[2024-04-24 07:38:00,314][openpifpaf.predictor][INFO] - batch 0: no-file-name
[2024-04-24 07:38:00,835][openpifpaf.decoder.cifcaf][INFO] - annotations 1: [14]
[2024-04-24 07:38:00,835][openpifpaf.predictor][INFO] - batch 0: no-file-name
[2024-04-24 07:38:13,612][openpifpaf.decoder.cifcaf][INFO] - annotations 1: [14]
[2024-04-24 07:38:13,613][openpifpaf.predictor][INFO] - batch 0: no-file-name
[2024-04-24 07:38:14,115][openpifpaf.decoder.cifcaf][INFO] - annotations 1: [14]
[2024-04-24 07:38:14,115][openpifpaf.predictor][INFO] - batch 0: no-file-name
[2024-04-24 07:38:25,931][openpifpaf.decoder.cifcaf][INFO] - annotations 1: [14]
[2024-04-24 07:38:25,932][openpifpaf.predictor][INFO] - batch 0: no-file-name
[2024-04-24 07:38:26,448][openpifpaf.decoder.cifcaf][INFO] - annotations 1: [14]
[2024-04-24 07:38:26,448][openpifpaf.predictor][INFO] - batch 0: no-file-name
[2024-04-24 07:38:38,088][openpifpaf.decoder.cifcaf][INFO] - annotations 1: [14]
[2024-04-24 07:38:38,089][openpifpaf.predictor][INFO] - batch 0: no-file-name
[2024-04-24 07:38:38,588][openpifpaf.decoder.cifcaf][INFO] - annotations 1: [14]
[2024-04-24 07:38:38,588][openpifpaf.predictor][INFO] - batch 0: no-file-name
[2024-04-24 07:38:50,259][openpifpaf.decoder.cifcaf][INFO] - annotations 1: [14]
[2024-04-24 07:38:50,259][openpifpaf.predictor][INFO] - batch 0: no-file-name
[2024-04-24 07:38:50,760][openpifpaf.decoder.cifcaf][INFO] - annotations 1: [14]
[2024-04-24 07:38:50,761][openpifpaf.predictor][INFO] - batch 0: no-file-name
[2024-04-24 07:39:02,583][openpifpaf.decoder.cifcaf][INFO] - annotations 1: [14]
[2024-04-24 07:39:02,583][openpifpaf.predictor][INFO] - batch 0: no-file-name
[2024-04-24 07:39:03,112][openpifpaf.decoder.cifcaf][INFO] - annotations 1: [14]
[2024-04-24 07:39:03,112][openpifpaf.predictor][INFO] - batch 0: no-file-name
[2024-04-24 07:39:15,172][openpifpaf.decoder.cifcaf][INFO] - annotations 1: [14]
[2024-04-24 07:39:15,173][openpifpaf.predictor][INFO] - batch 0: no-file-name
[2024-04-24 07:39:15,698][openpifpaf.decoder.cifcaf][INFO] - annotations 1: [14]
[2024-04-24 07:39:15,698][openpifpaf.predictor][INFO] - batch 0: no-file-name
[2024-04-24 07:39:27,532][openpifpaf.decoder.cifcaf][INFO] - annotations 1: [14]
[2024-04-24 07:39:27,533][openpifpaf.predictor][INFO] - batch 0: no-file-name
[2024-04-24 07:39:28,058][openpifpaf.decoder.cifcaf][INFO] - annotations 1: [14]
[2024-04-24 07:39:28,058][openpifpaf.predictor][INFO] - batch 0: no-file-name
[2024-04-24 07:39:39,855][openpifpaf.decoder.cifcaf][INFO] - annotations 1: [14]
[2024-04-24 07:39:39,855][openpifpaf.predictor][INFO] - batch 0: no-file-name
[2024-04-24 07:39:40,382][openpifpaf.decoder.cifcaf][INFO] - annotations 1: [14]
[2024-04-24 07:39:40,382][openpifpaf.predictor][INFO] - batch 0: no-file-name
[2024-04-24 07:39:52,402][openpifpaf.decoder.cifcaf][INFO] - annotations 1: [14]
[2024-04-24 07:39:52,402][openpifpaf.predictor][INFO] - batch 0: no-file-name
[2024-04-24 07:39:52,938][openpifpaf.decoder.cifcaf][INFO] - annotations 1: [14]
[2024-04-24 07:39:52,938][openpifpaf.predictor][INFO] - batch 0: no-file-name
[2024-04-24 07:40:04,868][openpifpaf.decoder.cifcaf][INFO] - annotations 1: [14]
[2024-04-24 07:40:04,868][openpifpaf.predictor][INFO] - batch 0: no-file-name
[2024-04-24 07:40:05,386][openpifpaf.decoder.cifcaf][INFO] - annotations 1: [14]
[2024-04-24 07:40:05,386][openpifpaf.predictor][INFO] - batch 0: no-file-name
[2024-04-24 07:40:17,172][openpifpaf.decoder.cifcaf][INFO] - annotations 1: [14]
[2024-04-24 07:40:17,172][openpifpaf.predictor][INFO] - batch 0: no-file-name
[2024-04-24 07:40:17,690][openpifpaf.decoder.cifcaf][INFO] - annotations 1: [14]
[2024-04-24 07:40:17,690][openpifpaf.predictor][INFO] - batch 0: no-file-name
[2024-04-24 07:40:29,647][openpifpaf.decoder.cifcaf][INFO] - annotations 1: [14]
[2024-04-24 07:40:29,648][openpifpaf.predictor][INFO] - batch 0: no-file-name
[2024-04-24 07:40:30,150][openpifpaf.decoder.cifcaf][INFO] - annotations 1: [14]
[2024-04-24 07:40:30,150][openpifpaf.predictor][INFO] - batch 0: no-file-name
[2024-04-24 07:40:42,058][openpifpaf.decoder.cifcaf][INFO] - annotations 1: [14]
[2024-04-24 07:40:42,058][openpifpaf.predictor][INFO] - batch 0: no-file-name
[2024-04-24 07:40:42,579][openpifpaf.decoder.cifcaf][INFO] - annotations 1: [14]
[2024-04-24 07:40:42,580][openpifpaf.predictor][INFO] - batch 0: no-file-name
[2024-04-24 07:40:54,352][openpifpaf.decoder.cifcaf][INFO] - annotations 1: [14]
[2024-04-24 07:40:54,352][openpifpaf.predictor][INFO] - batch 0: no-file-name
[2024-04-24 07:40:54,835][openpifpaf.decoder.cifcaf][INFO] - annotations 1: [14]
[2024-04-24 07:40:54,835][openpifpaf.predictor][INFO] - batch 0: no-file-name
[2024-04-24 07:41:06,696][openpifpaf.decoder.cifcaf][INFO] - annotations 1: [14]
[2024-04-24 07:41:06,696][openpifpaf.predictor][INFO] - batch 0: no-file-name
[2024-04-24 07:41:07,183][openpifpaf.decoder.cifcaf][INFO] - annotations 1: [14]
[2024-04-24 07:41:07,183][openpifpaf.predictor][INFO] - batch 0: no-file-name
[2024-04-24 07:41:18,992][openpifpaf.decoder.cifcaf][INFO] - annotations 1: [14]
[2024-04-24 07:41:18,993][openpifpaf.predictor][INFO] - batch 0: no-file-name
[2024-04-24 07:41:19,472][openpifpaf.decoder.cifcaf][INFO] - annotations 1: [14]
[2024-04-24 07:41:19,472][openpifpaf.predictor][INFO] - batch 0: no-file-name
[2024-04-24 07:41:31,221][openpifpaf.decoder.cifcaf][INFO] - annotations 1: [14]
[2024-04-24 07:41:31,221][openpifpaf.predictor][INFO] - batch 0: no-file-name
[2024-04-24 07:41:31,698][openpifpaf.decoder.cifcaf][INFO] - annotations 1: [14]
[2024-04-24 07:41:31,698][openpifpaf.predictor][INFO] - batch 0: no-file-name
[2024-04-24 07:41:43,499][openpifpaf.decoder.cifcaf][INFO] - annotations 1: [14]
[2024-04-24 07:41:43,499][openpifpaf.predictor][INFO] - batch 0: no-file-name
[2024-04-24 07:41:43,982][openpifpaf.decoder.cifcaf][INFO] - annotations 1: [14]
[2024-04-24 07:41:43,982][openpifpaf.predictor][INFO] - batch 0: no-file-name
[2024-04-24 07:41:55,831][openpifpaf.decoder.cifcaf][INFO] - annotations 1: [14]
[2024-04-24 07:41:55,831][openpifpaf.predictor][INFO] - batch 0: no-file-name
[2024-04-24 07:41:56,311][openpifpaf.decoder.cifcaf][INFO] - annotations 1: [14]
[2024-04-24 07:41:56,311][openpifpaf.predictor][INFO] - batch 0: no-file-name
[2024-04-24 07:42:08,178][openpifpaf.decoder.cifcaf][INFO] - annotations 1: [14]
[2024-04-24 07:42:08,178][openpifpaf.predictor][INFO] - batch 0: no-file-name
[2024-04-24 07:42:08,673][openpifpaf.decoder.cifcaf][INFO] - annotations 1: [14]
[2024-04-24 07:42:08,674][openpifpaf.predictor][INFO] - batch 0: no-file-name
[2024-04-24 07:42:20,522][openpifpaf.decoder.cifcaf][INFO] - annotations 1: [14]
[2024-04-24 07:42:20,522][openpifpaf.predictor][INFO] - batch 0: no-file-name
[2024-04-24 07:42:21,027][openpifpaf.decoder.cifcaf][INFO] - annotations 1: [14]
[2024-04-24 07:42:21,027][openpifpaf.predictor][INFO] - batch 0: no-file-name
[2024-04-24 07:42:32,793][openpifpaf.decoder.cifcaf][INFO] - annotations 1: [14]
[2024-04-24 07:42:32,793][openpifpaf.predictor][INFO] - batch 0: no-file-name
[2024-04-24 07:42:33,299][openpifpaf.decoder.cifcaf][INFO] - annotations 1: [14]
[2024-04-24 07:42:33,299][openpifpaf.predictor][INFO] - batch 0: no-file-name
[2024-04-24 07:42:45,084][openpifpaf.decoder.cifcaf][INFO] - annotations 1: [14]
[2024-04-24 07:42:45,084][openpifpaf.predictor][INFO] - batch 0: no-file-name
[2024-04-24 07:42:45,596][openpifpaf.decoder.cifcaf][INFO] - annotations 1: [14]
[2024-04-24 07:42:45,596][openpifpaf.predictor][INFO] - batch 0: no-file-name
[2024-04-24 07:42:57,285][openpifpaf.decoder.cifcaf][INFO] - annotations 1: [14]
[2024-04-24 07:42:57,285][openpifpaf.predictor][INFO] - batch 0: no-file-name
[2024-04-24 07:42:57,792][openpifpaf.decoder.cifcaf][INFO] - annotations 1: [14]
[2024-04-24 07:42:57,792][openpifpaf.predictor][INFO] - batch 0: no-file-name
[2024-04-24 07:43:09,641][openpifpaf.decoder.cifcaf][INFO] - annotations 1: [14]
[2024-04-24 07:43:09,642][openpifpaf.predictor][INFO] - batch 0: no-file-name
[2024-04-24 07:43:10,147][openpifpaf.decoder.cifcaf][INFO] - annotations 1: [14]
[2024-04-24 07:43:10,148][openpifpaf.predictor][INFO] - batch 0: no-file-name
[2024-04-24 07:43:21,832][openpifpaf.decoder.cifcaf][INFO] - annotations 1: [14]
[2024-04-24 07:43:21,832][openpifpaf.predictor][INFO] - batch 0: no-file-name
[2024-04-24 07:43:22,330][openpifpaf.decoder.cifcaf][INFO] - annotations 1: [14]
[2024-04-24 07:43:22,331][openpifpaf.predictor][INFO] - batch 0: no-file-name
[2024-04-24 07:43:34,138][openpifpaf.decoder.cifcaf][INFO] - annotations 1: [14]
[2024-04-24 07:43:34,138][openpifpaf.predictor][INFO] - batch 0: no-file-name
[2024-04-24 07:43:34,623][openpifpaf.decoder.cifcaf][INFO] - annotations 1: [14]
[2024-04-24 07:43:34,623][openpifpaf.predictor][INFO] - batch 0: no-file-name
[2024-04-24 07:43:46,292][openpifpaf.decoder.cifcaf][INFO] - annotations 1: [14]
[2024-04-24 07:43:46,292][openpifpaf.predictor][INFO] - batch 0: no-file-name
[2024-04-24 07:43:46,792][openpifpaf.decoder.cifcaf][INFO] - annotations 1: [14]
[2024-04-24 07:43:46,792][openpifpaf.predictor][INFO] - batch 0: no-file-name
[2024-04-24 07:43:58,586][openpifpaf.decoder.cifcaf][INFO] - annotations 1: [15]
[2024-04-24 07:43:58,587][openpifpaf.predictor][INFO] - batch 0: no-file-name
[2024-04-24 07:43:59,069][openpifpaf.decoder.cifcaf][INFO] - annotations 1: [14]
[2024-04-24 07:43:59,070][openpifpaf.predictor][INFO] - batch 0: no-file-name
[2024-04-24 07:44:10,896][openpifpaf.decoder.cifcaf][INFO] - annotations 1: [14]
[2024-04-24 07:44:10,896][openpifpaf.predictor][INFO] - batch 0: no-file-name
[2024-04-24 07:44:11,395][openpifpaf.decoder.cifcaf][INFO] - annotations 1: [14]
[2024-04-24 07:44:11,395][openpifpaf.predictor][INFO] - batch 0: no-file-name
[2024-04-24 07:44:23,097][openpifpaf.decoder.cifcaf][INFO] - annotations 1: [14]
[2024-04-24 07:44:23,097][openpifpaf.predictor][INFO] - batch 0: no-file-name
[2024-04-24 07:44:23,611][openpifpaf.decoder.cifcaf][INFO] - annotations 1: [14]
[2024-04-24 07:44:23,611][openpifpaf.predictor][INFO] - batch 0: no-file-name
[2024-04-24 07:44:35,428][openpifpaf.decoder.cifcaf][INFO] - annotations 1: [14]
[2024-04-24 07:44:35,428][openpifpaf.predictor][INFO] - batch 0: no-file-name
[2024-04-24 07:44:35,930][openpifpaf.decoder.cifcaf][INFO] - annotations 1: [15]
[2024-04-24 07:44:35,930][openpifpaf.predictor][INFO] - batch 0: no-file-name
[2024-04-24 07:44:47,641][openpifpaf.decoder.cifcaf][INFO] - annotations 1: [15]
[2024-04-24 07:44:47,642][openpifpaf.predictor][INFO] - batch 0: no-file-name
[2024-04-24 07:44:48,154][openpifpaf.decoder.cifcaf][INFO] - annotations 1: [15]
[2024-04-24 07:44:48,154][openpifpaf.predictor][INFO] - batch 0: no-file-name
[2024-04-24 07:45:00,108][openpifpaf.decoder.cifcaf][INFO] - annotations 1: [15]
[2024-04-24 07:45:00,108][openpifpaf.predictor][INFO] - batch 0: no-file-name
[2024-04-24 07:45:00,621][openpifpaf.decoder.cifcaf][INFO] - annotations 1: [15]
[2024-04-24 07:45:00,621][openpifpaf.predictor][INFO] - batch 0: no-file-name
[2024-04-24 07:45:12,250][openpifpaf.decoder.cifcaf][INFO] - annotations 1: [15]
[2024-04-24 07:45:12,250][openpifpaf.predictor][INFO] - batch 0: no-file-name
[2024-04-24 07:45:12,763][openpifpaf.decoder.cifcaf][INFO] - annotations 1: [15]
[2024-04-24 07:45:12,763][openpifpaf.predictor][INFO] - batch 0: no-file-name
[2024-04-24 07:45:24,395][openpifpaf.decoder.cifcaf][INFO] - annotations 1: [15]
[2024-04-24 07:45:24,395][openpifpaf.predictor][INFO] - batch 0: no-file-name
[2024-04-24 07:45:24,905][openpifpaf.decoder.cifcaf][INFO] - annotations 1: [15]
[2024-04-24 07:45:24,906][openpifpaf.predictor][INFO] - batch 0: no-file-name
