[2024-04-21 00:54:42,136][root][INFO] - Successfully loaded settings:
==================================================
data:
  dataset_name: DPDataset
  data_root: data/frames/
  label_root: data/labels/
  keypoints_root: data/keypoints/
  venue_names:
  - 2023-01-17-livingroom
  - 2023-01-18-livingroom
  - 2023-01-19-livingroom
  - 2023-01-24-livingroom
  - 2023-01-25-livingroom
  - 2023-01-17-openoffice
  - 2023-01-18-openoffice
  - 2023-01-19-openoffice
  - 2023-01-24-openoffice
  - 2023-01-25-openoffice
model:
  tlength: 15
  featvec_joint: true
  hidden_size: 192
  attention_heads: 12
  num_layers: 6
  featvec_bb: false
  featvec_img: false
  omit_temporal_encoder: false
hardware:
  nworkers: 8
  gpus: 8
  bs: 32
task: train
incl_all: false
train_ratio: 0.7
split_method: time
overfit: false
ckpt: ./models/weight.ckpt
noanswer: false
movie: ./demo/JK_demo_1.mp4
lr: r
verbose: false
shrink_rate: 0.1
filter_joint: null
use_preprocessed: false
debug: false
hist_error: false
==================================================

[2024-04-21 00:54:42,136][root][WARNING] - Running DeePoint with CPU takes a long time.
[2024-04-21 00:54:42,385][openpifpaf.decoder.factory][INFO] - No specific decoder requested. Using the first one from:
  --decoder=cifcaf:0
  --decoder=posesimilarity:0
Use any of the above arguments to select one or multiple decoders and to suppress this message.
[2024-04-21 00:54:42,385][openpifpaf.predictor][INFO] - neural network device: cpu (CUDA available: False, count: 0)
[2024-04-21 00:54:42,912][openpifpaf.decoder.cifcaf][INFO] - annotations 1: [15]
[2024-04-21 00:54:42,913][openpifpaf.predictor][INFO] - batch 0: no-file-name
[2024-04-21 00:54:43,095][openpifpaf.decoder.cifcaf][INFO] - annotations 1: [15]
[2024-04-21 00:54:43,096][openpifpaf.predictor][INFO] - batch 0: no-file-name
[2024-04-21 00:54:43,278][openpifpaf.decoder.cifcaf][INFO] - annotations 1: [15]
[2024-04-21 00:54:43,279][openpifpaf.predictor][INFO] - batch 0: no-file-name
[2024-04-21 00:54:43,458][openpifpaf.decoder.cifcaf][INFO] - annotations 1: [15]
[2024-04-21 00:54:43,459][openpifpaf.predictor][INFO] - batch 0: no-file-name
[2024-04-21 00:54:43,644][openpifpaf.decoder.cifcaf][INFO] - annotations 1: [15]
[2024-04-21 00:54:43,645][openpifpaf.predictor][INFO] - batch 0: no-file-name
[2024-04-21 00:54:43,829][openpifpaf.decoder.cifcaf][INFO] - annotations 1: [15]
[2024-04-21 00:54:43,829][openpifpaf.predictor][INFO] - batch 0: no-file-name
[2024-04-21 00:54:44,014][openpifpaf.decoder.cifcaf][INFO] - annotations 1: [15]
[2024-04-21 00:54:44,015][openpifpaf.predictor][INFO] - batch 0: no-file-name
[2024-04-21 00:54:44,202][openpifpaf.decoder.cifcaf][INFO] - annotations 1: [15]
[2024-04-21 00:54:44,202][openpifpaf.predictor][INFO] - batch 0: no-file-name
[2024-04-21 00:54:44,392][openpifpaf.decoder.cifcaf][INFO] - annotations 1: [15]
[2024-04-21 00:54:44,392][openpifpaf.predictor][INFO] - batch 0: no-file-name
[2024-04-21 00:54:44,571][openpifpaf.decoder.cifcaf][INFO] - annotations 1: [15]
[2024-04-21 00:54:44,572][openpifpaf.predictor][INFO] - batch 0: no-file-name
[2024-04-21 00:54:44,745][openpifpaf.decoder.cifcaf][INFO] - annotations 1: [15]
[2024-04-21 00:54:44,745][openpifpaf.predictor][INFO] - batch 0: no-file-name
[2024-04-21 00:54:44,923][openpifpaf.decoder.cifcaf][INFO] - annotations 1: [15]
[2024-04-21 00:54:44,923][openpifpaf.predictor][INFO] - batch 0: no-file-name
[2024-04-21 00:54:45,112][openpifpaf.decoder.cifcaf][INFO] - annotations 1: [15]
[2024-04-21 00:54:45,112][openpifpaf.predictor][INFO] - batch 0: no-file-name
[2024-04-21 00:54:45,309][openpifpaf.decoder.cifcaf][INFO] - annotations 1: [15]
[2024-04-21 00:54:45,309][openpifpaf.predictor][INFO] - batch 0: no-file-name
[2024-04-21 00:54:45,504][openpifpaf.decoder.cifcaf][INFO] - annotations 1: [15]
[2024-04-21 00:54:45,504][openpifpaf.predictor][INFO] - batch 0: no-file-name
[2024-04-21 00:54:45,952][openpifpaf.decoder.cifcaf][INFO] - annotations 1: [15]
[2024-04-21 00:54:45,952][openpifpaf.predictor][INFO] - batch 0: no-file-name
[2024-04-21 00:54:53,055][openpifpaf.decoder.cifcaf][INFO] - annotations 1: [15]
[2024-04-21 00:54:53,056][openpifpaf.predictor][INFO] - batch 0: no-file-name
[2024-04-21 00:54:53,497][openpifpaf.decoder.cifcaf][INFO] - annotations 1: [15]
[2024-04-21 00:54:53,497][openpifpaf.predictor][INFO] - batch 0: no-file-name
[2024-04-21 00:55:00,752][openpifpaf.decoder.cifcaf][INFO] - annotations 1: [15]
[2024-04-21 00:55:00,753][openpifpaf.predictor][INFO] - batch 0: no-file-name
[2024-04-21 00:55:01,208][openpifpaf.decoder.cifcaf][INFO] - annotations 1: [15]
[2024-04-21 00:55:01,208][openpifpaf.predictor][INFO] - batch 0: no-file-name
