[2024-04-22 02:02:06,074][root][INFO] - Successfully loaded settings:
==================================================
data:
  dataset_name: DPDataset
  data_root: data/frames/
  label_root: data/labels/
  keypoints_root: data/keypoints/
  venue_names:
  - 2023-01-17-livingroom
  - 2023-01-18-livingroom
  - 2023-01-19-livingroom
  - 2023-01-24-livingroom
  - 2023-01-25-livingroom
  - 2023-01-17-openoffice
  - 2023-01-18-openoffice
  - 2023-01-19-openoffice
  - 2023-01-24-openoffice
  - 2023-01-25-openoffice
model:
  tlength: 15
  featvec_joint: true
  hidden_size: 192
  attention_heads: 12
  num_layers: 6
  featvec_bb: false
  featvec_img: false
  omit_temporal_encoder: false
hardware:
  nworkers: 8
  gpus: 8
  bs: 32
task: train
incl_all: false
train_ratio: 0.7
split_method: time
overfit: false
ckpt: ./models/weight.ckpt
noanswer: false
movie: ./demo/JK_demo_1.mp4
lr: l
verbose: false
shrink_rate: 0.1
filter_joint: null
use_preprocessed: false
debug: false
hist_error: false
==================================================

[2024-04-22 02:02:06,074][root][WARNING] - Running DeePoint with CPU takes a long time.
[2024-04-22 02:02:06,381][openpifpaf.decoder.factory][INFO] - No specific decoder requested. Using the first one from:
  --decoder=cifcaf:0
  --decoder=posesimilarity:0
Use any of the above arguments to select one or multiple decoders and to suppress this message.
[2024-04-22 02:02:06,381][openpifpaf.predictor][INFO] - neural network device: cpu (CUDA available: False, count: 0)
[2024-04-22 02:02:06,796][openpifpaf.decoder.cifcaf][INFO] - annotations 1: [15]
[2024-04-22 02:02:06,796][openpifpaf.predictor][INFO] - batch 0: no-file-name
[2024-04-22 02:02:06,921][openpifpaf.decoder.cifcaf][INFO] - annotations 1: [15]
[2024-04-22 02:02:06,921][openpifpaf.predictor][INFO] - batch 0: no-file-name
[2024-04-22 02:02:07,051][openpifpaf.decoder.cifcaf][INFO] - annotations 1: [15]
[2024-04-22 02:02:07,051][openpifpaf.predictor][INFO] - batch 0: no-file-name
[2024-04-22 02:02:07,187][openpifpaf.decoder.cifcaf][INFO] - annotations 1: [15]
[2024-04-22 02:02:07,187][openpifpaf.predictor][INFO] - batch 0: no-file-name
[2024-04-22 02:02:07,312][openpifpaf.decoder.cifcaf][INFO] - annotations 1: [15]
[2024-04-22 02:02:07,313][openpifpaf.predictor][INFO] - batch 0: no-file-name
[2024-04-22 02:02:07,439][openpifpaf.decoder.cifcaf][INFO] - annotations 1: [15]
[2024-04-22 02:02:07,439][openpifpaf.predictor][INFO] - batch 0: no-file-name
[2024-04-22 02:02:07,568][openpifpaf.decoder.cifcaf][INFO] - annotations 1: [15]
[2024-04-22 02:02:07,568][openpifpaf.predictor][INFO] - batch 0: no-file-name
[2024-04-22 02:02:07,690][openpifpaf.decoder.cifcaf][INFO] - annotations 1: [15]
[2024-04-22 02:02:07,690][openpifpaf.predictor][INFO] - batch 0: no-file-name
[2024-04-22 02:02:07,818][openpifpaf.decoder.cifcaf][INFO] - annotations 1: [15]
[2024-04-22 02:02:07,818][openpifpaf.predictor][INFO] - batch 0: no-file-name
[2024-04-22 02:02:07,939][openpifpaf.decoder.cifcaf][INFO] - annotations 1: [15]
[2024-04-22 02:02:07,939][openpifpaf.predictor][INFO] - batch 0: no-file-name
[2024-04-22 02:02:08,068][openpifpaf.decoder.cifcaf][INFO] - annotations 1: [15]
[2024-04-22 02:02:08,069][openpifpaf.predictor][INFO] - batch 0: no-file-name
[2024-04-22 02:02:08,203][openpifpaf.decoder.cifcaf][INFO] - annotations 1: [15]
[2024-04-22 02:02:08,203][openpifpaf.predictor][INFO] - batch 0: no-file-name
[2024-04-22 02:02:08,332][openpifpaf.decoder.cifcaf][INFO] - annotations 1: [15]
[2024-04-22 02:02:08,332][openpifpaf.predictor][INFO] - batch 0: no-file-name
[2024-04-22 02:02:08,463][openpifpaf.decoder.cifcaf][INFO] - annotations 1: [15]
[2024-04-22 02:02:08,463][openpifpaf.predictor][INFO] - batch 0: no-file-name
[2024-04-22 02:02:08,615][openpifpaf.decoder.cifcaf][INFO] - annotations 1: [15]
[2024-04-22 02:02:08,615][openpifpaf.predictor][INFO] - batch 0: no-file-name
[2024-04-22 02:02:09,067][openpifpaf.decoder.cifcaf][INFO] - annotations 1: [15]
[2024-04-22 02:02:09,067][openpifpaf.predictor][INFO] - batch 0: no-file-name
[2024-04-22 02:02:29,339][openpifpaf.decoder.cifcaf][INFO] - annotations 1: [15]
[2024-04-22 02:02:29,339][openpifpaf.predictor][INFO] - batch 0: no-file-name
[2024-04-22 02:02:29,761][openpifpaf.decoder.cifcaf][INFO] - annotations 1: [15]
[2024-04-22 02:02:29,762][openpifpaf.predictor][INFO] - batch 0: no-file-name
[2024-04-22 02:02:49,173][openpifpaf.decoder.cifcaf][INFO] - annotations 1: [15]
[2024-04-22 02:02:49,173][openpifpaf.predictor][INFO] - batch 0: no-file-name
[2024-04-22 02:02:49,710][openpifpaf.decoder.cifcaf][INFO] - annotations 1: [15]
[2024-04-22 02:02:49,711][openpifpaf.predictor][INFO] - batch 0: no-file-name
[2024-04-22 02:03:09,492][openpifpaf.decoder.cifcaf][INFO] - annotations 1: [15]
[2024-04-22 02:03:09,493][openpifpaf.predictor][INFO] - batch 0: no-file-name
[2024-04-22 02:03:10,082][openpifpaf.decoder.cifcaf][INFO] - annotations 1: [15]
[2024-04-22 02:03:10,083][openpifpaf.predictor][INFO] - batch 0: no-file-name
[2024-04-22 02:03:29,785][openpifpaf.decoder.cifcaf][INFO] - annotations 1: [15]
[2024-04-22 02:03:29,785][openpifpaf.predictor][INFO] - batch 0: no-file-name
[2024-04-22 02:03:30,289][openpifpaf.decoder.cifcaf][INFO] - annotations 1: [15]
[2024-04-22 02:03:30,289][openpifpaf.predictor][INFO] - batch 0: no-file-name
[2024-04-22 02:03:49,660][openpifpaf.decoder.cifcaf][INFO] - annotations 1: [15]
[2024-04-22 02:03:49,660][openpifpaf.predictor][INFO] - batch 0: no-file-name
[2024-04-22 02:03:50,271][openpifpaf.decoder.cifcaf][INFO] - annotations 1: [15]
[2024-04-22 02:03:50,272][openpifpaf.predictor][INFO] - batch 0: no-file-name
[2024-04-22 02:04:09,664][openpifpaf.decoder.cifcaf][INFO] - annotations 1: [15]
[2024-04-22 02:04:09,664][openpifpaf.predictor][INFO] - batch 0: no-file-name
[2024-04-22 02:04:10,179][openpifpaf.decoder.cifcaf][INFO] - annotations 1: [15]
[2024-04-22 02:04:10,179][openpifpaf.predictor][INFO] - batch 0: no-file-name
[2024-04-22 02:04:30,716][openpifpaf.decoder.cifcaf][INFO] - annotations 1: [15]
[2024-04-22 02:04:30,716][openpifpaf.predictor][INFO] - batch 0: no-file-name
[2024-04-22 02:04:31,266][openpifpaf.decoder.cifcaf][INFO] - annotations 1: [15]
[2024-04-22 02:04:31,266][openpifpaf.predictor][INFO] - batch 0: no-file-name
[2024-04-22 02:04:50,702][openpifpaf.decoder.cifcaf][INFO] - annotations 1: [15]
[2024-04-22 02:04:50,702][openpifpaf.predictor][INFO] - batch 0: no-file-name
[2024-04-22 02:04:51,291][openpifpaf.decoder.cifcaf][INFO] - annotations 1: [15]
[2024-04-22 02:04:51,291][openpifpaf.predictor][INFO] - batch 0: no-file-name
