[2024-04-21 01:45:04,022][root][INFO] - Successfully loaded settings:
==================================================
data:
  dataset_name: DPDataset
  data_root: data/frames/
  label_root: data/labels/
  keypoints_root: data/keypoints/
  venue_names:
  - 2023-01-17-livingroom
  - 2023-01-18-livingroom
  - 2023-01-19-livingroom
  - 2023-01-24-livingroom
  - 2023-01-25-livingroom
  - 2023-01-17-openoffice
  - 2023-01-18-openoffice
  - 2023-01-19-openoffice
  - 2023-01-24-openoffice
  - 2023-01-25-openoffice
model:
  tlength: 15
  featvec_joint: true
  hidden_size: 192
  attention_heads: 12
  num_layers: 6
  featvec_bb: false
  featvec_img: false
  omit_temporal_encoder: false
hardware:
  nworkers: 8
  gpus: 8
  bs: 32
task: train
incl_all: false
train_ratio: 0.7
split_method: time
overfit: false
ckpt: ./models/weight.ckpt
noanswer: false
movie: ./demo/JK_demo_1.mp4
lr: r
verbose: false
shrink_rate: 0.1
filter_joint: null
use_preprocessed: false
debug: false
hist_error: false
==================================================

[2024-04-21 01:45:04,022][root][WARNING] - Running DeePoint with CPU takes a long time.
[2024-04-21 01:45:04,240][openpifpaf.decoder.factory][INFO] - No specific decoder requested. Using the first one from:
  --decoder=cifcaf:0
  --decoder=posesimilarity:0
Use any of the above arguments to select one or multiple decoders and to suppress this message.
[2024-04-21 01:45:04,240][openpifpaf.predictor][INFO] - neural network device: cpu (CUDA available: False, count: 0)
[2024-04-21 01:45:04,722][openpifpaf.decoder.cifcaf][INFO] - annotations 1: [15]
[2024-04-21 01:45:04,722][openpifpaf.predictor][INFO] - batch 0: no-file-name
[2024-04-21 01:45:04,895][openpifpaf.decoder.cifcaf][INFO] - annotations 1: [15]
[2024-04-21 01:45:04,895][openpifpaf.predictor][INFO] - batch 0: no-file-name
[2024-04-21 01:45:05,081][openpifpaf.decoder.cifcaf][INFO] - annotations 1: [15]
[2024-04-21 01:45:05,082][openpifpaf.predictor][INFO] - batch 0: no-file-name
[2024-04-21 01:45:05,268][openpifpaf.decoder.cifcaf][INFO] - annotations 1: [15]
[2024-04-21 01:45:05,268][openpifpaf.predictor][INFO] - batch 0: no-file-name
[2024-04-21 01:45:05,442][openpifpaf.decoder.cifcaf][INFO] - annotations 1: [15]
[2024-04-21 01:45:05,443][openpifpaf.predictor][INFO] - batch 0: no-file-name
[2024-04-21 01:45:05,631][openpifpaf.decoder.cifcaf][INFO] - annotations 1: [15]
[2024-04-21 01:45:05,631][openpifpaf.predictor][INFO] - batch 0: no-file-name
[2024-04-21 01:45:05,815][openpifpaf.decoder.cifcaf][INFO] - annotations 1: [15]
[2024-04-21 01:45:05,816][openpifpaf.predictor][INFO] - batch 0: no-file-name
[2024-04-21 01:45:06,001][openpifpaf.decoder.cifcaf][INFO] - annotations 1: [15]
[2024-04-21 01:45:06,002][openpifpaf.predictor][INFO] - batch 0: no-file-name
[2024-04-21 01:45:06,170][openpifpaf.decoder.cifcaf][INFO] - annotations 1: [15]
[2024-04-21 01:45:06,170][openpifpaf.predictor][INFO] - batch 0: no-file-name
[2024-04-21 01:45:06,341][openpifpaf.decoder.cifcaf][INFO] - annotations 1: [15]
[2024-04-21 01:45:06,341][openpifpaf.predictor][INFO] - batch 0: no-file-name
[2024-04-21 01:45:06,519][openpifpaf.decoder.cifcaf][INFO] - annotations 1: [15]
[2024-04-21 01:45:06,519][openpifpaf.predictor][INFO] - batch 0: no-file-name
[2024-04-21 01:45:06,710][openpifpaf.decoder.cifcaf][INFO] - annotations 1: [15]
[2024-04-21 01:45:06,711][openpifpaf.predictor][INFO] - batch 0: no-file-name
[2024-04-21 01:45:06,904][openpifpaf.decoder.cifcaf][INFO] - annotations 1: [15]
[2024-04-21 01:45:06,905][openpifpaf.predictor][INFO] - batch 0: no-file-name
[2024-04-21 01:45:07,098][openpifpaf.decoder.cifcaf][INFO] - annotations 1: [15]
[2024-04-21 01:45:07,098][openpifpaf.predictor][INFO] - batch 0: no-file-name
[2024-04-21 01:45:07,294][openpifpaf.decoder.cifcaf][INFO] - annotations 1: [15]
[2024-04-21 01:45:07,295][openpifpaf.predictor][INFO] - batch 0: no-file-name
[2024-04-21 01:45:07,741][openpifpaf.decoder.cifcaf][INFO] - annotations 1: [15]
[2024-04-21 01:45:07,742][openpifpaf.predictor][INFO] - batch 0: no-file-name
